<?xml version="1.0" encoding="UTF-8"?>
<testsuite xmlns:xsi="http://www.w3.org/2001/XMLSchema-instance" xsi:noNamespaceSchemaLocation="https://maven.apache.org/surefire/maven-surefire-plugin/xsd/surefire-test-report.xsd" name="ed22_ud12_Ejercicio2_GeneradorIP.GeneradorTest" time="1.834" tests="2005" errors="2" skipped="0" failures="1002">
  <properties>
    <property name="java.specification.version" value="16"/>
    <property name="sun.cpu.isalist" value="amd64"/>
    <property name="sun.jnu.encoding" value="Cp1252"/>
    <property name="java.class.path" value="C:\Users\inazi\eclipse-workspace\ed\ed22_ud12_Ejercicio2_GeneradorIP\target\test-classes;C:\Users\inazi\eclipse-workspace\ed\ed22_ud12_Ejercicio2_GeneradorIP\target\classes;C:\Users\inazi\.m2\repository\org\junit\jupiter\junit-jupiter-engine\5.3.1\junit-jupiter-engine-5.3.1.jar;C:\Users\inazi\.m2\repository\org\apiguardian\apiguardian-api\1.0.0\apiguardian-api-1.0.0.jar;C:\Users\inazi\.m2\repository\org\junit\platform\junit-platform-engine\1.3.1\junit-platform-engine-1.3.1.jar;C:\Users\inazi\.m2\repository\org\junit\platform\junit-platform-commons\1.3.1\junit-platform-commons-1.3.1.jar;C:\Users\inazi\.m2\repository\org\opentest4j\opentest4j\1.1.1\opentest4j-1.1.1.jar;C:\Users\inazi\.m2\repository\org\junit\jupiter\junit-jupiter-api\5.3.1\junit-jupiter-api-5.3.1.jar;"/>
    <property name="java.vm.vendor" value="Oracle Corporation"/>
    <property name="sun.arch.data.model" value="64"/>
    <property name="user.variant" value=""/>
    <property name="java.vendor.url" value="https://java.oracle.com/"/>
    <property name="user.timezone" value="Europe/Madrid"/>
    <property name="os.name" value="Windows 10"/>
    <property name="java.vm.specification.version" value="16"/>
    <property name="sun.java.launcher" value="SUN_STANDARD"/>
    <property name="user.country" value="ES"/>
    <property name="sun.boot.library.path" value="C:\Program Files\Java\jdk-16.0.2\bin"/>
    <property name="sun.java.command" value="C:\Users\inazi\AppData\Local\Temp\surefire3969082720064997478\surefirebooter11350167420218099230.jar C:\Users\inazi\AppData\Local\Temp\surefire3969082720064997478 2022-06-16T20-09-30_472-jvmRun1 surefire7397389520226521259tmp surefire_010005166506887903909tmp"/>
    <property name="jdk.debug" value="release"/>
    <property name="surefire.test.class.path" value="C:\Users\inazi\eclipse-workspace\ed\ed22_ud12_Ejercicio2_GeneradorIP\target\test-classes;C:\Users\inazi\eclipse-workspace\ed\ed22_ud12_Ejercicio2_GeneradorIP\target\classes;C:\Users\inazi\.m2\repository\org\junit\jupiter\junit-jupiter-engine\5.3.1\junit-jupiter-engine-5.3.1.jar;C:\Users\inazi\.m2\repository\org\apiguardian\apiguardian-api\1.0.0\apiguardian-api-1.0.0.jar;C:\Users\inazi\.m2\repository\org\junit\platform\junit-platform-engine\1.3.1\junit-platform-engine-1.3.1.jar;C:\Users\inazi\.m2\repository\org\junit\platform\junit-platform-commons\1.3.1\junit-platform-commons-1.3.1.jar;C:\Users\inazi\.m2\repository\org\opentest4j\opentest4j\1.1.1\opentest4j-1.1.1.jar;C:\Users\inazi\.m2\repository\org\junit\jupiter\junit-jupiter-api\5.3.1\junit-jupiter-api-5.3.1.jar;"/>
    <property name="sun.cpu.endian" value="little"/>
    <property name="user.home" value="C:\Users\inazi"/>
    <property name="user.language" value="es"/>
    <property name="java.specification.vendor" value="Oracle Corporation"/>
    <property name="java.version.date" value="2021-07-20"/>
    <property name="java.home" value="C:\Program Files\Java\jdk-16.0.2"/>
    <property name="file.separator" value="\"/>
    <property name="basedir" value="C:\Users\inazi\eclipse-workspace\ed\ed22_ud12_Ejercicio2_GeneradorIP"/>
    <property name="java.vm.compressedOopsMode" value="Zero based"/>
    <property name="line.separator" value="&#10;"/>
    <property name="java.vm.specification.vendor" value="Oracle Corporation"/>
    <property name="java.specification.name" value="Java Platform API Specification"/>
    <property name="surefire.real.class.path" value="C:\Users\inazi\AppData\Local\Temp\surefire3969082720064997478\surefirebooter11350167420218099230.jar"/>
    <property name="user.script" value=""/>
    <property name="sun.management.compiler" value="HotSpot 64-Bit Tiered Compilers"/>
    <property name="java.runtime.version" value="16.0.2+7-67"/>
    <property name="user.name" value="inazi"/>
    <property name="path.separator" value=";"/>
    <property name="os.version" value="10.0"/>
    <property name="java.runtime.name" value="Java(TM) SE Runtime Environment"/>
    <property name="file.encoding" value="Cp1252"/>
    <property name="java.vm.name" value="Java HotSpot(TM) 64-Bit Server VM"/>
    <property name="localRepository" value="C:\Users\inazi\.m2\repository"/>
    <property name="java.vendor.url.bug" value="https://bugreport.java.com/bugreport/"/>
    <property name="java.io.tmpdir" value="C:\Users\inazi\AppData\Local\Temp\"/>
    <property name="java.version" value="16.0.2"/>
    <property name="user.dir" value="C:\Users\inazi\eclipse-workspace\ed\ed22_ud12_Ejercicio2_GeneradorIP"/>
    <property name="os.arch" value="amd64"/>
    <property name="java.vm.specification.name" value="Java Virtual Machine Specification"/>
    <property name="sun.os.patch.level" value=""/>
    <property name="java.library.path" value="C:\Program Files\Java\jdk-16.0.2\bin;C:\WINDOWS\Sun\Java\bin;C:\WINDOWS\system32;C:\WINDOWS;C:\Program Files (x86)\VMware\VMware Player\bin\;C:\Program Files\Common Files\Oracle\Java\javapath;C:\windows\system32;C:\windows;C:\windows\System32\Wbem;C:\windows\System32\WindowsPowerShell\v1.0\;C:\windows\System32\OpenSSH\;C:\Program Files (x86)\NVIDIA Corporation\PhysX\Common;C:\Program Files\NVIDIA Corporation\NVIDIA NvDLISR;C:\Program Files\dotnet\;C:\Users\inazi\Desktop\ENTORNOS DESARROLLO\workspace_ed\ed_UD03_PrimerProyecto\src\org\cuatrovientos\ed;C:\Program Files\Java\jdk-16.0.2\bin;C:\apache-maven-3.8.4\bin;C:\Program Files\Git\cmd;C:\Program Files\Microsoft SQL Server\Client SDK\ODBC\170\Tools\Binn\;C:\Program Files (x86)\Microsoft SQL Server\150\Tools\Binn\;C:\Program Files\Microsoft SQL Server\150\Tools\Binn\;C:\Program Files\Microsoft SQL Server\150\DTS\Binn\;C:\Program Files (x86)\Microsoft SQL Server\150\DTS\Binn\;C:\Program Files\Azure Data Studio\bin;C:\Program Files\PuTTY\;C:\WINDOWS\system32;C:\WINDOWS;C:\WINDOWS\System32\Wbem;C:\WINDOWS\System32\WindowsPowerShell\v1.0\;C:\WINDOWS\System32\OpenSSH\;C:\Users\inazi\AppData\Local\Microsoft\WindowsApps;C:\Users\inazi\.dotnet\tools;C:\Users\inazi\Desktop\LENGUAJE MARCAS\Microsoft VS Code\bin;C:\Program Files\Azure Data Studio\bin;;."/>
    <property name="java.vm.info" value="mixed mode, sharing"/>
    <property name="java.vendor" value="Oracle Corporation"/>
    <property name="java.vm.version" value="16.0.2+7-67"/>
    <property name="sun.io.unicode.encoding" value="UnicodeLittle"/>
    <property name="java.class.version" value="60.0"/>
  </properties>
  <testcase name="testNotSameObject" classname="ed22_ud12_Ejercicio2_GeneradorIP.GeneradorTest" time="0.015">
    <failure message="expected: not same but was: &lt;null&gt;" type="org.opentest4j.AssertionFailedError"><![CDATA[org.opentest4j.AssertionFailedError: expected: not same but was: <null>
	at ed22_ud12_Ejercicio2_GeneradorIP.GeneradorTest.testNotSameObject(GeneradorTest.java:41)
]]></failure>
  </testcase>
  <testcase name="test" classname="ed22_ud12_Ejercicio2_GeneradorIP.GeneradorTest" time="0">
    <failure message="Not yet implemented" type="org.opentest4j.AssertionFailedError">org.opentest4j.AssertionFailedError: Not yet implemented
	at ed22_ud12_Ejercicio2_GeneradorIP.GeneradorTest.test(GeneradorTest.java:22)
</failure>
  </testcase>
  <testcase name="testIfIsNotNull[1]" classname="ed22_ud12_Ejercicio2_GeneradorIP.GeneradorTest" time="0.002">
    <failure message="expected: not &lt;null&gt;" type="org.opentest4j.AssertionFailedError"><![CDATA[org.opentest4j.AssertionFailedError: expected: not <null>
	at ed22_ud12_Ejercicio2_GeneradorIP.GeneradorTest.testIfIsNotNull(GeneradorTest.java:32)
]]></failure>
  </testcase>
  <testcase name="testIfIsNotNull[2]" classname="ed22_ud12_Ejercicio2_GeneradorIP.GeneradorTest" time="0.001">
    <failure message="expected: not &lt;null&gt;" type="org.opentest4j.AssertionFailedError"><![CDATA[org.opentest4j.AssertionFailedError: expected: not <null>
	at ed22_ud12_Ejercicio2_GeneradorIP.GeneradorTest.testIfIsNotNull(GeneradorTest.java:32)
]]></failure>
  </testcase>
  <testcase name="testIfIsNotNull[3]" classname="ed22_ud12_Ejercicio2_GeneradorIP.GeneradorTest" time="0.001">
    <failure message="expected: not &lt;null&gt;" type="org.opentest4j.AssertionFailedError"><![CDATA[org.opentest4j.AssertionFailedError: expected: not <null>
	at ed22_ud12_Ejercicio2_GeneradorIP.GeneradorTest.testIfIsNotNull(GeneradorTest.java:32)
]]></failure>
  </testcase>
  <testcase name="testIfIsNotNull[4]" classname="ed22_ud12_Ejercicio2_GeneradorIP.GeneradorTest" time="0.001">
    <failure message="expected: not &lt;null&gt;" type="org.opentest4j.AssertionFailedError"><![CDATA[org.opentest4j.AssertionFailedError: expected: not <null>
	at ed22_ud12_Ejercicio2_GeneradorIP.GeneradorTest.testIfIsNotNull(GeneradorTest.java:32)
]]></failure>
  </testcase>
  <testcase name="testIfIsNotNull[5]" classname="ed22_ud12_Ejercicio2_GeneradorIP.GeneradorTest" time="0.001">
    <failure message="expected: not &lt;null&gt;" type="org.opentest4j.AssertionFailedError"><![CDATA[org.opentest4j.AssertionFailedError: expected: not <null>
	at ed22_ud12_Ejercicio2_GeneradorIP.GeneradorTest.testIfIsNotNull(GeneradorTest.java:32)
]]></failure>
  </testcase>
  <testcase name="testIfIsNotNull[6]" classname="ed22_ud12_Ejercicio2_GeneradorIP.GeneradorTest" time="0.001">
    <failure message="expected: not &lt;null&gt;" type="org.opentest4j.AssertionFailedError"><![CDATA[org.opentest4j.AssertionFailedError: expected: not <null>
	at ed22_ud12_Ejercicio2_GeneradorIP.GeneradorTest.testIfIsNotNull(GeneradorTest.java:32)
]]></failure>
  </testcase>
  <testcase name="testIfIsNotNull[7]" classname="ed22_ud12_Ejercicio2_GeneradorIP.GeneradorTest" time="0.001">
    <failure message="expected: not &lt;null&gt;" type="org.opentest4j.AssertionFailedError"><![CDATA[org.opentest4j.AssertionFailedError: expected: not <null>
	at ed22_ud12_Ejercicio2_GeneradorIP.GeneradorTest.testIfIsNotNull(GeneradorTest.java:32)
]]></failure>
  </testcase>
  <testcase name="testIfIsNotNull[8]" classname="ed22_ud12_Ejercicio2_GeneradorIP.GeneradorTest" time="0.001">
    <failure message="expected: not &lt;null&gt;" type="org.opentest4j.AssertionFailedError"><![CDATA[org.opentest4j.AssertionFailedError: expected: not <null>
	at ed22_ud12_Ejercicio2_GeneradorIP.GeneradorTest.testIfIsNotNull(GeneradorTest.java:32)
]]></failure>
  </testcase>
  <testcase name="testIfIsNotNull[9]" classname="ed22_ud12_Ejercicio2_GeneradorIP.GeneradorTest" time="0">
    <failure message="expected: not &lt;null&gt;" type="org.opentest4j.AssertionFailedError"><![CDATA[org.opentest4j.AssertionFailedError: expected: not <null>
	at ed22_ud12_Ejercicio2_GeneradorIP.GeneradorTest.testIfIsNotNull(GeneradorTest.java:32)
]]></failure>
  </testcase>
  <testcase name="testIfIsNotNull[10]" classname="ed22_ud12_Ejercicio2_GeneradorIP.GeneradorTest" time="0.001">
    <failure message="expected: not &lt;null&gt;" type="org.opentest4j.AssertionFailedError"><![CDATA[org.opentest4j.AssertionFailedError: expected: not <null>
	at ed22_ud12_Ejercicio2_GeneradorIP.GeneradorTest.testIfIsNotNull(GeneradorTest.java:32)
]]></failure>
  </testcase>
  <testcase name="testIfIsNotNull[11]" classname="ed22_ud12_Ejercicio2_GeneradorIP.GeneradorTest" time="0.001">
    <failure message="expected: not &lt;null&gt;" type="org.opentest4j.AssertionFailedError"><![CDATA[org.opentest4j.AssertionFailedError: expected: not <null>
	at ed22_ud12_Ejercicio2_GeneradorIP.GeneradorTest.testIfIsNotNull(GeneradorTest.java:32)
]]></failure>
  </testcase>
  <testcase name="testIfIsNotNull[12]" classname="ed22_ud12_Ejercicio2_GeneradorIP.GeneradorTest" time="0.001">
    <failure message="expected: not &lt;null&gt;" type="org.opentest4j.AssertionFailedError"><![CDATA[org.opentest4j.AssertionFailedError: expected: not <null>
	at ed22_ud12_Ejercicio2_GeneradorIP.GeneradorTest.testIfIsNotNull(GeneradorTest.java:32)
]]></failure>
  </testcase>
  <testcase name="testIfIsNotNull[13]" classname="ed22_ud12_Ejercicio2_GeneradorIP.GeneradorTest" time="0.001">
    <failure message="expected: not &lt;null&gt;" type="org.opentest4j.AssertionFailedError"><![CDATA[org.opentest4j.AssertionFailedError: expected: not <null>
	at ed22_ud12_Ejercicio2_GeneradorIP.GeneradorTest.testIfIsNotNull(GeneradorTest.java:32)
]]></failure>
  </testcase>
  <testcase name="testIfIsNotNull[14]" classname="ed22_ud12_Ejercicio2_GeneradorIP.GeneradorTest" time="0.001">
    <failure message="expected: not &lt;null&gt;" type="org.opentest4j.AssertionFailedError"><![CDATA[org.opentest4j.AssertionFailedError: expected: not <null>
	at ed22_ud12_Ejercicio2_GeneradorIP.GeneradorTest.testIfIsNotNull(GeneradorTest.java:32)
]]></failure>
  </testcase>
  <testcase name="testIfIsNotNull[15]" classname="ed22_ud12_Ejercicio2_GeneradorIP.GeneradorTest" time="0.001">
    <failure message="expected: not &lt;null&gt;" type="org.opentest4j.AssertionFailedError"><![CDATA[org.opentest4j.AssertionFailedError: expected: not <null>
	at ed22_ud12_Ejercicio2_GeneradorIP.GeneradorTest.testIfIsNotNull(GeneradorTest.java:32)
]]></failure>
  </testcase>
  <testcase name="testIfIsNotNull[16]" classname="ed22_ud12_Ejercicio2_GeneradorIP.GeneradorTest" time="0.001">
    <failure message="expected: not &lt;null&gt;" type="org.opentest4j.AssertionFailedError"><![CDATA[org.opentest4j.AssertionFailedError: expected: not <null>
	at ed22_ud12_Ejercicio2_GeneradorIP.GeneradorTest.testIfIsNotNull(GeneradorTest.java:32)
]]></failure>
  </testcase>
  <testcase name="testIfIsNotNull[17]" classname="ed22_ud12_Ejercicio2_GeneradorIP.GeneradorTest" time="0.001">
    <failure message="expected: not &lt;null&gt;" type="org.opentest4j.AssertionFailedError"><![CDATA[org.opentest4j.AssertionFailedError: expected: not <null>
	at ed22_ud12_Ejercicio2_GeneradorIP.GeneradorTest.testIfIsNotNull(GeneradorTest.java:32)
]]></failure>
  </testcase>
  <testcase name="testIfIsNotNull[18]" classname="ed22_ud12_Ejercicio2_GeneradorIP.GeneradorTest" time="0">
    <failure message="expected: not &lt;null&gt;" type="org.opentest4j.AssertionFailedError"><![CDATA[org.opentest4j.AssertionFailedError: expected: not <null>
	at ed22_ud12_Ejercicio2_GeneradorIP.GeneradorTest.testIfIsNotNull(GeneradorTest.java:32)
]]></failure>
  </testcase>
  <testcase name="testIfIsNotNull[19]" classname="ed22_ud12_Ejercicio2_GeneradorIP.GeneradorTest" time="0.001">
    <failure message="expected: not &lt;null&gt;" type="org.opentest4j.AssertionFailedError"><![CDATA[org.opentest4j.AssertionFailedError: expected: not <null>
	at ed22_ud12_Ejercicio2_GeneradorIP.GeneradorTest.testIfIsNotNull(GeneradorTest.java:32)
]]></failure>
  </testcase>
  <testcase name="testIfIsNotNull[20]" classname="ed22_ud12_Ejercicio2_GeneradorIP.GeneradorTest" time="0.001">
    <failure message="expected: not &lt;null&gt;" type="org.opentest4j.AssertionFailedError"><![CDATA[org.opentest4j.AssertionFailedError: expected: not <null>
	at ed22_ud12_Ejercicio2_GeneradorIP.GeneradorTest.testIfIsNotNull(GeneradorTest.java:32)
]]></failure>
  </testcase>
  <testcase name="testIfIsNotNull[21]" classname="ed22_ud12_Ejercicio2_GeneradorIP.GeneradorTest" time="0.001">
    <failure message="expected: not &lt;null&gt;" type="org.opentest4j.AssertionFailedError"><![CDATA[org.opentest4j.AssertionFailedError: expected: not <null>
	at ed22_ud12_Ejercicio2_GeneradorIP.GeneradorTest.testIfIsNotNull(GeneradorTest.java:32)
]]></failure>
  </testcase>
  <testcase name="testIfIsNotNull[22]" classname="ed22_ud12_Ejercicio2_GeneradorIP.GeneradorTest" time="0">
    <failure message="expected: not &lt;null&gt;" type="org.opentest4j.AssertionFailedError"><![CDATA[org.opentest4j.AssertionFailedError: expected: not <null>
	at ed22_ud12_Ejercicio2_GeneradorIP.GeneradorTest.testIfIsNotNull(GeneradorTest.java:32)
]]></failure>
  </testcase>
  <testcase name="testIfIsNotNull[23]" classname="ed22_ud12_Ejercicio2_GeneradorIP.GeneradorTest" time="0.001">
    <failure message="expected: not &lt;null&gt;" type="org.opentest4j.AssertionFailedError"><![CDATA[org.opentest4j.AssertionFailedError: expected: not <null>
	at ed22_ud12_Ejercicio2_GeneradorIP.GeneradorTest.testIfIsNotNull(GeneradorTest.java:32)
]]></failure>
  </testcase>
  <testcase name="testIfIsNotNull[24]" classname="ed22_ud12_Ejercicio2_GeneradorIP.GeneradorTest" time="0">
    <failure message="expected: not &lt;null&gt;" type="org.opentest4j.AssertionFailedError"><![CDATA[org.opentest4j.AssertionFailedError: expected: not <null>
	at ed22_ud12_Ejercicio2_GeneradorIP.GeneradorTest.testIfIsNotNull(GeneradorTest.java:32)
]]></failure>
  </testcase>
  <testcase name="testIfIsNotNull[25]" classname="ed22_ud12_Ejercicio2_GeneradorIP.GeneradorTest" time="0">
    <failure message="expected: not &lt;null&gt;" type="org.opentest4j.AssertionFailedError"><![CDATA[org.opentest4j.AssertionFailedError: expected: not <null>
	at ed22_ud12_Ejercicio2_GeneradorIP.GeneradorTest.testIfIsNotNull(GeneradorTest.java:32)
]]></failure>
  </testcase>
  <testcase name="testIfIsNotNull[26]" classname="ed22_ud12_Ejercicio2_GeneradorIP.GeneradorTest" time="0.001">
    <failure message="expected: not &lt;null&gt;" type="org.opentest4j.AssertionFailedError"><![CDATA[org.opentest4j.AssertionFailedError: expected: not <null>
	at ed22_ud12_Ejercicio2_GeneradorIP.GeneradorTest.testIfIsNotNull(GeneradorTest.java:32)
]]></failure>
  </testcase>
  <testcase name="testIfIsNotNull[27]" classname="ed22_ud12_Ejercicio2_GeneradorIP.GeneradorTest" time="0">
    <failure message="expected: not &lt;null&gt;" type="org.opentest4j.AssertionFailedError"><![CDATA[org.opentest4j.AssertionFailedError: expected: not <null>
	at ed22_ud12_Ejercicio2_GeneradorIP.GeneradorTest.testIfIsNotNull(GeneradorTest.java:32)
]]></failure>
  </testcase>
  <testcase name="testIfIsNotNull[28]" classname="ed22_ud12_Ejercicio2_GeneradorIP.GeneradorTest" time="0">
    <failure message="expected: not &lt;null&gt;" type="org.opentest4j.AssertionFailedError"><![CDATA[org.opentest4j.AssertionFailedError: expected: not <null>
	at ed22_ud12_Ejercicio2_GeneradorIP.GeneradorTest.testIfIsNotNull(GeneradorTest.java:32)
]]></failure>
  </testcase>
  <testcase name="testIfIsNotNull[29]" classname="ed22_ud12_Ejercicio2_GeneradorIP.GeneradorTest" time="0.001">
    <failure message="expected: not &lt;null&gt;" type="org.opentest4j.AssertionFailedError"><![CDATA[org.opentest4j.AssertionFailedError: expected: not <null>
	at ed22_ud12_Ejercicio2_GeneradorIP.GeneradorTest.testIfIsNotNull(GeneradorTest.java:32)
]]></failure>
  </testcase>
  <testcase name="testIfIsNotNull[30]" classname="ed22_ud12_Ejercicio2_GeneradorIP.GeneradorTest" time="0">
    <failure message="expected: not &lt;null&gt;" type="org.opentest4j.AssertionFailedError"><![CDATA[org.opentest4j.AssertionFailedError: expected: not <null>
	at ed22_ud12_Ejercicio2_GeneradorIP.GeneradorTest.testIfIsNotNull(GeneradorTest.java:32)
]]></failure>
  </testcase>
  <testcase name="testIfIsNotNull[31]" classname="ed22_ud12_Ejercicio2_GeneradorIP.GeneradorTest" time="0.001">
    <failure message="expected: not &lt;null&gt;" type="org.opentest4j.AssertionFailedError"><![CDATA[org.opentest4j.AssertionFailedError: expected: not <null>
	at ed22_ud12_Ejercicio2_GeneradorIP.GeneradorTest.testIfIsNotNull(GeneradorTest.java:32)
]]></failure>
  </testcase>
  <testcase name="testIfIsNotNull[32]" classname="ed22_ud12_Ejercicio2_GeneradorIP.GeneradorTest" time="0">
    <failure message="expected: not &lt;null&gt;" type="org.opentest4j.AssertionFailedError"><![CDATA[org.opentest4j.AssertionFailedError: expected: not <null>
	at ed22_ud12_Ejercicio2_GeneradorIP.GeneradorTest.testIfIsNotNull(GeneradorTest.java:32)
]]></failure>
  </testcase>
  <testcase name="testIfIsNotNull[33]" classname="ed22_ud12_Ejercicio2_GeneradorIP.GeneradorTest" time="0.001">
    <failure message="expected: not &lt;null&gt;" type="org.opentest4j.AssertionFailedError"><![CDATA[org.opentest4j.AssertionFailedError: expected: not <null>
	at ed22_ud12_Ejercicio2_GeneradorIP.GeneradorTest.testIfIsNotNull(GeneradorTest.java:32)
]]></failure>
  </testcase>
  <testcase name="testIfIsNotNull[34]" classname="ed22_ud12_Ejercicio2_GeneradorIP.GeneradorTest" time="0">
    <failure message="expected: not &lt;null&gt;" type="org.opentest4j.AssertionFailedError"><![CDATA[org.opentest4j.AssertionFailedError: expected: not <null>
	at ed22_ud12_Ejercicio2_GeneradorIP.GeneradorTest.testIfIsNotNull(GeneradorTest.java:32)
]]></failure>
  </testcase>
  <testcase name="testIfIsNotNull[35]" classname="ed22_ud12_Ejercicio2_GeneradorIP.GeneradorTest" time="0.001">
    <failure message="expected: not &lt;null&gt;" type="org.opentest4j.AssertionFailedError"><![CDATA[org.opentest4j.AssertionFailedError: expected: not <null>
	at ed22_ud12_Ejercicio2_GeneradorIP.GeneradorTest.testIfIsNotNull(GeneradorTest.java:32)
]]></failure>
  </testcase>
  <testcase name="testIfIsNotNull[36]" classname="ed22_ud12_Ejercicio2_GeneradorIP.GeneradorTest" time="0.001">
    <failure message="expected: not &lt;null&gt;" type="org.opentest4j.AssertionFailedError"><![CDATA[org.opentest4j.AssertionFailedError: expected: not <null>
	at ed22_ud12_Ejercicio2_GeneradorIP.GeneradorTest.testIfIsNotNull(GeneradorTest.java:32)
]]></failure>
  </testcase>
  <testcase name="testIfIsNotNull[37]" classname="ed22_ud12_Ejercicio2_GeneradorIP.GeneradorTest" time="0">
    <failure message="expected: not &lt;null&gt;" type="org.opentest4j.AssertionFailedError"><![CDATA[org.opentest4j.AssertionFailedError: expected: not <null>
	at ed22_ud12_Ejercicio2_GeneradorIP.GeneradorTest.testIfIsNotNull(GeneradorTest.java:32)
]]></failure>
  </testcase>
  <testcase name="testIfIsNotNull[38]" classname="ed22_ud12_Ejercicio2_GeneradorIP.GeneradorTest" time="0.001">
    <failure message="expected: not &lt;null&gt;" type="org.opentest4j.AssertionFailedError"><![CDATA[org.opentest4j.AssertionFailedError: expected: not <null>
	at ed22_ud12_Ejercicio2_GeneradorIP.GeneradorTest.testIfIsNotNull(GeneradorTest.java:32)
]]></failure>
  </testcase>
  <testcase name="testIfIsNotNull[39]" classname="ed22_ud12_Ejercicio2_GeneradorIP.GeneradorTest" time="0">
    <failure message="expected: not &lt;null&gt;" type="org.opentest4j.AssertionFailedError"><![CDATA[org.opentest4j.AssertionFailedError: expected: not <null>
	at ed22_ud12_Ejercicio2_GeneradorIP.GeneradorTest.testIfIsNotNull(GeneradorTest.java:32)
]]></failure>
  </testcase>
  <testcase name="testIfIsNotNull[40]" classname="ed22_ud12_Ejercicio2_GeneradorIP.GeneradorTest" time="0.001">
    <failure message="expected: not &lt;null&gt;" type="org.opentest4j.AssertionFailedError"><![CDATA[org.opentest4j.AssertionFailedError: expected: not <null>
	at ed22_ud12_Ejercicio2_GeneradorIP.GeneradorTest.testIfIsNotNull(GeneradorTest.java:32)
]]></failure>
  </testcase>
  <testcase name="testIfIsNotNull[41]" classname="ed22_ud12_Ejercicio2_GeneradorIP.GeneradorTest" time="0">
    <failure message="expected: not &lt;null&gt;" type="org.opentest4j.AssertionFailedError"><![CDATA[org.opentest4j.AssertionFailedError: expected: not <null>
	at ed22_ud12_Ejercicio2_GeneradorIP.GeneradorTest.testIfIsNotNull(GeneradorTest.java:32)
]]></failure>
  </testcase>
  <testcase name="testIfIsNotNull[42]" classname="ed22_ud12_Ejercicio2_GeneradorIP.GeneradorTest" time="0.001">
    <failure message="expected: not &lt;null&gt;" type="org.opentest4j.AssertionFailedError"><![CDATA[org.opentest4j.AssertionFailedError: expected: not <null>
	at ed22_ud12_Ejercicio2_GeneradorIP.GeneradorTest.testIfIsNotNull(GeneradorTest.java:32)
]]></failure>
  </testcase>
  <testcase name="testIfIsNotNull[43]" classname="ed22_ud12_Ejercicio2_GeneradorIP.GeneradorTest" time="0.001">
    <failure message="expected: not &lt;null&gt;" type="org.opentest4j.AssertionFailedError"><![CDATA[org.opentest4j.AssertionFailedError: expected: not <null>
	at ed22_ud12_Ejercicio2_GeneradorIP.GeneradorTest.testIfIsNotNull(GeneradorTest.java:32)
]]></failure>
  </testcase>
  <testcase name="testIfIsNotNull[44]" classname="ed22_ud12_Ejercicio2_GeneradorIP.GeneradorTest" time="0">
    <failure message="expected: not &lt;null&gt;" type="org.opentest4j.AssertionFailedError"><![CDATA[org.opentest4j.AssertionFailedError: expected: not <null>
	at ed22_ud12_Ejercicio2_GeneradorIP.GeneradorTest.testIfIsNotNull(GeneradorTest.java:32)
]]></failure>
  </testcase>
  <testcase name="testIfIsNotNull[45]" classname="ed22_ud12_Ejercicio2_GeneradorIP.GeneradorTest" time="0.001">
    <failure message="expected: not &lt;null&gt;" type="org.opentest4j.AssertionFailedError"><![CDATA[org.opentest4j.AssertionFailedError: expected: not <null>
	at ed22_ud12_Ejercicio2_GeneradorIP.GeneradorTest.testIfIsNotNull(GeneradorTest.java:32)
]]></failure>
  </testcase>
  <testcase name="testIfIsNotNull[46]" classname="ed22_ud12_Ejercicio2_GeneradorIP.GeneradorTest" time="0.001">
    <failure message="expected: not &lt;null&gt;" type="org.opentest4j.AssertionFailedError"><![CDATA[org.opentest4j.AssertionFailedError: expected: not <null>
	at ed22_ud12_Ejercicio2_GeneradorIP.GeneradorTest.testIfIsNotNull(GeneradorTest.java:32)
]]></failure>
  </testcase>
  <testcase name="testIfIsNotNull[47]" classname="ed22_ud12_Ejercicio2_GeneradorIP.GeneradorTest" time="0">
    <failure message="expected: not &lt;null&gt;" type="org.opentest4j.AssertionFailedError"><![CDATA[org.opentest4j.AssertionFailedError: expected: not <null>
	at ed22_ud12_Ejercicio2_GeneradorIP.GeneradorTest.testIfIsNotNull(GeneradorTest.java:32)
]]></failure>
  </testcase>
  <testcase name="testIfIsNotNull[48]" classname="ed22_ud12_Ejercicio2_GeneradorIP.GeneradorTest" time="0">
    <failure message="expected: not &lt;null&gt;" type="org.opentest4j.AssertionFailedError"><![CDATA[org.opentest4j.AssertionFailedError: expected: not <null>
	at ed22_ud12_Ejercicio2_GeneradorIP.GeneradorTest.testIfIsNotNull(GeneradorTest.java:32)
]]></failure>
  </testcase>
  <testcase name="testIfIsNotNull[49]" classname="ed22_ud12_Ejercicio2_GeneradorIP.GeneradorTest" time="0.001">
    <failure message="expected: not &lt;null&gt;" type="org.opentest4j.AssertionFailedError"><![CDATA[org.opentest4j.AssertionFailedError: expected: not <null>
	at ed22_ud12_Ejercicio2_GeneradorIP.GeneradorTest.testIfIsNotNull(GeneradorTest.java:32)
]]></failure>
  </testcase>
  <testcase name="testIfIsNotNull[50]" classname="ed22_ud12_Ejercicio2_GeneradorIP.GeneradorTest" time="0">
    <failure message="expected: not &lt;null&gt;" type="org.opentest4j.AssertionFailedError"><![CDATA[org.opentest4j.AssertionFailedError: expected: not <null>
	at ed22_ud12_Ejercicio2_GeneradorIP.GeneradorTest.testIfIsNotNull(GeneradorTest.java:32)
]]></failure>
  </testcase>
  <testcase name="testIfIsNotNull[51]" classname="ed22_ud12_Ejercicio2_GeneradorIP.GeneradorTest" time="0.001">
    <failure message="expected: not &lt;null&gt;" type="org.opentest4j.AssertionFailedError"><![CDATA[org.opentest4j.AssertionFailedError: expected: not <null>
	at ed22_ud12_Ejercicio2_GeneradorIP.GeneradorTest.testIfIsNotNull(GeneradorTest.java:32)
]]></failure>
  </testcase>
  <testcase name="testIfIsNotNull[52]" classname="ed22_ud12_Ejercicio2_GeneradorIP.GeneradorTest" time="0">
    <failure message="expected: not &lt;null&gt;" type="org.opentest4j.AssertionFailedError"><![CDATA[org.opentest4j.AssertionFailedError: expected: not <null>
	at ed22_ud12_Ejercicio2_GeneradorIP.GeneradorTest.testIfIsNotNull(GeneradorTest.java:32)
]]></failure>
  </testcase>
  <testcase name="testIfIsNotNull[53]" classname="ed22_ud12_Ejercicio2_GeneradorIP.GeneradorTest" time="0">
    <failure message="expected: not &lt;null&gt;" type="org.opentest4j.AssertionFailedError"><![CDATA[org.opentest4j.AssertionFailedError: expected: not <null>
	at ed22_ud12_Ejercicio2_GeneradorIP.GeneradorTest.testIfIsNotNull(GeneradorTest.java:32)
]]></failure>
  </testcase>
  <testcase name="testIfIsNotNull[54]" classname="ed22_ud12_Ejercicio2_GeneradorIP.GeneradorTest" time="0.001">
    <failure message="expected: not &lt;null&gt;" type="org.opentest4j.AssertionFailedError"><![CDATA[org.opentest4j.AssertionFailedError: expected: not <null>
	at ed22_ud12_Ejercicio2_GeneradorIP.GeneradorTest.testIfIsNotNull(GeneradorTest.java:32)
]]></failure>
  </testcase>
  <testcase name="testIfIsNotNull[55]" classname="ed22_ud12_Ejercicio2_GeneradorIP.GeneradorTest" time="0.001">
    <failure message="expected: not &lt;null&gt;" type="org.opentest4j.AssertionFailedError"><![CDATA[org.opentest4j.AssertionFailedError: expected: not <null>
	at ed22_ud12_Ejercicio2_GeneradorIP.GeneradorTest.testIfIsNotNull(GeneradorTest.java:32)
]]></failure>
  </testcase>
  <testcase name="testIfIsNotNull[56]" classname="ed22_ud12_Ejercicio2_GeneradorIP.GeneradorTest" time="0.001">
    <failure message="expected: not &lt;null&gt;" type="org.opentest4j.AssertionFailedError"><![CDATA[org.opentest4j.AssertionFailedError: expected: not <null>
	at ed22_ud12_Ejercicio2_GeneradorIP.GeneradorTest.testIfIsNotNull(GeneradorTest.java:32)
]]></failure>
  </testcase>
  <testcase name="testIfIsNotNull[57]" classname="ed22_ud12_Ejercicio2_GeneradorIP.GeneradorTest" time="0">
    <failure message="expected: not &lt;null&gt;" type="org.opentest4j.AssertionFailedError"><![CDATA[org.opentest4j.AssertionFailedError: expected: not <null>
	at ed22_ud12_Ejercicio2_GeneradorIP.GeneradorTest.testIfIsNotNull(GeneradorTest.java:32)
]]></failure>
  </testcase>
  <testcase name="testIfIsNotNull[58]" classname="ed22_ud12_Ejercicio2_GeneradorIP.GeneradorTest" time="0.001">
    <failure message="expected: not &lt;null&gt;" type="org.opentest4j.AssertionFailedError"><![CDATA[org.opentest4j.AssertionFailedError: expected: not <null>
	at ed22_ud12_Ejercicio2_GeneradorIP.GeneradorTest.testIfIsNotNull(GeneradorTest.java:32)
]]></failure>
  </testcase>
  <testcase name="testIfIsNotNull[59]" classname="ed22_ud12_Ejercicio2_GeneradorIP.GeneradorTest" time="0.001">
    <failure message="expected: not &lt;null&gt;" type="org.opentest4j.AssertionFailedError"><![CDATA[org.opentest4j.AssertionFailedError: expected: not <null>
	at ed22_ud12_Ejercicio2_GeneradorIP.GeneradorTest.testIfIsNotNull(GeneradorTest.java:32)
]]></failure>
  </testcase>
  <testcase name="testIfIsNotNull[60]" classname="ed22_ud12_Ejercicio2_GeneradorIP.GeneradorTest" time="0.001">
    <failure message="expected: not &lt;null&gt;" type="org.opentest4j.AssertionFailedError"><![CDATA[org.opentest4j.AssertionFailedError: expected: not <null>
	at ed22_ud12_Ejercicio2_GeneradorIP.GeneradorTest.testIfIsNotNull(GeneradorTest.java:32)
]]></failure>
  </testcase>
  <testcase name="testIfIsNotNull[61]" classname="ed22_ud12_Ejercicio2_GeneradorIP.GeneradorTest" time="0.001">
    <failure message="expected: not &lt;null&gt;" type="org.opentest4j.AssertionFailedError"><![CDATA[org.opentest4j.AssertionFailedError: expected: not <null>
	at ed22_ud12_Ejercicio2_GeneradorIP.GeneradorTest.testIfIsNotNull(GeneradorTest.java:32)
]]></failure>
  </testcase>
  <testcase name="testIfIsNotNull[62]" classname="ed22_ud12_Ejercicio2_GeneradorIP.GeneradorTest" time="0.001">
    <failure message="expected: not &lt;null&gt;" type="org.opentest4j.AssertionFailedError"><![CDATA[org.opentest4j.AssertionFailedError: expected: not <null>
	at ed22_ud12_Ejercicio2_GeneradorIP.GeneradorTest.testIfIsNotNull(GeneradorTest.java:32)
]]></failure>
  </testcase>
  <testcase name="testIfIsNotNull[63]" classname="ed22_ud12_Ejercicio2_GeneradorIP.GeneradorTest" time="0">
    <failure message="expected: not &lt;null&gt;" type="org.opentest4j.AssertionFailedError"><![CDATA[org.opentest4j.AssertionFailedError: expected: not <null>
	at ed22_ud12_Ejercicio2_GeneradorIP.GeneradorTest.testIfIsNotNull(GeneradorTest.java:32)
]]></failure>
  </testcase>
  <testcase name="testIfIsNotNull[64]" classname="ed22_ud12_Ejercicio2_GeneradorIP.GeneradorTest" time="0">
    <failure message="expected: not &lt;null&gt;" type="org.opentest4j.AssertionFailedError"><![CDATA[org.opentest4j.AssertionFailedError: expected: not <null>
	at ed22_ud12_Ejercicio2_GeneradorIP.GeneradorTest.testIfIsNotNull(GeneradorTest.java:32)
]]></failure>
  </testcase>
  <testcase name="testIfIsNotNull[65]" classname="ed22_ud12_Ejercicio2_GeneradorIP.GeneradorTest" time="0.001">
    <failure message="expected: not &lt;null&gt;" type="org.opentest4j.AssertionFailedError"><![CDATA[org.opentest4j.AssertionFailedError: expected: not <null>
	at ed22_ud12_Ejercicio2_GeneradorIP.GeneradorTest.testIfIsNotNull(GeneradorTest.java:32)
]]></failure>
  </testcase>
  <testcase name="testIfIsNotNull[66]" classname="ed22_ud12_Ejercicio2_GeneradorIP.GeneradorTest" time="0.001">
    <failure message="expected: not &lt;null&gt;" type="org.opentest4j.AssertionFailedError"><![CDATA[org.opentest4j.AssertionFailedError: expected: not <null>
	at ed22_ud12_Ejercicio2_GeneradorIP.GeneradorTest.testIfIsNotNull(GeneradorTest.java:32)
]]></failure>
  </testcase>
  <testcase name="testIfIsNotNull[67]" classname="ed22_ud12_Ejercicio2_GeneradorIP.GeneradorTest" time="0">
    <failure message="expected: not &lt;null&gt;" type="org.opentest4j.AssertionFailedError"><![CDATA[org.opentest4j.AssertionFailedError: expected: not <null>
	at ed22_ud12_Ejercicio2_GeneradorIP.GeneradorTest.testIfIsNotNull(GeneradorTest.java:32)
]]></failure>
  </testcase>
  <testcase name="testIfIsNotNull[68]" classname="ed22_ud12_Ejercicio2_GeneradorIP.GeneradorTest" time="0">
    <failure message="expected: not &lt;null&gt;" type="org.opentest4j.AssertionFailedError"><![CDATA[org.opentest4j.AssertionFailedError: expected: not <null>
	at ed22_ud12_Ejercicio2_GeneradorIP.GeneradorTest.testIfIsNotNull(GeneradorTest.java:32)
]]></failure>
  </testcase>
  <testcase name="testIfIsNotNull[69]" classname="ed22_ud12_Ejercicio2_GeneradorIP.GeneradorTest" time="0">
    <failure message="expected: not &lt;null&gt;" type="org.opentest4j.AssertionFailedError"><![CDATA[org.opentest4j.AssertionFailedError: expected: not <null>
	at ed22_ud12_Ejercicio2_GeneradorIP.GeneradorTest.testIfIsNotNull(GeneradorTest.java:32)
]]></failure>
  </testcase>
  <testcase name="testIfIsNotNull[70]" classname="ed22_ud12_Ejercicio2_GeneradorIP.GeneradorTest" time="0.001">
    <failure message="expected: not &lt;null&gt;" type="org.opentest4j.AssertionFailedError"><![CDATA[org.opentest4j.AssertionFailedError: expected: not <null>
	at ed22_ud12_Ejercicio2_GeneradorIP.GeneradorTest.testIfIsNotNull(GeneradorTest.java:32)
]]></failure>
  </testcase>
  <testcase name="testIfIsNotNull[71]" classname="ed22_ud12_Ejercicio2_GeneradorIP.GeneradorTest" time="0.001">
    <failure message="expected: not &lt;null&gt;" type="org.opentest4j.AssertionFailedError"><![CDATA[org.opentest4j.AssertionFailedError: expected: not <null>
	at ed22_ud12_Ejercicio2_GeneradorIP.GeneradorTest.testIfIsNotNull(GeneradorTest.java:32)
]]></failure>
  </testcase>
  <testcase name="testIfIsNotNull[72]" classname="ed22_ud12_Ejercicio2_GeneradorIP.GeneradorTest" time="0">
    <failure message="expected: not &lt;null&gt;" type="org.opentest4j.AssertionFailedError"><![CDATA[org.opentest4j.AssertionFailedError: expected: not <null>
	at ed22_ud12_Ejercicio2_GeneradorIP.GeneradorTest.testIfIsNotNull(GeneradorTest.java:32)
]]></failure>
  </testcase>
  <testcase name="testIfIsNotNull[73]" classname="ed22_ud12_Ejercicio2_GeneradorIP.GeneradorTest" time="0">
    <failure message="expected: not &lt;null&gt;" type="org.opentest4j.AssertionFailedError"><![CDATA[org.opentest4j.AssertionFailedError: expected: not <null>
	at ed22_ud12_Ejercicio2_GeneradorIP.GeneradorTest.testIfIsNotNull(GeneradorTest.java:32)
]]></failure>
  </testcase>
  <testcase name="testIfIsNotNull[74]" classname="ed22_ud12_Ejercicio2_GeneradorIP.GeneradorTest" time="0">
    <failure message="expected: not &lt;null&gt;" type="org.opentest4j.AssertionFailedError"><![CDATA[org.opentest4j.AssertionFailedError: expected: not <null>
	at ed22_ud12_Ejercicio2_GeneradorIP.GeneradorTest.testIfIsNotNull(GeneradorTest.java:32)
]]></failure>
  </testcase>
  <testcase name="testIfIsNotNull[75]" classname="ed22_ud12_Ejercicio2_GeneradorIP.GeneradorTest" time="0">
    <failure message="expected: not &lt;null&gt;" type="org.opentest4j.AssertionFailedError"><![CDATA[org.opentest4j.AssertionFailedError: expected: not <null>
	at ed22_ud12_Ejercicio2_GeneradorIP.GeneradorTest.testIfIsNotNull(GeneradorTest.java:32)
]]></failure>
  </testcase>
  <testcase name="testIfIsNotNull[76]" classname="ed22_ud12_Ejercicio2_GeneradorIP.GeneradorTest" time="0.001">
    <failure message="expected: not &lt;null&gt;" type="org.opentest4j.AssertionFailedError"><![CDATA[org.opentest4j.AssertionFailedError: expected: not <null>
	at ed22_ud12_Ejercicio2_GeneradorIP.GeneradorTest.testIfIsNotNull(GeneradorTest.java:32)
]]></failure>
  </testcase>
  <testcase name="testIfIsNotNull[77]" classname="ed22_ud12_Ejercicio2_GeneradorIP.GeneradorTest" time="0">
    <failure message="expected: not &lt;null&gt;" type="org.opentest4j.AssertionFailedError"><![CDATA[org.opentest4j.AssertionFailedError: expected: not <null>
	at ed22_ud12_Ejercicio2_GeneradorIP.GeneradorTest.testIfIsNotNull(GeneradorTest.java:32)
]]></failure>
  </testcase>
  <testcase name="testIfIsNotNull[78]" classname="ed22_ud12_Ejercicio2_GeneradorIP.GeneradorTest" time="0">
    <failure message="expected: not &lt;null&gt;" type="org.opentest4j.AssertionFailedError"><![CDATA[org.opentest4j.AssertionFailedError: expected: not <null>
	at ed22_ud12_Ejercicio2_GeneradorIP.GeneradorTest.testIfIsNotNull(GeneradorTest.java:32)
]]></failure>
  </testcase>
  <testcase name="testIfIsNotNull[79]" classname="ed22_ud12_Ejercicio2_GeneradorIP.GeneradorTest" time="0">
    <failure message="expected: not &lt;null&gt;" type="org.opentest4j.AssertionFailedError"><![CDATA[org.opentest4j.AssertionFailedError: expected: not <null>
	at ed22_ud12_Ejercicio2_GeneradorIP.GeneradorTest.testIfIsNotNull(GeneradorTest.java:32)
]]></failure>
  </testcase>
  <testcase name="testIfIsNotNull[80]" classname="ed22_ud12_Ejercicio2_GeneradorIP.GeneradorTest" time="0.001">
    <failure message="expected: not &lt;null&gt;" type="org.opentest4j.AssertionFailedError"><![CDATA[org.opentest4j.AssertionFailedError: expected: not <null>
	at ed22_ud12_Ejercicio2_GeneradorIP.GeneradorTest.testIfIsNotNull(GeneradorTest.java:32)
]]></failure>
  </testcase>
  <testcase name="testIfIsNotNull[81]" classname="ed22_ud12_Ejercicio2_GeneradorIP.GeneradorTest" time="0.001">
    <failure message="expected: not &lt;null&gt;" type="org.opentest4j.AssertionFailedError"><![CDATA[org.opentest4j.AssertionFailedError: expected: not <null>
	at ed22_ud12_Ejercicio2_GeneradorIP.GeneradorTest.testIfIsNotNull(GeneradorTest.java:32)
]]></failure>
  </testcase>
  <testcase name="testIfIsNotNull[82]" classname="ed22_ud12_Ejercicio2_GeneradorIP.GeneradorTest" time="0.001">
    <failure message="expected: not &lt;null&gt;" type="org.opentest4j.AssertionFailedError"><![CDATA[org.opentest4j.AssertionFailedError: expected: not <null>
	at ed22_ud12_Ejercicio2_GeneradorIP.GeneradorTest.testIfIsNotNull(GeneradorTest.java:32)
]]></failure>
  </testcase>
  <testcase name="testIfIsNotNull[83]" classname="ed22_ud12_Ejercicio2_GeneradorIP.GeneradorTest" time="0">
    <failure message="expected: not &lt;null&gt;" type="org.opentest4j.AssertionFailedError"><![CDATA[org.opentest4j.AssertionFailedError: expected: not <null>
	at ed22_ud12_Ejercicio2_GeneradorIP.GeneradorTest.testIfIsNotNull(GeneradorTest.java:32)
]]></failure>
  </testcase>
  <testcase name="testIfIsNotNull[84]" classname="ed22_ud12_Ejercicio2_GeneradorIP.GeneradorTest" time="0.001">
    <failure message="expected: not &lt;null&gt;" type="org.opentest4j.AssertionFailedError"><![CDATA[org.opentest4j.AssertionFailedError: expected: not <null>
	at ed22_ud12_Ejercicio2_GeneradorIP.GeneradorTest.testIfIsNotNull(GeneradorTest.java:32)
]]></failure>
  </testcase>
  <testcase name="testIfIsNotNull[85]" classname="ed22_ud12_Ejercicio2_GeneradorIP.GeneradorTest" time="0.001">
    <failure message="expected: not &lt;null&gt;" type="org.opentest4j.AssertionFailedError"><![CDATA[org.opentest4j.AssertionFailedError: expected: not <null>
	at ed22_ud12_Ejercicio2_GeneradorIP.GeneradorTest.testIfIsNotNull(GeneradorTest.java:32)
]]></failure>
  </testcase>
  <testcase name="testIfIsNotNull[86]" classname="ed22_ud12_Ejercicio2_GeneradorIP.GeneradorTest" time="0">
    <failure message="expected: not &lt;null&gt;" type="org.opentest4j.AssertionFailedError"><![CDATA[org.opentest4j.AssertionFailedError: expected: not <null>
	at ed22_ud12_Ejercicio2_GeneradorIP.GeneradorTest.testIfIsNotNull(GeneradorTest.java:32)
]]></failure>
  </testcase>
  <testcase name="testIfIsNotNull[87]" classname="ed22_ud12_Ejercicio2_GeneradorIP.GeneradorTest" time="0.001">
    <failure message="expected: not &lt;null&gt;" type="org.opentest4j.AssertionFailedError"><![CDATA[org.opentest4j.AssertionFailedError: expected: not <null>
	at ed22_ud12_Ejercicio2_GeneradorIP.GeneradorTest.testIfIsNotNull(GeneradorTest.java:32)
]]></failure>
  </testcase>
  <testcase name="testIfIsNotNull[88]" classname="ed22_ud12_Ejercicio2_GeneradorIP.GeneradorTest" time="0">
    <failure message="expected: not &lt;null&gt;" type="org.opentest4j.AssertionFailedError"><![CDATA[org.opentest4j.AssertionFailedError: expected: not <null>
	at ed22_ud12_Ejercicio2_GeneradorIP.GeneradorTest.testIfIsNotNull(GeneradorTest.java:32)
]]></failure>
  </testcase>
  <testcase name="testIfIsNotNull[89]" classname="ed22_ud12_Ejercicio2_GeneradorIP.GeneradorTest" time="0">
    <failure message="expected: not &lt;null&gt;" type="org.opentest4j.AssertionFailedError"><![CDATA[org.opentest4j.AssertionFailedError: expected: not <null>
	at ed22_ud12_Ejercicio2_GeneradorIP.GeneradorTest.testIfIsNotNull(GeneradorTest.java:32)
]]></failure>
  </testcase>
  <testcase name="testIfIsNotNull[90]" classname="ed22_ud12_Ejercicio2_GeneradorIP.GeneradorTest" time="0.001">
    <failure message="expected: not &lt;null&gt;" type="org.opentest4j.AssertionFailedError"><![CDATA[org.opentest4j.AssertionFailedError: expected: not <null>
	at ed22_ud12_Ejercicio2_GeneradorIP.GeneradorTest.testIfIsNotNull(GeneradorTest.java:32)
]]></failure>
  </testcase>
  <testcase name="testIfIsNotNull[91]" classname="ed22_ud12_Ejercicio2_GeneradorIP.GeneradorTest" time="0.001">
    <failure message="expected: not &lt;null&gt;" type="org.opentest4j.AssertionFailedError"><![CDATA[org.opentest4j.AssertionFailedError: expected: not <null>
	at ed22_ud12_Ejercicio2_GeneradorIP.GeneradorTest.testIfIsNotNull(GeneradorTest.java:32)
]]></failure>
  </testcase>
  <testcase name="testIfIsNotNull[92]" classname="ed22_ud12_Ejercicio2_GeneradorIP.GeneradorTest" time="0">
    <failure message="expected: not &lt;null&gt;" type="org.opentest4j.AssertionFailedError"><![CDATA[org.opentest4j.AssertionFailedError: expected: not <null>
	at ed22_ud12_Ejercicio2_GeneradorIP.GeneradorTest.testIfIsNotNull(GeneradorTest.java:32)
]]></failure>
  </testcase>
  <testcase name="testIfIsNotNull[93]" classname="ed22_ud12_Ejercicio2_GeneradorIP.GeneradorTest" time="0.001">
    <failure message="expected: not &lt;null&gt;" type="org.opentest4j.AssertionFailedError"><![CDATA[org.opentest4j.AssertionFailedError: expected: not <null>
	at ed22_ud12_Ejercicio2_GeneradorIP.GeneradorTest.testIfIsNotNull(GeneradorTest.java:32)
]]></failure>
  </testcase>
  <testcase name="testIfIsNotNull[94]" classname="ed22_ud12_Ejercicio2_GeneradorIP.GeneradorTest" time="0.001">
    <failure message="expected: not &lt;null&gt;" type="org.opentest4j.AssertionFailedError"><![CDATA[org.opentest4j.AssertionFailedError: expected: not <null>
	at ed22_ud12_Ejercicio2_GeneradorIP.GeneradorTest.testIfIsNotNull(GeneradorTest.java:32)
]]></failure>
  </testcase>
  <testcase name="testIfIsNotNull[95]" classname="ed22_ud12_Ejercicio2_GeneradorIP.GeneradorTest" time="0.001">
    <failure message="expected: not &lt;null&gt;" type="org.opentest4j.AssertionFailedError"><![CDATA[org.opentest4j.AssertionFailedError: expected: not <null>
	at ed22_ud12_Ejercicio2_GeneradorIP.GeneradorTest.testIfIsNotNull(GeneradorTest.java:32)
]]></failure>
  </testcase>
  <testcase name="testIfIsNotNull[96]" classname="ed22_ud12_Ejercicio2_GeneradorIP.GeneradorTest" time="0.001">
    <failure message="expected: not &lt;null&gt;" type="org.opentest4j.AssertionFailedError"><![CDATA[org.opentest4j.AssertionFailedError: expected: not <null>
	at ed22_ud12_Ejercicio2_GeneradorIP.GeneradorTest.testIfIsNotNull(GeneradorTest.java:32)
]]></failure>
  </testcase>
  <testcase name="testIfIsNotNull[97]" classname="ed22_ud12_Ejercicio2_GeneradorIP.GeneradorTest" time="0">
    <failure message="expected: not &lt;null&gt;" type="org.opentest4j.AssertionFailedError"><![CDATA[org.opentest4j.AssertionFailedError: expected: not <null>
	at ed22_ud12_Ejercicio2_GeneradorIP.GeneradorTest.testIfIsNotNull(GeneradorTest.java:32)
]]></failure>
  </testcase>
  <testcase name="testIfIsNotNull[98]" classname="ed22_ud12_Ejercicio2_GeneradorIP.GeneradorTest" time="0.001">
    <failure message="expected: not &lt;null&gt;" type="org.opentest4j.AssertionFailedError"><![CDATA[org.opentest4j.AssertionFailedError: expected: not <null>
	at ed22_ud12_Ejercicio2_GeneradorIP.GeneradorTest.testIfIsNotNull(GeneradorTest.java:32)
]]></failure>
  </testcase>
  <testcase name="testIfIsNotNull[99]" classname="ed22_ud12_Ejercicio2_GeneradorIP.GeneradorTest" time="0">
    <failure message="expected: not &lt;null&gt;" type="org.opentest4j.AssertionFailedError"><![CDATA[org.opentest4j.AssertionFailedError: expected: not <null>
	at ed22_ud12_Ejercicio2_GeneradorIP.GeneradorTest.testIfIsNotNull(GeneradorTest.java:32)
]]></failure>
  </testcase>
  <testcase name="testIfIsNotNull[100]" classname="ed22_ud12_Ejercicio2_GeneradorIP.GeneradorTest" time="0.001">
    <failure message="expected: not &lt;null&gt;" type="org.opentest4j.AssertionFailedError"><![CDATA[org.opentest4j.AssertionFailedError: expected: not <null>
	at ed22_ud12_Ejercicio2_GeneradorIP.GeneradorTest.testIfIsNotNull(GeneradorTest.java:32)
]]></failure>
  </testcase>
  <testcase name="testIfIsNotNull[101]" classname="ed22_ud12_Ejercicio2_GeneradorIP.GeneradorTest" time="0.004">
    <failure message="expected: not &lt;null&gt;" type="org.opentest4j.AssertionFailedError"><![CDATA[org.opentest4j.AssertionFailedError: expected: not <null>
	at ed22_ud12_Ejercicio2_GeneradorIP.GeneradorTest.testIfIsNotNull(GeneradorTest.java:32)
]]></failure>
  </testcase>
  <testcase name="testIfIsNotNull[102]" classname="ed22_ud12_Ejercicio2_GeneradorIP.GeneradorTest" time="0">
    <failure message="expected: not &lt;null&gt;" type="org.opentest4j.AssertionFailedError"><![CDATA[org.opentest4j.AssertionFailedError: expected: not <null>
	at ed22_ud12_Ejercicio2_GeneradorIP.GeneradorTest.testIfIsNotNull(GeneradorTest.java:32)
]]></failure>
  </testcase>
  <testcase name="testIfIsNotNull[103]" classname="ed22_ud12_Ejercicio2_GeneradorIP.GeneradorTest" time="0">
    <failure message="expected: not &lt;null&gt;" type="org.opentest4j.AssertionFailedError"><![CDATA[org.opentest4j.AssertionFailedError: expected: not <null>
	at ed22_ud12_Ejercicio2_GeneradorIP.GeneradorTest.testIfIsNotNull(GeneradorTest.java:32)
]]></failure>
  </testcase>
  <testcase name="testIfIsNotNull[104]" classname="ed22_ud12_Ejercicio2_GeneradorIP.GeneradorTest" time="0">
    <failure message="expected: not &lt;null&gt;" type="org.opentest4j.AssertionFailedError"><![CDATA[org.opentest4j.AssertionFailedError: expected: not <null>
	at ed22_ud12_Ejercicio2_GeneradorIP.GeneradorTest.testIfIsNotNull(GeneradorTest.java:32)
]]></failure>
  </testcase>
  <testcase name="testIfIsNotNull[105]" classname="ed22_ud12_Ejercicio2_GeneradorIP.GeneradorTest" time="0">
    <failure message="expected: not &lt;null&gt;" type="org.opentest4j.AssertionFailedError"><![CDATA[org.opentest4j.AssertionFailedError: expected: not <null>
	at ed22_ud12_Ejercicio2_GeneradorIP.GeneradorTest.testIfIsNotNull(GeneradorTest.java:32)
]]></failure>
  </testcase>
  <testcase name="testIfIsNotNull[106]" classname="ed22_ud12_Ejercicio2_GeneradorIP.GeneradorTest" time="0.001">
    <failure message="expected: not &lt;null&gt;" type="org.opentest4j.AssertionFailedError"><![CDATA[org.opentest4j.AssertionFailedError: expected: not <null>
	at ed22_ud12_Ejercicio2_GeneradorIP.GeneradorTest.testIfIsNotNull(GeneradorTest.java:32)
]]></failure>
  </testcase>
  <testcase name="testIfIsNotNull[107]" classname="ed22_ud12_Ejercicio2_GeneradorIP.GeneradorTest" time="0.001">
    <failure message="expected: not &lt;null&gt;" type="org.opentest4j.AssertionFailedError"><![CDATA[org.opentest4j.AssertionFailedError: expected: not <null>
	at ed22_ud12_Ejercicio2_GeneradorIP.GeneradorTest.testIfIsNotNull(GeneradorTest.java:32)
]]></failure>
  </testcase>
  <testcase name="testIfIsNotNull[108]" classname="ed22_ud12_Ejercicio2_GeneradorIP.GeneradorTest" time="0">
    <failure message="expected: not &lt;null&gt;" type="org.opentest4j.AssertionFailedError"><![CDATA[org.opentest4j.AssertionFailedError: expected: not <null>
	at ed22_ud12_Ejercicio2_GeneradorIP.GeneradorTest.testIfIsNotNull(GeneradorTest.java:32)
]]></failure>
  </testcase>
  <testcase name="testIfIsNotNull[109]" classname="ed22_ud12_Ejercicio2_GeneradorIP.GeneradorTest" time="0">
    <failure message="expected: not &lt;null&gt;" type="org.opentest4j.AssertionFailedError"><![CDATA[org.opentest4j.AssertionFailedError: expected: not <null>
	at ed22_ud12_Ejercicio2_GeneradorIP.GeneradorTest.testIfIsNotNull(GeneradorTest.java:32)
]]></failure>
  </testcase>
  <testcase name="testIfIsNotNull[110]" classname="ed22_ud12_Ejercicio2_GeneradorIP.GeneradorTest" time="0">
    <failure message="expected: not &lt;null&gt;" type="org.opentest4j.AssertionFailedError"><![CDATA[org.opentest4j.AssertionFailedError: expected: not <null>
	at ed22_ud12_Ejercicio2_GeneradorIP.GeneradorTest.testIfIsNotNull(GeneradorTest.java:32)
]]></failure>
  </testcase>
  <testcase name="testIfIsNotNull[111]" classname="ed22_ud12_Ejercicio2_GeneradorIP.GeneradorTest" time="0">
    <failure message="expected: not &lt;null&gt;" type="org.opentest4j.AssertionFailedError"><![CDATA[org.opentest4j.AssertionFailedError: expected: not <null>
	at ed22_ud12_Ejercicio2_GeneradorIP.GeneradorTest.testIfIsNotNull(GeneradorTest.java:32)
]]></failure>
  </testcase>
  <testcase name="testIfIsNotNull[112]" classname="ed22_ud12_Ejercicio2_GeneradorIP.GeneradorTest" time="0">
    <failure message="expected: not &lt;null&gt;" type="org.opentest4j.AssertionFailedError"><![CDATA[org.opentest4j.AssertionFailedError: expected: not <null>
	at ed22_ud12_Ejercicio2_GeneradorIP.GeneradorTest.testIfIsNotNull(GeneradorTest.java:32)
]]></failure>
  </testcase>
  <testcase name="testIfIsNotNull[113]" classname="ed22_ud12_Ejercicio2_GeneradorIP.GeneradorTest" time="0.001">
    <failure message="expected: not &lt;null&gt;" type="org.opentest4j.AssertionFailedError"><![CDATA[org.opentest4j.AssertionFailedError: expected: not <null>
	at ed22_ud12_Ejercicio2_GeneradorIP.GeneradorTest.testIfIsNotNull(GeneradorTest.java:32)
]]></failure>
  </testcase>
  <testcase name="testIfIsNotNull[114]" classname="ed22_ud12_Ejercicio2_GeneradorIP.GeneradorTest" time="0">
    <failure message="expected: not &lt;null&gt;" type="org.opentest4j.AssertionFailedError"><![CDATA[org.opentest4j.AssertionFailedError: expected: not <null>
	at ed22_ud12_Ejercicio2_GeneradorIP.GeneradorTest.testIfIsNotNull(GeneradorTest.java:32)
]]></failure>
  </testcase>
  <testcase name="testIfIsNotNull[115]" classname="ed22_ud12_Ejercicio2_GeneradorIP.GeneradorTest" time="0">
    <failure message="expected: not &lt;null&gt;" type="org.opentest4j.AssertionFailedError"><![CDATA[org.opentest4j.AssertionFailedError: expected: not <null>
	at ed22_ud12_Ejercicio2_GeneradorIP.GeneradorTest.testIfIsNotNull(GeneradorTest.java:32)
]]></failure>
  </testcase>
  <testcase name="testIfIsNotNull[116]" classname="ed22_ud12_Ejercicio2_GeneradorIP.GeneradorTest" time="0">
    <failure message="expected: not &lt;null&gt;" type="org.opentest4j.AssertionFailedError"><![CDATA[org.opentest4j.AssertionFailedError: expected: not <null>
	at ed22_ud12_Ejercicio2_GeneradorIP.GeneradorTest.testIfIsNotNull(GeneradorTest.java:32)
]]></failure>
  </testcase>
  <testcase name="testIfIsNotNull[117]" classname="ed22_ud12_Ejercicio2_GeneradorIP.GeneradorTest" time="0">
    <failure message="expected: not &lt;null&gt;" type="org.opentest4j.AssertionFailedError"><![CDATA[org.opentest4j.AssertionFailedError: expected: not <null>
	at ed22_ud12_Ejercicio2_GeneradorIP.GeneradorTest.testIfIsNotNull(GeneradorTest.java:32)
]]></failure>
  </testcase>
  <testcase name="testIfIsNotNull[118]" classname="ed22_ud12_Ejercicio2_GeneradorIP.GeneradorTest" time="0.001">
    <failure message="expected: not &lt;null&gt;" type="org.opentest4j.AssertionFailedError"><![CDATA[org.opentest4j.AssertionFailedError: expected: not <null>
	at ed22_ud12_Ejercicio2_GeneradorIP.GeneradorTest.testIfIsNotNull(GeneradorTest.java:32)
]]></failure>
  </testcase>
  <testcase name="testIfIsNotNull[119]" classname="ed22_ud12_Ejercicio2_GeneradorIP.GeneradorTest" time="0">
    <failure message="expected: not &lt;null&gt;" type="org.opentest4j.AssertionFailedError"><![CDATA[org.opentest4j.AssertionFailedError: expected: not <null>
	at ed22_ud12_Ejercicio2_GeneradorIP.GeneradorTest.testIfIsNotNull(GeneradorTest.java:32)
]]></failure>
  </testcase>
  <testcase name="testIfIsNotNull[120]" classname="ed22_ud12_Ejercicio2_GeneradorIP.GeneradorTest" time="0">
    <failure message="expected: not &lt;null&gt;" type="org.opentest4j.AssertionFailedError"><![CDATA[org.opentest4j.AssertionFailedError: expected: not <null>
	at ed22_ud12_Ejercicio2_GeneradorIP.GeneradorTest.testIfIsNotNull(GeneradorTest.java:32)
]]></failure>
  </testcase>
  <testcase name="testIfIsNotNull[121]" classname="ed22_ud12_Ejercicio2_GeneradorIP.GeneradorTest" time="0.001">
    <failure message="expected: not &lt;null&gt;" type="org.opentest4j.AssertionFailedError"><![CDATA[org.opentest4j.AssertionFailedError: expected: not <null>
	at ed22_ud12_Ejercicio2_GeneradorIP.GeneradorTest.testIfIsNotNull(GeneradorTest.java:32)
]]></failure>
  </testcase>
  <testcase name="testIfIsNotNull[122]" classname="ed22_ud12_Ejercicio2_GeneradorIP.GeneradorTest" time="0.001">
    <failure message="expected: not &lt;null&gt;" type="org.opentest4j.AssertionFailedError"><![CDATA[org.opentest4j.AssertionFailedError: expected: not <null>
	at ed22_ud12_Ejercicio2_GeneradorIP.GeneradorTest.testIfIsNotNull(GeneradorTest.java:32)
]]></failure>
  </testcase>
  <testcase name="testIfIsNotNull[123]" classname="ed22_ud12_Ejercicio2_GeneradorIP.GeneradorTest" time="0">
    <failure message="expected: not &lt;null&gt;" type="org.opentest4j.AssertionFailedError"><![CDATA[org.opentest4j.AssertionFailedError: expected: not <null>
	at ed22_ud12_Ejercicio2_GeneradorIP.GeneradorTest.testIfIsNotNull(GeneradorTest.java:32)
]]></failure>
  </testcase>
  <testcase name="testIfIsNotNull[124]" classname="ed22_ud12_Ejercicio2_GeneradorIP.GeneradorTest" time="0.001">
    <failure message="expected: not &lt;null&gt;" type="org.opentest4j.AssertionFailedError"><![CDATA[org.opentest4j.AssertionFailedError: expected: not <null>
	at ed22_ud12_Ejercicio2_GeneradorIP.GeneradorTest.testIfIsNotNull(GeneradorTest.java:32)
]]></failure>
  </testcase>
  <testcase name="testIfIsNotNull[125]" classname="ed22_ud12_Ejercicio2_GeneradorIP.GeneradorTest" time="0">
    <failure message="expected: not &lt;null&gt;" type="org.opentest4j.AssertionFailedError"><![CDATA[org.opentest4j.AssertionFailedError: expected: not <null>
	at ed22_ud12_Ejercicio2_GeneradorIP.GeneradorTest.testIfIsNotNull(GeneradorTest.java:32)
]]></failure>
  </testcase>
  <testcase name="testIfIsNotNull[126]" classname="ed22_ud12_Ejercicio2_GeneradorIP.GeneradorTest" time="0.001">
    <failure message="expected: not &lt;null&gt;" type="org.opentest4j.AssertionFailedError"><![CDATA[org.opentest4j.AssertionFailedError: expected: not <null>
	at ed22_ud12_Ejercicio2_GeneradorIP.GeneradorTest.testIfIsNotNull(GeneradorTest.java:32)
]]></failure>
  </testcase>
  <testcase name="testIfIsNotNull[127]" classname="ed22_ud12_Ejercicio2_GeneradorIP.GeneradorTest" time="0.001">
    <failure message="expected: not &lt;null&gt;" type="org.opentest4j.AssertionFailedError"><![CDATA[org.opentest4j.AssertionFailedError: expected: not <null>
	at ed22_ud12_Ejercicio2_GeneradorIP.GeneradorTest.testIfIsNotNull(GeneradorTest.java:32)
]]></failure>
  </testcase>
  <testcase name="testIfIsNotNull[128]" classname="ed22_ud12_Ejercicio2_GeneradorIP.GeneradorTest" time="0.001">
    <failure message="expected: not &lt;null&gt;" type="org.opentest4j.AssertionFailedError"><![CDATA[org.opentest4j.AssertionFailedError: expected: not <null>
	at ed22_ud12_Ejercicio2_GeneradorIP.GeneradorTest.testIfIsNotNull(GeneradorTest.java:32)
]]></failure>
  </testcase>
  <testcase name="testIfIsNotNull[129]" classname="ed22_ud12_Ejercicio2_GeneradorIP.GeneradorTest" time="0.001">
    <failure message="expected: not &lt;null&gt;" type="org.opentest4j.AssertionFailedError"><![CDATA[org.opentest4j.AssertionFailedError: expected: not <null>
	at ed22_ud12_Ejercicio2_GeneradorIP.GeneradorTest.testIfIsNotNull(GeneradorTest.java:32)
]]></failure>
  </testcase>
  <testcase name="testIfIsNotNull[130]" classname="ed22_ud12_Ejercicio2_GeneradorIP.GeneradorTest" time="0">
    <failure message="expected: not &lt;null&gt;" type="org.opentest4j.AssertionFailedError"><![CDATA[org.opentest4j.AssertionFailedError: expected: not <null>
	at ed22_ud12_Ejercicio2_GeneradorIP.GeneradorTest.testIfIsNotNull(GeneradorTest.java:32)
]]></failure>
  </testcase>
  <testcase name="testIfIsNotNull[131]" classname="ed22_ud12_Ejercicio2_GeneradorIP.GeneradorTest" time="0.001">
    <failure message="expected: not &lt;null&gt;" type="org.opentest4j.AssertionFailedError"><![CDATA[org.opentest4j.AssertionFailedError: expected: not <null>
	at ed22_ud12_Ejercicio2_GeneradorIP.GeneradorTest.testIfIsNotNull(GeneradorTest.java:32)
]]></failure>
  </testcase>
  <testcase name="testIfIsNotNull[132]" classname="ed22_ud12_Ejercicio2_GeneradorIP.GeneradorTest" time="0">
    <failure message="expected: not &lt;null&gt;" type="org.opentest4j.AssertionFailedError"><![CDATA[org.opentest4j.AssertionFailedError: expected: not <null>
	at ed22_ud12_Ejercicio2_GeneradorIP.GeneradorTest.testIfIsNotNull(GeneradorTest.java:32)
]]></failure>
  </testcase>
  <testcase name="testIfIsNotNull[133]" classname="ed22_ud12_Ejercicio2_GeneradorIP.GeneradorTest" time="0.001">
    <failure message="expected: not &lt;null&gt;" type="org.opentest4j.AssertionFailedError"><![CDATA[org.opentest4j.AssertionFailedError: expected: not <null>
	at ed22_ud12_Ejercicio2_GeneradorIP.GeneradorTest.testIfIsNotNull(GeneradorTest.java:32)
]]></failure>
  </testcase>
  <testcase name="testIfIsNotNull[134]" classname="ed22_ud12_Ejercicio2_GeneradorIP.GeneradorTest" time="0">
    <failure message="expected: not &lt;null&gt;" type="org.opentest4j.AssertionFailedError"><![CDATA[org.opentest4j.AssertionFailedError: expected: not <null>
	at ed22_ud12_Ejercicio2_GeneradorIP.GeneradorTest.testIfIsNotNull(GeneradorTest.java:32)
]]></failure>
  </testcase>
  <testcase name="testIfIsNotNull[135]" classname="ed22_ud12_Ejercicio2_GeneradorIP.GeneradorTest" time="0.001">
    <failure message="expected: not &lt;null&gt;" type="org.opentest4j.AssertionFailedError"><![CDATA[org.opentest4j.AssertionFailedError: expected: not <null>
	at ed22_ud12_Ejercicio2_GeneradorIP.GeneradorTest.testIfIsNotNull(GeneradorTest.java:32)
]]></failure>
  </testcase>
  <testcase name="testIfIsNotNull[136]" classname="ed22_ud12_Ejercicio2_GeneradorIP.GeneradorTest" time="0">
    <failure message="expected: not &lt;null&gt;" type="org.opentest4j.AssertionFailedError"><![CDATA[org.opentest4j.AssertionFailedError: expected: not <null>
	at ed22_ud12_Ejercicio2_GeneradorIP.GeneradorTest.testIfIsNotNull(GeneradorTest.java:32)
]]></failure>
  </testcase>
  <testcase name="testIfIsNotNull[137]" classname="ed22_ud12_Ejercicio2_GeneradorIP.GeneradorTest" time="0">
    <failure message="expected: not &lt;null&gt;" type="org.opentest4j.AssertionFailedError"><![CDATA[org.opentest4j.AssertionFailedError: expected: not <null>
	at ed22_ud12_Ejercicio2_GeneradorIP.GeneradorTest.testIfIsNotNull(GeneradorTest.java:32)
]]></failure>
  </testcase>
  <testcase name="testIfIsNotNull[138]" classname="ed22_ud12_Ejercicio2_GeneradorIP.GeneradorTest" time="0.001">
    <failure message="expected: not &lt;null&gt;" type="org.opentest4j.AssertionFailedError"><![CDATA[org.opentest4j.AssertionFailedError: expected: not <null>
	at ed22_ud12_Ejercicio2_GeneradorIP.GeneradorTest.testIfIsNotNull(GeneradorTest.java:32)
]]></failure>
  </testcase>
  <testcase name="testIfIsNotNull[139]" classname="ed22_ud12_Ejercicio2_GeneradorIP.GeneradorTest" time="0">
    <failure message="expected: not &lt;null&gt;" type="org.opentest4j.AssertionFailedError"><![CDATA[org.opentest4j.AssertionFailedError: expected: not <null>
	at ed22_ud12_Ejercicio2_GeneradorIP.GeneradorTest.testIfIsNotNull(GeneradorTest.java:32)
]]></failure>
  </testcase>
  <testcase name="testIfIsNotNull[140]" classname="ed22_ud12_Ejercicio2_GeneradorIP.GeneradorTest" time="0">
    <failure message="expected: not &lt;null&gt;" type="org.opentest4j.AssertionFailedError"><![CDATA[org.opentest4j.AssertionFailedError: expected: not <null>
	at ed22_ud12_Ejercicio2_GeneradorIP.GeneradorTest.testIfIsNotNull(GeneradorTest.java:32)
]]></failure>
  </testcase>
  <testcase name="testIfIsNotNull[141]" classname="ed22_ud12_Ejercicio2_GeneradorIP.GeneradorTest" time="0.001">
    <failure message="expected: not &lt;null&gt;" type="org.opentest4j.AssertionFailedError"><![CDATA[org.opentest4j.AssertionFailedError: expected: not <null>
	at ed22_ud12_Ejercicio2_GeneradorIP.GeneradorTest.testIfIsNotNull(GeneradorTest.java:32)
]]></failure>
  </testcase>
  <testcase name="testIfIsNotNull[142]" classname="ed22_ud12_Ejercicio2_GeneradorIP.GeneradorTest" time="0">
    <failure message="expected: not &lt;null&gt;" type="org.opentest4j.AssertionFailedError"><![CDATA[org.opentest4j.AssertionFailedError: expected: not <null>
	at ed22_ud12_Ejercicio2_GeneradorIP.GeneradorTest.testIfIsNotNull(GeneradorTest.java:32)
]]></failure>
  </testcase>
  <testcase name="testIfIsNotNull[143]" classname="ed22_ud12_Ejercicio2_GeneradorIP.GeneradorTest" time="0.001">
    <failure message="expected: not &lt;null&gt;" type="org.opentest4j.AssertionFailedError"><![CDATA[org.opentest4j.AssertionFailedError: expected: not <null>
	at ed22_ud12_Ejercicio2_GeneradorIP.GeneradorTest.testIfIsNotNull(GeneradorTest.java:32)
]]></failure>
  </testcase>
  <testcase name="testIfIsNotNull[144]" classname="ed22_ud12_Ejercicio2_GeneradorIP.GeneradorTest" time="0.001">
    <failure message="expected: not &lt;null&gt;" type="org.opentest4j.AssertionFailedError"><![CDATA[org.opentest4j.AssertionFailedError: expected: not <null>
	at ed22_ud12_Ejercicio2_GeneradorIP.GeneradorTest.testIfIsNotNull(GeneradorTest.java:32)
]]></failure>
  </testcase>
  <testcase name="testIfIsNotNull[145]" classname="ed22_ud12_Ejercicio2_GeneradorIP.GeneradorTest" time="0">
    <failure message="expected: not &lt;null&gt;" type="org.opentest4j.AssertionFailedError"><![CDATA[org.opentest4j.AssertionFailedError: expected: not <null>
	at ed22_ud12_Ejercicio2_GeneradorIP.GeneradorTest.testIfIsNotNull(GeneradorTest.java:32)
]]></failure>
  </testcase>
  <testcase name="testIfIsNotNull[146]" classname="ed22_ud12_Ejercicio2_GeneradorIP.GeneradorTest" time="0">
    <failure message="expected: not &lt;null&gt;" type="org.opentest4j.AssertionFailedError"><![CDATA[org.opentest4j.AssertionFailedError: expected: not <null>
	at ed22_ud12_Ejercicio2_GeneradorIP.GeneradorTest.testIfIsNotNull(GeneradorTest.java:32)
]]></failure>
  </testcase>
  <testcase name="testIfIsNotNull[147]" classname="ed22_ud12_Ejercicio2_GeneradorIP.GeneradorTest" time="0.001">
    <failure message="expected: not &lt;null&gt;" type="org.opentest4j.AssertionFailedError"><![CDATA[org.opentest4j.AssertionFailedError: expected: not <null>
	at ed22_ud12_Ejercicio2_GeneradorIP.GeneradorTest.testIfIsNotNull(GeneradorTest.java:32)
]]></failure>
  </testcase>
  <testcase name="testIfIsNotNull[148]" classname="ed22_ud12_Ejercicio2_GeneradorIP.GeneradorTest" time="0">
    <failure message="expected: not &lt;null&gt;" type="org.opentest4j.AssertionFailedError"><![CDATA[org.opentest4j.AssertionFailedError: expected: not <null>
	at ed22_ud12_Ejercicio2_GeneradorIP.GeneradorTest.testIfIsNotNull(GeneradorTest.java:32)
]]></failure>
  </testcase>
  <testcase name="testIfIsNotNull[149]" classname="ed22_ud12_Ejercicio2_GeneradorIP.GeneradorTest" time="0">
    <failure message="expected: not &lt;null&gt;" type="org.opentest4j.AssertionFailedError"><![CDATA[org.opentest4j.AssertionFailedError: expected: not <null>
	at ed22_ud12_Ejercicio2_GeneradorIP.GeneradorTest.testIfIsNotNull(GeneradorTest.java:32)
]]></failure>
  </testcase>
  <testcase name="testIfIsNotNull[150]" classname="ed22_ud12_Ejercicio2_GeneradorIP.GeneradorTest" time="0.001">
    <failure message="expected: not &lt;null&gt;" type="org.opentest4j.AssertionFailedError"><![CDATA[org.opentest4j.AssertionFailedError: expected: not <null>
	at ed22_ud12_Ejercicio2_GeneradorIP.GeneradorTest.testIfIsNotNull(GeneradorTest.java:32)
]]></failure>
  </testcase>
  <testcase name="testIfIsNotNull[151]" classname="ed22_ud12_Ejercicio2_GeneradorIP.GeneradorTest" time="0">
    <failure message="expected: not &lt;null&gt;" type="org.opentest4j.AssertionFailedError"><![CDATA[org.opentest4j.AssertionFailedError: expected: not <null>
	at ed22_ud12_Ejercicio2_GeneradorIP.GeneradorTest.testIfIsNotNull(GeneradorTest.java:32)
]]></failure>
  </testcase>
  <testcase name="testIfIsNotNull[152]" classname="ed22_ud12_Ejercicio2_GeneradorIP.GeneradorTest" time="0">
    <failure message="expected: not &lt;null&gt;" type="org.opentest4j.AssertionFailedError"><![CDATA[org.opentest4j.AssertionFailedError: expected: not <null>
	at ed22_ud12_Ejercicio2_GeneradorIP.GeneradorTest.testIfIsNotNull(GeneradorTest.java:32)
]]></failure>
  </testcase>
  <testcase name="testIfIsNotNull[153]" classname="ed22_ud12_Ejercicio2_GeneradorIP.GeneradorTest" time="0.001">
    <failure message="expected: not &lt;null&gt;" type="org.opentest4j.AssertionFailedError"><![CDATA[org.opentest4j.AssertionFailedError: expected: not <null>
	at ed22_ud12_Ejercicio2_GeneradorIP.GeneradorTest.testIfIsNotNull(GeneradorTest.java:32)
]]></failure>
  </testcase>
  <testcase name="testIfIsNotNull[154]" classname="ed22_ud12_Ejercicio2_GeneradorIP.GeneradorTest" time="0.001">
    <failure message="expected: not &lt;null&gt;" type="org.opentest4j.AssertionFailedError"><![CDATA[org.opentest4j.AssertionFailedError: expected: not <null>
	at ed22_ud12_Ejercicio2_GeneradorIP.GeneradorTest.testIfIsNotNull(GeneradorTest.java:32)
]]></failure>
  </testcase>
  <testcase name="testIfIsNotNull[155]" classname="ed22_ud12_Ejercicio2_GeneradorIP.GeneradorTest" time="0">
    <failure message="expected: not &lt;null&gt;" type="org.opentest4j.AssertionFailedError"><![CDATA[org.opentest4j.AssertionFailedError: expected: not <null>
	at ed22_ud12_Ejercicio2_GeneradorIP.GeneradorTest.testIfIsNotNull(GeneradorTest.java:32)
]]></failure>
  </testcase>
  <testcase name="testIfIsNotNull[156]" classname="ed22_ud12_Ejercicio2_GeneradorIP.GeneradorTest" time="0">
    <failure message="expected: not &lt;null&gt;" type="org.opentest4j.AssertionFailedError"><![CDATA[org.opentest4j.AssertionFailedError: expected: not <null>
	at ed22_ud12_Ejercicio2_GeneradorIP.GeneradorTest.testIfIsNotNull(GeneradorTest.java:32)
]]></failure>
  </testcase>
  <testcase name="testIfIsNotNull[157]" classname="ed22_ud12_Ejercicio2_GeneradorIP.GeneradorTest" time="0">
    <failure message="expected: not &lt;null&gt;" type="org.opentest4j.AssertionFailedError"><![CDATA[org.opentest4j.AssertionFailedError: expected: not <null>
	at ed22_ud12_Ejercicio2_GeneradorIP.GeneradorTest.testIfIsNotNull(GeneradorTest.java:32)
]]></failure>
  </testcase>
  <testcase name="testIfIsNotNull[158]" classname="ed22_ud12_Ejercicio2_GeneradorIP.GeneradorTest" time="0">
    <failure message="expected: not &lt;null&gt;" type="org.opentest4j.AssertionFailedError"><![CDATA[org.opentest4j.AssertionFailedError: expected: not <null>
	at ed22_ud12_Ejercicio2_GeneradorIP.GeneradorTest.testIfIsNotNull(GeneradorTest.java:32)
]]></failure>
  </testcase>
  <testcase name="testIfIsNotNull[159]" classname="ed22_ud12_Ejercicio2_GeneradorIP.GeneradorTest" time="0">
    <failure message="expected: not &lt;null&gt;" type="org.opentest4j.AssertionFailedError"><![CDATA[org.opentest4j.AssertionFailedError: expected: not <null>
	at ed22_ud12_Ejercicio2_GeneradorIP.GeneradorTest.testIfIsNotNull(GeneradorTest.java:32)
]]></failure>
  </testcase>
  <testcase name="testIfIsNotNull[160]" classname="ed22_ud12_Ejercicio2_GeneradorIP.GeneradorTest" time="0.001">
    <failure message="expected: not &lt;null&gt;" type="org.opentest4j.AssertionFailedError"><![CDATA[org.opentest4j.AssertionFailedError: expected: not <null>
	at ed22_ud12_Ejercicio2_GeneradorIP.GeneradorTest.testIfIsNotNull(GeneradorTest.java:32)
]]></failure>
  </testcase>
  <testcase name="testIfIsNotNull[161]" classname="ed22_ud12_Ejercicio2_GeneradorIP.GeneradorTest" time="0">
    <failure message="expected: not &lt;null&gt;" type="org.opentest4j.AssertionFailedError"><![CDATA[org.opentest4j.AssertionFailedError: expected: not <null>
	at ed22_ud12_Ejercicio2_GeneradorIP.GeneradorTest.testIfIsNotNull(GeneradorTest.java:32)
]]></failure>
  </testcase>
  <testcase name="testIfIsNotNull[162]" classname="ed22_ud12_Ejercicio2_GeneradorIP.GeneradorTest" time="0">
    <failure message="expected: not &lt;null&gt;" type="org.opentest4j.AssertionFailedError"><![CDATA[org.opentest4j.AssertionFailedError: expected: not <null>
	at ed22_ud12_Ejercicio2_GeneradorIP.GeneradorTest.testIfIsNotNull(GeneradorTest.java:32)
]]></failure>
  </testcase>
  <testcase name="testIfIsNotNull[163]" classname="ed22_ud12_Ejercicio2_GeneradorIP.GeneradorTest" time="0.001">
    <failure message="expected: not &lt;null&gt;" type="org.opentest4j.AssertionFailedError"><![CDATA[org.opentest4j.AssertionFailedError: expected: not <null>
	at ed22_ud12_Ejercicio2_GeneradorIP.GeneradorTest.testIfIsNotNull(GeneradorTest.java:32)
]]></failure>
  </testcase>
  <testcase name="testIfIsNotNull[164]" classname="ed22_ud12_Ejercicio2_GeneradorIP.GeneradorTest" time="0">
    <failure message="expected: not &lt;null&gt;" type="org.opentest4j.AssertionFailedError"><![CDATA[org.opentest4j.AssertionFailedError: expected: not <null>
	at ed22_ud12_Ejercicio2_GeneradorIP.GeneradorTest.testIfIsNotNull(GeneradorTest.java:32)
]]></failure>
  </testcase>
  <testcase name="testIfIsNotNull[165]" classname="ed22_ud12_Ejercicio2_GeneradorIP.GeneradorTest" time="0">
    <failure message="expected: not &lt;null&gt;" type="org.opentest4j.AssertionFailedError"><![CDATA[org.opentest4j.AssertionFailedError: expected: not <null>
	at ed22_ud12_Ejercicio2_GeneradorIP.GeneradorTest.testIfIsNotNull(GeneradorTest.java:32)
]]></failure>
  </testcase>
  <testcase name="testIfIsNotNull[166]" classname="ed22_ud12_Ejercicio2_GeneradorIP.GeneradorTest" time="0.001">
    <failure message="expected: not &lt;null&gt;" type="org.opentest4j.AssertionFailedError"><![CDATA[org.opentest4j.AssertionFailedError: expected: not <null>
	at ed22_ud12_Ejercicio2_GeneradorIP.GeneradorTest.testIfIsNotNull(GeneradorTest.java:32)
]]></failure>
  </testcase>
  <testcase name="testIfIsNotNull[167]" classname="ed22_ud12_Ejercicio2_GeneradorIP.GeneradorTest" time="0.001">
    <failure message="expected: not &lt;null&gt;" type="org.opentest4j.AssertionFailedError"><![CDATA[org.opentest4j.AssertionFailedError: expected: not <null>
	at ed22_ud12_Ejercicio2_GeneradorIP.GeneradorTest.testIfIsNotNull(GeneradorTest.java:32)
]]></failure>
  </testcase>
  <testcase name="testIfIsNotNull[168]" classname="ed22_ud12_Ejercicio2_GeneradorIP.GeneradorTest" time="0">
    <failure message="expected: not &lt;null&gt;" type="org.opentest4j.AssertionFailedError"><![CDATA[org.opentest4j.AssertionFailedError: expected: not <null>
	at ed22_ud12_Ejercicio2_GeneradorIP.GeneradorTest.testIfIsNotNull(GeneradorTest.java:32)
]]></failure>
  </testcase>
  <testcase name="testIfIsNotNull[169]" classname="ed22_ud12_Ejercicio2_GeneradorIP.GeneradorTest" time="0">
    <failure message="expected: not &lt;null&gt;" type="org.opentest4j.AssertionFailedError"><![CDATA[org.opentest4j.AssertionFailedError: expected: not <null>
	at ed22_ud12_Ejercicio2_GeneradorIP.GeneradorTest.testIfIsNotNull(GeneradorTest.java:32)
]]></failure>
  </testcase>
  <testcase name="testIfIsNotNull[170]" classname="ed22_ud12_Ejercicio2_GeneradorIP.GeneradorTest" time="0">
    <failure message="expected: not &lt;null&gt;" type="org.opentest4j.AssertionFailedError"><![CDATA[org.opentest4j.AssertionFailedError: expected: not <null>
	at ed22_ud12_Ejercicio2_GeneradorIP.GeneradorTest.testIfIsNotNull(GeneradorTest.java:32)
]]></failure>
  </testcase>
  <testcase name="testIfIsNotNull[171]" classname="ed22_ud12_Ejercicio2_GeneradorIP.GeneradorTest" time="0.001">
    <failure message="expected: not &lt;null&gt;" type="org.opentest4j.AssertionFailedError"><![CDATA[org.opentest4j.AssertionFailedError: expected: not <null>
	at ed22_ud12_Ejercicio2_GeneradorIP.GeneradorTest.testIfIsNotNull(GeneradorTest.java:32)
]]></failure>
  </testcase>
  <testcase name="testIfIsNotNull[172]" classname="ed22_ud12_Ejercicio2_GeneradorIP.GeneradorTest" time="0">
    <failure message="expected: not &lt;null&gt;" type="org.opentest4j.AssertionFailedError"><![CDATA[org.opentest4j.AssertionFailedError: expected: not <null>
	at ed22_ud12_Ejercicio2_GeneradorIP.GeneradorTest.testIfIsNotNull(GeneradorTest.java:32)
]]></failure>
  </testcase>
  <testcase name="testIfIsNotNull[173]" classname="ed22_ud12_Ejercicio2_GeneradorIP.GeneradorTest" time="0.001">
    <failure message="expected: not &lt;null&gt;" type="org.opentest4j.AssertionFailedError"><![CDATA[org.opentest4j.AssertionFailedError: expected: not <null>
	at ed22_ud12_Ejercicio2_GeneradorIP.GeneradorTest.testIfIsNotNull(GeneradorTest.java:32)
]]></failure>
  </testcase>
  <testcase name="testIfIsNotNull[174]" classname="ed22_ud12_Ejercicio2_GeneradorIP.GeneradorTest" time="0">
    <failure message="expected: not &lt;null&gt;" type="org.opentest4j.AssertionFailedError"><![CDATA[org.opentest4j.AssertionFailedError: expected: not <null>
	at ed22_ud12_Ejercicio2_GeneradorIP.GeneradorTest.testIfIsNotNull(GeneradorTest.java:32)
]]></failure>
  </testcase>
  <testcase name="testIfIsNotNull[175]" classname="ed22_ud12_Ejercicio2_GeneradorIP.GeneradorTest" time="0">
    <failure message="expected: not &lt;null&gt;" type="org.opentest4j.AssertionFailedError"><![CDATA[org.opentest4j.AssertionFailedError: expected: not <null>
	at ed22_ud12_Ejercicio2_GeneradorIP.GeneradorTest.testIfIsNotNull(GeneradorTest.java:32)
]]></failure>
  </testcase>
  <testcase name="testIfIsNotNull[176]" classname="ed22_ud12_Ejercicio2_GeneradorIP.GeneradorTest" time="0.001">
    <failure message="expected: not &lt;null&gt;" type="org.opentest4j.AssertionFailedError"><![CDATA[org.opentest4j.AssertionFailedError: expected: not <null>
	at ed22_ud12_Ejercicio2_GeneradorIP.GeneradorTest.testIfIsNotNull(GeneradorTest.java:32)
]]></failure>
  </testcase>
  <testcase name="testIfIsNotNull[177]" classname="ed22_ud12_Ejercicio2_GeneradorIP.GeneradorTest" time="0">
    <failure message="expected: not &lt;null&gt;" type="org.opentest4j.AssertionFailedError"><![CDATA[org.opentest4j.AssertionFailedError: expected: not <null>
	at ed22_ud12_Ejercicio2_GeneradorIP.GeneradorTest.testIfIsNotNull(GeneradorTest.java:32)
]]></failure>
  </testcase>
  <testcase name="testIfIsNotNull[178]" classname="ed22_ud12_Ejercicio2_GeneradorIP.GeneradorTest" time="0.001">
    <failure message="expected: not &lt;null&gt;" type="org.opentest4j.AssertionFailedError"><![CDATA[org.opentest4j.AssertionFailedError: expected: not <null>
	at ed22_ud12_Ejercicio2_GeneradorIP.GeneradorTest.testIfIsNotNull(GeneradorTest.java:32)
]]></failure>
  </testcase>
  <testcase name="testIfIsNotNull[179]" classname="ed22_ud12_Ejercicio2_GeneradorIP.GeneradorTest" time="0.001">
    <failure message="expected: not &lt;null&gt;" type="org.opentest4j.AssertionFailedError"><![CDATA[org.opentest4j.AssertionFailedError: expected: not <null>
	at ed22_ud12_Ejercicio2_GeneradorIP.GeneradorTest.testIfIsNotNull(GeneradorTest.java:32)
]]></failure>
  </testcase>
  <testcase name="testIfIsNotNull[180]" classname="ed22_ud12_Ejercicio2_GeneradorIP.GeneradorTest" time="0">
    <failure message="expected: not &lt;null&gt;" type="org.opentest4j.AssertionFailedError"><![CDATA[org.opentest4j.AssertionFailedError: expected: not <null>
	at ed22_ud12_Ejercicio2_GeneradorIP.GeneradorTest.testIfIsNotNull(GeneradorTest.java:32)
]]></failure>
  </testcase>
  <testcase name="testIfIsNotNull[181]" classname="ed22_ud12_Ejercicio2_GeneradorIP.GeneradorTest" time="0">
    <failure message="expected: not &lt;null&gt;" type="org.opentest4j.AssertionFailedError"><![CDATA[org.opentest4j.AssertionFailedError: expected: not <null>
	at ed22_ud12_Ejercicio2_GeneradorIP.GeneradorTest.testIfIsNotNull(GeneradorTest.java:32)
]]></failure>
  </testcase>
  <testcase name="testIfIsNotNull[182]" classname="ed22_ud12_Ejercicio2_GeneradorIP.GeneradorTest" time="0">
    <failure message="expected: not &lt;null&gt;" type="org.opentest4j.AssertionFailedError"><![CDATA[org.opentest4j.AssertionFailedError: expected: not <null>
	at ed22_ud12_Ejercicio2_GeneradorIP.GeneradorTest.testIfIsNotNull(GeneradorTest.java:32)
]]></failure>
  </testcase>
  <testcase name="testIfIsNotNull[183]" classname="ed22_ud12_Ejercicio2_GeneradorIP.GeneradorTest" time="0">
    <failure message="expected: not &lt;null&gt;" type="org.opentest4j.AssertionFailedError"><![CDATA[org.opentest4j.AssertionFailedError: expected: not <null>
	at ed22_ud12_Ejercicio2_GeneradorIP.GeneradorTest.testIfIsNotNull(GeneradorTest.java:32)
]]></failure>
  </testcase>
  <testcase name="testIfIsNotNull[184]" classname="ed22_ud12_Ejercicio2_GeneradorIP.GeneradorTest" time="0">
    <failure message="expected: not &lt;null&gt;" type="org.opentest4j.AssertionFailedError"><![CDATA[org.opentest4j.AssertionFailedError: expected: not <null>
	at ed22_ud12_Ejercicio2_GeneradorIP.GeneradorTest.testIfIsNotNull(GeneradorTest.java:32)
]]></failure>
  </testcase>
  <testcase name="testIfIsNotNull[185]" classname="ed22_ud12_Ejercicio2_GeneradorIP.GeneradorTest" time="0.001">
    <failure message="expected: not &lt;null&gt;" type="org.opentest4j.AssertionFailedError"><![CDATA[org.opentest4j.AssertionFailedError: expected: not <null>
	at ed22_ud12_Ejercicio2_GeneradorIP.GeneradorTest.testIfIsNotNull(GeneradorTest.java:32)
]]></failure>
  </testcase>
  <testcase name="testIfIsNotNull[186]" classname="ed22_ud12_Ejercicio2_GeneradorIP.GeneradorTest" time="0.001">
    <failure message="expected: not &lt;null&gt;" type="org.opentest4j.AssertionFailedError"><![CDATA[org.opentest4j.AssertionFailedError: expected: not <null>
	at ed22_ud12_Ejercicio2_GeneradorIP.GeneradorTest.testIfIsNotNull(GeneradorTest.java:32)
]]></failure>
  </testcase>
  <testcase name="testIfIsNotNull[187]" classname="ed22_ud12_Ejercicio2_GeneradorIP.GeneradorTest" time="0">
    <failure message="expected: not &lt;null&gt;" type="org.opentest4j.AssertionFailedError"><![CDATA[org.opentest4j.AssertionFailedError: expected: not <null>
	at ed22_ud12_Ejercicio2_GeneradorIP.GeneradorTest.testIfIsNotNull(GeneradorTest.java:32)
]]></failure>
  </testcase>
  <testcase name="testIfIsNotNull[188]" classname="ed22_ud12_Ejercicio2_GeneradorIP.GeneradorTest" time="0.001">
    <failure message="expected: not &lt;null&gt;" type="org.opentest4j.AssertionFailedError"><![CDATA[org.opentest4j.AssertionFailedError: expected: not <null>
	at ed22_ud12_Ejercicio2_GeneradorIP.GeneradorTest.testIfIsNotNull(GeneradorTest.java:32)
]]></failure>
  </testcase>
  <testcase name="testIfIsNotNull[189]" classname="ed22_ud12_Ejercicio2_GeneradorIP.GeneradorTest" time="0.001">
    <failure message="expected: not &lt;null&gt;" type="org.opentest4j.AssertionFailedError"><![CDATA[org.opentest4j.AssertionFailedError: expected: not <null>
	at ed22_ud12_Ejercicio2_GeneradorIP.GeneradorTest.testIfIsNotNull(GeneradorTest.java:32)
]]></failure>
  </testcase>
  <testcase name="testIfIsNotNull[190]" classname="ed22_ud12_Ejercicio2_GeneradorIP.GeneradorTest" time="0.001">
    <failure message="expected: not &lt;null&gt;" type="org.opentest4j.AssertionFailedError"><![CDATA[org.opentest4j.AssertionFailedError: expected: not <null>
	at ed22_ud12_Ejercicio2_GeneradorIP.GeneradorTest.testIfIsNotNull(GeneradorTest.java:32)
]]></failure>
  </testcase>
  <testcase name="testIfIsNotNull[191]" classname="ed22_ud12_Ejercicio2_GeneradorIP.GeneradorTest" time="0.001">
    <failure message="expected: not &lt;null&gt;" type="org.opentest4j.AssertionFailedError"><![CDATA[org.opentest4j.AssertionFailedError: expected: not <null>
	at ed22_ud12_Ejercicio2_GeneradorIP.GeneradorTest.testIfIsNotNull(GeneradorTest.java:32)
]]></failure>
  </testcase>
  <testcase name="testIfIsNotNull[192]" classname="ed22_ud12_Ejercicio2_GeneradorIP.GeneradorTest" time="0.001">
    <failure message="expected: not &lt;null&gt;" type="org.opentest4j.AssertionFailedError"><![CDATA[org.opentest4j.AssertionFailedError: expected: not <null>
	at ed22_ud12_Ejercicio2_GeneradorIP.GeneradorTest.testIfIsNotNull(GeneradorTest.java:32)
]]></failure>
  </testcase>
  <testcase name="testIfIsNotNull[193]" classname="ed22_ud12_Ejercicio2_GeneradorIP.GeneradorTest" time="0">
    <failure message="expected: not &lt;null&gt;" type="org.opentest4j.AssertionFailedError"><![CDATA[org.opentest4j.AssertionFailedError: expected: not <null>
	at ed22_ud12_Ejercicio2_GeneradorIP.GeneradorTest.testIfIsNotNull(GeneradorTest.java:32)
]]></failure>
  </testcase>
  <testcase name="testIfIsNotNull[194]" classname="ed22_ud12_Ejercicio2_GeneradorIP.GeneradorTest" time="0">
    <failure message="expected: not &lt;null&gt;" type="org.opentest4j.AssertionFailedError"><![CDATA[org.opentest4j.AssertionFailedError: expected: not <null>
	at ed22_ud12_Ejercicio2_GeneradorIP.GeneradorTest.testIfIsNotNull(GeneradorTest.java:32)
]]></failure>
  </testcase>
  <testcase name="testIfIsNotNull[195]" classname="ed22_ud12_Ejercicio2_GeneradorIP.GeneradorTest" time="0">
    <failure message="expected: not &lt;null&gt;" type="org.opentest4j.AssertionFailedError"><![CDATA[org.opentest4j.AssertionFailedError: expected: not <null>
	at ed22_ud12_Ejercicio2_GeneradorIP.GeneradorTest.testIfIsNotNull(GeneradorTest.java:32)
]]></failure>
  </testcase>
  <testcase name="testIfIsNotNull[196]" classname="ed22_ud12_Ejercicio2_GeneradorIP.GeneradorTest" time="0">
    <failure message="expected: not &lt;null&gt;" type="org.opentest4j.AssertionFailedError"><![CDATA[org.opentest4j.AssertionFailedError: expected: not <null>
	at ed22_ud12_Ejercicio2_GeneradorIP.GeneradorTest.testIfIsNotNull(GeneradorTest.java:32)
]]></failure>
  </testcase>
  <testcase name="testIfIsNotNull[197]" classname="ed22_ud12_Ejercicio2_GeneradorIP.GeneradorTest" time="0">
    <failure message="expected: not &lt;null&gt;" type="org.opentest4j.AssertionFailedError"><![CDATA[org.opentest4j.AssertionFailedError: expected: not <null>
	at ed22_ud12_Ejercicio2_GeneradorIP.GeneradorTest.testIfIsNotNull(GeneradorTest.java:32)
]]></failure>
  </testcase>
  <testcase name="testIfIsNotNull[198]" classname="ed22_ud12_Ejercicio2_GeneradorIP.GeneradorTest" time="0.001">
    <failure message="expected: not &lt;null&gt;" type="org.opentest4j.AssertionFailedError"><![CDATA[org.opentest4j.AssertionFailedError: expected: not <null>
	at ed22_ud12_Ejercicio2_GeneradorIP.GeneradorTest.testIfIsNotNull(GeneradorTest.java:32)
]]></failure>
  </testcase>
  <testcase name="testIfIsNotNull[199]" classname="ed22_ud12_Ejercicio2_GeneradorIP.GeneradorTest" time="0.001">
    <failure message="expected: not &lt;null&gt;" type="org.opentest4j.AssertionFailedError"><![CDATA[org.opentest4j.AssertionFailedError: expected: not <null>
	at ed22_ud12_Ejercicio2_GeneradorIP.GeneradorTest.testIfIsNotNull(GeneradorTest.java:32)
]]></failure>
  </testcase>
  <testcase name="testIfIsNotNull[200]" classname="ed22_ud12_Ejercicio2_GeneradorIP.GeneradorTest" time="0">
    <failure message="expected: not &lt;null&gt;" type="org.opentest4j.AssertionFailedError"><![CDATA[org.opentest4j.AssertionFailedError: expected: not <null>
	at ed22_ud12_Ejercicio2_GeneradorIP.GeneradorTest.testIfIsNotNull(GeneradorTest.java:32)
]]></failure>
  </testcase>
  <testcase name="testIfIsNotNull[201]" classname="ed22_ud12_Ejercicio2_GeneradorIP.GeneradorTest" time="0.001">
    <failure message="expected: not &lt;null&gt;" type="org.opentest4j.AssertionFailedError"><![CDATA[org.opentest4j.AssertionFailedError: expected: not <null>
	at ed22_ud12_Ejercicio2_GeneradorIP.GeneradorTest.testIfIsNotNull(GeneradorTest.java:32)
]]></failure>
  </testcase>
  <testcase name="testIfIsNotNull[202]" classname="ed22_ud12_Ejercicio2_GeneradorIP.GeneradorTest" time="0">
    <failure message="expected: not &lt;null&gt;" type="org.opentest4j.AssertionFailedError"><![CDATA[org.opentest4j.AssertionFailedError: expected: not <null>
	at ed22_ud12_Ejercicio2_GeneradorIP.GeneradorTest.testIfIsNotNull(GeneradorTest.java:32)
]]></failure>
  </testcase>
  <testcase name="testIfIsNotNull[203]" classname="ed22_ud12_Ejercicio2_GeneradorIP.GeneradorTest" time="0.001">
    <failure message="expected: not &lt;null&gt;" type="org.opentest4j.AssertionFailedError"><![CDATA[org.opentest4j.AssertionFailedError: expected: not <null>
	at ed22_ud12_Ejercicio2_GeneradorIP.GeneradorTest.testIfIsNotNull(GeneradorTest.java:32)
]]></failure>
  </testcase>
  <testcase name="testIfIsNotNull[204]" classname="ed22_ud12_Ejercicio2_GeneradorIP.GeneradorTest" time="0">
    <failure message="expected: not &lt;null&gt;" type="org.opentest4j.AssertionFailedError"><![CDATA[org.opentest4j.AssertionFailedError: expected: not <null>
	at ed22_ud12_Ejercicio2_GeneradorIP.GeneradorTest.testIfIsNotNull(GeneradorTest.java:32)
]]></failure>
  </testcase>
  <testcase name="testIfIsNotNull[205]" classname="ed22_ud12_Ejercicio2_GeneradorIP.GeneradorTest" time="0">
    <failure message="expected: not &lt;null&gt;" type="org.opentest4j.AssertionFailedError"><![CDATA[org.opentest4j.AssertionFailedError: expected: not <null>
	at ed22_ud12_Ejercicio2_GeneradorIP.GeneradorTest.testIfIsNotNull(GeneradorTest.java:32)
]]></failure>
  </testcase>
  <testcase name="testIfIsNotNull[206]" classname="ed22_ud12_Ejercicio2_GeneradorIP.GeneradorTest" time="0">
    <failure message="expected: not &lt;null&gt;" type="org.opentest4j.AssertionFailedError"><![CDATA[org.opentest4j.AssertionFailedError: expected: not <null>
	at ed22_ud12_Ejercicio2_GeneradorIP.GeneradorTest.testIfIsNotNull(GeneradorTest.java:32)
]]></failure>
  </testcase>
  <testcase name="testIfIsNotNull[207]" classname="ed22_ud12_Ejercicio2_GeneradorIP.GeneradorTest" time="0.001">
    <failure message="expected: not &lt;null&gt;" type="org.opentest4j.AssertionFailedError"><![CDATA[org.opentest4j.AssertionFailedError: expected: not <null>
	at ed22_ud12_Ejercicio2_GeneradorIP.GeneradorTest.testIfIsNotNull(GeneradorTest.java:32)
]]></failure>
  </testcase>
  <testcase name="testIfIsNotNull[208]" classname="ed22_ud12_Ejercicio2_GeneradorIP.GeneradorTest" time="0">
    <failure message="expected: not &lt;null&gt;" type="org.opentest4j.AssertionFailedError"><![CDATA[org.opentest4j.AssertionFailedError: expected: not <null>
	at ed22_ud12_Ejercicio2_GeneradorIP.GeneradorTest.testIfIsNotNull(GeneradorTest.java:32)
]]></failure>
  </testcase>
  <testcase name="testIfIsNotNull[209]" classname="ed22_ud12_Ejercicio2_GeneradorIP.GeneradorTest" time="0.001">
    <failure message="expected: not &lt;null&gt;" type="org.opentest4j.AssertionFailedError"><![CDATA[org.opentest4j.AssertionFailedError: expected: not <null>
	at ed22_ud12_Ejercicio2_GeneradorIP.GeneradorTest.testIfIsNotNull(GeneradorTest.java:32)
]]></failure>
  </testcase>
  <testcase name="testIfIsNotNull[210]" classname="ed22_ud12_Ejercicio2_GeneradorIP.GeneradorTest" time="0">
    <failure message="expected: not &lt;null&gt;" type="org.opentest4j.AssertionFailedError"><![CDATA[org.opentest4j.AssertionFailedError: expected: not <null>
	at ed22_ud12_Ejercicio2_GeneradorIP.GeneradorTest.testIfIsNotNull(GeneradorTest.java:32)
]]></failure>
  </testcase>
  <testcase name="testIfIsNotNull[211]" classname="ed22_ud12_Ejercicio2_GeneradorIP.GeneradorTest" time="0.001">
    <failure message="expected: not &lt;null&gt;" type="org.opentest4j.AssertionFailedError"><![CDATA[org.opentest4j.AssertionFailedError: expected: not <null>
	at ed22_ud12_Ejercicio2_GeneradorIP.GeneradorTest.testIfIsNotNull(GeneradorTest.java:32)
]]></failure>
  </testcase>
  <testcase name="testIfIsNotNull[212]" classname="ed22_ud12_Ejercicio2_GeneradorIP.GeneradorTest" time="0.001">
    <failure message="expected: not &lt;null&gt;" type="org.opentest4j.AssertionFailedError"><![CDATA[org.opentest4j.AssertionFailedError: expected: not <null>
	at ed22_ud12_Ejercicio2_GeneradorIP.GeneradorTest.testIfIsNotNull(GeneradorTest.java:32)
]]></failure>
  </testcase>
  <testcase name="testIfIsNotNull[213]" classname="ed22_ud12_Ejercicio2_GeneradorIP.GeneradorTest" time="0.001">
    <failure message="expected: not &lt;null&gt;" type="org.opentest4j.AssertionFailedError"><![CDATA[org.opentest4j.AssertionFailedError: expected: not <null>
	at ed22_ud12_Ejercicio2_GeneradorIP.GeneradorTest.testIfIsNotNull(GeneradorTest.java:32)
]]></failure>
  </testcase>
  <testcase name="testIfIsNotNull[214]" classname="ed22_ud12_Ejercicio2_GeneradorIP.GeneradorTest" time="0.005">
    <failure message="expected: not &lt;null&gt;" type="org.opentest4j.AssertionFailedError"><![CDATA[org.opentest4j.AssertionFailedError: expected: not <null>
	at ed22_ud12_Ejercicio2_GeneradorIP.GeneradorTest.testIfIsNotNull(GeneradorTest.java:32)
]]></failure>
  </testcase>
  <testcase name="testIfIsNotNull[215]" classname="ed22_ud12_Ejercicio2_GeneradorIP.GeneradorTest" time="0">
    <failure message="expected: not &lt;null&gt;" type="org.opentest4j.AssertionFailedError"><![CDATA[org.opentest4j.AssertionFailedError: expected: not <null>
	at ed22_ud12_Ejercicio2_GeneradorIP.GeneradorTest.testIfIsNotNull(GeneradorTest.java:32)
]]></failure>
  </testcase>
  <testcase name="testIfIsNotNull[216]" classname="ed22_ud12_Ejercicio2_GeneradorIP.GeneradorTest" time="0">
    <failure message="expected: not &lt;null&gt;" type="org.opentest4j.AssertionFailedError"><![CDATA[org.opentest4j.AssertionFailedError: expected: not <null>
	at ed22_ud12_Ejercicio2_GeneradorIP.GeneradorTest.testIfIsNotNull(GeneradorTest.java:32)
]]></failure>
  </testcase>
  <testcase name="testIfIsNotNull[217]" classname="ed22_ud12_Ejercicio2_GeneradorIP.GeneradorTest" time="0.001">
    <failure message="expected: not &lt;null&gt;" type="org.opentest4j.AssertionFailedError"><![CDATA[org.opentest4j.AssertionFailedError: expected: not <null>
	at ed22_ud12_Ejercicio2_GeneradorIP.GeneradorTest.testIfIsNotNull(GeneradorTest.java:32)
]]></failure>
  </testcase>
  <testcase name="testIfIsNotNull[218]" classname="ed22_ud12_Ejercicio2_GeneradorIP.GeneradorTest" time="0.001">
    <failure message="expected: not &lt;null&gt;" type="org.opentest4j.AssertionFailedError"><![CDATA[org.opentest4j.AssertionFailedError: expected: not <null>
	at ed22_ud12_Ejercicio2_GeneradorIP.GeneradorTest.testIfIsNotNull(GeneradorTest.java:32)
]]></failure>
  </testcase>
  <testcase name="testIfIsNotNull[219]" classname="ed22_ud12_Ejercicio2_GeneradorIP.GeneradorTest" time="0">
    <failure message="expected: not &lt;null&gt;" type="org.opentest4j.AssertionFailedError"><![CDATA[org.opentest4j.AssertionFailedError: expected: not <null>
	at ed22_ud12_Ejercicio2_GeneradorIP.GeneradorTest.testIfIsNotNull(GeneradorTest.java:32)
]]></failure>
  </testcase>
  <testcase name="testIfIsNotNull[220]" classname="ed22_ud12_Ejercicio2_GeneradorIP.GeneradorTest" time="0.001">
    <failure message="expected: not &lt;null&gt;" type="org.opentest4j.AssertionFailedError"><![CDATA[org.opentest4j.AssertionFailedError: expected: not <null>
	at ed22_ud12_Ejercicio2_GeneradorIP.GeneradorTest.testIfIsNotNull(GeneradorTest.java:32)
]]></failure>
  </testcase>
  <testcase name="testIfIsNotNull[221]" classname="ed22_ud12_Ejercicio2_GeneradorIP.GeneradorTest" time="0.001">
    <failure message="expected: not &lt;null&gt;" type="org.opentest4j.AssertionFailedError"><![CDATA[org.opentest4j.AssertionFailedError: expected: not <null>
	at ed22_ud12_Ejercicio2_GeneradorIP.GeneradorTest.testIfIsNotNull(GeneradorTest.java:32)
]]></failure>
  </testcase>
  <testcase name="testIfIsNotNull[222]" classname="ed22_ud12_Ejercicio2_GeneradorIP.GeneradorTest" time="0">
    <failure message="expected: not &lt;null&gt;" type="org.opentest4j.AssertionFailedError"><![CDATA[org.opentest4j.AssertionFailedError: expected: not <null>
	at ed22_ud12_Ejercicio2_GeneradorIP.GeneradorTest.testIfIsNotNull(GeneradorTest.java:32)
]]></failure>
  </testcase>
  <testcase name="testIfIsNotNull[223]" classname="ed22_ud12_Ejercicio2_GeneradorIP.GeneradorTest" time="0">
    <failure message="expected: not &lt;null&gt;" type="org.opentest4j.AssertionFailedError"><![CDATA[org.opentest4j.AssertionFailedError: expected: not <null>
	at ed22_ud12_Ejercicio2_GeneradorIP.GeneradorTest.testIfIsNotNull(GeneradorTest.java:32)
]]></failure>
  </testcase>
  <testcase name="testIfIsNotNull[224]" classname="ed22_ud12_Ejercicio2_GeneradorIP.GeneradorTest" time="0">
    <failure message="expected: not &lt;null&gt;" type="org.opentest4j.AssertionFailedError"><![CDATA[org.opentest4j.AssertionFailedError: expected: not <null>
	at ed22_ud12_Ejercicio2_GeneradorIP.GeneradorTest.testIfIsNotNull(GeneradorTest.java:32)
]]></failure>
  </testcase>
  <testcase name="testIfIsNotNull[225]" classname="ed22_ud12_Ejercicio2_GeneradorIP.GeneradorTest" time="0.001">
    <failure message="expected: not &lt;null&gt;" type="org.opentest4j.AssertionFailedError"><![CDATA[org.opentest4j.AssertionFailedError: expected: not <null>
	at ed22_ud12_Ejercicio2_GeneradorIP.GeneradorTest.testIfIsNotNull(GeneradorTest.java:32)
]]></failure>
  </testcase>
  <testcase name="testIfIsNotNull[226]" classname="ed22_ud12_Ejercicio2_GeneradorIP.GeneradorTest" time="0">
    <failure message="expected: not &lt;null&gt;" type="org.opentest4j.AssertionFailedError"><![CDATA[org.opentest4j.AssertionFailedError: expected: not <null>
	at ed22_ud12_Ejercicio2_GeneradorIP.GeneradorTest.testIfIsNotNull(GeneradorTest.java:32)
]]></failure>
  </testcase>
  <testcase name="testIfIsNotNull[227]" classname="ed22_ud12_Ejercicio2_GeneradorIP.GeneradorTest" time="0.001">
    <failure message="expected: not &lt;null&gt;" type="org.opentest4j.AssertionFailedError"><![CDATA[org.opentest4j.AssertionFailedError: expected: not <null>
	at ed22_ud12_Ejercicio2_GeneradorIP.GeneradorTest.testIfIsNotNull(GeneradorTest.java:32)
]]></failure>
  </testcase>
  <testcase name="testIfIsNotNull[228]" classname="ed22_ud12_Ejercicio2_GeneradorIP.GeneradorTest" time="0">
    <failure message="expected: not &lt;null&gt;" type="org.opentest4j.AssertionFailedError"><![CDATA[org.opentest4j.AssertionFailedError: expected: not <null>
	at ed22_ud12_Ejercicio2_GeneradorIP.GeneradorTest.testIfIsNotNull(GeneradorTest.java:32)
]]></failure>
  </testcase>
  <testcase name="testIfIsNotNull[229]" classname="ed22_ud12_Ejercicio2_GeneradorIP.GeneradorTest" time="0">
    <failure message="expected: not &lt;null&gt;" type="org.opentest4j.AssertionFailedError"><![CDATA[org.opentest4j.AssertionFailedError: expected: not <null>
	at ed22_ud12_Ejercicio2_GeneradorIP.GeneradorTest.testIfIsNotNull(GeneradorTest.java:32)
]]></failure>
  </testcase>
  <testcase name="testIfIsNotNull[230]" classname="ed22_ud12_Ejercicio2_GeneradorIP.GeneradorTest" time="0.001">
    <failure message="expected: not &lt;null&gt;" type="org.opentest4j.AssertionFailedError"><![CDATA[org.opentest4j.AssertionFailedError: expected: not <null>
	at ed22_ud12_Ejercicio2_GeneradorIP.GeneradorTest.testIfIsNotNull(GeneradorTest.java:32)
]]></failure>
  </testcase>
  <testcase name="testIfIsNotNull[231]" classname="ed22_ud12_Ejercicio2_GeneradorIP.GeneradorTest" time="0">
    <failure message="expected: not &lt;null&gt;" type="org.opentest4j.AssertionFailedError"><![CDATA[org.opentest4j.AssertionFailedError: expected: not <null>
	at ed22_ud12_Ejercicio2_GeneradorIP.GeneradorTest.testIfIsNotNull(GeneradorTest.java:32)
]]></failure>
  </testcase>
  <testcase name="testIfIsNotNull[232]" classname="ed22_ud12_Ejercicio2_GeneradorIP.GeneradorTest" time="0.001">
    <failure message="expected: not &lt;null&gt;" type="org.opentest4j.AssertionFailedError"><![CDATA[org.opentest4j.AssertionFailedError: expected: not <null>
	at ed22_ud12_Ejercicio2_GeneradorIP.GeneradorTest.testIfIsNotNull(GeneradorTest.java:32)
]]></failure>
  </testcase>
  <testcase name="testIfIsNotNull[233]" classname="ed22_ud12_Ejercicio2_GeneradorIP.GeneradorTest" time="0">
    <failure message="expected: not &lt;null&gt;" type="org.opentest4j.AssertionFailedError"><![CDATA[org.opentest4j.AssertionFailedError: expected: not <null>
	at ed22_ud12_Ejercicio2_GeneradorIP.GeneradorTest.testIfIsNotNull(GeneradorTest.java:32)
]]></failure>
  </testcase>
  <testcase name="testIfIsNotNull[234]" classname="ed22_ud12_Ejercicio2_GeneradorIP.GeneradorTest" time="0">
    <failure message="expected: not &lt;null&gt;" type="org.opentest4j.AssertionFailedError"><![CDATA[org.opentest4j.AssertionFailedError: expected: not <null>
	at ed22_ud12_Ejercicio2_GeneradorIP.GeneradorTest.testIfIsNotNull(GeneradorTest.java:32)
]]></failure>
  </testcase>
  <testcase name="testIfIsNotNull[235]" classname="ed22_ud12_Ejercicio2_GeneradorIP.GeneradorTest" time="0">
    <failure message="expected: not &lt;null&gt;" type="org.opentest4j.AssertionFailedError"><![CDATA[org.opentest4j.AssertionFailedError: expected: not <null>
	at ed22_ud12_Ejercicio2_GeneradorIP.GeneradorTest.testIfIsNotNull(GeneradorTest.java:32)
]]></failure>
  </testcase>
  <testcase name="testIfIsNotNull[236]" classname="ed22_ud12_Ejercicio2_GeneradorIP.GeneradorTest" time="0">
    <failure message="expected: not &lt;null&gt;" type="org.opentest4j.AssertionFailedError"><![CDATA[org.opentest4j.AssertionFailedError: expected: not <null>
	at ed22_ud12_Ejercicio2_GeneradorIP.GeneradorTest.testIfIsNotNull(GeneradorTest.java:32)
]]></failure>
  </testcase>
  <testcase name="testIfIsNotNull[237]" classname="ed22_ud12_Ejercicio2_GeneradorIP.GeneradorTest" time="0.001">
    <failure message="expected: not &lt;null&gt;" type="org.opentest4j.AssertionFailedError"><![CDATA[org.opentest4j.AssertionFailedError: expected: not <null>
	at ed22_ud12_Ejercicio2_GeneradorIP.GeneradorTest.testIfIsNotNull(GeneradorTest.java:32)
]]></failure>
  </testcase>
  <testcase name="testIfIsNotNull[238]" classname="ed22_ud12_Ejercicio2_GeneradorIP.GeneradorTest" time="0.001">
    <failure message="expected: not &lt;null&gt;" type="org.opentest4j.AssertionFailedError"><![CDATA[org.opentest4j.AssertionFailedError: expected: not <null>
	at ed22_ud12_Ejercicio2_GeneradorIP.GeneradorTest.testIfIsNotNull(GeneradorTest.java:32)
]]></failure>
  </testcase>
  <testcase name="testIfIsNotNull[239]" classname="ed22_ud12_Ejercicio2_GeneradorIP.GeneradorTest" time="0.001">
    <failure message="expected: not &lt;null&gt;" type="org.opentest4j.AssertionFailedError"><![CDATA[org.opentest4j.AssertionFailedError: expected: not <null>
	at ed22_ud12_Ejercicio2_GeneradorIP.GeneradorTest.testIfIsNotNull(GeneradorTest.java:32)
]]></failure>
  </testcase>
  <testcase name="testIfIsNotNull[240]" classname="ed22_ud12_Ejercicio2_GeneradorIP.GeneradorTest" time="0.001">
    <failure message="expected: not &lt;null&gt;" type="org.opentest4j.AssertionFailedError"><![CDATA[org.opentest4j.AssertionFailedError: expected: not <null>
	at ed22_ud12_Ejercicio2_GeneradorIP.GeneradorTest.testIfIsNotNull(GeneradorTest.java:32)
]]></failure>
  </testcase>
  <testcase name="testIfIsNotNull[241]" classname="ed22_ud12_Ejercicio2_GeneradorIP.GeneradorTest" time="0.001">
    <failure message="expected: not &lt;null&gt;" type="org.opentest4j.AssertionFailedError"><![CDATA[org.opentest4j.AssertionFailedError: expected: not <null>
	at ed22_ud12_Ejercicio2_GeneradorIP.GeneradorTest.testIfIsNotNull(GeneradorTest.java:32)
]]></failure>
  </testcase>
  <testcase name="testIfIsNotNull[242]" classname="ed22_ud12_Ejercicio2_GeneradorIP.GeneradorTest" time="0">
    <failure message="expected: not &lt;null&gt;" type="org.opentest4j.AssertionFailedError"><![CDATA[org.opentest4j.AssertionFailedError: expected: not <null>
	at ed22_ud12_Ejercicio2_GeneradorIP.GeneradorTest.testIfIsNotNull(GeneradorTest.java:32)
]]></failure>
  </testcase>
  <testcase name="testIfIsNotNull[243]" classname="ed22_ud12_Ejercicio2_GeneradorIP.GeneradorTest" time="0">
    <failure message="expected: not &lt;null&gt;" type="org.opentest4j.AssertionFailedError"><![CDATA[org.opentest4j.AssertionFailedError: expected: not <null>
	at ed22_ud12_Ejercicio2_GeneradorIP.GeneradorTest.testIfIsNotNull(GeneradorTest.java:32)
]]></failure>
  </testcase>
  <testcase name="testIfIsNotNull[244]" classname="ed22_ud12_Ejercicio2_GeneradorIP.GeneradorTest" time="0">
    <failure message="expected: not &lt;null&gt;" type="org.opentest4j.AssertionFailedError"><![CDATA[org.opentest4j.AssertionFailedError: expected: not <null>
	at ed22_ud12_Ejercicio2_GeneradorIP.GeneradorTest.testIfIsNotNull(GeneradorTest.java:32)
]]></failure>
  </testcase>
  <testcase name="testIfIsNotNull[245]" classname="ed22_ud12_Ejercicio2_GeneradorIP.GeneradorTest" time="0">
    <failure message="expected: not &lt;null&gt;" type="org.opentest4j.AssertionFailedError"><![CDATA[org.opentest4j.AssertionFailedError: expected: not <null>
	at ed22_ud12_Ejercicio2_GeneradorIP.GeneradorTest.testIfIsNotNull(GeneradorTest.java:32)
]]></failure>
  </testcase>
  <testcase name="testIfIsNotNull[246]" classname="ed22_ud12_Ejercicio2_GeneradorIP.GeneradorTest" time="0">
    <failure message="expected: not &lt;null&gt;" type="org.opentest4j.AssertionFailedError"><![CDATA[org.opentest4j.AssertionFailedError: expected: not <null>
	at ed22_ud12_Ejercicio2_GeneradorIP.GeneradorTest.testIfIsNotNull(GeneradorTest.java:32)
]]></failure>
  </testcase>
  <testcase name="testIfIsNotNull[247]" classname="ed22_ud12_Ejercicio2_GeneradorIP.GeneradorTest" time="0.001">
    <failure message="expected: not &lt;null&gt;" type="org.opentest4j.AssertionFailedError"><![CDATA[org.opentest4j.AssertionFailedError: expected: not <null>
	at ed22_ud12_Ejercicio2_GeneradorIP.GeneradorTest.testIfIsNotNull(GeneradorTest.java:32)
]]></failure>
  </testcase>
  <testcase name="testIfIsNotNull[248]" classname="ed22_ud12_Ejercicio2_GeneradorIP.GeneradorTest" time="0">
    <failure message="expected: not &lt;null&gt;" type="org.opentest4j.AssertionFailedError"><![CDATA[org.opentest4j.AssertionFailedError: expected: not <null>
	at ed22_ud12_Ejercicio2_GeneradorIP.GeneradorTest.testIfIsNotNull(GeneradorTest.java:32)
]]></failure>
  </testcase>
  <testcase name="testIfIsNotNull[249]" classname="ed22_ud12_Ejercicio2_GeneradorIP.GeneradorTest" time="0.001">
    <failure message="expected: not &lt;null&gt;" type="org.opentest4j.AssertionFailedError"><![CDATA[org.opentest4j.AssertionFailedError: expected: not <null>
	at ed22_ud12_Ejercicio2_GeneradorIP.GeneradorTest.testIfIsNotNull(GeneradorTest.java:32)
]]></failure>
  </testcase>
  <testcase name="testIfIsNotNull[250]" classname="ed22_ud12_Ejercicio2_GeneradorIP.GeneradorTest" time="0">
    <failure message="expected: not &lt;null&gt;" type="org.opentest4j.AssertionFailedError"><![CDATA[org.opentest4j.AssertionFailedError: expected: not <null>
	at ed22_ud12_Ejercicio2_GeneradorIP.GeneradorTest.testIfIsNotNull(GeneradorTest.java:32)
]]></failure>
  </testcase>
  <testcase name="testIfIsNotNull[251]" classname="ed22_ud12_Ejercicio2_GeneradorIP.GeneradorTest" time="0.001">
    <failure message="expected: not &lt;null&gt;" type="org.opentest4j.AssertionFailedError"><![CDATA[org.opentest4j.AssertionFailedError: expected: not <null>
	at ed22_ud12_Ejercicio2_GeneradorIP.GeneradorTest.testIfIsNotNull(GeneradorTest.java:32)
]]></failure>
  </testcase>
  <testcase name="testIfIsNotNull[252]" classname="ed22_ud12_Ejercicio2_GeneradorIP.GeneradorTest" time="0">
    <failure message="expected: not &lt;null&gt;" type="org.opentest4j.AssertionFailedError"><![CDATA[org.opentest4j.AssertionFailedError: expected: not <null>
	at ed22_ud12_Ejercicio2_GeneradorIP.GeneradorTest.testIfIsNotNull(GeneradorTest.java:32)
]]></failure>
  </testcase>
  <testcase name="testIfIsNotNull[253]" classname="ed22_ud12_Ejercicio2_GeneradorIP.GeneradorTest" time="0.001">
    <failure message="expected: not &lt;null&gt;" type="org.opentest4j.AssertionFailedError"><![CDATA[org.opentest4j.AssertionFailedError: expected: not <null>
	at ed22_ud12_Ejercicio2_GeneradorIP.GeneradorTest.testIfIsNotNull(GeneradorTest.java:32)
]]></failure>
  </testcase>
  <testcase name="testIfIsNotNull[254]" classname="ed22_ud12_Ejercicio2_GeneradorIP.GeneradorTest" time="0">
    <failure message="expected: not &lt;null&gt;" type="org.opentest4j.AssertionFailedError"><![CDATA[org.opentest4j.AssertionFailedError: expected: not <null>
	at ed22_ud12_Ejercicio2_GeneradorIP.GeneradorTest.testIfIsNotNull(GeneradorTest.java:32)
]]></failure>
  </testcase>
  <testcase name="testIfIsNotNull[255]" classname="ed22_ud12_Ejercicio2_GeneradorIP.GeneradorTest" time="0.001">
    <failure message="expected: not &lt;null&gt;" type="org.opentest4j.AssertionFailedError"><![CDATA[org.opentest4j.AssertionFailedError: expected: not <null>
	at ed22_ud12_Ejercicio2_GeneradorIP.GeneradorTest.testIfIsNotNull(GeneradorTest.java:32)
]]></failure>
  </testcase>
  <testcase name="testIfIsNotNull[256]" classname="ed22_ud12_Ejercicio2_GeneradorIP.GeneradorTest" time="0">
    <failure message="expected: not &lt;null&gt;" type="org.opentest4j.AssertionFailedError"><![CDATA[org.opentest4j.AssertionFailedError: expected: not <null>
	at ed22_ud12_Ejercicio2_GeneradorIP.GeneradorTest.testIfIsNotNull(GeneradorTest.java:32)
]]></failure>
  </testcase>
  <testcase name="testIfIsNotNull[257]" classname="ed22_ud12_Ejercicio2_GeneradorIP.GeneradorTest" time="0.001">
    <failure message="expected: not &lt;null&gt;" type="org.opentest4j.AssertionFailedError"><![CDATA[org.opentest4j.AssertionFailedError: expected: not <null>
	at ed22_ud12_Ejercicio2_GeneradorIP.GeneradorTest.testIfIsNotNull(GeneradorTest.java:32)
]]></failure>
  </testcase>
  <testcase name="testIfIsNotNull[258]" classname="ed22_ud12_Ejercicio2_GeneradorIP.GeneradorTest" time="0.001">
    <failure message="expected: not &lt;null&gt;" type="org.opentest4j.AssertionFailedError"><![CDATA[org.opentest4j.AssertionFailedError: expected: not <null>
	at ed22_ud12_Ejercicio2_GeneradorIP.GeneradorTest.testIfIsNotNull(GeneradorTest.java:32)
]]></failure>
  </testcase>
  <testcase name="testIfIsNotNull[259]" classname="ed22_ud12_Ejercicio2_GeneradorIP.GeneradorTest" time="0.001">
    <failure message="expected: not &lt;null&gt;" type="org.opentest4j.AssertionFailedError"><![CDATA[org.opentest4j.AssertionFailedError: expected: not <null>
	at ed22_ud12_Ejercicio2_GeneradorIP.GeneradorTest.testIfIsNotNull(GeneradorTest.java:32)
]]></failure>
  </testcase>
  <testcase name="testIfIsNotNull[260]" classname="ed22_ud12_Ejercicio2_GeneradorIP.GeneradorTest" time="0">
    <failure message="expected: not &lt;null&gt;" type="org.opentest4j.AssertionFailedError"><![CDATA[org.opentest4j.AssertionFailedError: expected: not <null>
	at ed22_ud12_Ejercicio2_GeneradorIP.GeneradorTest.testIfIsNotNull(GeneradorTest.java:32)
]]></failure>
  </testcase>
  <testcase name="testIfIsNotNull[261]" classname="ed22_ud12_Ejercicio2_GeneradorIP.GeneradorTest" time="0">
    <failure message="expected: not &lt;null&gt;" type="org.opentest4j.AssertionFailedError"><![CDATA[org.opentest4j.AssertionFailedError: expected: not <null>
	at ed22_ud12_Ejercicio2_GeneradorIP.GeneradorTest.testIfIsNotNull(GeneradorTest.java:32)
]]></failure>
  </testcase>
  <testcase name="testIfIsNotNull[262]" classname="ed22_ud12_Ejercicio2_GeneradorIP.GeneradorTest" time="0.001">
    <failure message="expected: not &lt;null&gt;" type="org.opentest4j.AssertionFailedError"><![CDATA[org.opentest4j.AssertionFailedError: expected: not <null>
	at ed22_ud12_Ejercicio2_GeneradorIP.GeneradorTest.testIfIsNotNull(GeneradorTest.java:32)
]]></failure>
  </testcase>
  <testcase name="testIfIsNotNull[263]" classname="ed22_ud12_Ejercicio2_GeneradorIP.GeneradorTest" time="0.001">
    <failure message="expected: not &lt;null&gt;" type="org.opentest4j.AssertionFailedError"><![CDATA[org.opentest4j.AssertionFailedError: expected: not <null>
	at ed22_ud12_Ejercicio2_GeneradorIP.GeneradorTest.testIfIsNotNull(GeneradorTest.java:32)
]]></failure>
  </testcase>
  <testcase name="testIfIsNotNull[264]" classname="ed22_ud12_Ejercicio2_GeneradorIP.GeneradorTest" time="0.001">
    <failure message="expected: not &lt;null&gt;" type="org.opentest4j.AssertionFailedError"><![CDATA[org.opentest4j.AssertionFailedError: expected: not <null>
	at ed22_ud12_Ejercicio2_GeneradorIP.GeneradorTest.testIfIsNotNull(GeneradorTest.java:32)
]]></failure>
  </testcase>
  <testcase name="testIfIsNotNull[265]" classname="ed22_ud12_Ejercicio2_GeneradorIP.GeneradorTest" time="0">
    <failure message="expected: not &lt;null&gt;" type="org.opentest4j.AssertionFailedError"><![CDATA[org.opentest4j.AssertionFailedError: expected: not <null>
	at ed22_ud12_Ejercicio2_GeneradorIP.GeneradorTest.testIfIsNotNull(GeneradorTest.java:32)
]]></failure>
  </testcase>
  <testcase name="testIfIsNotNull[266]" classname="ed22_ud12_Ejercicio2_GeneradorIP.GeneradorTest" time="0">
    <failure message="expected: not &lt;null&gt;" type="org.opentest4j.AssertionFailedError"><![CDATA[org.opentest4j.AssertionFailedError: expected: not <null>
	at ed22_ud12_Ejercicio2_GeneradorIP.GeneradorTest.testIfIsNotNull(GeneradorTest.java:32)
]]></failure>
  </testcase>
  <testcase name="testIfIsNotNull[267]" classname="ed22_ud12_Ejercicio2_GeneradorIP.GeneradorTest" time="0">
    <failure message="expected: not &lt;null&gt;" type="org.opentest4j.AssertionFailedError"><![CDATA[org.opentest4j.AssertionFailedError: expected: not <null>
	at ed22_ud12_Ejercicio2_GeneradorIP.GeneradorTest.testIfIsNotNull(GeneradorTest.java:32)
]]></failure>
  </testcase>
  <testcase name="testIfIsNotNull[268]" classname="ed22_ud12_Ejercicio2_GeneradorIP.GeneradorTest" time="0">
    <failure message="expected: not &lt;null&gt;" type="org.opentest4j.AssertionFailedError"><![CDATA[org.opentest4j.AssertionFailedError: expected: not <null>
	at ed22_ud12_Ejercicio2_GeneradorIP.GeneradorTest.testIfIsNotNull(GeneradorTest.java:32)
]]></failure>
  </testcase>
  <testcase name="testIfIsNotNull[269]" classname="ed22_ud12_Ejercicio2_GeneradorIP.GeneradorTest" time="0.001">
    <failure message="expected: not &lt;null&gt;" type="org.opentest4j.AssertionFailedError"><![CDATA[org.opentest4j.AssertionFailedError: expected: not <null>
	at ed22_ud12_Ejercicio2_GeneradorIP.GeneradorTest.testIfIsNotNull(GeneradorTest.java:32)
]]></failure>
  </testcase>
  <testcase name="testIfIsNotNull[270]" classname="ed22_ud12_Ejercicio2_GeneradorIP.GeneradorTest" time="0">
    <failure message="expected: not &lt;null&gt;" type="org.opentest4j.AssertionFailedError"><![CDATA[org.opentest4j.AssertionFailedError: expected: not <null>
	at ed22_ud12_Ejercicio2_GeneradorIP.GeneradorTest.testIfIsNotNull(GeneradorTest.java:32)
]]></failure>
  </testcase>
  <testcase name="testIfIsNotNull[271]" classname="ed22_ud12_Ejercicio2_GeneradorIP.GeneradorTest" time="0">
    <failure message="expected: not &lt;null&gt;" type="org.opentest4j.AssertionFailedError"><![CDATA[org.opentest4j.AssertionFailedError: expected: not <null>
	at ed22_ud12_Ejercicio2_GeneradorIP.GeneradorTest.testIfIsNotNull(GeneradorTest.java:32)
]]></failure>
  </testcase>
  <testcase name="testIfIsNotNull[272]" classname="ed22_ud12_Ejercicio2_GeneradorIP.GeneradorTest" time="0">
    <failure message="expected: not &lt;null&gt;" type="org.opentest4j.AssertionFailedError"><![CDATA[org.opentest4j.AssertionFailedError: expected: not <null>
	at ed22_ud12_Ejercicio2_GeneradorIP.GeneradorTest.testIfIsNotNull(GeneradorTest.java:32)
]]></failure>
  </testcase>
  <testcase name="testIfIsNotNull[273]" classname="ed22_ud12_Ejercicio2_GeneradorIP.GeneradorTest" time="0">
    <failure message="expected: not &lt;null&gt;" type="org.opentest4j.AssertionFailedError"><![CDATA[org.opentest4j.AssertionFailedError: expected: not <null>
	at ed22_ud12_Ejercicio2_GeneradorIP.GeneradorTest.testIfIsNotNull(GeneradorTest.java:32)
]]></failure>
  </testcase>
  <testcase name="testIfIsNotNull[274]" classname="ed22_ud12_Ejercicio2_GeneradorIP.GeneradorTest" time="0.001">
    <failure message="expected: not &lt;null&gt;" type="org.opentest4j.AssertionFailedError"><![CDATA[org.opentest4j.AssertionFailedError: expected: not <null>
	at ed22_ud12_Ejercicio2_GeneradorIP.GeneradorTest.testIfIsNotNull(GeneradorTest.java:32)
]]></failure>
  </testcase>
  <testcase name="testIfIsNotNull[275]" classname="ed22_ud12_Ejercicio2_GeneradorIP.GeneradorTest" time="0">
    <failure message="expected: not &lt;null&gt;" type="org.opentest4j.AssertionFailedError"><![CDATA[org.opentest4j.AssertionFailedError: expected: not <null>
	at ed22_ud12_Ejercicio2_GeneradorIP.GeneradorTest.testIfIsNotNull(GeneradorTest.java:32)
]]></failure>
  </testcase>
  <testcase name="testIfIsNotNull[276]" classname="ed22_ud12_Ejercicio2_GeneradorIP.GeneradorTest" time="0">
    <failure message="expected: not &lt;null&gt;" type="org.opentest4j.AssertionFailedError"><![CDATA[org.opentest4j.AssertionFailedError: expected: not <null>
	at ed22_ud12_Ejercicio2_GeneradorIP.GeneradorTest.testIfIsNotNull(GeneradorTest.java:32)
]]></failure>
  </testcase>
  <testcase name="testIfIsNotNull[277]" classname="ed22_ud12_Ejercicio2_GeneradorIP.GeneradorTest" time="0">
    <failure message="expected: not &lt;null&gt;" type="org.opentest4j.AssertionFailedError"><![CDATA[org.opentest4j.AssertionFailedError: expected: not <null>
	at ed22_ud12_Ejercicio2_GeneradorIP.GeneradorTest.testIfIsNotNull(GeneradorTest.java:32)
]]></failure>
  </testcase>
  <testcase name="testIfIsNotNull[278]" classname="ed22_ud12_Ejercicio2_GeneradorIP.GeneradorTest" time="0">
    <failure message="expected: not &lt;null&gt;" type="org.opentest4j.AssertionFailedError"><![CDATA[org.opentest4j.AssertionFailedError: expected: not <null>
	at ed22_ud12_Ejercicio2_GeneradorIP.GeneradorTest.testIfIsNotNull(GeneradorTest.java:32)
]]></failure>
  </testcase>
  <testcase name="testIfIsNotNull[279]" classname="ed22_ud12_Ejercicio2_GeneradorIP.GeneradorTest" time="0.001">
    <failure message="expected: not &lt;null&gt;" type="org.opentest4j.AssertionFailedError"><![CDATA[org.opentest4j.AssertionFailedError: expected: not <null>
	at ed22_ud12_Ejercicio2_GeneradorIP.GeneradorTest.testIfIsNotNull(GeneradorTest.java:32)
]]></failure>
  </testcase>
  <testcase name="testIfIsNotNull[280]" classname="ed22_ud12_Ejercicio2_GeneradorIP.GeneradorTest" time="0.001">
    <failure message="expected: not &lt;null&gt;" type="org.opentest4j.AssertionFailedError"><![CDATA[org.opentest4j.AssertionFailedError: expected: not <null>
	at ed22_ud12_Ejercicio2_GeneradorIP.GeneradorTest.testIfIsNotNull(GeneradorTest.java:32)
]]></failure>
  </testcase>
  <testcase name="testIfIsNotNull[281]" classname="ed22_ud12_Ejercicio2_GeneradorIP.GeneradorTest" time="0">
    <failure message="expected: not &lt;null&gt;" type="org.opentest4j.AssertionFailedError"><![CDATA[org.opentest4j.AssertionFailedError: expected: not <null>
	at ed22_ud12_Ejercicio2_GeneradorIP.GeneradorTest.testIfIsNotNull(GeneradorTest.java:32)
]]></failure>
  </testcase>
  <testcase name="testIfIsNotNull[282]" classname="ed22_ud12_Ejercicio2_GeneradorIP.GeneradorTest" time="0">
    <failure message="expected: not &lt;null&gt;" type="org.opentest4j.AssertionFailedError"><![CDATA[org.opentest4j.AssertionFailedError: expected: not <null>
	at ed22_ud12_Ejercicio2_GeneradorIP.GeneradorTest.testIfIsNotNull(GeneradorTest.java:32)
]]></failure>
  </testcase>
  <testcase name="testIfIsNotNull[283]" classname="ed22_ud12_Ejercicio2_GeneradorIP.GeneradorTest" time="0.001">
    <failure message="expected: not &lt;null&gt;" type="org.opentest4j.AssertionFailedError"><![CDATA[org.opentest4j.AssertionFailedError: expected: not <null>
	at ed22_ud12_Ejercicio2_GeneradorIP.GeneradorTest.testIfIsNotNull(GeneradorTest.java:32)
]]></failure>
  </testcase>
  <testcase name="testIfIsNotNull[284]" classname="ed22_ud12_Ejercicio2_GeneradorIP.GeneradorTest" time="0">
    <failure message="expected: not &lt;null&gt;" type="org.opentest4j.AssertionFailedError"><![CDATA[org.opentest4j.AssertionFailedError: expected: not <null>
	at ed22_ud12_Ejercicio2_GeneradorIP.GeneradorTest.testIfIsNotNull(GeneradorTest.java:32)
]]></failure>
  </testcase>
  <testcase name="testIfIsNotNull[285]" classname="ed22_ud12_Ejercicio2_GeneradorIP.GeneradorTest" time="0">
    <failure message="expected: not &lt;null&gt;" type="org.opentest4j.AssertionFailedError"><![CDATA[org.opentest4j.AssertionFailedError: expected: not <null>
	at ed22_ud12_Ejercicio2_GeneradorIP.GeneradorTest.testIfIsNotNull(GeneradorTest.java:32)
]]></failure>
  </testcase>
  <testcase name="testIfIsNotNull[286]" classname="ed22_ud12_Ejercicio2_GeneradorIP.GeneradorTest" time="0">
    <failure message="expected: not &lt;null&gt;" type="org.opentest4j.AssertionFailedError"><![CDATA[org.opentest4j.AssertionFailedError: expected: not <null>
	at ed22_ud12_Ejercicio2_GeneradorIP.GeneradorTest.testIfIsNotNull(GeneradorTest.java:32)
]]></failure>
  </testcase>
  <testcase name="testIfIsNotNull[287]" classname="ed22_ud12_Ejercicio2_GeneradorIP.GeneradorTest" time="0">
    <failure message="expected: not &lt;null&gt;" type="org.opentest4j.AssertionFailedError"><![CDATA[org.opentest4j.AssertionFailedError: expected: not <null>
	at ed22_ud12_Ejercicio2_GeneradorIP.GeneradorTest.testIfIsNotNull(GeneradorTest.java:32)
]]></failure>
  </testcase>
  <testcase name="testIfIsNotNull[288]" classname="ed22_ud12_Ejercicio2_GeneradorIP.GeneradorTest" time="0">
    <failure message="expected: not &lt;null&gt;" type="org.opentest4j.AssertionFailedError"><![CDATA[org.opentest4j.AssertionFailedError: expected: not <null>
	at ed22_ud12_Ejercicio2_GeneradorIP.GeneradorTest.testIfIsNotNull(GeneradorTest.java:32)
]]></failure>
  </testcase>
  <testcase name="testIfIsNotNull[289]" classname="ed22_ud12_Ejercicio2_GeneradorIP.GeneradorTest" time="0">
    <failure message="expected: not &lt;null&gt;" type="org.opentest4j.AssertionFailedError"><![CDATA[org.opentest4j.AssertionFailedError: expected: not <null>
	at ed22_ud12_Ejercicio2_GeneradorIP.GeneradorTest.testIfIsNotNull(GeneradorTest.java:32)
]]></failure>
  </testcase>
  <testcase name="testIfIsNotNull[290]" classname="ed22_ud12_Ejercicio2_GeneradorIP.GeneradorTest" time="0">
    <failure message="expected: not &lt;null&gt;" type="org.opentest4j.AssertionFailedError"><![CDATA[org.opentest4j.AssertionFailedError: expected: not <null>
	at ed22_ud12_Ejercicio2_GeneradorIP.GeneradorTest.testIfIsNotNull(GeneradorTest.java:32)
]]></failure>
  </testcase>
  <testcase name="testIfIsNotNull[291]" classname="ed22_ud12_Ejercicio2_GeneradorIP.GeneradorTest" time="0">
    <failure message="expected: not &lt;null&gt;" type="org.opentest4j.AssertionFailedError"><![CDATA[org.opentest4j.AssertionFailedError: expected: not <null>
	at ed22_ud12_Ejercicio2_GeneradorIP.GeneradorTest.testIfIsNotNull(GeneradorTest.java:32)
]]></failure>
  </testcase>
  <testcase name="testIfIsNotNull[292]" classname="ed22_ud12_Ejercicio2_GeneradorIP.GeneradorTest" time="0">
    <failure message="expected: not &lt;null&gt;" type="org.opentest4j.AssertionFailedError"><![CDATA[org.opentest4j.AssertionFailedError: expected: not <null>
	at ed22_ud12_Ejercicio2_GeneradorIP.GeneradorTest.testIfIsNotNull(GeneradorTest.java:32)
]]></failure>
  </testcase>
  <testcase name="testIfIsNotNull[293]" classname="ed22_ud12_Ejercicio2_GeneradorIP.GeneradorTest" time="0">
    <failure message="expected: not &lt;null&gt;" type="org.opentest4j.AssertionFailedError"><![CDATA[org.opentest4j.AssertionFailedError: expected: not <null>
	at ed22_ud12_Ejercicio2_GeneradorIP.GeneradorTest.testIfIsNotNull(GeneradorTest.java:32)
]]></failure>
  </testcase>
  <testcase name="testIfIsNotNull[294]" classname="ed22_ud12_Ejercicio2_GeneradorIP.GeneradorTest" time="0">
    <failure message="expected: not &lt;null&gt;" type="org.opentest4j.AssertionFailedError"><![CDATA[org.opentest4j.AssertionFailedError: expected: not <null>
	at ed22_ud12_Ejercicio2_GeneradorIP.GeneradorTest.testIfIsNotNull(GeneradorTest.java:32)
]]></failure>
  </testcase>
  <testcase name="testIfIsNotNull[295]" classname="ed22_ud12_Ejercicio2_GeneradorIP.GeneradorTest" time="0">
    <failure message="expected: not &lt;null&gt;" type="org.opentest4j.AssertionFailedError"><![CDATA[org.opentest4j.AssertionFailedError: expected: not <null>
	at ed22_ud12_Ejercicio2_GeneradorIP.GeneradorTest.testIfIsNotNull(GeneradorTest.java:32)
]]></failure>
  </testcase>
  <testcase name="testIfIsNotNull[296]" classname="ed22_ud12_Ejercicio2_GeneradorIP.GeneradorTest" time="0.001">
    <failure message="expected: not &lt;null&gt;" type="org.opentest4j.AssertionFailedError"><![CDATA[org.opentest4j.AssertionFailedError: expected: not <null>
	at ed22_ud12_Ejercicio2_GeneradorIP.GeneradorTest.testIfIsNotNull(GeneradorTest.java:32)
]]></failure>
  </testcase>
  <testcase name="testIfIsNotNull[297]" classname="ed22_ud12_Ejercicio2_GeneradorIP.GeneradorTest" time="0.001">
    <failure message="expected: not &lt;null&gt;" type="org.opentest4j.AssertionFailedError"><![CDATA[org.opentest4j.AssertionFailedError: expected: not <null>
	at ed22_ud12_Ejercicio2_GeneradorIP.GeneradorTest.testIfIsNotNull(GeneradorTest.java:32)
]]></failure>
  </testcase>
  <testcase name="testIfIsNotNull[298]" classname="ed22_ud12_Ejercicio2_GeneradorIP.GeneradorTest" time="0.001">
    <failure message="expected: not &lt;null&gt;" type="org.opentest4j.AssertionFailedError"><![CDATA[org.opentest4j.AssertionFailedError: expected: not <null>
	at ed22_ud12_Ejercicio2_GeneradorIP.GeneradorTest.testIfIsNotNull(GeneradorTest.java:32)
]]></failure>
  </testcase>
  <testcase name="testIfIsNotNull[299]" classname="ed22_ud12_Ejercicio2_GeneradorIP.GeneradorTest" time="0.001">
    <failure message="expected: not &lt;null&gt;" type="org.opentest4j.AssertionFailedError"><![CDATA[org.opentest4j.AssertionFailedError: expected: not <null>
	at ed22_ud12_Ejercicio2_GeneradorIP.GeneradorTest.testIfIsNotNull(GeneradorTest.java:32)
]]></failure>
  </testcase>
  <testcase name="testIfIsNotNull[300]" classname="ed22_ud12_Ejercicio2_GeneradorIP.GeneradorTest" time="0">
    <failure message="expected: not &lt;null&gt;" type="org.opentest4j.AssertionFailedError"><![CDATA[org.opentest4j.AssertionFailedError: expected: not <null>
	at ed22_ud12_Ejercicio2_GeneradorIP.GeneradorTest.testIfIsNotNull(GeneradorTest.java:32)
]]></failure>
  </testcase>
  <testcase name="testIfIsNotNull[301]" classname="ed22_ud12_Ejercicio2_GeneradorIP.GeneradorTest" time="0">
    <failure message="expected: not &lt;null&gt;" type="org.opentest4j.AssertionFailedError"><![CDATA[org.opentest4j.AssertionFailedError: expected: not <null>
	at ed22_ud12_Ejercicio2_GeneradorIP.GeneradorTest.testIfIsNotNull(GeneradorTest.java:32)
]]></failure>
  </testcase>
  <testcase name="testIfIsNotNull[302]" classname="ed22_ud12_Ejercicio2_GeneradorIP.GeneradorTest" time="0">
    <failure message="expected: not &lt;null&gt;" type="org.opentest4j.AssertionFailedError"><![CDATA[org.opentest4j.AssertionFailedError: expected: not <null>
	at ed22_ud12_Ejercicio2_GeneradorIP.GeneradorTest.testIfIsNotNull(GeneradorTest.java:32)
]]></failure>
  </testcase>
  <testcase name="testIfIsNotNull[303]" classname="ed22_ud12_Ejercicio2_GeneradorIP.GeneradorTest" time="0">
    <failure message="expected: not &lt;null&gt;" type="org.opentest4j.AssertionFailedError"><![CDATA[org.opentest4j.AssertionFailedError: expected: not <null>
	at ed22_ud12_Ejercicio2_GeneradorIP.GeneradorTest.testIfIsNotNull(GeneradorTest.java:32)
]]></failure>
  </testcase>
  <testcase name="testIfIsNotNull[304]" classname="ed22_ud12_Ejercicio2_GeneradorIP.GeneradorTest" time="0">
    <failure message="expected: not &lt;null&gt;" type="org.opentest4j.AssertionFailedError"><![CDATA[org.opentest4j.AssertionFailedError: expected: not <null>
	at ed22_ud12_Ejercicio2_GeneradorIP.GeneradorTest.testIfIsNotNull(GeneradorTest.java:32)
]]></failure>
  </testcase>
  <testcase name="testIfIsNotNull[305]" classname="ed22_ud12_Ejercicio2_GeneradorIP.GeneradorTest" time="0">
    <failure message="expected: not &lt;null&gt;" type="org.opentest4j.AssertionFailedError"><![CDATA[org.opentest4j.AssertionFailedError: expected: not <null>
	at ed22_ud12_Ejercicio2_GeneradorIP.GeneradorTest.testIfIsNotNull(GeneradorTest.java:32)
]]></failure>
  </testcase>
  <testcase name="testIfIsNotNull[306]" classname="ed22_ud12_Ejercicio2_GeneradorIP.GeneradorTest" time="0">
    <failure message="expected: not &lt;null&gt;" type="org.opentest4j.AssertionFailedError"><![CDATA[org.opentest4j.AssertionFailedError: expected: not <null>
	at ed22_ud12_Ejercicio2_GeneradorIP.GeneradorTest.testIfIsNotNull(GeneradorTest.java:32)
]]></failure>
  </testcase>
  <testcase name="testIfIsNotNull[307]" classname="ed22_ud12_Ejercicio2_GeneradorIP.GeneradorTest" time="0.001">
    <failure message="expected: not &lt;null&gt;" type="org.opentest4j.AssertionFailedError"><![CDATA[org.opentest4j.AssertionFailedError: expected: not <null>
	at ed22_ud12_Ejercicio2_GeneradorIP.GeneradorTest.testIfIsNotNull(GeneradorTest.java:32)
]]></failure>
  </testcase>
  <testcase name="testIfIsNotNull[308]" classname="ed22_ud12_Ejercicio2_GeneradorIP.GeneradorTest" time="0.001">
    <failure message="expected: not &lt;null&gt;" type="org.opentest4j.AssertionFailedError"><![CDATA[org.opentest4j.AssertionFailedError: expected: not <null>
	at ed22_ud12_Ejercicio2_GeneradorIP.GeneradorTest.testIfIsNotNull(GeneradorTest.java:32)
]]></failure>
  </testcase>
  <testcase name="testIfIsNotNull[309]" classname="ed22_ud12_Ejercicio2_GeneradorIP.GeneradorTest" time="0.001">
    <failure message="expected: not &lt;null&gt;" type="org.opentest4j.AssertionFailedError"><![CDATA[org.opentest4j.AssertionFailedError: expected: not <null>
	at ed22_ud12_Ejercicio2_GeneradorIP.GeneradorTest.testIfIsNotNull(GeneradorTest.java:32)
]]></failure>
  </testcase>
  <testcase name="testIfIsNotNull[310]" classname="ed22_ud12_Ejercicio2_GeneradorIP.GeneradorTest" time="0.001">
    <failure message="expected: not &lt;null&gt;" type="org.opentest4j.AssertionFailedError"><![CDATA[org.opentest4j.AssertionFailedError: expected: not <null>
	at ed22_ud12_Ejercicio2_GeneradorIP.GeneradorTest.testIfIsNotNull(GeneradorTest.java:32)
]]></failure>
  </testcase>
  <testcase name="testIfIsNotNull[311]" classname="ed22_ud12_Ejercicio2_GeneradorIP.GeneradorTest" time="0.001">
    <failure message="expected: not &lt;null&gt;" type="org.opentest4j.AssertionFailedError"><![CDATA[org.opentest4j.AssertionFailedError: expected: not <null>
	at ed22_ud12_Ejercicio2_GeneradorIP.GeneradorTest.testIfIsNotNull(GeneradorTest.java:32)
]]></failure>
  </testcase>
  <testcase name="testIfIsNotNull[312]" classname="ed22_ud12_Ejercicio2_GeneradorIP.GeneradorTest" time="0.001">
    <failure message="expected: not &lt;null&gt;" type="org.opentest4j.AssertionFailedError"><![CDATA[org.opentest4j.AssertionFailedError: expected: not <null>
	at ed22_ud12_Ejercicio2_GeneradorIP.GeneradorTest.testIfIsNotNull(GeneradorTest.java:32)
]]></failure>
  </testcase>
  <testcase name="testIfIsNotNull[313]" classname="ed22_ud12_Ejercicio2_GeneradorIP.GeneradorTest" time="0">
    <failure message="expected: not &lt;null&gt;" type="org.opentest4j.AssertionFailedError"><![CDATA[org.opentest4j.AssertionFailedError: expected: not <null>
	at ed22_ud12_Ejercicio2_GeneradorIP.GeneradorTest.testIfIsNotNull(GeneradorTest.java:32)
]]></failure>
  </testcase>
  <testcase name="testIfIsNotNull[314]" classname="ed22_ud12_Ejercicio2_GeneradorIP.GeneradorTest" time="0">
    <failure message="expected: not &lt;null&gt;" type="org.opentest4j.AssertionFailedError"><![CDATA[org.opentest4j.AssertionFailedError: expected: not <null>
	at ed22_ud12_Ejercicio2_GeneradorIP.GeneradorTest.testIfIsNotNull(GeneradorTest.java:32)
]]></failure>
  </testcase>
  <testcase name="testIfIsNotNull[315]" classname="ed22_ud12_Ejercicio2_GeneradorIP.GeneradorTest" time="0.001">
    <failure message="expected: not &lt;null&gt;" type="org.opentest4j.AssertionFailedError"><![CDATA[org.opentest4j.AssertionFailedError: expected: not <null>
	at ed22_ud12_Ejercicio2_GeneradorIP.GeneradorTest.testIfIsNotNull(GeneradorTest.java:32)
]]></failure>
  </testcase>
  <testcase name="testIfIsNotNull[316]" classname="ed22_ud12_Ejercicio2_GeneradorIP.GeneradorTest" time="0">
    <failure message="expected: not &lt;null&gt;" type="org.opentest4j.AssertionFailedError"><![CDATA[org.opentest4j.AssertionFailedError: expected: not <null>
	at ed22_ud12_Ejercicio2_GeneradorIP.GeneradorTest.testIfIsNotNull(GeneradorTest.java:32)
]]></failure>
  </testcase>
  <testcase name="testIfIsNotNull[317]" classname="ed22_ud12_Ejercicio2_GeneradorIP.GeneradorTest" time="0">
    <failure message="expected: not &lt;null&gt;" type="org.opentest4j.AssertionFailedError"><![CDATA[org.opentest4j.AssertionFailedError: expected: not <null>
	at ed22_ud12_Ejercicio2_GeneradorIP.GeneradorTest.testIfIsNotNull(GeneradorTest.java:32)
]]></failure>
  </testcase>
  <testcase name="testIfIsNotNull[318]" classname="ed22_ud12_Ejercicio2_GeneradorIP.GeneradorTest" time="0.001">
    <failure message="expected: not &lt;null&gt;" type="org.opentest4j.AssertionFailedError"><![CDATA[org.opentest4j.AssertionFailedError: expected: not <null>
	at ed22_ud12_Ejercicio2_GeneradorIP.GeneradorTest.testIfIsNotNull(GeneradorTest.java:32)
]]></failure>
  </testcase>
  <testcase name="testIfIsNotNull[319]" classname="ed22_ud12_Ejercicio2_GeneradorIP.GeneradorTest" time="0">
    <failure message="expected: not &lt;null&gt;" type="org.opentest4j.AssertionFailedError"><![CDATA[org.opentest4j.AssertionFailedError: expected: not <null>
	at ed22_ud12_Ejercicio2_GeneradorIP.GeneradorTest.testIfIsNotNull(GeneradorTest.java:32)
]]></failure>
  </testcase>
  <testcase name="testIfIsNotNull[320]" classname="ed22_ud12_Ejercicio2_GeneradorIP.GeneradorTest" time="0.006">
    <failure message="expected: not &lt;null&gt;" type="org.opentest4j.AssertionFailedError"><![CDATA[org.opentest4j.AssertionFailedError: expected: not <null>
	at ed22_ud12_Ejercicio2_GeneradorIP.GeneradorTest.testIfIsNotNull(GeneradorTest.java:32)
]]></failure>
  </testcase>
  <testcase name="testIfIsNotNull[321]" classname="ed22_ud12_Ejercicio2_GeneradorIP.GeneradorTest" time="0">
    <failure message="expected: not &lt;null&gt;" type="org.opentest4j.AssertionFailedError"><![CDATA[org.opentest4j.AssertionFailedError: expected: not <null>
	at ed22_ud12_Ejercicio2_GeneradorIP.GeneradorTest.testIfIsNotNull(GeneradorTest.java:32)
]]></failure>
  </testcase>
  <testcase name="testIfIsNotNull[322]" classname="ed22_ud12_Ejercicio2_GeneradorIP.GeneradorTest" time="0">
    <failure message="expected: not &lt;null&gt;" type="org.opentest4j.AssertionFailedError"><![CDATA[org.opentest4j.AssertionFailedError: expected: not <null>
	at ed22_ud12_Ejercicio2_GeneradorIP.GeneradorTest.testIfIsNotNull(GeneradorTest.java:32)
]]></failure>
  </testcase>
  <testcase name="testIfIsNotNull[323]" classname="ed22_ud12_Ejercicio2_GeneradorIP.GeneradorTest" time="0">
    <failure message="expected: not &lt;null&gt;" type="org.opentest4j.AssertionFailedError"><![CDATA[org.opentest4j.AssertionFailedError: expected: not <null>
	at ed22_ud12_Ejercicio2_GeneradorIP.GeneradorTest.testIfIsNotNull(GeneradorTest.java:32)
]]></failure>
  </testcase>
  <testcase name="testIfIsNotNull[324]" classname="ed22_ud12_Ejercicio2_GeneradorIP.GeneradorTest" time="0">
    <failure message="expected: not &lt;null&gt;" type="org.opentest4j.AssertionFailedError"><![CDATA[org.opentest4j.AssertionFailedError: expected: not <null>
	at ed22_ud12_Ejercicio2_GeneradorIP.GeneradorTest.testIfIsNotNull(GeneradorTest.java:32)
]]></failure>
  </testcase>
  <testcase name="testIfIsNotNull[325]" classname="ed22_ud12_Ejercicio2_GeneradorIP.GeneradorTest" time="0">
    <failure message="expected: not &lt;null&gt;" type="org.opentest4j.AssertionFailedError"><![CDATA[org.opentest4j.AssertionFailedError: expected: not <null>
	at ed22_ud12_Ejercicio2_GeneradorIP.GeneradorTest.testIfIsNotNull(GeneradorTest.java:32)
]]></failure>
  </testcase>
  <testcase name="testIfIsNotNull[326]" classname="ed22_ud12_Ejercicio2_GeneradorIP.GeneradorTest" time="0">
    <failure message="expected: not &lt;null&gt;" type="org.opentest4j.AssertionFailedError"><![CDATA[org.opentest4j.AssertionFailedError: expected: not <null>
	at ed22_ud12_Ejercicio2_GeneradorIP.GeneradorTest.testIfIsNotNull(GeneradorTest.java:32)
]]></failure>
  </testcase>
  <testcase name="testIfIsNotNull[327]" classname="ed22_ud12_Ejercicio2_GeneradorIP.GeneradorTest" time="0.001">
    <failure message="expected: not &lt;null&gt;" type="org.opentest4j.AssertionFailedError"><![CDATA[org.opentest4j.AssertionFailedError: expected: not <null>
	at ed22_ud12_Ejercicio2_GeneradorIP.GeneradorTest.testIfIsNotNull(GeneradorTest.java:32)
]]></failure>
  </testcase>
  <testcase name="testIfIsNotNull[328]" classname="ed22_ud12_Ejercicio2_GeneradorIP.GeneradorTest" time="0.001">
    <failure message="expected: not &lt;null&gt;" type="org.opentest4j.AssertionFailedError"><![CDATA[org.opentest4j.AssertionFailedError: expected: not <null>
	at ed22_ud12_Ejercicio2_GeneradorIP.GeneradorTest.testIfIsNotNull(GeneradorTest.java:32)
]]></failure>
  </testcase>
  <testcase name="testIfIsNotNull[329]" classname="ed22_ud12_Ejercicio2_GeneradorIP.GeneradorTest" time="0.001">
    <failure message="expected: not &lt;null&gt;" type="org.opentest4j.AssertionFailedError"><![CDATA[org.opentest4j.AssertionFailedError: expected: not <null>
	at ed22_ud12_Ejercicio2_GeneradorIP.GeneradorTest.testIfIsNotNull(GeneradorTest.java:32)
]]></failure>
  </testcase>
  <testcase name="testIfIsNotNull[330]" classname="ed22_ud12_Ejercicio2_GeneradorIP.GeneradorTest" time="0.002">
    <failure message="expected: not &lt;null&gt;" type="org.opentest4j.AssertionFailedError"><![CDATA[org.opentest4j.AssertionFailedError: expected: not <null>
	at ed22_ud12_Ejercicio2_GeneradorIP.GeneradorTest.testIfIsNotNull(GeneradorTest.java:32)
]]></failure>
  </testcase>
  <testcase name="testIfIsNotNull[331]" classname="ed22_ud12_Ejercicio2_GeneradorIP.GeneradorTest" time="0">
    <failure message="expected: not &lt;null&gt;" type="org.opentest4j.AssertionFailedError"><![CDATA[org.opentest4j.AssertionFailedError: expected: not <null>
	at ed22_ud12_Ejercicio2_GeneradorIP.GeneradorTest.testIfIsNotNull(GeneradorTest.java:32)
]]></failure>
  </testcase>
  <testcase name="testIfIsNotNull[332]" classname="ed22_ud12_Ejercicio2_GeneradorIP.GeneradorTest" time="0.002">
    <failure message="expected: not &lt;null&gt;" type="org.opentest4j.AssertionFailedError"><![CDATA[org.opentest4j.AssertionFailedError: expected: not <null>
	at ed22_ud12_Ejercicio2_GeneradorIP.GeneradorTest.testIfIsNotNull(GeneradorTest.java:32)
]]></failure>
  </testcase>
  <testcase name="testIfIsNotNull[333]" classname="ed22_ud12_Ejercicio2_GeneradorIP.GeneradorTest" time="0">
    <failure message="expected: not &lt;null&gt;" type="org.opentest4j.AssertionFailedError"><![CDATA[org.opentest4j.AssertionFailedError: expected: not <null>
	at ed22_ud12_Ejercicio2_GeneradorIP.GeneradorTest.testIfIsNotNull(GeneradorTest.java:32)
]]></failure>
  </testcase>
  <testcase name="testIfIsNotNull[334]" classname="ed22_ud12_Ejercicio2_GeneradorIP.GeneradorTest" time="0.001">
    <failure message="expected: not &lt;null&gt;" type="org.opentest4j.AssertionFailedError"><![CDATA[org.opentest4j.AssertionFailedError: expected: not <null>
	at ed22_ud12_Ejercicio2_GeneradorIP.GeneradorTest.testIfIsNotNull(GeneradorTest.java:32)
]]></failure>
  </testcase>
  <testcase name="testIfIsNotNull[335]" classname="ed22_ud12_Ejercicio2_GeneradorIP.GeneradorTest" time="0.001">
    <failure message="expected: not &lt;null&gt;" type="org.opentest4j.AssertionFailedError"><![CDATA[org.opentest4j.AssertionFailedError: expected: not <null>
	at ed22_ud12_Ejercicio2_GeneradorIP.GeneradorTest.testIfIsNotNull(GeneradorTest.java:32)
]]></failure>
  </testcase>
  <testcase name="testIfIsNotNull[336]" classname="ed22_ud12_Ejercicio2_GeneradorIP.GeneradorTest" time="0.001">
    <failure message="expected: not &lt;null&gt;" type="org.opentest4j.AssertionFailedError"><![CDATA[org.opentest4j.AssertionFailedError: expected: not <null>
	at ed22_ud12_Ejercicio2_GeneradorIP.GeneradorTest.testIfIsNotNull(GeneradorTest.java:32)
]]></failure>
  </testcase>
  <testcase name="testIfIsNotNull[337]" classname="ed22_ud12_Ejercicio2_GeneradorIP.GeneradorTest" time="0">
    <failure message="expected: not &lt;null&gt;" type="org.opentest4j.AssertionFailedError"><![CDATA[org.opentest4j.AssertionFailedError: expected: not <null>
	at ed22_ud12_Ejercicio2_GeneradorIP.GeneradorTest.testIfIsNotNull(GeneradorTest.java:32)
]]></failure>
  </testcase>
  <testcase name="testIfIsNotNull[338]" classname="ed22_ud12_Ejercicio2_GeneradorIP.GeneradorTest" time="0.001">
    <failure message="expected: not &lt;null&gt;" type="org.opentest4j.AssertionFailedError"><![CDATA[org.opentest4j.AssertionFailedError: expected: not <null>
	at ed22_ud12_Ejercicio2_GeneradorIP.GeneradorTest.testIfIsNotNull(GeneradorTest.java:32)
]]></failure>
  </testcase>
  <testcase name="testIfIsNotNull[339]" classname="ed22_ud12_Ejercicio2_GeneradorIP.GeneradorTest" time="0">
    <failure message="expected: not &lt;null&gt;" type="org.opentest4j.AssertionFailedError"><![CDATA[org.opentest4j.AssertionFailedError: expected: not <null>
	at ed22_ud12_Ejercicio2_GeneradorIP.GeneradorTest.testIfIsNotNull(GeneradorTest.java:32)
]]></failure>
  </testcase>
  <testcase name="testIfIsNotNull[340]" classname="ed22_ud12_Ejercicio2_GeneradorIP.GeneradorTest" time="0.002">
    <failure message="expected: not &lt;null&gt;" type="org.opentest4j.AssertionFailedError"><![CDATA[org.opentest4j.AssertionFailedError: expected: not <null>
	at ed22_ud12_Ejercicio2_GeneradorIP.GeneradorTest.testIfIsNotNull(GeneradorTest.java:32)
]]></failure>
  </testcase>
  <testcase name="testIfIsNotNull[341]" classname="ed22_ud12_Ejercicio2_GeneradorIP.GeneradorTest" time="0">
    <failure message="expected: not &lt;null&gt;" type="org.opentest4j.AssertionFailedError"><![CDATA[org.opentest4j.AssertionFailedError: expected: not <null>
	at ed22_ud12_Ejercicio2_GeneradorIP.GeneradorTest.testIfIsNotNull(GeneradorTest.java:32)
]]></failure>
  </testcase>
  <testcase name="testIfIsNotNull[342]" classname="ed22_ud12_Ejercicio2_GeneradorIP.GeneradorTest" time="0.001">
    <failure message="expected: not &lt;null&gt;" type="org.opentest4j.AssertionFailedError"><![CDATA[org.opentest4j.AssertionFailedError: expected: not <null>
	at ed22_ud12_Ejercicio2_GeneradorIP.GeneradorTest.testIfIsNotNull(GeneradorTest.java:32)
]]></failure>
  </testcase>
  <testcase name="testIfIsNotNull[343]" classname="ed22_ud12_Ejercicio2_GeneradorIP.GeneradorTest" time="0">
    <failure message="expected: not &lt;null&gt;" type="org.opentest4j.AssertionFailedError"><![CDATA[org.opentest4j.AssertionFailedError: expected: not <null>
	at ed22_ud12_Ejercicio2_GeneradorIP.GeneradorTest.testIfIsNotNull(GeneradorTest.java:32)
]]></failure>
  </testcase>
  <testcase name="testIfIsNotNull[344]" classname="ed22_ud12_Ejercicio2_GeneradorIP.GeneradorTest" time="0">
    <failure message="expected: not &lt;null&gt;" type="org.opentest4j.AssertionFailedError"><![CDATA[org.opentest4j.AssertionFailedError: expected: not <null>
	at ed22_ud12_Ejercicio2_GeneradorIP.GeneradorTest.testIfIsNotNull(GeneradorTest.java:32)
]]></failure>
  </testcase>
  <testcase name="testIfIsNotNull[345]" classname="ed22_ud12_Ejercicio2_GeneradorIP.GeneradorTest" time="0">
    <failure message="expected: not &lt;null&gt;" type="org.opentest4j.AssertionFailedError"><![CDATA[org.opentest4j.AssertionFailedError: expected: not <null>
	at ed22_ud12_Ejercicio2_GeneradorIP.GeneradorTest.testIfIsNotNull(GeneradorTest.java:32)
]]></failure>
  </testcase>
  <testcase name="testIfIsNotNull[346]" classname="ed22_ud12_Ejercicio2_GeneradorIP.GeneradorTest" time="0">
    <failure message="expected: not &lt;null&gt;" type="org.opentest4j.AssertionFailedError"><![CDATA[org.opentest4j.AssertionFailedError: expected: not <null>
	at ed22_ud12_Ejercicio2_GeneradorIP.GeneradorTest.testIfIsNotNull(GeneradorTest.java:32)
]]></failure>
  </testcase>
  <testcase name="testIfIsNotNull[347]" classname="ed22_ud12_Ejercicio2_GeneradorIP.GeneradorTest" time="0">
    <failure message="expected: not &lt;null&gt;" type="org.opentest4j.AssertionFailedError"><![CDATA[org.opentest4j.AssertionFailedError: expected: not <null>
	at ed22_ud12_Ejercicio2_GeneradorIP.GeneradorTest.testIfIsNotNull(GeneradorTest.java:32)
]]></failure>
  </testcase>
  <testcase name="testIfIsNotNull[348]" classname="ed22_ud12_Ejercicio2_GeneradorIP.GeneradorTest" time="0">
    <failure message="expected: not &lt;null&gt;" type="org.opentest4j.AssertionFailedError"><![CDATA[org.opentest4j.AssertionFailedError: expected: not <null>
	at ed22_ud12_Ejercicio2_GeneradorIP.GeneradorTest.testIfIsNotNull(GeneradorTest.java:32)
]]></failure>
  </testcase>
  <testcase name="testIfIsNotNull[349]" classname="ed22_ud12_Ejercicio2_GeneradorIP.GeneradorTest" time="0.001">
    <failure message="expected: not &lt;null&gt;" type="org.opentest4j.AssertionFailedError"><![CDATA[org.opentest4j.AssertionFailedError: expected: not <null>
	at ed22_ud12_Ejercicio2_GeneradorIP.GeneradorTest.testIfIsNotNull(GeneradorTest.java:32)
]]></failure>
  </testcase>
  <testcase name="testIfIsNotNull[350]" classname="ed22_ud12_Ejercicio2_GeneradorIP.GeneradorTest" time="0.001">
    <failure message="expected: not &lt;null&gt;" type="org.opentest4j.AssertionFailedError"><![CDATA[org.opentest4j.AssertionFailedError: expected: not <null>
	at ed22_ud12_Ejercicio2_GeneradorIP.GeneradorTest.testIfIsNotNull(GeneradorTest.java:32)
]]></failure>
  </testcase>
  <testcase name="testIfIsNotNull[351]" classname="ed22_ud12_Ejercicio2_GeneradorIP.GeneradorTest" time="0.001">
    <failure message="expected: not &lt;null&gt;" type="org.opentest4j.AssertionFailedError"><![CDATA[org.opentest4j.AssertionFailedError: expected: not <null>
	at ed22_ud12_Ejercicio2_GeneradorIP.GeneradorTest.testIfIsNotNull(GeneradorTest.java:32)
]]></failure>
  </testcase>
  <testcase name="testIfIsNotNull[352]" classname="ed22_ud12_Ejercicio2_GeneradorIP.GeneradorTest" time="0">
    <failure message="expected: not &lt;null&gt;" type="org.opentest4j.AssertionFailedError"><![CDATA[org.opentest4j.AssertionFailedError: expected: not <null>
	at ed22_ud12_Ejercicio2_GeneradorIP.GeneradorTest.testIfIsNotNull(GeneradorTest.java:32)
]]></failure>
  </testcase>
  <testcase name="testIfIsNotNull[353]" classname="ed22_ud12_Ejercicio2_GeneradorIP.GeneradorTest" time="0">
    <failure message="expected: not &lt;null&gt;" type="org.opentest4j.AssertionFailedError"><![CDATA[org.opentest4j.AssertionFailedError: expected: not <null>
	at ed22_ud12_Ejercicio2_GeneradorIP.GeneradorTest.testIfIsNotNull(GeneradorTest.java:32)
]]></failure>
  </testcase>
  <testcase name="testIfIsNotNull[354]" classname="ed22_ud12_Ejercicio2_GeneradorIP.GeneradorTest" time="0">
    <failure message="expected: not &lt;null&gt;" type="org.opentest4j.AssertionFailedError"><![CDATA[org.opentest4j.AssertionFailedError: expected: not <null>
	at ed22_ud12_Ejercicio2_GeneradorIP.GeneradorTest.testIfIsNotNull(GeneradorTest.java:32)
]]></failure>
  </testcase>
  <testcase name="testIfIsNotNull[355]" classname="ed22_ud12_Ejercicio2_GeneradorIP.GeneradorTest" time="0.001">
    <failure message="expected: not &lt;null&gt;" type="org.opentest4j.AssertionFailedError"><![CDATA[org.opentest4j.AssertionFailedError: expected: not <null>
	at ed22_ud12_Ejercicio2_GeneradorIP.GeneradorTest.testIfIsNotNull(GeneradorTest.java:32)
]]></failure>
  </testcase>
  <testcase name="testIfIsNotNull[356]" classname="ed22_ud12_Ejercicio2_GeneradorIP.GeneradorTest" time="0">
    <failure message="expected: not &lt;null&gt;" type="org.opentest4j.AssertionFailedError"><![CDATA[org.opentest4j.AssertionFailedError: expected: not <null>
	at ed22_ud12_Ejercicio2_GeneradorIP.GeneradorTest.testIfIsNotNull(GeneradorTest.java:32)
]]></failure>
  </testcase>
  <testcase name="testIfIsNotNull[357]" classname="ed22_ud12_Ejercicio2_GeneradorIP.GeneradorTest" time="0.001">
    <failure message="expected: not &lt;null&gt;" type="org.opentest4j.AssertionFailedError"><![CDATA[org.opentest4j.AssertionFailedError: expected: not <null>
	at ed22_ud12_Ejercicio2_GeneradorIP.GeneradorTest.testIfIsNotNull(GeneradorTest.java:32)
]]></failure>
  </testcase>
  <testcase name="testIfIsNotNull[358]" classname="ed22_ud12_Ejercicio2_GeneradorIP.GeneradorTest" time="0.001">
    <failure message="expected: not &lt;null&gt;" type="org.opentest4j.AssertionFailedError"><![CDATA[org.opentest4j.AssertionFailedError: expected: not <null>
	at ed22_ud12_Ejercicio2_GeneradorIP.GeneradorTest.testIfIsNotNull(GeneradorTest.java:32)
]]></failure>
  </testcase>
  <testcase name="testIfIsNotNull[359]" classname="ed22_ud12_Ejercicio2_GeneradorIP.GeneradorTest" time="0.001">
    <failure message="expected: not &lt;null&gt;" type="org.opentest4j.AssertionFailedError"><![CDATA[org.opentest4j.AssertionFailedError: expected: not <null>
	at ed22_ud12_Ejercicio2_GeneradorIP.GeneradorTest.testIfIsNotNull(GeneradorTest.java:32)
]]></failure>
  </testcase>
  <testcase name="testIfIsNotNull[360]" classname="ed22_ud12_Ejercicio2_GeneradorIP.GeneradorTest" time="0.001">
    <failure message="expected: not &lt;null&gt;" type="org.opentest4j.AssertionFailedError"><![CDATA[org.opentest4j.AssertionFailedError: expected: not <null>
	at ed22_ud12_Ejercicio2_GeneradorIP.GeneradorTest.testIfIsNotNull(GeneradorTest.java:32)
]]></failure>
  </testcase>
  <testcase name="testIfIsNotNull[361]" classname="ed22_ud12_Ejercicio2_GeneradorIP.GeneradorTest" time="0.001">
    <failure message="expected: not &lt;null&gt;" type="org.opentest4j.AssertionFailedError"><![CDATA[org.opentest4j.AssertionFailedError: expected: not <null>
	at ed22_ud12_Ejercicio2_GeneradorIP.GeneradorTest.testIfIsNotNull(GeneradorTest.java:32)
]]></failure>
  </testcase>
  <testcase name="testIfIsNotNull[362]" classname="ed22_ud12_Ejercicio2_GeneradorIP.GeneradorTest" time="0">
    <failure message="expected: not &lt;null&gt;" type="org.opentest4j.AssertionFailedError"><![CDATA[org.opentest4j.AssertionFailedError: expected: not <null>
	at ed22_ud12_Ejercicio2_GeneradorIP.GeneradorTest.testIfIsNotNull(GeneradorTest.java:32)
]]></failure>
  </testcase>
  <testcase name="testIfIsNotNull[363]" classname="ed22_ud12_Ejercicio2_GeneradorIP.GeneradorTest" time="0">
    <failure message="expected: not &lt;null&gt;" type="org.opentest4j.AssertionFailedError"><![CDATA[org.opentest4j.AssertionFailedError: expected: not <null>
	at ed22_ud12_Ejercicio2_GeneradorIP.GeneradorTest.testIfIsNotNull(GeneradorTest.java:32)
]]></failure>
  </testcase>
  <testcase name="testIfIsNotNull[364]" classname="ed22_ud12_Ejercicio2_GeneradorIP.GeneradorTest" time="0">
    <failure message="expected: not &lt;null&gt;" type="org.opentest4j.AssertionFailedError"><![CDATA[org.opentest4j.AssertionFailedError: expected: not <null>
	at ed22_ud12_Ejercicio2_GeneradorIP.GeneradorTest.testIfIsNotNull(GeneradorTest.java:32)
]]></failure>
  </testcase>
  <testcase name="testIfIsNotNull[365]" classname="ed22_ud12_Ejercicio2_GeneradorIP.GeneradorTest" time="0">
    <failure message="expected: not &lt;null&gt;" type="org.opentest4j.AssertionFailedError"><![CDATA[org.opentest4j.AssertionFailedError: expected: not <null>
	at ed22_ud12_Ejercicio2_GeneradorIP.GeneradorTest.testIfIsNotNull(GeneradorTest.java:32)
]]></failure>
  </testcase>
  <testcase name="testIfIsNotNull[366]" classname="ed22_ud12_Ejercicio2_GeneradorIP.GeneradorTest" time="0">
    <failure message="expected: not &lt;null&gt;" type="org.opentest4j.AssertionFailedError"><![CDATA[org.opentest4j.AssertionFailedError: expected: not <null>
	at ed22_ud12_Ejercicio2_GeneradorIP.GeneradorTest.testIfIsNotNull(GeneradorTest.java:32)
]]></failure>
  </testcase>
  <testcase name="testIfIsNotNull[367]" classname="ed22_ud12_Ejercicio2_GeneradorIP.GeneradorTest" time="0">
    <failure message="expected: not &lt;null&gt;" type="org.opentest4j.AssertionFailedError"><![CDATA[org.opentest4j.AssertionFailedError: expected: not <null>
	at ed22_ud12_Ejercicio2_GeneradorIP.GeneradorTest.testIfIsNotNull(GeneradorTest.java:32)
]]></failure>
  </testcase>
  <testcase name="testIfIsNotNull[368]" classname="ed22_ud12_Ejercicio2_GeneradorIP.GeneradorTest" time="0.001">
    <failure message="expected: not &lt;null&gt;" type="org.opentest4j.AssertionFailedError"><![CDATA[org.opentest4j.AssertionFailedError: expected: not <null>
	at ed22_ud12_Ejercicio2_GeneradorIP.GeneradorTest.testIfIsNotNull(GeneradorTest.java:32)
]]></failure>
  </testcase>
  <testcase name="testIfIsNotNull[369]" classname="ed22_ud12_Ejercicio2_GeneradorIP.GeneradorTest" time="0.001">
    <failure message="expected: not &lt;null&gt;" type="org.opentest4j.AssertionFailedError"><![CDATA[org.opentest4j.AssertionFailedError: expected: not <null>
	at ed22_ud12_Ejercicio2_GeneradorIP.GeneradorTest.testIfIsNotNull(GeneradorTest.java:32)
]]></failure>
  </testcase>
  <testcase name="testIfIsNotNull[370]" classname="ed22_ud12_Ejercicio2_GeneradorIP.GeneradorTest" time="0.001">
    <failure message="expected: not &lt;null&gt;" type="org.opentest4j.AssertionFailedError"><![CDATA[org.opentest4j.AssertionFailedError: expected: not <null>
	at ed22_ud12_Ejercicio2_GeneradorIP.GeneradorTest.testIfIsNotNull(GeneradorTest.java:32)
]]></failure>
  </testcase>
  <testcase name="testIfIsNotNull[371]" classname="ed22_ud12_Ejercicio2_GeneradorIP.GeneradorTest" time="0.001">
    <failure message="expected: not &lt;null&gt;" type="org.opentest4j.AssertionFailedError"><![CDATA[org.opentest4j.AssertionFailedError: expected: not <null>
	at ed22_ud12_Ejercicio2_GeneradorIP.GeneradorTest.testIfIsNotNull(GeneradorTest.java:32)
]]></failure>
  </testcase>
  <testcase name="testIfIsNotNull[372]" classname="ed22_ud12_Ejercicio2_GeneradorIP.GeneradorTest" time="0.001">
    <failure message="expected: not &lt;null&gt;" type="org.opentest4j.AssertionFailedError"><![CDATA[org.opentest4j.AssertionFailedError: expected: not <null>
	at ed22_ud12_Ejercicio2_GeneradorIP.GeneradorTest.testIfIsNotNull(GeneradorTest.java:32)
]]></failure>
  </testcase>
  <testcase name="testIfIsNotNull[373]" classname="ed22_ud12_Ejercicio2_GeneradorIP.GeneradorTest" time="0.001">
    <failure message="expected: not &lt;null&gt;" type="org.opentest4j.AssertionFailedError"><![CDATA[org.opentest4j.AssertionFailedError: expected: not <null>
	at ed22_ud12_Ejercicio2_GeneradorIP.GeneradorTest.testIfIsNotNull(GeneradorTest.java:32)
]]></failure>
  </testcase>
  <testcase name="testIfIsNotNull[374]" classname="ed22_ud12_Ejercicio2_GeneradorIP.GeneradorTest" time="0.001">
    <failure message="expected: not &lt;null&gt;" type="org.opentest4j.AssertionFailedError"><![CDATA[org.opentest4j.AssertionFailedError: expected: not <null>
	at ed22_ud12_Ejercicio2_GeneradorIP.GeneradorTest.testIfIsNotNull(GeneradorTest.java:32)
]]></failure>
  </testcase>
  <testcase name="testIfIsNotNull[375]" classname="ed22_ud12_Ejercicio2_GeneradorIP.GeneradorTest" time="0">
    <failure message="expected: not &lt;null&gt;" type="org.opentest4j.AssertionFailedError"><![CDATA[org.opentest4j.AssertionFailedError: expected: not <null>
	at ed22_ud12_Ejercicio2_GeneradorIP.GeneradorTest.testIfIsNotNull(GeneradorTest.java:32)
]]></failure>
  </testcase>
  <testcase name="testIfIsNotNull[376]" classname="ed22_ud12_Ejercicio2_GeneradorIP.GeneradorTest" time="0">
    <failure message="expected: not &lt;null&gt;" type="org.opentest4j.AssertionFailedError"><![CDATA[org.opentest4j.AssertionFailedError: expected: not <null>
	at ed22_ud12_Ejercicio2_GeneradorIP.GeneradorTest.testIfIsNotNull(GeneradorTest.java:32)
]]></failure>
  </testcase>
  <testcase name="testIfIsNotNull[377]" classname="ed22_ud12_Ejercicio2_GeneradorIP.GeneradorTest" time="0">
    <failure message="expected: not &lt;null&gt;" type="org.opentest4j.AssertionFailedError"><![CDATA[org.opentest4j.AssertionFailedError: expected: not <null>
	at ed22_ud12_Ejercicio2_GeneradorIP.GeneradorTest.testIfIsNotNull(GeneradorTest.java:32)
]]></failure>
  </testcase>
  <testcase name="testIfIsNotNull[378]" classname="ed22_ud12_Ejercicio2_GeneradorIP.GeneradorTest" time="0">
    <failure message="expected: not &lt;null&gt;" type="org.opentest4j.AssertionFailedError"><![CDATA[org.opentest4j.AssertionFailedError: expected: not <null>
	at ed22_ud12_Ejercicio2_GeneradorIP.GeneradorTest.testIfIsNotNull(GeneradorTest.java:32)
]]></failure>
  </testcase>
  <testcase name="testIfIsNotNull[379]" classname="ed22_ud12_Ejercicio2_GeneradorIP.GeneradorTest" time="0.001">
    <failure message="expected: not &lt;null&gt;" type="org.opentest4j.AssertionFailedError"><![CDATA[org.opentest4j.AssertionFailedError: expected: not <null>
	at ed22_ud12_Ejercicio2_GeneradorIP.GeneradorTest.testIfIsNotNull(GeneradorTest.java:32)
]]></failure>
  </testcase>
  <testcase name="testIfIsNotNull[380]" classname="ed22_ud12_Ejercicio2_GeneradorIP.GeneradorTest" time="0.001">
    <failure message="expected: not &lt;null&gt;" type="org.opentest4j.AssertionFailedError"><![CDATA[org.opentest4j.AssertionFailedError: expected: not <null>
	at ed22_ud12_Ejercicio2_GeneradorIP.GeneradorTest.testIfIsNotNull(GeneradorTest.java:32)
]]></failure>
  </testcase>
  <testcase name="testIfIsNotNull[381]" classname="ed22_ud12_Ejercicio2_GeneradorIP.GeneradorTest" time="0.001">
    <failure message="expected: not &lt;null&gt;" type="org.opentest4j.AssertionFailedError"><![CDATA[org.opentest4j.AssertionFailedError: expected: not <null>
	at ed22_ud12_Ejercicio2_GeneradorIP.GeneradorTest.testIfIsNotNull(GeneradorTest.java:32)
]]></failure>
  </testcase>
  <testcase name="testIfIsNotNull[382]" classname="ed22_ud12_Ejercicio2_GeneradorIP.GeneradorTest" time="0">
    <failure message="expected: not &lt;null&gt;" type="org.opentest4j.AssertionFailedError"><![CDATA[org.opentest4j.AssertionFailedError: expected: not <null>
	at ed22_ud12_Ejercicio2_GeneradorIP.GeneradorTest.testIfIsNotNull(GeneradorTest.java:32)
]]></failure>
  </testcase>
  <testcase name="testIfIsNotNull[383]" classname="ed22_ud12_Ejercicio2_GeneradorIP.GeneradorTest" time="0">
    <failure message="expected: not &lt;null&gt;" type="org.opentest4j.AssertionFailedError"><![CDATA[org.opentest4j.AssertionFailedError: expected: not <null>
	at ed22_ud12_Ejercicio2_GeneradorIP.GeneradorTest.testIfIsNotNull(GeneradorTest.java:32)
]]></failure>
  </testcase>
  <testcase name="testIfIsNotNull[384]" classname="ed22_ud12_Ejercicio2_GeneradorIP.GeneradorTest" time="0.001">
    <failure message="expected: not &lt;null&gt;" type="org.opentest4j.AssertionFailedError"><![CDATA[org.opentest4j.AssertionFailedError: expected: not <null>
	at ed22_ud12_Ejercicio2_GeneradorIP.GeneradorTest.testIfIsNotNull(GeneradorTest.java:32)
]]></failure>
  </testcase>
  <testcase name="testIfIsNotNull[385]" classname="ed22_ud12_Ejercicio2_GeneradorIP.GeneradorTest" time="0.001">
    <failure message="expected: not &lt;null&gt;" type="org.opentest4j.AssertionFailedError"><![CDATA[org.opentest4j.AssertionFailedError: expected: not <null>
	at ed22_ud12_Ejercicio2_GeneradorIP.GeneradorTest.testIfIsNotNull(GeneradorTest.java:32)
]]></failure>
  </testcase>
  <testcase name="testIfIsNotNull[386]" classname="ed22_ud12_Ejercicio2_GeneradorIP.GeneradorTest" time="0">
    <failure message="expected: not &lt;null&gt;" type="org.opentest4j.AssertionFailedError"><![CDATA[org.opentest4j.AssertionFailedError: expected: not <null>
	at ed22_ud12_Ejercicio2_GeneradorIP.GeneradorTest.testIfIsNotNull(GeneradorTest.java:32)
]]></failure>
  </testcase>
  <testcase name="testIfIsNotNull[387]" classname="ed22_ud12_Ejercicio2_GeneradorIP.GeneradorTest" time="0">
    <failure message="expected: not &lt;null&gt;" type="org.opentest4j.AssertionFailedError"><![CDATA[org.opentest4j.AssertionFailedError: expected: not <null>
	at ed22_ud12_Ejercicio2_GeneradorIP.GeneradorTest.testIfIsNotNull(GeneradorTest.java:32)
]]></failure>
  </testcase>
  <testcase name="testIfIsNotNull[388]" classname="ed22_ud12_Ejercicio2_GeneradorIP.GeneradorTest" time="0">
    <failure message="expected: not &lt;null&gt;" type="org.opentest4j.AssertionFailedError"><![CDATA[org.opentest4j.AssertionFailedError: expected: not <null>
	at ed22_ud12_Ejercicio2_GeneradorIP.GeneradorTest.testIfIsNotNull(GeneradorTest.java:32)
]]></failure>
  </testcase>
  <testcase name="testIfIsNotNull[389]" classname="ed22_ud12_Ejercicio2_GeneradorIP.GeneradorTest" time="0">
    <failure message="expected: not &lt;null&gt;" type="org.opentest4j.AssertionFailedError"><![CDATA[org.opentest4j.AssertionFailedError: expected: not <null>
	at ed22_ud12_Ejercicio2_GeneradorIP.GeneradorTest.testIfIsNotNull(GeneradorTest.java:32)
]]></failure>
  </testcase>
  <testcase name="testIfIsNotNull[390]" classname="ed22_ud12_Ejercicio2_GeneradorIP.GeneradorTest" time="0">
    <failure message="expected: not &lt;null&gt;" type="org.opentest4j.AssertionFailedError"><![CDATA[org.opentest4j.AssertionFailedError: expected: not <null>
	at ed22_ud12_Ejercicio2_GeneradorIP.GeneradorTest.testIfIsNotNull(GeneradorTest.java:32)
]]></failure>
  </testcase>
  <testcase name="testIfIsNotNull[391]" classname="ed22_ud12_Ejercicio2_GeneradorIP.GeneradorTest" time="0">
    <failure message="expected: not &lt;null&gt;" type="org.opentest4j.AssertionFailedError"><![CDATA[org.opentest4j.AssertionFailedError: expected: not <null>
	at ed22_ud12_Ejercicio2_GeneradorIP.GeneradorTest.testIfIsNotNull(GeneradorTest.java:32)
]]></failure>
  </testcase>
  <testcase name="testIfIsNotNull[392]" classname="ed22_ud12_Ejercicio2_GeneradorIP.GeneradorTest" time="0">
    <failure message="expected: not &lt;null&gt;" type="org.opentest4j.AssertionFailedError"><![CDATA[org.opentest4j.AssertionFailedError: expected: not <null>
	at ed22_ud12_Ejercicio2_GeneradorIP.GeneradorTest.testIfIsNotNull(GeneradorTest.java:32)
]]></failure>
  </testcase>
  <testcase name="testIfIsNotNull[393]" classname="ed22_ud12_Ejercicio2_GeneradorIP.GeneradorTest" time="0">
    <failure message="expected: not &lt;null&gt;" type="org.opentest4j.AssertionFailedError"><![CDATA[org.opentest4j.AssertionFailedError: expected: not <null>
	at ed22_ud12_Ejercicio2_GeneradorIP.GeneradorTest.testIfIsNotNull(GeneradorTest.java:32)
]]></failure>
  </testcase>
  <testcase name="testIfIsNotNull[394]" classname="ed22_ud12_Ejercicio2_GeneradorIP.GeneradorTest" time="0">
    <failure message="expected: not &lt;null&gt;" type="org.opentest4j.AssertionFailedError"><![CDATA[org.opentest4j.AssertionFailedError: expected: not <null>
	at ed22_ud12_Ejercicio2_GeneradorIP.GeneradorTest.testIfIsNotNull(GeneradorTest.java:32)
]]></failure>
  </testcase>
  <testcase name="testIfIsNotNull[395]" classname="ed22_ud12_Ejercicio2_GeneradorIP.GeneradorTest" time="0">
    <failure message="expected: not &lt;null&gt;" type="org.opentest4j.AssertionFailedError"><![CDATA[org.opentest4j.AssertionFailedError: expected: not <null>
	at ed22_ud12_Ejercicio2_GeneradorIP.GeneradorTest.testIfIsNotNull(GeneradorTest.java:32)
]]></failure>
  </testcase>
  <testcase name="testIfIsNotNull[396]" classname="ed22_ud12_Ejercicio2_GeneradorIP.GeneradorTest" time="0">
    <failure message="expected: not &lt;null&gt;" type="org.opentest4j.AssertionFailedError"><![CDATA[org.opentest4j.AssertionFailedError: expected: not <null>
	at ed22_ud12_Ejercicio2_GeneradorIP.GeneradorTest.testIfIsNotNull(GeneradorTest.java:32)
]]></failure>
  </testcase>
  <testcase name="testIfIsNotNull[397]" classname="ed22_ud12_Ejercicio2_GeneradorIP.GeneradorTest" time="0">
    <failure message="expected: not &lt;null&gt;" type="org.opentest4j.AssertionFailedError"><![CDATA[org.opentest4j.AssertionFailedError: expected: not <null>
	at ed22_ud12_Ejercicio2_GeneradorIP.GeneradorTest.testIfIsNotNull(GeneradorTest.java:32)
]]></failure>
  </testcase>
  <testcase name="testIfIsNotNull[398]" classname="ed22_ud12_Ejercicio2_GeneradorIP.GeneradorTest" time="0">
    <failure message="expected: not &lt;null&gt;" type="org.opentest4j.AssertionFailedError"><![CDATA[org.opentest4j.AssertionFailedError: expected: not <null>
	at ed22_ud12_Ejercicio2_GeneradorIP.GeneradorTest.testIfIsNotNull(GeneradorTest.java:32)
]]></failure>
  </testcase>
  <testcase name="testIfIsNotNull[399]" classname="ed22_ud12_Ejercicio2_GeneradorIP.GeneradorTest" time="0">
    <failure message="expected: not &lt;null&gt;" type="org.opentest4j.AssertionFailedError"><![CDATA[org.opentest4j.AssertionFailedError: expected: not <null>
	at ed22_ud12_Ejercicio2_GeneradorIP.GeneradorTest.testIfIsNotNull(GeneradorTest.java:32)
]]></failure>
  </testcase>
  <testcase name="testIfIsNotNull[400]" classname="ed22_ud12_Ejercicio2_GeneradorIP.GeneradorTest" time="0.001">
    <failure message="expected: not &lt;null&gt;" type="org.opentest4j.AssertionFailedError"><![CDATA[org.opentest4j.AssertionFailedError: expected: not <null>
	at ed22_ud12_Ejercicio2_GeneradorIP.GeneradorTest.testIfIsNotNull(GeneradorTest.java:32)
]]></failure>
  </testcase>
  <testcase name="testIfIsNotNull[401]" classname="ed22_ud12_Ejercicio2_GeneradorIP.GeneradorTest" time="0.001">
    <failure message="expected: not &lt;null&gt;" type="org.opentest4j.AssertionFailedError"><![CDATA[org.opentest4j.AssertionFailedError: expected: not <null>
	at ed22_ud12_Ejercicio2_GeneradorIP.GeneradorTest.testIfIsNotNull(GeneradorTest.java:32)
]]></failure>
  </testcase>
  <testcase name="testIfIsNotNull[402]" classname="ed22_ud12_Ejercicio2_GeneradorIP.GeneradorTest" time="0">
    <failure message="expected: not &lt;null&gt;" type="org.opentest4j.AssertionFailedError"><![CDATA[org.opentest4j.AssertionFailedError: expected: not <null>
	at ed22_ud12_Ejercicio2_GeneradorIP.GeneradorTest.testIfIsNotNull(GeneradorTest.java:32)
]]></failure>
  </testcase>
  <testcase name="testIfIsNotNull[403]" classname="ed22_ud12_Ejercicio2_GeneradorIP.GeneradorTest" time="0">
    <failure message="expected: not &lt;null&gt;" type="org.opentest4j.AssertionFailedError"><![CDATA[org.opentest4j.AssertionFailedError: expected: not <null>
	at ed22_ud12_Ejercicio2_GeneradorIP.GeneradorTest.testIfIsNotNull(GeneradorTest.java:32)
]]></failure>
  </testcase>
  <testcase name="testIfIsNotNull[404]" classname="ed22_ud12_Ejercicio2_GeneradorIP.GeneradorTest" time="0">
    <failure message="expected: not &lt;null&gt;" type="org.opentest4j.AssertionFailedError"><![CDATA[org.opentest4j.AssertionFailedError: expected: not <null>
	at ed22_ud12_Ejercicio2_GeneradorIP.GeneradorTest.testIfIsNotNull(GeneradorTest.java:32)
]]></failure>
  </testcase>
  <testcase name="testIfIsNotNull[405]" classname="ed22_ud12_Ejercicio2_GeneradorIP.GeneradorTest" time="0">
    <failure message="expected: not &lt;null&gt;" type="org.opentest4j.AssertionFailedError"><![CDATA[org.opentest4j.AssertionFailedError: expected: not <null>
	at ed22_ud12_Ejercicio2_GeneradorIP.GeneradorTest.testIfIsNotNull(GeneradorTest.java:32)
]]></failure>
  </testcase>
  <testcase name="testIfIsNotNull[406]" classname="ed22_ud12_Ejercicio2_GeneradorIP.GeneradorTest" time="0">
    <failure message="expected: not &lt;null&gt;" type="org.opentest4j.AssertionFailedError"><![CDATA[org.opentest4j.AssertionFailedError: expected: not <null>
	at ed22_ud12_Ejercicio2_GeneradorIP.GeneradorTest.testIfIsNotNull(GeneradorTest.java:32)
]]></failure>
  </testcase>
  <testcase name="testIfIsNotNull[407]" classname="ed22_ud12_Ejercicio2_GeneradorIP.GeneradorTest" time="0">
    <failure message="expected: not &lt;null&gt;" type="org.opentest4j.AssertionFailedError"><![CDATA[org.opentest4j.AssertionFailedError: expected: not <null>
	at ed22_ud12_Ejercicio2_GeneradorIP.GeneradorTest.testIfIsNotNull(GeneradorTest.java:32)
]]></failure>
  </testcase>
  <testcase name="testIfIsNotNull[408]" classname="ed22_ud12_Ejercicio2_GeneradorIP.GeneradorTest" time="0">
    <failure message="expected: not &lt;null&gt;" type="org.opentest4j.AssertionFailedError"><![CDATA[org.opentest4j.AssertionFailedError: expected: not <null>
	at ed22_ud12_Ejercicio2_GeneradorIP.GeneradorTest.testIfIsNotNull(GeneradorTest.java:32)
]]></failure>
  </testcase>
  <testcase name="testIfIsNotNull[409]" classname="ed22_ud12_Ejercicio2_GeneradorIP.GeneradorTest" time="0">
    <failure message="expected: not &lt;null&gt;" type="org.opentest4j.AssertionFailedError"><![CDATA[org.opentest4j.AssertionFailedError: expected: not <null>
	at ed22_ud12_Ejercicio2_GeneradorIP.GeneradorTest.testIfIsNotNull(GeneradorTest.java:32)
]]></failure>
  </testcase>
  <testcase name="testIfIsNotNull[410]" classname="ed22_ud12_Ejercicio2_GeneradorIP.GeneradorTest" time="0">
    <failure message="expected: not &lt;null&gt;" type="org.opentest4j.AssertionFailedError"><![CDATA[org.opentest4j.AssertionFailedError: expected: not <null>
	at ed22_ud12_Ejercicio2_GeneradorIP.GeneradorTest.testIfIsNotNull(GeneradorTest.java:32)
]]></failure>
  </testcase>
  <testcase name="testIfIsNotNull[411]" classname="ed22_ud12_Ejercicio2_GeneradorIP.GeneradorTest" time="0">
    <failure message="expected: not &lt;null&gt;" type="org.opentest4j.AssertionFailedError"><![CDATA[org.opentest4j.AssertionFailedError: expected: not <null>
	at ed22_ud12_Ejercicio2_GeneradorIP.GeneradorTest.testIfIsNotNull(GeneradorTest.java:32)
]]></failure>
  </testcase>
  <testcase name="testIfIsNotNull[412]" classname="ed22_ud12_Ejercicio2_GeneradorIP.GeneradorTest" time="0">
    <failure message="expected: not &lt;null&gt;" type="org.opentest4j.AssertionFailedError"><![CDATA[org.opentest4j.AssertionFailedError: expected: not <null>
	at ed22_ud12_Ejercicio2_GeneradorIP.GeneradorTest.testIfIsNotNull(GeneradorTest.java:32)
]]></failure>
  </testcase>
  <testcase name="testIfIsNotNull[413]" classname="ed22_ud12_Ejercicio2_GeneradorIP.GeneradorTest" time="0">
    <failure message="expected: not &lt;null&gt;" type="org.opentest4j.AssertionFailedError"><![CDATA[org.opentest4j.AssertionFailedError: expected: not <null>
	at ed22_ud12_Ejercicio2_GeneradorIP.GeneradorTest.testIfIsNotNull(GeneradorTest.java:32)
]]></failure>
  </testcase>
  <testcase name="testIfIsNotNull[414]" classname="ed22_ud12_Ejercicio2_GeneradorIP.GeneradorTest" time="0">
    <failure message="expected: not &lt;null&gt;" type="org.opentest4j.AssertionFailedError"><![CDATA[org.opentest4j.AssertionFailedError: expected: not <null>
	at ed22_ud12_Ejercicio2_GeneradorIP.GeneradorTest.testIfIsNotNull(GeneradorTest.java:32)
]]></failure>
  </testcase>
  <testcase name="testIfIsNotNull[415]" classname="ed22_ud12_Ejercicio2_GeneradorIP.GeneradorTest" time="0.001">
    <failure message="expected: not &lt;null&gt;" type="org.opentest4j.AssertionFailedError"><![CDATA[org.opentest4j.AssertionFailedError: expected: not <null>
	at ed22_ud12_Ejercicio2_GeneradorIP.GeneradorTest.testIfIsNotNull(GeneradorTest.java:32)
]]></failure>
  </testcase>
  <testcase name="testIfIsNotNull[416]" classname="ed22_ud12_Ejercicio2_GeneradorIP.GeneradorTest" time="0.001">
    <failure message="expected: not &lt;null&gt;" type="org.opentest4j.AssertionFailedError"><![CDATA[org.opentest4j.AssertionFailedError: expected: not <null>
	at ed22_ud12_Ejercicio2_GeneradorIP.GeneradorTest.testIfIsNotNull(GeneradorTest.java:32)
]]></failure>
  </testcase>
  <testcase name="testIfIsNotNull[417]" classname="ed22_ud12_Ejercicio2_GeneradorIP.GeneradorTest" time="0">
    <failure message="expected: not &lt;null&gt;" type="org.opentest4j.AssertionFailedError"><![CDATA[org.opentest4j.AssertionFailedError: expected: not <null>
	at ed22_ud12_Ejercicio2_GeneradorIP.GeneradorTest.testIfIsNotNull(GeneradorTest.java:32)
]]></failure>
  </testcase>
  <testcase name="testIfIsNotNull[418]" classname="ed22_ud12_Ejercicio2_GeneradorIP.GeneradorTest" time="0">
    <failure message="expected: not &lt;null&gt;" type="org.opentest4j.AssertionFailedError"><![CDATA[org.opentest4j.AssertionFailedError: expected: not <null>
	at ed22_ud12_Ejercicio2_GeneradorIP.GeneradorTest.testIfIsNotNull(GeneradorTest.java:32)
]]></failure>
  </testcase>
  <testcase name="testIfIsNotNull[419]" classname="ed22_ud12_Ejercicio2_GeneradorIP.GeneradorTest" time="0">
    <failure message="expected: not &lt;null&gt;" type="org.opentest4j.AssertionFailedError"><![CDATA[org.opentest4j.AssertionFailedError: expected: not <null>
	at ed22_ud12_Ejercicio2_GeneradorIP.GeneradorTest.testIfIsNotNull(GeneradorTest.java:32)
]]></failure>
  </testcase>
  <testcase name="testIfIsNotNull[420]" classname="ed22_ud12_Ejercicio2_GeneradorIP.GeneradorTest" time="0">
    <failure message="expected: not &lt;null&gt;" type="org.opentest4j.AssertionFailedError"><![CDATA[org.opentest4j.AssertionFailedError: expected: not <null>
	at ed22_ud12_Ejercicio2_GeneradorIP.GeneradorTest.testIfIsNotNull(GeneradorTest.java:32)
]]></failure>
  </testcase>
  <testcase name="testIfIsNotNull[421]" classname="ed22_ud12_Ejercicio2_GeneradorIP.GeneradorTest" time="0">
    <failure message="expected: not &lt;null&gt;" type="org.opentest4j.AssertionFailedError"><![CDATA[org.opentest4j.AssertionFailedError: expected: not <null>
	at ed22_ud12_Ejercicio2_GeneradorIP.GeneradorTest.testIfIsNotNull(GeneradorTest.java:32)
]]></failure>
  </testcase>
  <testcase name="testIfIsNotNull[422]" classname="ed22_ud12_Ejercicio2_GeneradorIP.GeneradorTest" time="0">
    <failure message="expected: not &lt;null&gt;" type="org.opentest4j.AssertionFailedError"><![CDATA[org.opentest4j.AssertionFailedError: expected: not <null>
	at ed22_ud12_Ejercicio2_GeneradorIP.GeneradorTest.testIfIsNotNull(GeneradorTest.java:32)
]]></failure>
  </testcase>
  <testcase name="testIfIsNotNull[423]" classname="ed22_ud12_Ejercicio2_GeneradorIP.GeneradorTest" time="0">
    <failure message="expected: not &lt;null&gt;" type="org.opentest4j.AssertionFailedError"><![CDATA[org.opentest4j.AssertionFailedError: expected: not <null>
	at ed22_ud12_Ejercicio2_GeneradorIP.GeneradorTest.testIfIsNotNull(GeneradorTest.java:32)
]]></failure>
  </testcase>
  <testcase name="testIfIsNotNull[424]" classname="ed22_ud12_Ejercicio2_GeneradorIP.GeneradorTest" time="0">
    <failure message="expected: not &lt;null&gt;" type="org.opentest4j.AssertionFailedError"><![CDATA[org.opentest4j.AssertionFailedError: expected: not <null>
	at ed22_ud12_Ejercicio2_GeneradorIP.GeneradorTest.testIfIsNotNull(GeneradorTest.java:32)
]]></failure>
  </testcase>
  <testcase name="testIfIsNotNull[425]" classname="ed22_ud12_Ejercicio2_GeneradorIP.GeneradorTest" time="0">
    <failure message="expected: not &lt;null&gt;" type="org.opentest4j.AssertionFailedError"><![CDATA[org.opentest4j.AssertionFailedError: expected: not <null>
	at ed22_ud12_Ejercicio2_GeneradorIP.GeneradorTest.testIfIsNotNull(GeneradorTest.java:32)
]]></failure>
  </testcase>
  <testcase name="testIfIsNotNull[426]" classname="ed22_ud12_Ejercicio2_GeneradorIP.GeneradorTest" time="0">
    <failure message="expected: not &lt;null&gt;" type="org.opentest4j.AssertionFailedError"><![CDATA[org.opentest4j.AssertionFailedError: expected: not <null>
	at ed22_ud12_Ejercicio2_GeneradorIP.GeneradorTest.testIfIsNotNull(GeneradorTest.java:32)
]]></failure>
  </testcase>
  <testcase name="testIfIsNotNull[427]" classname="ed22_ud12_Ejercicio2_GeneradorIP.GeneradorTest" time="0">
    <failure message="expected: not &lt;null&gt;" type="org.opentest4j.AssertionFailedError"><![CDATA[org.opentest4j.AssertionFailedError: expected: not <null>
	at ed22_ud12_Ejercicio2_GeneradorIP.GeneradorTest.testIfIsNotNull(GeneradorTest.java:32)
]]></failure>
  </testcase>
  <testcase name="testIfIsNotNull[428]" classname="ed22_ud12_Ejercicio2_GeneradorIP.GeneradorTest" time="0">
    <failure message="expected: not &lt;null&gt;" type="org.opentest4j.AssertionFailedError"><![CDATA[org.opentest4j.AssertionFailedError: expected: not <null>
	at ed22_ud12_Ejercicio2_GeneradorIP.GeneradorTest.testIfIsNotNull(GeneradorTest.java:32)
]]></failure>
  </testcase>
  <testcase name="testIfIsNotNull[429]" classname="ed22_ud12_Ejercicio2_GeneradorIP.GeneradorTest" time="0">
    <failure message="expected: not &lt;null&gt;" type="org.opentest4j.AssertionFailedError"><![CDATA[org.opentest4j.AssertionFailedError: expected: not <null>
	at ed22_ud12_Ejercicio2_GeneradorIP.GeneradorTest.testIfIsNotNull(GeneradorTest.java:32)
]]></failure>
  </testcase>
  <testcase name="testIfIsNotNull[430]" classname="ed22_ud12_Ejercicio2_GeneradorIP.GeneradorTest" time="0">
    <failure message="expected: not &lt;null&gt;" type="org.opentest4j.AssertionFailedError"><![CDATA[org.opentest4j.AssertionFailedError: expected: not <null>
	at ed22_ud12_Ejercicio2_GeneradorIP.GeneradorTest.testIfIsNotNull(GeneradorTest.java:32)
]]></failure>
  </testcase>
  <testcase name="testIfIsNotNull[431]" classname="ed22_ud12_Ejercicio2_GeneradorIP.GeneradorTest" time="0.001">
    <failure message="expected: not &lt;null&gt;" type="org.opentest4j.AssertionFailedError"><![CDATA[org.opentest4j.AssertionFailedError: expected: not <null>
	at ed22_ud12_Ejercicio2_GeneradorIP.GeneradorTest.testIfIsNotNull(GeneradorTest.java:32)
]]></failure>
  </testcase>
  <testcase name="testIfIsNotNull[432]" classname="ed22_ud12_Ejercicio2_GeneradorIP.GeneradorTest" time="0.001">
    <failure message="expected: not &lt;null&gt;" type="org.opentest4j.AssertionFailedError"><![CDATA[org.opentest4j.AssertionFailedError: expected: not <null>
	at ed22_ud12_Ejercicio2_GeneradorIP.GeneradorTest.testIfIsNotNull(GeneradorTest.java:32)
]]></failure>
  </testcase>
  <testcase name="testIfIsNotNull[433]" classname="ed22_ud12_Ejercicio2_GeneradorIP.GeneradorTest" time="0.001">
    <failure message="expected: not &lt;null&gt;" type="org.opentest4j.AssertionFailedError"><![CDATA[org.opentest4j.AssertionFailedError: expected: not <null>
	at ed22_ud12_Ejercicio2_GeneradorIP.GeneradorTest.testIfIsNotNull(GeneradorTest.java:32)
]]></failure>
  </testcase>
  <testcase name="testIfIsNotNull[434]" classname="ed22_ud12_Ejercicio2_GeneradorIP.GeneradorTest" time="0.001">
    <failure message="expected: not &lt;null&gt;" type="org.opentest4j.AssertionFailedError"><![CDATA[org.opentest4j.AssertionFailedError: expected: not <null>
	at ed22_ud12_Ejercicio2_GeneradorIP.GeneradorTest.testIfIsNotNull(GeneradorTest.java:32)
]]></failure>
  </testcase>
  <testcase name="testIfIsNotNull[435]" classname="ed22_ud12_Ejercicio2_GeneradorIP.GeneradorTest" time="0.001">
    <failure message="expected: not &lt;null&gt;" type="org.opentest4j.AssertionFailedError"><![CDATA[org.opentest4j.AssertionFailedError: expected: not <null>
	at ed22_ud12_Ejercicio2_GeneradorIP.GeneradorTest.testIfIsNotNull(GeneradorTest.java:32)
]]></failure>
  </testcase>
  <testcase name="testIfIsNotNull[436]" classname="ed22_ud12_Ejercicio2_GeneradorIP.GeneradorTest" time="0.001">
    <failure message="expected: not &lt;null&gt;" type="org.opentest4j.AssertionFailedError"><![CDATA[org.opentest4j.AssertionFailedError: expected: not <null>
	at ed22_ud12_Ejercicio2_GeneradorIP.GeneradorTest.testIfIsNotNull(GeneradorTest.java:32)
]]></failure>
  </testcase>
  <testcase name="testIfIsNotNull[437]" classname="ed22_ud12_Ejercicio2_GeneradorIP.GeneradorTest" time="0.001">
    <failure message="expected: not &lt;null&gt;" type="org.opentest4j.AssertionFailedError"><![CDATA[org.opentest4j.AssertionFailedError: expected: not <null>
	at ed22_ud12_Ejercicio2_GeneradorIP.GeneradorTest.testIfIsNotNull(GeneradorTest.java:32)
]]></failure>
  </testcase>
  <testcase name="testIfIsNotNull[438]" classname="ed22_ud12_Ejercicio2_GeneradorIP.GeneradorTest" time="0">
    <failure message="expected: not &lt;null&gt;" type="org.opentest4j.AssertionFailedError"><![CDATA[org.opentest4j.AssertionFailedError: expected: not <null>
	at ed22_ud12_Ejercicio2_GeneradorIP.GeneradorTest.testIfIsNotNull(GeneradorTest.java:32)
]]></failure>
  </testcase>
  <testcase name="testIfIsNotNull[439]" classname="ed22_ud12_Ejercicio2_GeneradorIP.GeneradorTest" time="0">
    <failure message="expected: not &lt;null&gt;" type="org.opentest4j.AssertionFailedError"><![CDATA[org.opentest4j.AssertionFailedError: expected: not <null>
	at ed22_ud12_Ejercicio2_GeneradorIP.GeneradorTest.testIfIsNotNull(GeneradorTest.java:32)
]]></failure>
  </testcase>
  <testcase name="testIfIsNotNull[440]" classname="ed22_ud12_Ejercicio2_GeneradorIP.GeneradorTest" time="0">
    <failure message="expected: not &lt;null&gt;" type="org.opentest4j.AssertionFailedError"><![CDATA[org.opentest4j.AssertionFailedError: expected: not <null>
	at ed22_ud12_Ejercicio2_GeneradorIP.GeneradorTest.testIfIsNotNull(GeneradorTest.java:32)
]]></failure>
  </testcase>
  <testcase name="testIfIsNotNull[441]" classname="ed22_ud12_Ejercicio2_GeneradorIP.GeneradorTest" time="0.001">
    <failure message="expected: not &lt;null&gt;" type="org.opentest4j.AssertionFailedError"><![CDATA[org.opentest4j.AssertionFailedError: expected: not <null>
	at ed22_ud12_Ejercicio2_GeneradorIP.GeneradorTest.testIfIsNotNull(GeneradorTest.java:32)
]]></failure>
  </testcase>
  <testcase name="testIfIsNotNull[442]" classname="ed22_ud12_Ejercicio2_GeneradorIP.GeneradorTest" time="0.001">
    <failure message="expected: not &lt;null&gt;" type="org.opentest4j.AssertionFailedError"><![CDATA[org.opentest4j.AssertionFailedError: expected: not <null>
	at ed22_ud12_Ejercicio2_GeneradorIP.GeneradorTest.testIfIsNotNull(GeneradorTest.java:32)
]]></failure>
  </testcase>
  <testcase name="testIfIsNotNull[443]" classname="ed22_ud12_Ejercicio2_GeneradorIP.GeneradorTest" time="0.001">
    <failure message="expected: not &lt;null&gt;" type="org.opentest4j.AssertionFailedError"><![CDATA[org.opentest4j.AssertionFailedError: expected: not <null>
	at ed22_ud12_Ejercicio2_GeneradorIP.GeneradorTest.testIfIsNotNull(GeneradorTest.java:32)
]]></failure>
  </testcase>
  <testcase name="testIfIsNotNull[444]" classname="ed22_ud12_Ejercicio2_GeneradorIP.GeneradorTest" time="0.001">
    <failure message="expected: not &lt;null&gt;" type="org.opentest4j.AssertionFailedError"><![CDATA[org.opentest4j.AssertionFailedError: expected: not <null>
	at ed22_ud12_Ejercicio2_GeneradorIP.GeneradorTest.testIfIsNotNull(GeneradorTest.java:32)
]]></failure>
  </testcase>
  <testcase name="testIfIsNotNull[445]" classname="ed22_ud12_Ejercicio2_GeneradorIP.GeneradorTest" time="0.001">
    <failure message="expected: not &lt;null&gt;" type="org.opentest4j.AssertionFailedError"><![CDATA[org.opentest4j.AssertionFailedError: expected: not <null>
	at ed22_ud12_Ejercicio2_GeneradorIP.GeneradorTest.testIfIsNotNull(GeneradorTest.java:32)
]]></failure>
  </testcase>
  <testcase name="testIfIsNotNull[446]" classname="ed22_ud12_Ejercicio2_GeneradorIP.GeneradorTest" time="0.001">
    <failure message="expected: not &lt;null&gt;" type="org.opentest4j.AssertionFailedError"><![CDATA[org.opentest4j.AssertionFailedError: expected: not <null>
	at ed22_ud12_Ejercicio2_GeneradorIP.GeneradorTest.testIfIsNotNull(GeneradorTest.java:32)
]]></failure>
  </testcase>
  <testcase name="testIfIsNotNull[447]" classname="ed22_ud12_Ejercicio2_GeneradorIP.GeneradorTest" time="0">
    <failure message="expected: not &lt;null&gt;" type="org.opentest4j.AssertionFailedError"><![CDATA[org.opentest4j.AssertionFailedError: expected: not <null>
	at ed22_ud12_Ejercicio2_GeneradorIP.GeneradorTest.testIfIsNotNull(GeneradorTest.java:32)
]]></failure>
  </testcase>
  <testcase name="testIfIsNotNull[448]" classname="ed22_ud12_Ejercicio2_GeneradorIP.GeneradorTest" time="0">
    <failure message="expected: not &lt;null&gt;" type="org.opentest4j.AssertionFailedError"><![CDATA[org.opentest4j.AssertionFailedError: expected: not <null>
	at ed22_ud12_Ejercicio2_GeneradorIP.GeneradorTest.testIfIsNotNull(GeneradorTest.java:32)
]]></failure>
  </testcase>
  <testcase name="testIfIsNotNull[449]" classname="ed22_ud12_Ejercicio2_GeneradorIP.GeneradorTest" time="0.001">
    <failure message="expected: not &lt;null&gt;" type="org.opentest4j.AssertionFailedError"><![CDATA[org.opentest4j.AssertionFailedError: expected: not <null>
	at ed22_ud12_Ejercicio2_GeneradorIP.GeneradorTest.testIfIsNotNull(GeneradorTest.java:32)
]]></failure>
  </testcase>
  <testcase name="testIfIsNotNull[450]" classname="ed22_ud12_Ejercicio2_GeneradorIP.GeneradorTest" time="0.001">
    <failure message="expected: not &lt;null&gt;" type="org.opentest4j.AssertionFailedError"><![CDATA[org.opentest4j.AssertionFailedError: expected: not <null>
	at ed22_ud12_Ejercicio2_GeneradorIP.GeneradorTest.testIfIsNotNull(GeneradorTest.java:32)
]]></failure>
  </testcase>
  <testcase name="testIfIsNotNull[451]" classname="ed22_ud12_Ejercicio2_GeneradorIP.GeneradorTest" time="0.001">
    <failure message="expected: not &lt;null&gt;" type="org.opentest4j.AssertionFailedError"><![CDATA[org.opentest4j.AssertionFailedError: expected: not <null>
	at ed22_ud12_Ejercicio2_GeneradorIP.GeneradorTest.testIfIsNotNull(GeneradorTest.java:32)
]]></failure>
  </testcase>
  <testcase name="testIfIsNotNull[452]" classname="ed22_ud12_Ejercicio2_GeneradorIP.GeneradorTest" time="0.001">
    <failure message="expected: not &lt;null&gt;" type="org.opentest4j.AssertionFailedError"><![CDATA[org.opentest4j.AssertionFailedError: expected: not <null>
	at ed22_ud12_Ejercicio2_GeneradorIP.GeneradorTest.testIfIsNotNull(GeneradorTest.java:32)
]]></failure>
  </testcase>
  <testcase name="testIfIsNotNull[453]" classname="ed22_ud12_Ejercicio2_GeneradorIP.GeneradorTest" time="0.001">
    <failure message="expected: not &lt;null&gt;" type="org.opentest4j.AssertionFailedError"><![CDATA[org.opentest4j.AssertionFailedError: expected: not <null>
	at ed22_ud12_Ejercicio2_GeneradorIP.GeneradorTest.testIfIsNotNull(GeneradorTest.java:32)
]]></failure>
  </testcase>
  <testcase name="testIfIsNotNull[454]" classname="ed22_ud12_Ejercicio2_GeneradorIP.GeneradorTest" time="0.001">
    <failure message="expected: not &lt;null&gt;" type="org.opentest4j.AssertionFailedError"><![CDATA[org.opentest4j.AssertionFailedError: expected: not <null>
	at ed22_ud12_Ejercicio2_GeneradorIP.GeneradorTest.testIfIsNotNull(GeneradorTest.java:32)
]]></failure>
  </testcase>
  <testcase name="testIfIsNotNull[455]" classname="ed22_ud12_Ejercicio2_GeneradorIP.GeneradorTest" time="0">
    <failure message="expected: not &lt;null&gt;" type="org.opentest4j.AssertionFailedError"><![CDATA[org.opentest4j.AssertionFailedError: expected: not <null>
	at ed22_ud12_Ejercicio2_GeneradorIP.GeneradorTest.testIfIsNotNull(GeneradorTest.java:32)
]]></failure>
  </testcase>
  <testcase name="testIfIsNotNull[456]" classname="ed22_ud12_Ejercicio2_GeneradorIP.GeneradorTest" time="0">
    <failure message="expected: not &lt;null&gt;" type="org.opentest4j.AssertionFailedError"><![CDATA[org.opentest4j.AssertionFailedError: expected: not <null>
	at ed22_ud12_Ejercicio2_GeneradorIP.GeneradorTest.testIfIsNotNull(GeneradorTest.java:32)
]]></failure>
  </testcase>
  <testcase name="testIfIsNotNull[457]" classname="ed22_ud12_Ejercicio2_GeneradorIP.GeneradorTest" time="0.001">
    <failure message="expected: not &lt;null&gt;" type="org.opentest4j.AssertionFailedError"><![CDATA[org.opentest4j.AssertionFailedError: expected: not <null>
	at ed22_ud12_Ejercicio2_GeneradorIP.GeneradorTest.testIfIsNotNull(GeneradorTest.java:32)
]]></failure>
  </testcase>
  <testcase name="testIfIsNotNull[458]" classname="ed22_ud12_Ejercicio2_GeneradorIP.GeneradorTest" time="0.001">
    <failure message="expected: not &lt;null&gt;" type="org.opentest4j.AssertionFailedError"><![CDATA[org.opentest4j.AssertionFailedError: expected: not <null>
	at ed22_ud12_Ejercicio2_GeneradorIP.GeneradorTest.testIfIsNotNull(GeneradorTest.java:32)
]]></failure>
  </testcase>
  <testcase name="testIfIsNotNull[459]" classname="ed22_ud12_Ejercicio2_GeneradorIP.GeneradorTest" time="0.001">
    <failure message="expected: not &lt;null&gt;" type="org.opentest4j.AssertionFailedError"><![CDATA[org.opentest4j.AssertionFailedError: expected: not <null>
	at ed22_ud12_Ejercicio2_GeneradorIP.GeneradorTest.testIfIsNotNull(GeneradorTest.java:32)
]]></failure>
  </testcase>
  <testcase name="testIfIsNotNull[460]" classname="ed22_ud12_Ejercicio2_GeneradorIP.GeneradorTest" time="0">
    <failure message="expected: not &lt;null&gt;" type="org.opentest4j.AssertionFailedError"><![CDATA[org.opentest4j.AssertionFailedError: expected: not <null>
	at ed22_ud12_Ejercicio2_GeneradorIP.GeneradorTest.testIfIsNotNull(GeneradorTest.java:32)
]]></failure>
  </testcase>
  <testcase name="testIfIsNotNull[461]" classname="ed22_ud12_Ejercicio2_GeneradorIP.GeneradorTest" time="0">
    <failure message="expected: not &lt;null&gt;" type="org.opentest4j.AssertionFailedError"><![CDATA[org.opentest4j.AssertionFailedError: expected: not <null>
	at ed22_ud12_Ejercicio2_GeneradorIP.GeneradorTest.testIfIsNotNull(GeneradorTest.java:32)
]]></failure>
  </testcase>
  <testcase name="testIfIsNotNull[462]" classname="ed22_ud12_Ejercicio2_GeneradorIP.GeneradorTest" time="0">
    <failure message="expected: not &lt;null&gt;" type="org.opentest4j.AssertionFailedError"><![CDATA[org.opentest4j.AssertionFailedError: expected: not <null>
	at ed22_ud12_Ejercicio2_GeneradorIP.GeneradorTest.testIfIsNotNull(GeneradorTest.java:32)
]]></failure>
  </testcase>
  <testcase name="testIfIsNotNull[463]" classname="ed22_ud12_Ejercicio2_GeneradorIP.GeneradorTest" time="0">
    <failure message="expected: not &lt;null&gt;" type="org.opentest4j.AssertionFailedError"><![CDATA[org.opentest4j.AssertionFailedError: expected: not <null>
	at ed22_ud12_Ejercicio2_GeneradorIP.GeneradorTest.testIfIsNotNull(GeneradorTest.java:32)
]]></failure>
  </testcase>
  <testcase name="testIfIsNotNull[464]" classname="ed22_ud12_Ejercicio2_GeneradorIP.GeneradorTest" time="0">
    <failure message="expected: not &lt;null&gt;" type="org.opentest4j.AssertionFailedError"><![CDATA[org.opentest4j.AssertionFailedError: expected: not <null>
	at ed22_ud12_Ejercicio2_GeneradorIP.GeneradorTest.testIfIsNotNull(GeneradorTest.java:32)
]]></failure>
  </testcase>
  <testcase name="testIfIsNotNull[465]" classname="ed22_ud12_Ejercicio2_GeneradorIP.GeneradorTest" time="0">
    <failure message="expected: not &lt;null&gt;" type="org.opentest4j.AssertionFailedError"><![CDATA[org.opentest4j.AssertionFailedError: expected: not <null>
	at ed22_ud12_Ejercicio2_GeneradorIP.GeneradorTest.testIfIsNotNull(GeneradorTest.java:32)
]]></failure>
  </testcase>
  <testcase name="testIfIsNotNull[466]" classname="ed22_ud12_Ejercicio2_GeneradorIP.GeneradorTest" time="0">
    <failure message="expected: not &lt;null&gt;" type="org.opentest4j.AssertionFailedError"><![CDATA[org.opentest4j.AssertionFailedError: expected: not <null>
	at ed22_ud12_Ejercicio2_GeneradorIP.GeneradorTest.testIfIsNotNull(GeneradorTest.java:32)
]]></failure>
  </testcase>
  <testcase name="testIfIsNotNull[467]" classname="ed22_ud12_Ejercicio2_GeneradorIP.GeneradorTest" time="0.001">
    <failure message="expected: not &lt;null&gt;" type="org.opentest4j.AssertionFailedError"><![CDATA[org.opentest4j.AssertionFailedError: expected: not <null>
	at ed22_ud12_Ejercicio2_GeneradorIP.GeneradorTest.testIfIsNotNull(GeneradorTest.java:32)
]]></failure>
  </testcase>
  <testcase name="testIfIsNotNull[468]" classname="ed22_ud12_Ejercicio2_GeneradorIP.GeneradorTest" time="0.001">
    <failure message="expected: not &lt;null&gt;" type="org.opentest4j.AssertionFailedError"><![CDATA[org.opentest4j.AssertionFailedError: expected: not <null>
	at ed22_ud12_Ejercicio2_GeneradorIP.GeneradorTest.testIfIsNotNull(GeneradorTest.java:32)
]]></failure>
  </testcase>
  <testcase name="testIfIsNotNull[469]" classname="ed22_ud12_Ejercicio2_GeneradorIP.GeneradorTest" time="0.001">
    <failure message="expected: not &lt;null&gt;" type="org.opentest4j.AssertionFailedError"><![CDATA[org.opentest4j.AssertionFailedError: expected: not <null>
	at ed22_ud12_Ejercicio2_GeneradorIP.GeneradorTest.testIfIsNotNull(GeneradorTest.java:32)
]]></failure>
  </testcase>
  <testcase name="testIfIsNotNull[470]" classname="ed22_ud12_Ejercicio2_GeneradorIP.GeneradorTest" time="0">
    <failure message="expected: not &lt;null&gt;" type="org.opentest4j.AssertionFailedError"><![CDATA[org.opentest4j.AssertionFailedError: expected: not <null>
	at ed22_ud12_Ejercicio2_GeneradorIP.GeneradorTest.testIfIsNotNull(GeneradorTest.java:32)
]]></failure>
  </testcase>
  <testcase name="testIfIsNotNull[471]" classname="ed22_ud12_Ejercicio2_GeneradorIP.GeneradorTest" time="0">
    <failure message="expected: not &lt;null&gt;" type="org.opentest4j.AssertionFailedError"><![CDATA[org.opentest4j.AssertionFailedError: expected: not <null>
	at ed22_ud12_Ejercicio2_GeneradorIP.GeneradorTest.testIfIsNotNull(GeneradorTest.java:32)
]]></failure>
  </testcase>
  <testcase name="testIfIsNotNull[472]" classname="ed22_ud12_Ejercicio2_GeneradorIP.GeneradorTest" time="0">
    <failure message="expected: not &lt;null&gt;" type="org.opentest4j.AssertionFailedError"><![CDATA[org.opentest4j.AssertionFailedError: expected: not <null>
	at ed22_ud12_Ejercicio2_GeneradorIP.GeneradorTest.testIfIsNotNull(GeneradorTest.java:32)
]]></failure>
  </testcase>
  <testcase name="testIfIsNotNull[473]" classname="ed22_ud12_Ejercicio2_GeneradorIP.GeneradorTest" time="0">
    <failure message="expected: not &lt;null&gt;" type="org.opentest4j.AssertionFailedError"><![CDATA[org.opentest4j.AssertionFailedError: expected: not <null>
	at ed22_ud12_Ejercicio2_GeneradorIP.GeneradorTest.testIfIsNotNull(GeneradorTest.java:32)
]]></failure>
  </testcase>
  <testcase name="testIfIsNotNull[474]" classname="ed22_ud12_Ejercicio2_GeneradorIP.GeneradorTest" time="0.001">
    <failure message="expected: not &lt;null&gt;" type="org.opentest4j.AssertionFailedError"><![CDATA[org.opentest4j.AssertionFailedError: expected: not <null>
	at ed22_ud12_Ejercicio2_GeneradorIP.GeneradorTest.testIfIsNotNull(GeneradorTest.java:32)
]]></failure>
  </testcase>
  <testcase name="testIfIsNotNull[475]" classname="ed22_ud12_Ejercicio2_GeneradorIP.GeneradorTest" time="0.001">
    <failure message="expected: not &lt;null&gt;" type="org.opentest4j.AssertionFailedError"><![CDATA[org.opentest4j.AssertionFailedError: expected: not <null>
	at ed22_ud12_Ejercicio2_GeneradorIP.GeneradorTest.testIfIsNotNull(GeneradorTest.java:32)
]]></failure>
  </testcase>
  <testcase name="testIfIsNotNull[476]" classname="ed22_ud12_Ejercicio2_GeneradorIP.GeneradorTest" time="0">
    <failure message="expected: not &lt;null&gt;" type="org.opentest4j.AssertionFailedError"><![CDATA[org.opentest4j.AssertionFailedError: expected: not <null>
	at ed22_ud12_Ejercicio2_GeneradorIP.GeneradorTest.testIfIsNotNull(GeneradorTest.java:32)
]]></failure>
  </testcase>
  <testcase name="testIfIsNotNull[477]" classname="ed22_ud12_Ejercicio2_GeneradorIP.GeneradorTest" time="0">
    <failure message="expected: not &lt;null&gt;" type="org.opentest4j.AssertionFailedError"><![CDATA[org.opentest4j.AssertionFailedError: expected: not <null>
	at ed22_ud12_Ejercicio2_GeneradorIP.GeneradorTest.testIfIsNotNull(GeneradorTest.java:32)
]]></failure>
  </testcase>
  <testcase name="testIfIsNotNull[478]" classname="ed22_ud12_Ejercicio2_GeneradorIP.GeneradorTest" time="0">
    <failure message="expected: not &lt;null&gt;" type="org.opentest4j.AssertionFailedError"><![CDATA[org.opentest4j.AssertionFailedError: expected: not <null>
	at ed22_ud12_Ejercicio2_GeneradorIP.GeneradorTest.testIfIsNotNull(GeneradorTest.java:32)
]]></failure>
  </testcase>
  <testcase name="testIfIsNotNull[479]" classname="ed22_ud12_Ejercicio2_GeneradorIP.GeneradorTest" time="0.001">
    <failure message="expected: not &lt;null&gt;" type="org.opentest4j.AssertionFailedError"><![CDATA[org.opentest4j.AssertionFailedError: expected: not <null>
	at ed22_ud12_Ejercicio2_GeneradorIP.GeneradorTest.testIfIsNotNull(GeneradorTest.java:32)
]]></failure>
  </testcase>
  <testcase name="testIfIsNotNull[480]" classname="ed22_ud12_Ejercicio2_GeneradorIP.GeneradorTest" time="0">
    <failure message="expected: not &lt;null&gt;" type="org.opentest4j.AssertionFailedError"><![CDATA[org.opentest4j.AssertionFailedError: expected: not <null>
	at ed22_ud12_Ejercicio2_GeneradorIP.GeneradorTest.testIfIsNotNull(GeneradorTest.java:32)
]]></failure>
  </testcase>
  <testcase name="testIfIsNotNull[481]" classname="ed22_ud12_Ejercicio2_GeneradorIP.GeneradorTest" time="0">
    <failure message="expected: not &lt;null&gt;" type="org.opentest4j.AssertionFailedError"><![CDATA[org.opentest4j.AssertionFailedError: expected: not <null>
	at ed22_ud12_Ejercicio2_GeneradorIP.GeneradorTest.testIfIsNotNull(GeneradorTest.java:32)
]]></failure>
  </testcase>
  <testcase name="testIfIsNotNull[482]" classname="ed22_ud12_Ejercicio2_GeneradorIP.GeneradorTest" time="0">
    <failure message="expected: not &lt;null&gt;" type="org.opentest4j.AssertionFailedError"><![CDATA[org.opentest4j.AssertionFailedError: expected: not <null>
	at ed22_ud12_Ejercicio2_GeneradorIP.GeneradorTest.testIfIsNotNull(GeneradorTest.java:32)
]]></failure>
  </testcase>
  <testcase name="testIfIsNotNull[483]" classname="ed22_ud12_Ejercicio2_GeneradorIP.GeneradorTest" time="0">
    <failure message="expected: not &lt;null&gt;" type="org.opentest4j.AssertionFailedError"><![CDATA[org.opentest4j.AssertionFailedError: expected: not <null>
	at ed22_ud12_Ejercicio2_GeneradorIP.GeneradorTest.testIfIsNotNull(GeneradorTest.java:32)
]]></failure>
  </testcase>
  <testcase name="testIfIsNotNull[484]" classname="ed22_ud12_Ejercicio2_GeneradorIP.GeneradorTest" time="0">
    <failure message="expected: not &lt;null&gt;" type="org.opentest4j.AssertionFailedError"><![CDATA[org.opentest4j.AssertionFailedError: expected: not <null>
	at ed22_ud12_Ejercicio2_GeneradorIP.GeneradorTest.testIfIsNotNull(GeneradorTest.java:32)
]]></failure>
  </testcase>
  <testcase name="testIfIsNotNull[485]" classname="ed22_ud12_Ejercicio2_GeneradorIP.GeneradorTest" time="0">
    <failure message="expected: not &lt;null&gt;" type="org.opentest4j.AssertionFailedError"><![CDATA[org.opentest4j.AssertionFailedError: expected: not <null>
	at ed22_ud12_Ejercicio2_GeneradorIP.GeneradorTest.testIfIsNotNull(GeneradorTest.java:32)
]]></failure>
  </testcase>
  <testcase name="testIfIsNotNull[486]" classname="ed22_ud12_Ejercicio2_GeneradorIP.GeneradorTest" time="0.001">
    <failure message="expected: not &lt;null&gt;" type="org.opentest4j.AssertionFailedError"><![CDATA[org.opentest4j.AssertionFailedError: expected: not <null>
	at ed22_ud12_Ejercicio2_GeneradorIP.GeneradorTest.testIfIsNotNull(GeneradorTest.java:32)
]]></failure>
  </testcase>
  <testcase name="testIfIsNotNull[487]" classname="ed22_ud12_Ejercicio2_GeneradorIP.GeneradorTest" time="0.001">
    <failure message="expected: not &lt;null&gt;" type="org.opentest4j.AssertionFailedError"><![CDATA[org.opentest4j.AssertionFailedError: expected: not <null>
	at ed22_ud12_Ejercicio2_GeneradorIP.GeneradorTest.testIfIsNotNull(GeneradorTest.java:32)
]]></failure>
  </testcase>
  <testcase name="testIfIsNotNull[488]" classname="ed22_ud12_Ejercicio2_GeneradorIP.GeneradorTest" time="0.001">
    <failure message="expected: not &lt;null&gt;" type="org.opentest4j.AssertionFailedError"><![CDATA[org.opentest4j.AssertionFailedError: expected: not <null>
	at ed22_ud12_Ejercicio2_GeneradorIP.GeneradorTest.testIfIsNotNull(GeneradorTest.java:32)
]]></failure>
  </testcase>
  <testcase name="testIfIsNotNull[489]" classname="ed22_ud12_Ejercicio2_GeneradorIP.GeneradorTest" time="0.001">
    <failure message="expected: not &lt;null&gt;" type="org.opentest4j.AssertionFailedError"><![CDATA[org.opentest4j.AssertionFailedError: expected: not <null>
	at ed22_ud12_Ejercicio2_GeneradorIP.GeneradorTest.testIfIsNotNull(GeneradorTest.java:32)
]]></failure>
  </testcase>
  <testcase name="testIfIsNotNull[490]" classname="ed22_ud12_Ejercicio2_GeneradorIP.GeneradorTest" time="0">
    <failure message="expected: not &lt;null&gt;" type="org.opentest4j.AssertionFailedError"><![CDATA[org.opentest4j.AssertionFailedError: expected: not <null>
	at ed22_ud12_Ejercicio2_GeneradorIP.GeneradorTest.testIfIsNotNull(GeneradorTest.java:32)
]]></failure>
  </testcase>
  <testcase name="testIfIsNotNull[491]" classname="ed22_ud12_Ejercicio2_GeneradorIP.GeneradorTest" time="0">
    <failure message="expected: not &lt;null&gt;" type="org.opentest4j.AssertionFailedError"><![CDATA[org.opentest4j.AssertionFailedError: expected: not <null>
	at ed22_ud12_Ejercicio2_GeneradorIP.GeneradorTest.testIfIsNotNull(GeneradorTest.java:32)
]]></failure>
  </testcase>
  <testcase name="testIfIsNotNull[492]" classname="ed22_ud12_Ejercicio2_GeneradorIP.GeneradorTest" time="0">
    <failure message="expected: not &lt;null&gt;" type="org.opentest4j.AssertionFailedError"><![CDATA[org.opentest4j.AssertionFailedError: expected: not <null>
	at ed22_ud12_Ejercicio2_GeneradorIP.GeneradorTest.testIfIsNotNull(GeneradorTest.java:32)
]]></failure>
  </testcase>
  <testcase name="testIfIsNotNull[493]" classname="ed22_ud12_Ejercicio2_GeneradorIP.GeneradorTest" time="0">
    <failure message="expected: not &lt;null&gt;" type="org.opentest4j.AssertionFailedError"><![CDATA[org.opentest4j.AssertionFailedError: expected: not <null>
	at ed22_ud12_Ejercicio2_GeneradorIP.GeneradorTest.testIfIsNotNull(GeneradorTest.java:32)
]]></failure>
  </testcase>
  <testcase name="testIfIsNotNull[494]" classname="ed22_ud12_Ejercicio2_GeneradorIP.GeneradorTest" time="0.001">
    <failure message="expected: not &lt;null&gt;" type="org.opentest4j.AssertionFailedError"><![CDATA[org.opentest4j.AssertionFailedError: expected: not <null>
	at ed22_ud12_Ejercicio2_GeneradorIP.GeneradorTest.testIfIsNotNull(GeneradorTest.java:32)
]]></failure>
  </testcase>
  <testcase name="testIfIsNotNull[495]" classname="ed22_ud12_Ejercicio2_GeneradorIP.GeneradorTest" time="0.001">
    <failure message="expected: not &lt;null&gt;" type="org.opentest4j.AssertionFailedError"><![CDATA[org.opentest4j.AssertionFailedError: expected: not <null>
	at ed22_ud12_Ejercicio2_GeneradorIP.GeneradorTest.testIfIsNotNull(GeneradorTest.java:32)
]]></failure>
  </testcase>
  <testcase name="testIfIsNotNull[496]" classname="ed22_ud12_Ejercicio2_GeneradorIP.GeneradorTest" time="0.001">
    <failure message="expected: not &lt;null&gt;" type="org.opentest4j.AssertionFailedError"><![CDATA[org.opentest4j.AssertionFailedError: expected: not <null>
	at ed22_ud12_Ejercicio2_GeneradorIP.GeneradorTest.testIfIsNotNull(GeneradorTest.java:32)
]]></failure>
  </testcase>
  <testcase name="testIfIsNotNull[497]" classname="ed22_ud12_Ejercicio2_GeneradorIP.GeneradorTest" time="0.001">
    <failure message="expected: not &lt;null&gt;" type="org.opentest4j.AssertionFailedError"><![CDATA[org.opentest4j.AssertionFailedError: expected: not <null>
	at ed22_ud12_Ejercicio2_GeneradorIP.GeneradorTest.testIfIsNotNull(GeneradorTest.java:32)
]]></failure>
  </testcase>
  <testcase name="testIfIsNotNull[498]" classname="ed22_ud12_Ejercicio2_GeneradorIP.GeneradorTest" time="0.001">
    <failure message="expected: not &lt;null&gt;" type="org.opentest4j.AssertionFailedError"><![CDATA[org.opentest4j.AssertionFailedError: expected: not <null>
	at ed22_ud12_Ejercicio2_GeneradorIP.GeneradorTest.testIfIsNotNull(GeneradorTest.java:32)
]]></failure>
  </testcase>
  <testcase name="testIfIsNotNull[499]" classname="ed22_ud12_Ejercicio2_GeneradorIP.GeneradorTest" time="0">
    <failure message="expected: not &lt;null&gt;" type="org.opentest4j.AssertionFailedError"><![CDATA[org.opentest4j.AssertionFailedError: expected: not <null>
	at ed22_ud12_Ejercicio2_GeneradorIP.GeneradorTest.testIfIsNotNull(GeneradorTest.java:32)
]]></failure>
  </testcase>
  <testcase name="testIfIsNotNull[500]" classname="ed22_ud12_Ejercicio2_GeneradorIP.GeneradorTest" time="0">
    <failure message="expected: not &lt;null&gt;" type="org.opentest4j.AssertionFailedError"><![CDATA[org.opentest4j.AssertionFailedError: expected: not <null>
	at ed22_ud12_Ejercicio2_GeneradorIP.GeneradorTest.testIfIsNotNull(GeneradorTest.java:32)
]]></failure>
  </testcase>
  <testcase name="testIfIsNotNull[501]" classname="ed22_ud12_Ejercicio2_GeneradorIP.GeneradorTest" time="0.001">
    <failure message="expected: not &lt;null&gt;" type="org.opentest4j.AssertionFailedError"><![CDATA[org.opentest4j.AssertionFailedError: expected: not <null>
	at ed22_ud12_Ejercicio2_GeneradorIP.GeneradorTest.testIfIsNotNull(GeneradorTest.java:32)
]]></failure>
  </testcase>
  <testcase name="testIfIsNotNull[502]" classname="ed22_ud12_Ejercicio2_GeneradorIP.GeneradorTest" time="0">
    <failure message="expected: not &lt;null&gt;" type="org.opentest4j.AssertionFailedError"><![CDATA[org.opentest4j.AssertionFailedError: expected: not <null>
	at ed22_ud12_Ejercicio2_GeneradorIP.GeneradorTest.testIfIsNotNull(GeneradorTest.java:32)
]]></failure>
  </testcase>
  <testcase name="testIfIsNotNull[503]" classname="ed22_ud12_Ejercicio2_GeneradorIP.GeneradorTest" time="0.001">
    <failure message="expected: not &lt;null&gt;" type="org.opentest4j.AssertionFailedError"><![CDATA[org.opentest4j.AssertionFailedError: expected: not <null>
	at ed22_ud12_Ejercicio2_GeneradorIP.GeneradorTest.testIfIsNotNull(GeneradorTest.java:32)
]]></failure>
  </testcase>
  <testcase name="testIfIsNotNull[504]" classname="ed22_ud12_Ejercicio2_GeneradorIP.GeneradorTest" time="0">
    <failure message="expected: not &lt;null&gt;" type="org.opentest4j.AssertionFailedError"><![CDATA[org.opentest4j.AssertionFailedError: expected: not <null>
	at ed22_ud12_Ejercicio2_GeneradorIP.GeneradorTest.testIfIsNotNull(GeneradorTest.java:32)
]]></failure>
  </testcase>
  <testcase name="testIfIsNotNull[505]" classname="ed22_ud12_Ejercicio2_GeneradorIP.GeneradorTest" time="0.001">
    <failure message="expected: not &lt;null&gt;" type="org.opentest4j.AssertionFailedError"><![CDATA[org.opentest4j.AssertionFailedError: expected: not <null>
	at ed22_ud12_Ejercicio2_GeneradorIP.GeneradorTest.testIfIsNotNull(GeneradorTest.java:32)
]]></failure>
  </testcase>
  <testcase name="testIfIsNotNull[506]" classname="ed22_ud12_Ejercicio2_GeneradorIP.GeneradorTest" time="0.001">
    <failure message="expected: not &lt;null&gt;" type="org.opentest4j.AssertionFailedError"><![CDATA[org.opentest4j.AssertionFailedError: expected: not <null>
	at ed22_ud12_Ejercicio2_GeneradorIP.GeneradorTest.testIfIsNotNull(GeneradorTest.java:32)
]]></failure>
  </testcase>
  <testcase name="testIfIsNotNull[507]" classname="ed22_ud12_Ejercicio2_GeneradorIP.GeneradorTest" time="0.001">
    <failure message="expected: not &lt;null&gt;" type="org.opentest4j.AssertionFailedError"><![CDATA[org.opentest4j.AssertionFailedError: expected: not <null>
	at ed22_ud12_Ejercicio2_GeneradorIP.GeneradorTest.testIfIsNotNull(GeneradorTest.java:32)
]]></failure>
  </testcase>
  <testcase name="testIfIsNotNull[508]" classname="ed22_ud12_Ejercicio2_GeneradorIP.GeneradorTest" time="0.001">
    <failure message="expected: not &lt;null&gt;" type="org.opentest4j.AssertionFailedError"><![CDATA[org.opentest4j.AssertionFailedError: expected: not <null>
	at ed22_ud12_Ejercicio2_GeneradorIP.GeneradorTest.testIfIsNotNull(GeneradorTest.java:32)
]]></failure>
  </testcase>
  <testcase name="testIfIsNotNull[509]" classname="ed22_ud12_Ejercicio2_GeneradorIP.GeneradorTest" time="0">
    <failure message="expected: not &lt;null&gt;" type="org.opentest4j.AssertionFailedError"><![CDATA[org.opentest4j.AssertionFailedError: expected: not <null>
	at ed22_ud12_Ejercicio2_GeneradorIP.GeneradorTest.testIfIsNotNull(GeneradorTest.java:32)
]]></failure>
  </testcase>
  <testcase name="testIfIsNotNull[510]" classname="ed22_ud12_Ejercicio2_GeneradorIP.GeneradorTest" time="0.001">
    <failure message="expected: not &lt;null&gt;" type="org.opentest4j.AssertionFailedError"><![CDATA[org.opentest4j.AssertionFailedError: expected: not <null>
	at ed22_ud12_Ejercicio2_GeneradorIP.GeneradorTest.testIfIsNotNull(GeneradorTest.java:32)
]]></failure>
  </testcase>
  <testcase name="testIfIsNotNull[511]" classname="ed22_ud12_Ejercicio2_GeneradorIP.GeneradorTest" time="0">
    <failure message="expected: not &lt;null&gt;" type="org.opentest4j.AssertionFailedError"><![CDATA[org.opentest4j.AssertionFailedError: expected: not <null>
	at ed22_ud12_Ejercicio2_GeneradorIP.GeneradorTest.testIfIsNotNull(GeneradorTest.java:32)
]]></failure>
  </testcase>
  <testcase name="testIfIsNotNull[512]" classname="ed22_ud12_Ejercicio2_GeneradorIP.GeneradorTest" time="0">
    <failure message="expected: not &lt;null&gt;" type="org.opentest4j.AssertionFailedError"><![CDATA[org.opentest4j.AssertionFailedError: expected: not <null>
	at ed22_ud12_Ejercicio2_GeneradorIP.GeneradorTest.testIfIsNotNull(GeneradorTest.java:32)
]]></failure>
  </testcase>
  <testcase name="testIfIsNotNull[513]" classname="ed22_ud12_Ejercicio2_GeneradorIP.GeneradorTest" time="0.001">
    <failure message="expected: not &lt;null&gt;" type="org.opentest4j.AssertionFailedError"><![CDATA[org.opentest4j.AssertionFailedError: expected: not <null>
	at ed22_ud12_Ejercicio2_GeneradorIP.GeneradorTest.testIfIsNotNull(GeneradorTest.java:32)
]]></failure>
  </testcase>
  <testcase name="testIfIsNotNull[514]" classname="ed22_ud12_Ejercicio2_GeneradorIP.GeneradorTest" time="0.001">
    <failure message="expected: not &lt;null&gt;" type="org.opentest4j.AssertionFailedError"><![CDATA[org.opentest4j.AssertionFailedError: expected: not <null>
	at ed22_ud12_Ejercicio2_GeneradorIP.GeneradorTest.testIfIsNotNull(GeneradorTest.java:32)
]]></failure>
  </testcase>
  <testcase name="testIfIsNotNull[515]" classname="ed22_ud12_Ejercicio2_GeneradorIP.GeneradorTest" time="0.001">
    <failure message="expected: not &lt;null&gt;" type="org.opentest4j.AssertionFailedError"><![CDATA[org.opentest4j.AssertionFailedError: expected: not <null>
	at ed22_ud12_Ejercicio2_GeneradorIP.GeneradorTest.testIfIsNotNull(GeneradorTest.java:32)
]]></failure>
  </testcase>
  <testcase name="testIfIsNotNull[516]" classname="ed22_ud12_Ejercicio2_GeneradorIP.GeneradorTest" time="0.001">
    <failure message="expected: not &lt;null&gt;" type="org.opentest4j.AssertionFailedError"><![CDATA[org.opentest4j.AssertionFailedError: expected: not <null>
	at ed22_ud12_Ejercicio2_GeneradorIP.GeneradorTest.testIfIsNotNull(GeneradorTest.java:32)
]]></failure>
  </testcase>
  <testcase name="testIfIsNotNull[517]" classname="ed22_ud12_Ejercicio2_GeneradorIP.GeneradorTest" time="0.001">
    <failure message="expected: not &lt;null&gt;" type="org.opentest4j.AssertionFailedError"><![CDATA[org.opentest4j.AssertionFailedError: expected: not <null>
	at ed22_ud12_Ejercicio2_GeneradorIP.GeneradorTest.testIfIsNotNull(GeneradorTest.java:32)
]]></failure>
  </testcase>
  <testcase name="testIfIsNotNull[518]" classname="ed22_ud12_Ejercicio2_GeneradorIP.GeneradorTest" time="0">
    <failure message="expected: not &lt;null&gt;" type="org.opentest4j.AssertionFailedError"><![CDATA[org.opentest4j.AssertionFailedError: expected: not <null>
	at ed22_ud12_Ejercicio2_GeneradorIP.GeneradorTest.testIfIsNotNull(GeneradorTest.java:32)
]]></failure>
  </testcase>
  <testcase name="testIfIsNotNull[519]" classname="ed22_ud12_Ejercicio2_GeneradorIP.GeneradorTest" time="0">
    <failure message="expected: not &lt;null&gt;" type="org.opentest4j.AssertionFailedError"><![CDATA[org.opentest4j.AssertionFailedError: expected: not <null>
	at ed22_ud12_Ejercicio2_GeneradorIP.GeneradorTest.testIfIsNotNull(GeneradorTest.java:32)
]]></failure>
  </testcase>
  <testcase name="testIfIsNotNull[520]" classname="ed22_ud12_Ejercicio2_GeneradorIP.GeneradorTest" time="0">
    <failure message="expected: not &lt;null&gt;" type="org.opentest4j.AssertionFailedError"><![CDATA[org.opentest4j.AssertionFailedError: expected: not <null>
	at ed22_ud12_Ejercicio2_GeneradorIP.GeneradorTest.testIfIsNotNull(GeneradorTest.java:32)
]]></failure>
  </testcase>
  <testcase name="testIfIsNotNull[521]" classname="ed22_ud12_Ejercicio2_GeneradorIP.GeneradorTest" time="0">
    <failure message="expected: not &lt;null&gt;" type="org.opentest4j.AssertionFailedError"><![CDATA[org.opentest4j.AssertionFailedError: expected: not <null>
	at ed22_ud12_Ejercicio2_GeneradorIP.GeneradorTest.testIfIsNotNull(GeneradorTest.java:32)
]]></failure>
  </testcase>
  <testcase name="testIfIsNotNull[522]" classname="ed22_ud12_Ejercicio2_GeneradorIP.GeneradorTest" time="0">
    <failure message="expected: not &lt;null&gt;" type="org.opentest4j.AssertionFailedError"><![CDATA[org.opentest4j.AssertionFailedError: expected: not <null>
	at ed22_ud12_Ejercicio2_GeneradorIP.GeneradorTest.testIfIsNotNull(GeneradorTest.java:32)
]]></failure>
  </testcase>
  <testcase name="testIfIsNotNull[523]" classname="ed22_ud12_Ejercicio2_GeneradorIP.GeneradorTest" time="0.001">
    <failure message="expected: not &lt;null&gt;" type="org.opentest4j.AssertionFailedError"><![CDATA[org.opentest4j.AssertionFailedError: expected: not <null>
	at ed22_ud12_Ejercicio2_GeneradorIP.GeneradorTest.testIfIsNotNull(GeneradorTest.java:32)
]]></failure>
  </testcase>
  <testcase name="testIfIsNotNull[524]" classname="ed22_ud12_Ejercicio2_GeneradorIP.GeneradorTest" time="0.001">
    <failure message="expected: not &lt;null&gt;" type="org.opentest4j.AssertionFailedError"><![CDATA[org.opentest4j.AssertionFailedError: expected: not <null>
	at ed22_ud12_Ejercicio2_GeneradorIP.GeneradorTest.testIfIsNotNull(GeneradorTest.java:32)
]]></failure>
  </testcase>
  <testcase name="testIfIsNotNull[525]" classname="ed22_ud12_Ejercicio2_GeneradorIP.GeneradorTest" time="0.001">
    <failure message="expected: not &lt;null&gt;" type="org.opentest4j.AssertionFailedError"><![CDATA[org.opentest4j.AssertionFailedError: expected: not <null>
	at ed22_ud12_Ejercicio2_GeneradorIP.GeneradorTest.testIfIsNotNull(GeneradorTest.java:32)
]]></failure>
  </testcase>
  <testcase name="testIfIsNotNull[526]" classname="ed22_ud12_Ejercicio2_GeneradorIP.GeneradorTest" time="0.001">
    <failure message="expected: not &lt;null&gt;" type="org.opentest4j.AssertionFailedError"><![CDATA[org.opentest4j.AssertionFailedError: expected: not <null>
	at ed22_ud12_Ejercicio2_GeneradorIP.GeneradorTest.testIfIsNotNull(GeneradorTest.java:32)
]]></failure>
  </testcase>
  <testcase name="testIfIsNotNull[527]" classname="ed22_ud12_Ejercicio2_GeneradorIP.GeneradorTest" time="0">
    <failure message="expected: not &lt;null&gt;" type="org.opentest4j.AssertionFailedError"><![CDATA[org.opentest4j.AssertionFailedError: expected: not <null>
	at ed22_ud12_Ejercicio2_GeneradorIP.GeneradorTest.testIfIsNotNull(GeneradorTest.java:32)
]]></failure>
  </testcase>
  <testcase name="testIfIsNotNull[528]" classname="ed22_ud12_Ejercicio2_GeneradorIP.GeneradorTest" time="0">
    <failure message="expected: not &lt;null&gt;" type="org.opentest4j.AssertionFailedError"><![CDATA[org.opentest4j.AssertionFailedError: expected: not <null>
	at ed22_ud12_Ejercicio2_GeneradorIP.GeneradorTest.testIfIsNotNull(GeneradorTest.java:32)
]]></failure>
  </testcase>
  <testcase name="testIfIsNotNull[529]" classname="ed22_ud12_Ejercicio2_GeneradorIP.GeneradorTest" time="0">
    <failure message="expected: not &lt;null&gt;" type="org.opentest4j.AssertionFailedError"><![CDATA[org.opentest4j.AssertionFailedError: expected: not <null>
	at ed22_ud12_Ejercicio2_GeneradorIP.GeneradorTest.testIfIsNotNull(GeneradorTest.java:32)
]]></failure>
  </testcase>
  <testcase name="testIfIsNotNull[530]" classname="ed22_ud12_Ejercicio2_GeneradorIP.GeneradorTest" time="0">
    <failure message="expected: not &lt;null&gt;" type="org.opentest4j.AssertionFailedError"><![CDATA[org.opentest4j.AssertionFailedError: expected: not <null>
	at ed22_ud12_Ejercicio2_GeneradorIP.GeneradorTest.testIfIsNotNull(GeneradorTest.java:32)
]]></failure>
  </testcase>
  <testcase name="testIfIsNotNull[531]" classname="ed22_ud12_Ejercicio2_GeneradorIP.GeneradorTest" time="0.001">
    <failure message="expected: not &lt;null&gt;" type="org.opentest4j.AssertionFailedError"><![CDATA[org.opentest4j.AssertionFailedError: expected: not <null>
	at ed22_ud12_Ejercicio2_GeneradorIP.GeneradorTest.testIfIsNotNull(GeneradorTest.java:32)
]]></failure>
  </testcase>
  <testcase name="testIfIsNotNull[532]" classname="ed22_ud12_Ejercicio2_GeneradorIP.GeneradorTest" time="0.001">
    <failure message="expected: not &lt;null&gt;" type="org.opentest4j.AssertionFailedError"><![CDATA[org.opentest4j.AssertionFailedError: expected: not <null>
	at ed22_ud12_Ejercicio2_GeneradorIP.GeneradorTest.testIfIsNotNull(GeneradorTest.java:32)
]]></failure>
  </testcase>
  <testcase name="testIfIsNotNull[533]" classname="ed22_ud12_Ejercicio2_GeneradorIP.GeneradorTest" time="0.001">
    <failure message="expected: not &lt;null&gt;" type="org.opentest4j.AssertionFailedError"><![CDATA[org.opentest4j.AssertionFailedError: expected: not <null>
	at ed22_ud12_Ejercicio2_GeneradorIP.GeneradorTest.testIfIsNotNull(GeneradorTest.java:32)
]]></failure>
  </testcase>
  <testcase name="testIfIsNotNull[534]" classname="ed22_ud12_Ejercicio2_GeneradorIP.GeneradorTest" time="0">
    <failure message="expected: not &lt;null&gt;" type="org.opentest4j.AssertionFailedError"><![CDATA[org.opentest4j.AssertionFailedError: expected: not <null>
	at ed22_ud12_Ejercicio2_GeneradorIP.GeneradorTest.testIfIsNotNull(GeneradorTest.java:32)
]]></failure>
  </testcase>
  <testcase name="testIfIsNotNull[535]" classname="ed22_ud12_Ejercicio2_GeneradorIP.GeneradorTest" time="0">
    <failure message="expected: not &lt;null&gt;" type="org.opentest4j.AssertionFailedError"><![CDATA[org.opentest4j.AssertionFailedError: expected: not <null>
	at ed22_ud12_Ejercicio2_GeneradorIP.GeneradorTest.testIfIsNotNull(GeneradorTest.java:32)
]]></failure>
  </testcase>
  <testcase name="testIfIsNotNull[536]" classname="ed22_ud12_Ejercicio2_GeneradorIP.GeneradorTest" time="0.001">
    <failure message="expected: not &lt;null&gt;" type="org.opentest4j.AssertionFailedError"><![CDATA[org.opentest4j.AssertionFailedError: expected: not <null>
	at ed22_ud12_Ejercicio2_GeneradorIP.GeneradorTest.testIfIsNotNull(GeneradorTest.java:32)
]]></failure>
  </testcase>
  <testcase name="testIfIsNotNull[537]" classname="ed22_ud12_Ejercicio2_GeneradorIP.GeneradorTest" time="0">
    <failure message="expected: not &lt;null&gt;" type="org.opentest4j.AssertionFailedError"><![CDATA[org.opentest4j.AssertionFailedError: expected: not <null>
	at ed22_ud12_Ejercicio2_GeneradorIP.GeneradorTest.testIfIsNotNull(GeneradorTest.java:32)
]]></failure>
  </testcase>
  <testcase name="testIfIsNotNull[538]" classname="ed22_ud12_Ejercicio2_GeneradorIP.GeneradorTest" time="0">
    <failure message="expected: not &lt;null&gt;" type="org.opentest4j.AssertionFailedError"><![CDATA[org.opentest4j.AssertionFailedError: expected: not <null>
	at ed22_ud12_Ejercicio2_GeneradorIP.GeneradorTest.testIfIsNotNull(GeneradorTest.java:32)
]]></failure>
  </testcase>
  <testcase name="testIfIsNotNull[539]" classname="ed22_ud12_Ejercicio2_GeneradorIP.GeneradorTest" time="0">
    <failure message="expected: not &lt;null&gt;" type="org.opentest4j.AssertionFailedError"><![CDATA[org.opentest4j.AssertionFailedError: expected: not <null>
	at ed22_ud12_Ejercicio2_GeneradorIP.GeneradorTest.testIfIsNotNull(GeneradorTest.java:32)
]]></failure>
  </testcase>
  <testcase name="testIfIsNotNull[540]" classname="ed22_ud12_Ejercicio2_GeneradorIP.GeneradorTest" time="0">
    <failure message="expected: not &lt;null&gt;" type="org.opentest4j.AssertionFailedError"><![CDATA[org.opentest4j.AssertionFailedError: expected: not <null>
	at ed22_ud12_Ejercicio2_GeneradorIP.GeneradorTest.testIfIsNotNull(GeneradorTest.java:32)
]]></failure>
  </testcase>
  <testcase name="testIfIsNotNull[541]" classname="ed22_ud12_Ejercicio2_GeneradorIP.GeneradorTest" time="0.001">
    <failure message="expected: not &lt;null&gt;" type="org.opentest4j.AssertionFailedError"><![CDATA[org.opentest4j.AssertionFailedError: expected: not <null>
	at ed22_ud12_Ejercicio2_GeneradorIP.GeneradorTest.testIfIsNotNull(GeneradorTest.java:32)
]]></failure>
  </testcase>
  <testcase name="testIfIsNotNull[542]" classname="ed22_ud12_Ejercicio2_GeneradorIP.GeneradorTest" time="0">
    <failure message="expected: not &lt;null&gt;" type="org.opentest4j.AssertionFailedError"><![CDATA[org.opentest4j.AssertionFailedError: expected: not <null>
	at ed22_ud12_Ejercicio2_GeneradorIP.GeneradorTest.testIfIsNotNull(GeneradorTest.java:32)
]]></failure>
  </testcase>
  <testcase name="testIfIsNotNull[543]" classname="ed22_ud12_Ejercicio2_GeneradorIP.GeneradorTest" time="0">
    <failure message="expected: not &lt;null&gt;" type="org.opentest4j.AssertionFailedError"><![CDATA[org.opentest4j.AssertionFailedError: expected: not <null>
	at ed22_ud12_Ejercicio2_GeneradorIP.GeneradorTest.testIfIsNotNull(GeneradorTest.java:32)
]]></failure>
  </testcase>
  <testcase name="testIfIsNotNull[544]" classname="ed22_ud12_Ejercicio2_GeneradorIP.GeneradorTest" time="0.001">
    <failure message="expected: not &lt;null&gt;" type="org.opentest4j.AssertionFailedError"><![CDATA[org.opentest4j.AssertionFailedError: expected: not <null>
	at ed22_ud12_Ejercicio2_GeneradorIP.GeneradorTest.testIfIsNotNull(GeneradorTest.java:32)
]]></failure>
  </testcase>
  <testcase name="testIfIsNotNull[545]" classname="ed22_ud12_Ejercicio2_GeneradorIP.GeneradorTest" time="0">
    <failure message="expected: not &lt;null&gt;" type="org.opentest4j.AssertionFailedError"><![CDATA[org.opentest4j.AssertionFailedError: expected: not <null>
	at ed22_ud12_Ejercicio2_GeneradorIP.GeneradorTest.testIfIsNotNull(GeneradorTest.java:32)
]]></failure>
  </testcase>
  <testcase name="testIfIsNotNull[546]" classname="ed22_ud12_Ejercicio2_GeneradorIP.GeneradorTest" time="0">
    <failure message="expected: not &lt;null&gt;" type="org.opentest4j.AssertionFailedError"><![CDATA[org.opentest4j.AssertionFailedError: expected: not <null>
	at ed22_ud12_Ejercicio2_GeneradorIP.GeneradorTest.testIfIsNotNull(GeneradorTest.java:32)
]]></failure>
  </testcase>
  <testcase name="testIfIsNotNull[547]" classname="ed22_ud12_Ejercicio2_GeneradorIP.GeneradorTest" time="0">
    <failure message="expected: not &lt;null&gt;" type="org.opentest4j.AssertionFailedError"><![CDATA[org.opentest4j.AssertionFailedError: expected: not <null>
	at ed22_ud12_Ejercicio2_GeneradorIP.GeneradorTest.testIfIsNotNull(GeneradorTest.java:32)
]]></failure>
  </testcase>
  <testcase name="testIfIsNotNull[548]" classname="ed22_ud12_Ejercicio2_GeneradorIP.GeneradorTest" time="0">
    <failure message="expected: not &lt;null&gt;" type="org.opentest4j.AssertionFailedError"><![CDATA[org.opentest4j.AssertionFailedError: expected: not <null>
	at ed22_ud12_Ejercicio2_GeneradorIP.GeneradorTest.testIfIsNotNull(GeneradorTest.java:32)
]]></failure>
  </testcase>
  <testcase name="testIfIsNotNull[549]" classname="ed22_ud12_Ejercicio2_GeneradorIP.GeneradorTest" time="0.001">
    <failure message="expected: not &lt;null&gt;" type="org.opentest4j.AssertionFailedError"><![CDATA[org.opentest4j.AssertionFailedError: expected: not <null>
	at ed22_ud12_Ejercicio2_GeneradorIP.GeneradorTest.testIfIsNotNull(GeneradorTest.java:32)
]]></failure>
  </testcase>
  <testcase name="testIfIsNotNull[550]" classname="ed22_ud12_Ejercicio2_GeneradorIP.GeneradorTest" time="0.001">
    <failure message="expected: not &lt;null&gt;" type="org.opentest4j.AssertionFailedError"><![CDATA[org.opentest4j.AssertionFailedError: expected: not <null>
	at ed22_ud12_Ejercicio2_GeneradorIP.GeneradorTest.testIfIsNotNull(GeneradorTest.java:32)
]]></failure>
  </testcase>
  <testcase name="testIfIsNotNull[551]" classname="ed22_ud12_Ejercicio2_GeneradorIP.GeneradorTest" time="0">
    <failure message="expected: not &lt;null&gt;" type="org.opentest4j.AssertionFailedError"><![CDATA[org.opentest4j.AssertionFailedError: expected: not <null>
	at ed22_ud12_Ejercicio2_GeneradorIP.GeneradorTest.testIfIsNotNull(GeneradorTest.java:32)
]]></failure>
  </testcase>
  <testcase name="testIfIsNotNull[552]" classname="ed22_ud12_Ejercicio2_GeneradorIP.GeneradorTest" time="0">
    <failure message="expected: not &lt;null&gt;" type="org.opentest4j.AssertionFailedError"><![CDATA[org.opentest4j.AssertionFailedError: expected: not <null>
	at ed22_ud12_Ejercicio2_GeneradorIP.GeneradorTest.testIfIsNotNull(GeneradorTest.java:32)
]]></failure>
  </testcase>
  <testcase name="testIfIsNotNull[553]" classname="ed22_ud12_Ejercicio2_GeneradorIP.GeneradorTest" time="0">
    <failure message="expected: not &lt;null&gt;" type="org.opentest4j.AssertionFailedError"><![CDATA[org.opentest4j.AssertionFailedError: expected: not <null>
	at ed22_ud12_Ejercicio2_GeneradorIP.GeneradorTest.testIfIsNotNull(GeneradorTest.java:32)
]]></failure>
  </testcase>
  <testcase name="testIfIsNotNull[554]" classname="ed22_ud12_Ejercicio2_GeneradorIP.GeneradorTest" time="0.001">
    <failure message="expected: not &lt;null&gt;" type="org.opentest4j.AssertionFailedError"><![CDATA[org.opentest4j.AssertionFailedError: expected: not <null>
	at ed22_ud12_Ejercicio2_GeneradorIP.GeneradorTest.testIfIsNotNull(GeneradorTest.java:32)
]]></failure>
  </testcase>
  <testcase name="testIfIsNotNull[555]" classname="ed22_ud12_Ejercicio2_GeneradorIP.GeneradorTest" time="0">
    <failure message="expected: not &lt;null&gt;" type="org.opentest4j.AssertionFailedError"><![CDATA[org.opentest4j.AssertionFailedError: expected: not <null>
	at ed22_ud12_Ejercicio2_GeneradorIP.GeneradorTest.testIfIsNotNull(GeneradorTest.java:32)
]]></failure>
  </testcase>
  <testcase name="testIfIsNotNull[556]" classname="ed22_ud12_Ejercicio2_GeneradorIP.GeneradorTest" time="0.001">
    <failure message="expected: not &lt;null&gt;" type="org.opentest4j.AssertionFailedError"><![CDATA[org.opentest4j.AssertionFailedError: expected: not <null>
	at ed22_ud12_Ejercicio2_GeneradorIP.GeneradorTest.testIfIsNotNull(GeneradorTest.java:32)
]]></failure>
  </testcase>
  <testcase name="testIfIsNotNull[557]" classname="ed22_ud12_Ejercicio2_GeneradorIP.GeneradorTest" time="0">
    <failure message="expected: not &lt;null&gt;" type="org.opentest4j.AssertionFailedError"><![CDATA[org.opentest4j.AssertionFailedError: expected: not <null>
	at ed22_ud12_Ejercicio2_GeneradorIP.GeneradorTest.testIfIsNotNull(GeneradorTest.java:32)
]]></failure>
  </testcase>
  <testcase name="testIfIsNotNull[558]" classname="ed22_ud12_Ejercicio2_GeneradorIP.GeneradorTest" time="0">
    <failure message="expected: not &lt;null&gt;" type="org.opentest4j.AssertionFailedError"><![CDATA[org.opentest4j.AssertionFailedError: expected: not <null>
	at ed22_ud12_Ejercicio2_GeneradorIP.GeneradorTest.testIfIsNotNull(GeneradorTest.java:32)
]]></failure>
  </testcase>
  <testcase name="testIfIsNotNull[559]" classname="ed22_ud12_Ejercicio2_GeneradorIP.GeneradorTest" time="0.001">
    <failure message="expected: not &lt;null&gt;" type="org.opentest4j.AssertionFailedError"><![CDATA[org.opentest4j.AssertionFailedError: expected: not <null>
	at ed22_ud12_Ejercicio2_GeneradorIP.GeneradorTest.testIfIsNotNull(GeneradorTest.java:32)
]]></failure>
  </testcase>
  <testcase name="testIfIsNotNull[560]" classname="ed22_ud12_Ejercicio2_GeneradorIP.GeneradorTest" time="0">
    <failure message="expected: not &lt;null&gt;" type="org.opentest4j.AssertionFailedError"><![CDATA[org.opentest4j.AssertionFailedError: expected: not <null>
	at ed22_ud12_Ejercicio2_GeneradorIP.GeneradorTest.testIfIsNotNull(GeneradorTest.java:32)
]]></failure>
  </testcase>
  <testcase name="testIfIsNotNull[561]" classname="ed22_ud12_Ejercicio2_GeneradorIP.GeneradorTest" time="0">
    <failure message="expected: not &lt;null&gt;" type="org.opentest4j.AssertionFailedError"><![CDATA[org.opentest4j.AssertionFailedError: expected: not <null>
	at ed22_ud12_Ejercicio2_GeneradorIP.GeneradorTest.testIfIsNotNull(GeneradorTest.java:32)
]]></failure>
  </testcase>
  <testcase name="testIfIsNotNull[562]" classname="ed22_ud12_Ejercicio2_GeneradorIP.GeneradorTest" time="0">
    <failure message="expected: not &lt;null&gt;" type="org.opentest4j.AssertionFailedError"><![CDATA[org.opentest4j.AssertionFailedError: expected: not <null>
	at ed22_ud12_Ejercicio2_GeneradorIP.GeneradorTest.testIfIsNotNull(GeneradorTest.java:32)
]]></failure>
  </testcase>
  <testcase name="testIfIsNotNull[563]" classname="ed22_ud12_Ejercicio2_GeneradorIP.GeneradorTest" time="0">
    <failure message="expected: not &lt;null&gt;" type="org.opentest4j.AssertionFailedError"><![CDATA[org.opentest4j.AssertionFailedError: expected: not <null>
	at ed22_ud12_Ejercicio2_GeneradorIP.GeneradorTest.testIfIsNotNull(GeneradorTest.java:32)
]]></failure>
  </testcase>
  <testcase name="testIfIsNotNull[564]" classname="ed22_ud12_Ejercicio2_GeneradorIP.GeneradorTest" time="0">
    <failure message="expected: not &lt;null&gt;" type="org.opentest4j.AssertionFailedError"><![CDATA[org.opentest4j.AssertionFailedError: expected: not <null>
	at ed22_ud12_Ejercicio2_GeneradorIP.GeneradorTest.testIfIsNotNull(GeneradorTest.java:32)
]]></failure>
  </testcase>
  <testcase name="testIfIsNotNull[565]" classname="ed22_ud12_Ejercicio2_GeneradorIP.GeneradorTest" time="0">
    <failure message="expected: not &lt;null&gt;" type="org.opentest4j.AssertionFailedError"><![CDATA[org.opentest4j.AssertionFailedError: expected: not <null>
	at ed22_ud12_Ejercicio2_GeneradorIP.GeneradorTest.testIfIsNotNull(GeneradorTest.java:32)
]]></failure>
  </testcase>
  <testcase name="testIfIsNotNull[566]" classname="ed22_ud12_Ejercicio2_GeneradorIP.GeneradorTest" time="0">
    <failure message="expected: not &lt;null&gt;" type="org.opentest4j.AssertionFailedError"><![CDATA[org.opentest4j.AssertionFailedError: expected: not <null>
	at ed22_ud12_Ejercicio2_GeneradorIP.GeneradorTest.testIfIsNotNull(GeneradorTest.java:32)
]]></failure>
  </testcase>
  <testcase name="testIfIsNotNull[567]" classname="ed22_ud12_Ejercicio2_GeneradorIP.GeneradorTest" time="0">
    <failure message="expected: not &lt;null&gt;" type="org.opentest4j.AssertionFailedError"><![CDATA[org.opentest4j.AssertionFailedError: expected: not <null>
	at ed22_ud12_Ejercicio2_GeneradorIP.GeneradorTest.testIfIsNotNull(GeneradorTest.java:32)
]]></failure>
  </testcase>
  <testcase name="testIfIsNotNull[568]" classname="ed22_ud12_Ejercicio2_GeneradorIP.GeneradorTest" time="0.001">
    <failure message="expected: not &lt;null&gt;" type="org.opentest4j.AssertionFailedError"><![CDATA[org.opentest4j.AssertionFailedError: expected: not <null>
	at ed22_ud12_Ejercicio2_GeneradorIP.GeneradorTest.testIfIsNotNull(GeneradorTest.java:32)
]]></failure>
  </testcase>
  <testcase name="testIfIsNotNull[569]" classname="ed22_ud12_Ejercicio2_GeneradorIP.GeneradorTest" time="0.001">
    <failure message="expected: not &lt;null&gt;" type="org.opentest4j.AssertionFailedError"><![CDATA[org.opentest4j.AssertionFailedError: expected: not <null>
	at ed22_ud12_Ejercicio2_GeneradorIP.GeneradorTest.testIfIsNotNull(GeneradorTest.java:32)
]]></failure>
  </testcase>
  <testcase name="testIfIsNotNull[570]" classname="ed22_ud12_Ejercicio2_GeneradorIP.GeneradorTest" time="0.001">
    <failure message="expected: not &lt;null&gt;" type="org.opentest4j.AssertionFailedError"><![CDATA[org.opentest4j.AssertionFailedError: expected: not <null>
	at ed22_ud12_Ejercicio2_GeneradorIP.GeneradorTest.testIfIsNotNull(GeneradorTest.java:32)
]]></failure>
  </testcase>
  <testcase name="testIfIsNotNull[571]" classname="ed22_ud12_Ejercicio2_GeneradorIP.GeneradorTest" time="0.001">
    <failure message="expected: not &lt;null&gt;" type="org.opentest4j.AssertionFailedError"><![CDATA[org.opentest4j.AssertionFailedError: expected: not <null>
	at ed22_ud12_Ejercicio2_GeneradorIP.GeneradorTest.testIfIsNotNull(GeneradorTest.java:32)
]]></failure>
  </testcase>
  <testcase name="testIfIsNotNull[572]" classname="ed22_ud12_Ejercicio2_GeneradorIP.GeneradorTest" time="0.001">
    <failure message="expected: not &lt;null&gt;" type="org.opentest4j.AssertionFailedError"><![CDATA[org.opentest4j.AssertionFailedError: expected: not <null>
	at ed22_ud12_Ejercicio2_GeneradorIP.GeneradorTest.testIfIsNotNull(GeneradorTest.java:32)
]]></failure>
  </testcase>
  <testcase name="testIfIsNotNull[573]" classname="ed22_ud12_Ejercicio2_GeneradorIP.GeneradorTest" time="0.001">
    <failure message="expected: not &lt;null&gt;" type="org.opentest4j.AssertionFailedError"><![CDATA[org.opentest4j.AssertionFailedError: expected: not <null>
	at ed22_ud12_Ejercicio2_GeneradorIP.GeneradorTest.testIfIsNotNull(GeneradorTest.java:32)
]]></failure>
  </testcase>
  <testcase name="testIfIsNotNull[574]" classname="ed22_ud12_Ejercicio2_GeneradorIP.GeneradorTest" time="0">
    <failure message="expected: not &lt;null&gt;" type="org.opentest4j.AssertionFailedError"><![CDATA[org.opentest4j.AssertionFailedError: expected: not <null>
	at ed22_ud12_Ejercicio2_GeneradorIP.GeneradorTest.testIfIsNotNull(GeneradorTest.java:32)
]]></failure>
  </testcase>
  <testcase name="testIfIsNotNull[575]" classname="ed22_ud12_Ejercicio2_GeneradorIP.GeneradorTest" time="0">
    <failure message="expected: not &lt;null&gt;" type="org.opentest4j.AssertionFailedError"><![CDATA[org.opentest4j.AssertionFailedError: expected: not <null>
	at ed22_ud12_Ejercicio2_GeneradorIP.GeneradorTest.testIfIsNotNull(GeneradorTest.java:32)
]]></failure>
  </testcase>
  <testcase name="testIfIsNotNull[576]" classname="ed22_ud12_Ejercicio2_GeneradorIP.GeneradorTest" time="0">
    <failure message="expected: not &lt;null&gt;" type="org.opentest4j.AssertionFailedError"><![CDATA[org.opentest4j.AssertionFailedError: expected: not <null>
	at ed22_ud12_Ejercicio2_GeneradorIP.GeneradorTest.testIfIsNotNull(GeneradorTest.java:32)
]]></failure>
  </testcase>
  <testcase name="testIfIsNotNull[577]" classname="ed22_ud12_Ejercicio2_GeneradorIP.GeneradorTest" time="0">
    <failure message="expected: not &lt;null&gt;" type="org.opentest4j.AssertionFailedError"><![CDATA[org.opentest4j.AssertionFailedError: expected: not <null>
	at ed22_ud12_Ejercicio2_GeneradorIP.GeneradorTest.testIfIsNotNull(GeneradorTest.java:32)
]]></failure>
  </testcase>
  <testcase name="testIfIsNotNull[578]" classname="ed22_ud12_Ejercicio2_GeneradorIP.GeneradorTest" time="0">
    <failure message="expected: not &lt;null&gt;" type="org.opentest4j.AssertionFailedError"><![CDATA[org.opentest4j.AssertionFailedError: expected: not <null>
	at ed22_ud12_Ejercicio2_GeneradorIP.GeneradorTest.testIfIsNotNull(GeneradorTest.java:32)
]]></failure>
  </testcase>
  <testcase name="testIfIsNotNull[579]" classname="ed22_ud12_Ejercicio2_GeneradorIP.GeneradorTest" time="0">
    <failure message="expected: not &lt;null&gt;" type="org.opentest4j.AssertionFailedError"><![CDATA[org.opentest4j.AssertionFailedError: expected: not <null>
	at ed22_ud12_Ejercicio2_GeneradorIP.GeneradorTest.testIfIsNotNull(GeneradorTest.java:32)
]]></failure>
  </testcase>
  <testcase name="testIfIsNotNull[580]" classname="ed22_ud12_Ejercicio2_GeneradorIP.GeneradorTest" time="0.004">
    <failure message="expected: not &lt;null&gt;" type="org.opentest4j.AssertionFailedError"><![CDATA[org.opentest4j.AssertionFailedError: expected: not <null>
	at ed22_ud12_Ejercicio2_GeneradorIP.GeneradorTest.testIfIsNotNull(GeneradorTest.java:32)
]]></failure>
  </testcase>
  <testcase name="testIfIsNotNull[581]" classname="ed22_ud12_Ejercicio2_GeneradorIP.GeneradorTest" time="0.001">
    <failure message="expected: not &lt;null&gt;" type="org.opentest4j.AssertionFailedError"><![CDATA[org.opentest4j.AssertionFailedError: expected: not <null>
	at ed22_ud12_Ejercicio2_GeneradorIP.GeneradorTest.testIfIsNotNull(GeneradorTest.java:32)
]]></failure>
  </testcase>
  <testcase name="testIfIsNotNull[582]" classname="ed22_ud12_Ejercicio2_GeneradorIP.GeneradorTest" time="0.001">
    <failure message="expected: not &lt;null&gt;" type="org.opentest4j.AssertionFailedError"><![CDATA[org.opentest4j.AssertionFailedError: expected: not <null>
	at ed22_ud12_Ejercicio2_GeneradorIP.GeneradorTest.testIfIsNotNull(GeneradorTest.java:32)
]]></failure>
  </testcase>
  <testcase name="testIfIsNotNull[583]" classname="ed22_ud12_Ejercicio2_GeneradorIP.GeneradorTest" time="0.001">
    <failure message="expected: not &lt;null&gt;" type="org.opentest4j.AssertionFailedError"><![CDATA[org.opentest4j.AssertionFailedError: expected: not <null>
	at ed22_ud12_Ejercicio2_GeneradorIP.GeneradorTest.testIfIsNotNull(GeneradorTest.java:32)
]]></failure>
  </testcase>
  <testcase name="testIfIsNotNull[584]" classname="ed22_ud12_Ejercicio2_GeneradorIP.GeneradorTest" time="0.001">
    <failure message="expected: not &lt;null&gt;" type="org.opentest4j.AssertionFailedError"><![CDATA[org.opentest4j.AssertionFailedError: expected: not <null>
	at ed22_ud12_Ejercicio2_GeneradorIP.GeneradorTest.testIfIsNotNull(GeneradorTest.java:32)
]]></failure>
  </testcase>
  <testcase name="testIfIsNotNull[585]" classname="ed22_ud12_Ejercicio2_GeneradorIP.GeneradorTest" time="0.001">
    <failure message="expected: not &lt;null&gt;" type="org.opentest4j.AssertionFailedError"><![CDATA[org.opentest4j.AssertionFailedError: expected: not <null>
	at ed22_ud12_Ejercicio2_GeneradorIP.GeneradorTest.testIfIsNotNull(GeneradorTest.java:32)
]]></failure>
  </testcase>
  <testcase name="testIfIsNotNull[586]" classname="ed22_ud12_Ejercicio2_GeneradorIP.GeneradorTest" time="0.001">
    <failure message="expected: not &lt;null&gt;" type="org.opentest4j.AssertionFailedError"><![CDATA[org.opentest4j.AssertionFailedError: expected: not <null>
	at ed22_ud12_Ejercicio2_GeneradorIP.GeneradorTest.testIfIsNotNull(GeneradorTest.java:32)
]]></failure>
  </testcase>
  <testcase name="testIfIsNotNull[587]" classname="ed22_ud12_Ejercicio2_GeneradorIP.GeneradorTest" time="0.001">
    <failure message="expected: not &lt;null&gt;" type="org.opentest4j.AssertionFailedError"><![CDATA[org.opentest4j.AssertionFailedError: expected: not <null>
	at ed22_ud12_Ejercicio2_GeneradorIP.GeneradorTest.testIfIsNotNull(GeneradorTest.java:32)
]]></failure>
  </testcase>
  <testcase name="testIfIsNotNull[588]" classname="ed22_ud12_Ejercicio2_GeneradorIP.GeneradorTest" time="0.001">
    <failure message="expected: not &lt;null&gt;" type="org.opentest4j.AssertionFailedError"><![CDATA[org.opentest4j.AssertionFailedError: expected: not <null>
	at ed22_ud12_Ejercicio2_GeneradorIP.GeneradorTest.testIfIsNotNull(GeneradorTest.java:32)
]]></failure>
  </testcase>
  <testcase name="testIfIsNotNull[589]" classname="ed22_ud12_Ejercicio2_GeneradorIP.GeneradorTest" time="0.001">
    <failure message="expected: not &lt;null&gt;" type="org.opentest4j.AssertionFailedError"><![CDATA[org.opentest4j.AssertionFailedError: expected: not <null>
	at ed22_ud12_Ejercicio2_GeneradorIP.GeneradorTest.testIfIsNotNull(GeneradorTest.java:32)
]]></failure>
  </testcase>
  <testcase name="testIfIsNotNull[590]" classname="ed22_ud12_Ejercicio2_GeneradorIP.GeneradorTest" time="0">
    <failure message="expected: not &lt;null&gt;" type="org.opentest4j.AssertionFailedError"><![CDATA[org.opentest4j.AssertionFailedError: expected: not <null>
	at ed22_ud12_Ejercicio2_GeneradorIP.GeneradorTest.testIfIsNotNull(GeneradorTest.java:32)
]]></failure>
  </testcase>
  <testcase name="testIfIsNotNull[591]" classname="ed22_ud12_Ejercicio2_GeneradorIP.GeneradorTest" time="0">
    <failure message="expected: not &lt;null&gt;" type="org.opentest4j.AssertionFailedError"><![CDATA[org.opentest4j.AssertionFailedError: expected: not <null>
	at ed22_ud12_Ejercicio2_GeneradorIP.GeneradorTest.testIfIsNotNull(GeneradorTest.java:32)
]]></failure>
  </testcase>
  <testcase name="testIfIsNotNull[592]" classname="ed22_ud12_Ejercicio2_GeneradorIP.GeneradorTest" time="0.001">
    <failure message="expected: not &lt;null&gt;" type="org.opentest4j.AssertionFailedError"><![CDATA[org.opentest4j.AssertionFailedError: expected: not <null>
	at ed22_ud12_Ejercicio2_GeneradorIP.GeneradorTest.testIfIsNotNull(GeneradorTest.java:32)
]]></failure>
  </testcase>
  <testcase name="testIfIsNotNull[593]" classname="ed22_ud12_Ejercicio2_GeneradorIP.GeneradorTest" time="0">
    <failure message="expected: not &lt;null&gt;" type="org.opentest4j.AssertionFailedError"><![CDATA[org.opentest4j.AssertionFailedError: expected: not <null>
	at ed22_ud12_Ejercicio2_GeneradorIP.GeneradorTest.testIfIsNotNull(GeneradorTest.java:32)
]]></failure>
  </testcase>
  <testcase name="testIfIsNotNull[594]" classname="ed22_ud12_Ejercicio2_GeneradorIP.GeneradorTest" time="0">
    <failure message="expected: not &lt;null&gt;" type="org.opentest4j.AssertionFailedError"><![CDATA[org.opentest4j.AssertionFailedError: expected: not <null>
	at ed22_ud12_Ejercicio2_GeneradorIP.GeneradorTest.testIfIsNotNull(GeneradorTest.java:32)
]]></failure>
  </testcase>
  <testcase name="testIfIsNotNull[595]" classname="ed22_ud12_Ejercicio2_GeneradorIP.GeneradorTest" time="0.001">
    <failure message="expected: not &lt;null&gt;" type="org.opentest4j.AssertionFailedError"><![CDATA[org.opentest4j.AssertionFailedError: expected: not <null>
	at ed22_ud12_Ejercicio2_GeneradorIP.GeneradorTest.testIfIsNotNull(GeneradorTest.java:32)
]]></failure>
  </testcase>
  <testcase name="testIfIsNotNull[596]" classname="ed22_ud12_Ejercicio2_GeneradorIP.GeneradorTest" time="0">
    <failure message="expected: not &lt;null&gt;" type="org.opentest4j.AssertionFailedError"><![CDATA[org.opentest4j.AssertionFailedError: expected: not <null>
	at ed22_ud12_Ejercicio2_GeneradorIP.GeneradorTest.testIfIsNotNull(GeneradorTest.java:32)
]]></failure>
  </testcase>
  <testcase name="testIfIsNotNull[597]" classname="ed22_ud12_Ejercicio2_GeneradorIP.GeneradorTest" time="0">
    <failure message="expected: not &lt;null&gt;" type="org.opentest4j.AssertionFailedError"><![CDATA[org.opentest4j.AssertionFailedError: expected: not <null>
	at ed22_ud12_Ejercicio2_GeneradorIP.GeneradorTest.testIfIsNotNull(GeneradorTest.java:32)
]]></failure>
  </testcase>
  <testcase name="testIfIsNotNull[598]" classname="ed22_ud12_Ejercicio2_GeneradorIP.GeneradorTest" time="0">
    <failure message="expected: not &lt;null&gt;" type="org.opentest4j.AssertionFailedError"><![CDATA[org.opentest4j.AssertionFailedError: expected: not <null>
	at ed22_ud12_Ejercicio2_GeneradorIP.GeneradorTest.testIfIsNotNull(GeneradorTest.java:32)
]]></failure>
  </testcase>
  <testcase name="testIfIsNotNull[599]" classname="ed22_ud12_Ejercicio2_GeneradorIP.GeneradorTest" time="0.001">
    <failure message="expected: not &lt;null&gt;" type="org.opentest4j.AssertionFailedError"><![CDATA[org.opentest4j.AssertionFailedError: expected: not <null>
	at ed22_ud12_Ejercicio2_GeneradorIP.GeneradorTest.testIfIsNotNull(GeneradorTest.java:32)
]]></failure>
  </testcase>
  <testcase name="testIfIsNotNull[600]" classname="ed22_ud12_Ejercicio2_GeneradorIP.GeneradorTest" time="0">
    <failure message="expected: not &lt;null&gt;" type="org.opentest4j.AssertionFailedError"><![CDATA[org.opentest4j.AssertionFailedError: expected: not <null>
	at ed22_ud12_Ejercicio2_GeneradorIP.GeneradorTest.testIfIsNotNull(GeneradorTest.java:32)
]]></failure>
  </testcase>
  <testcase name="testIfIsNotNull[601]" classname="ed22_ud12_Ejercicio2_GeneradorIP.GeneradorTest" time="0">
    <failure message="expected: not &lt;null&gt;" type="org.opentest4j.AssertionFailedError"><![CDATA[org.opentest4j.AssertionFailedError: expected: not <null>
	at ed22_ud12_Ejercicio2_GeneradorIP.GeneradorTest.testIfIsNotNull(GeneradorTest.java:32)
]]></failure>
  </testcase>
  <testcase name="testIfIsNotNull[602]" classname="ed22_ud12_Ejercicio2_GeneradorIP.GeneradorTest" time="0.001">
    <failure message="expected: not &lt;null&gt;" type="org.opentest4j.AssertionFailedError"><![CDATA[org.opentest4j.AssertionFailedError: expected: not <null>
	at ed22_ud12_Ejercicio2_GeneradorIP.GeneradorTest.testIfIsNotNull(GeneradorTest.java:32)
]]></failure>
  </testcase>
  <testcase name="testIfIsNotNull[603]" classname="ed22_ud12_Ejercicio2_GeneradorIP.GeneradorTest" time="0.001">
    <failure message="expected: not &lt;null&gt;" type="org.opentest4j.AssertionFailedError"><![CDATA[org.opentest4j.AssertionFailedError: expected: not <null>
	at ed22_ud12_Ejercicio2_GeneradorIP.GeneradorTest.testIfIsNotNull(GeneradorTest.java:32)
]]></failure>
  </testcase>
  <testcase name="testIfIsNotNull[604]" classname="ed22_ud12_Ejercicio2_GeneradorIP.GeneradorTest" time="0">
    <failure message="expected: not &lt;null&gt;" type="org.opentest4j.AssertionFailedError"><![CDATA[org.opentest4j.AssertionFailedError: expected: not <null>
	at ed22_ud12_Ejercicio2_GeneradorIP.GeneradorTest.testIfIsNotNull(GeneradorTest.java:32)
]]></failure>
  </testcase>
  <testcase name="testIfIsNotNull[605]" classname="ed22_ud12_Ejercicio2_GeneradorIP.GeneradorTest" time="0">
    <failure message="expected: not &lt;null&gt;" type="org.opentest4j.AssertionFailedError"><![CDATA[org.opentest4j.AssertionFailedError: expected: not <null>
	at ed22_ud12_Ejercicio2_GeneradorIP.GeneradorTest.testIfIsNotNull(GeneradorTest.java:32)
]]></failure>
  </testcase>
  <testcase name="testIfIsNotNull[606]" classname="ed22_ud12_Ejercicio2_GeneradorIP.GeneradorTest" time="0">
    <failure message="expected: not &lt;null&gt;" type="org.opentest4j.AssertionFailedError"><![CDATA[org.opentest4j.AssertionFailedError: expected: not <null>
	at ed22_ud12_Ejercicio2_GeneradorIP.GeneradorTest.testIfIsNotNull(GeneradorTest.java:32)
]]></failure>
  </testcase>
  <testcase name="testIfIsNotNull[607]" classname="ed22_ud12_Ejercicio2_GeneradorIP.GeneradorTest" time="0.001">
    <failure message="expected: not &lt;null&gt;" type="org.opentest4j.AssertionFailedError"><![CDATA[org.opentest4j.AssertionFailedError: expected: not <null>
	at ed22_ud12_Ejercicio2_GeneradorIP.GeneradorTest.testIfIsNotNull(GeneradorTest.java:32)
]]></failure>
  </testcase>
  <testcase name="testIfIsNotNull[608]" classname="ed22_ud12_Ejercicio2_GeneradorIP.GeneradorTest" time="0.001">
    <failure message="expected: not &lt;null&gt;" type="org.opentest4j.AssertionFailedError"><![CDATA[org.opentest4j.AssertionFailedError: expected: not <null>
	at ed22_ud12_Ejercicio2_GeneradorIP.GeneradorTest.testIfIsNotNull(GeneradorTest.java:32)
]]></failure>
  </testcase>
  <testcase name="testIfIsNotNull[609]" classname="ed22_ud12_Ejercicio2_GeneradorIP.GeneradorTest" time="0.001">
    <failure message="expected: not &lt;null&gt;" type="org.opentest4j.AssertionFailedError"><![CDATA[org.opentest4j.AssertionFailedError: expected: not <null>
	at ed22_ud12_Ejercicio2_GeneradorIP.GeneradorTest.testIfIsNotNull(GeneradorTest.java:32)
]]></failure>
  </testcase>
  <testcase name="testIfIsNotNull[610]" classname="ed22_ud12_Ejercicio2_GeneradorIP.GeneradorTest" time="0">
    <failure message="expected: not &lt;null&gt;" type="org.opentest4j.AssertionFailedError"><![CDATA[org.opentest4j.AssertionFailedError: expected: not <null>
	at ed22_ud12_Ejercicio2_GeneradorIP.GeneradorTest.testIfIsNotNull(GeneradorTest.java:32)
]]></failure>
  </testcase>
  <testcase name="testIfIsNotNull[611]" classname="ed22_ud12_Ejercicio2_GeneradorIP.GeneradorTest" time="0">
    <failure message="expected: not &lt;null&gt;" type="org.opentest4j.AssertionFailedError"><![CDATA[org.opentest4j.AssertionFailedError: expected: not <null>
	at ed22_ud12_Ejercicio2_GeneradorIP.GeneradorTest.testIfIsNotNull(GeneradorTest.java:32)
]]></failure>
  </testcase>
  <testcase name="testIfIsNotNull[612]" classname="ed22_ud12_Ejercicio2_GeneradorIP.GeneradorTest" time="0">
    <failure message="expected: not &lt;null&gt;" type="org.opentest4j.AssertionFailedError"><![CDATA[org.opentest4j.AssertionFailedError: expected: not <null>
	at ed22_ud12_Ejercicio2_GeneradorIP.GeneradorTest.testIfIsNotNull(GeneradorTest.java:32)
]]></failure>
  </testcase>
  <testcase name="testIfIsNotNull[613]" classname="ed22_ud12_Ejercicio2_GeneradorIP.GeneradorTest" time="0.001">
    <failure message="expected: not &lt;null&gt;" type="org.opentest4j.AssertionFailedError"><![CDATA[org.opentest4j.AssertionFailedError: expected: not <null>
	at ed22_ud12_Ejercicio2_GeneradorIP.GeneradorTest.testIfIsNotNull(GeneradorTest.java:32)
]]></failure>
  </testcase>
  <testcase name="testIfIsNotNull[614]" classname="ed22_ud12_Ejercicio2_GeneradorIP.GeneradorTest" time="0.001">
    <failure message="expected: not &lt;null&gt;" type="org.opentest4j.AssertionFailedError"><![CDATA[org.opentest4j.AssertionFailedError: expected: not <null>
	at ed22_ud12_Ejercicio2_GeneradorIP.GeneradorTest.testIfIsNotNull(GeneradorTest.java:32)
]]></failure>
  </testcase>
  <testcase name="testIfIsNotNull[615]" classname="ed22_ud12_Ejercicio2_GeneradorIP.GeneradorTest" time="0.001">
    <failure message="expected: not &lt;null&gt;" type="org.opentest4j.AssertionFailedError"><![CDATA[org.opentest4j.AssertionFailedError: expected: not <null>
	at ed22_ud12_Ejercicio2_GeneradorIP.GeneradorTest.testIfIsNotNull(GeneradorTest.java:32)
]]></failure>
  </testcase>
  <testcase name="testIfIsNotNull[616]" classname="ed22_ud12_Ejercicio2_GeneradorIP.GeneradorTest" time="0">
    <failure message="expected: not &lt;null&gt;" type="org.opentest4j.AssertionFailedError"><![CDATA[org.opentest4j.AssertionFailedError: expected: not <null>
	at ed22_ud12_Ejercicio2_GeneradorIP.GeneradorTest.testIfIsNotNull(GeneradorTest.java:32)
]]></failure>
  </testcase>
  <testcase name="testIfIsNotNull[617]" classname="ed22_ud12_Ejercicio2_GeneradorIP.GeneradorTest" time="0">
    <failure message="expected: not &lt;null&gt;" type="org.opentest4j.AssertionFailedError"><![CDATA[org.opentest4j.AssertionFailedError: expected: not <null>
	at ed22_ud12_Ejercicio2_GeneradorIP.GeneradorTest.testIfIsNotNull(GeneradorTest.java:32)
]]></failure>
  </testcase>
  <testcase name="testIfIsNotNull[618]" classname="ed22_ud12_Ejercicio2_GeneradorIP.GeneradorTest" time="0.001">
    <failure message="expected: not &lt;null&gt;" type="org.opentest4j.AssertionFailedError"><![CDATA[org.opentest4j.AssertionFailedError: expected: not <null>
	at ed22_ud12_Ejercicio2_GeneradorIP.GeneradorTest.testIfIsNotNull(GeneradorTest.java:32)
]]></failure>
  </testcase>
  <testcase name="testIfIsNotNull[619]" classname="ed22_ud12_Ejercicio2_GeneradorIP.GeneradorTest" time="0">
    <failure message="expected: not &lt;null&gt;" type="org.opentest4j.AssertionFailedError"><![CDATA[org.opentest4j.AssertionFailedError: expected: not <null>
	at ed22_ud12_Ejercicio2_GeneradorIP.GeneradorTest.testIfIsNotNull(GeneradorTest.java:32)
]]></failure>
  </testcase>
  <testcase name="testIfIsNotNull[620]" classname="ed22_ud12_Ejercicio2_GeneradorIP.GeneradorTest" time="0">
    <failure message="expected: not &lt;null&gt;" type="org.opentest4j.AssertionFailedError"><![CDATA[org.opentest4j.AssertionFailedError: expected: not <null>
	at ed22_ud12_Ejercicio2_GeneradorIP.GeneradorTest.testIfIsNotNull(GeneradorTest.java:32)
]]></failure>
  </testcase>
  <testcase name="testIfIsNotNull[621]" classname="ed22_ud12_Ejercicio2_GeneradorIP.GeneradorTest" time="0">
    <failure message="expected: not &lt;null&gt;" type="org.opentest4j.AssertionFailedError"><![CDATA[org.opentest4j.AssertionFailedError: expected: not <null>
	at ed22_ud12_Ejercicio2_GeneradorIP.GeneradorTest.testIfIsNotNull(GeneradorTest.java:32)
]]></failure>
  </testcase>
  <testcase name="testIfIsNotNull[622]" classname="ed22_ud12_Ejercicio2_GeneradorIP.GeneradorTest" time="0">
    <failure message="expected: not &lt;null&gt;" type="org.opentest4j.AssertionFailedError"><![CDATA[org.opentest4j.AssertionFailedError: expected: not <null>
	at ed22_ud12_Ejercicio2_GeneradorIP.GeneradorTest.testIfIsNotNull(GeneradorTest.java:32)
]]></failure>
  </testcase>
  <testcase name="testIfIsNotNull[623]" classname="ed22_ud12_Ejercicio2_GeneradorIP.GeneradorTest" time="0">
    <failure message="expected: not &lt;null&gt;" type="org.opentest4j.AssertionFailedError"><![CDATA[org.opentest4j.AssertionFailedError: expected: not <null>
	at ed22_ud12_Ejercicio2_GeneradorIP.GeneradorTest.testIfIsNotNull(GeneradorTest.java:32)
]]></failure>
  </testcase>
  <testcase name="testIfIsNotNull[624]" classname="ed22_ud12_Ejercicio2_GeneradorIP.GeneradorTest" time="0.001">
    <failure message="expected: not &lt;null&gt;" type="org.opentest4j.AssertionFailedError"><![CDATA[org.opentest4j.AssertionFailedError: expected: not <null>
	at ed22_ud12_Ejercicio2_GeneradorIP.GeneradorTest.testIfIsNotNull(GeneradorTest.java:32)
]]></failure>
  </testcase>
  <testcase name="testIfIsNotNull[625]" classname="ed22_ud12_Ejercicio2_GeneradorIP.GeneradorTest" time="0">
    <failure message="expected: not &lt;null&gt;" type="org.opentest4j.AssertionFailedError"><![CDATA[org.opentest4j.AssertionFailedError: expected: not <null>
	at ed22_ud12_Ejercicio2_GeneradorIP.GeneradorTest.testIfIsNotNull(GeneradorTest.java:32)
]]></failure>
  </testcase>
  <testcase name="testIfIsNotNull[626]" classname="ed22_ud12_Ejercicio2_GeneradorIP.GeneradorTest" time="0">
    <failure message="expected: not &lt;null&gt;" type="org.opentest4j.AssertionFailedError"><![CDATA[org.opentest4j.AssertionFailedError: expected: not <null>
	at ed22_ud12_Ejercicio2_GeneradorIP.GeneradorTest.testIfIsNotNull(GeneradorTest.java:32)
]]></failure>
  </testcase>
  <testcase name="testIfIsNotNull[627]" classname="ed22_ud12_Ejercicio2_GeneradorIP.GeneradorTest" time="0">
    <failure message="expected: not &lt;null&gt;" type="org.opentest4j.AssertionFailedError"><![CDATA[org.opentest4j.AssertionFailedError: expected: not <null>
	at ed22_ud12_Ejercicio2_GeneradorIP.GeneradorTest.testIfIsNotNull(GeneradorTest.java:32)
]]></failure>
  </testcase>
  <testcase name="testIfIsNotNull[628]" classname="ed22_ud12_Ejercicio2_GeneradorIP.GeneradorTest" time="0">
    <failure message="expected: not &lt;null&gt;" type="org.opentest4j.AssertionFailedError"><![CDATA[org.opentest4j.AssertionFailedError: expected: not <null>
	at ed22_ud12_Ejercicio2_GeneradorIP.GeneradorTest.testIfIsNotNull(GeneradorTest.java:32)
]]></failure>
  </testcase>
  <testcase name="testIfIsNotNull[629]" classname="ed22_ud12_Ejercicio2_GeneradorIP.GeneradorTest" time="0">
    <failure message="expected: not &lt;null&gt;" type="org.opentest4j.AssertionFailedError"><![CDATA[org.opentest4j.AssertionFailedError: expected: not <null>
	at ed22_ud12_Ejercicio2_GeneradorIP.GeneradorTest.testIfIsNotNull(GeneradorTest.java:32)
]]></failure>
  </testcase>
  <testcase name="testIfIsNotNull[630]" classname="ed22_ud12_Ejercicio2_GeneradorIP.GeneradorTest" time="0">
    <failure message="expected: not &lt;null&gt;" type="org.opentest4j.AssertionFailedError"><![CDATA[org.opentest4j.AssertionFailedError: expected: not <null>
	at ed22_ud12_Ejercicio2_GeneradorIP.GeneradorTest.testIfIsNotNull(GeneradorTest.java:32)
]]></failure>
  </testcase>
  <testcase name="testIfIsNotNull[631]" classname="ed22_ud12_Ejercicio2_GeneradorIP.GeneradorTest" time="0">
    <failure message="expected: not &lt;null&gt;" type="org.opentest4j.AssertionFailedError"><![CDATA[org.opentest4j.AssertionFailedError: expected: not <null>
	at ed22_ud12_Ejercicio2_GeneradorIP.GeneradorTest.testIfIsNotNull(GeneradorTest.java:32)
]]></failure>
  </testcase>
  <testcase name="testIfIsNotNull[632]" classname="ed22_ud12_Ejercicio2_GeneradorIP.GeneradorTest" time="0.001">
    <failure message="expected: not &lt;null&gt;" type="org.opentest4j.AssertionFailedError"><![CDATA[org.opentest4j.AssertionFailedError: expected: not <null>
	at ed22_ud12_Ejercicio2_GeneradorIP.GeneradorTest.testIfIsNotNull(GeneradorTest.java:32)
]]></failure>
  </testcase>
  <testcase name="testIfIsNotNull[633]" classname="ed22_ud12_Ejercicio2_GeneradorIP.GeneradorTest" time="0.001">
    <failure message="expected: not &lt;null&gt;" type="org.opentest4j.AssertionFailedError"><![CDATA[org.opentest4j.AssertionFailedError: expected: not <null>
	at ed22_ud12_Ejercicio2_GeneradorIP.GeneradorTest.testIfIsNotNull(GeneradorTest.java:32)
]]></failure>
  </testcase>
  <testcase name="testIfIsNotNull[634]" classname="ed22_ud12_Ejercicio2_GeneradorIP.GeneradorTest" time="0">
    <failure message="expected: not &lt;null&gt;" type="org.opentest4j.AssertionFailedError"><![CDATA[org.opentest4j.AssertionFailedError: expected: not <null>
	at ed22_ud12_Ejercicio2_GeneradorIP.GeneradorTest.testIfIsNotNull(GeneradorTest.java:32)
]]></failure>
  </testcase>
  <testcase name="testIfIsNotNull[635]" classname="ed22_ud12_Ejercicio2_GeneradorIP.GeneradorTest" time="0">
    <failure message="expected: not &lt;null&gt;" type="org.opentest4j.AssertionFailedError"><![CDATA[org.opentest4j.AssertionFailedError: expected: not <null>
	at ed22_ud12_Ejercicio2_GeneradorIP.GeneradorTest.testIfIsNotNull(GeneradorTest.java:32)
]]></failure>
  </testcase>
  <testcase name="testIfIsNotNull[636]" classname="ed22_ud12_Ejercicio2_GeneradorIP.GeneradorTest" time="0.001">
    <failure message="expected: not &lt;null&gt;" type="org.opentest4j.AssertionFailedError"><![CDATA[org.opentest4j.AssertionFailedError: expected: not <null>
	at ed22_ud12_Ejercicio2_GeneradorIP.GeneradorTest.testIfIsNotNull(GeneradorTest.java:32)
]]></failure>
  </testcase>
  <testcase name="testIfIsNotNull[637]" classname="ed22_ud12_Ejercicio2_GeneradorIP.GeneradorTest" time="0">
    <failure message="expected: not &lt;null&gt;" type="org.opentest4j.AssertionFailedError"><![CDATA[org.opentest4j.AssertionFailedError: expected: not <null>
	at ed22_ud12_Ejercicio2_GeneradorIP.GeneradorTest.testIfIsNotNull(GeneradorTest.java:32)
]]></failure>
  </testcase>
  <testcase name="testIfIsNotNull[638]" classname="ed22_ud12_Ejercicio2_GeneradorIP.GeneradorTest" time="0.001">
    <failure message="expected: not &lt;null&gt;" type="org.opentest4j.AssertionFailedError"><![CDATA[org.opentest4j.AssertionFailedError: expected: not <null>
	at ed22_ud12_Ejercicio2_GeneradorIP.GeneradorTest.testIfIsNotNull(GeneradorTest.java:32)
]]></failure>
  </testcase>
  <testcase name="testIfIsNotNull[639]" classname="ed22_ud12_Ejercicio2_GeneradorIP.GeneradorTest" time="0">
    <failure message="expected: not &lt;null&gt;" type="org.opentest4j.AssertionFailedError"><![CDATA[org.opentest4j.AssertionFailedError: expected: not <null>
	at ed22_ud12_Ejercicio2_GeneradorIP.GeneradorTest.testIfIsNotNull(GeneradorTest.java:32)
]]></failure>
  </testcase>
  <testcase name="testIfIsNotNull[640]" classname="ed22_ud12_Ejercicio2_GeneradorIP.GeneradorTest" time="0">
    <failure message="expected: not &lt;null&gt;" type="org.opentest4j.AssertionFailedError"><![CDATA[org.opentest4j.AssertionFailedError: expected: not <null>
	at ed22_ud12_Ejercicio2_GeneradorIP.GeneradorTest.testIfIsNotNull(GeneradorTest.java:32)
]]></failure>
  </testcase>
  <testcase name="testIfIsNotNull[641]" classname="ed22_ud12_Ejercicio2_GeneradorIP.GeneradorTest" time="0">
    <failure message="expected: not &lt;null&gt;" type="org.opentest4j.AssertionFailedError"><![CDATA[org.opentest4j.AssertionFailedError: expected: not <null>
	at ed22_ud12_Ejercicio2_GeneradorIP.GeneradorTest.testIfIsNotNull(GeneradorTest.java:32)
]]></failure>
  </testcase>
  <testcase name="testIfIsNotNull[642]" classname="ed22_ud12_Ejercicio2_GeneradorIP.GeneradorTest" time="0">
    <failure message="expected: not &lt;null&gt;" type="org.opentest4j.AssertionFailedError"><![CDATA[org.opentest4j.AssertionFailedError: expected: not <null>
	at ed22_ud12_Ejercicio2_GeneradorIP.GeneradorTest.testIfIsNotNull(GeneradorTest.java:32)
]]></failure>
  </testcase>
  <testcase name="testIfIsNotNull[643]" classname="ed22_ud12_Ejercicio2_GeneradorIP.GeneradorTest" time="0">
    <failure message="expected: not &lt;null&gt;" type="org.opentest4j.AssertionFailedError"><![CDATA[org.opentest4j.AssertionFailedError: expected: not <null>
	at ed22_ud12_Ejercicio2_GeneradorIP.GeneradorTest.testIfIsNotNull(GeneradorTest.java:32)
]]></failure>
  </testcase>
  <testcase name="testIfIsNotNull[644]" classname="ed22_ud12_Ejercicio2_GeneradorIP.GeneradorTest" time="0.001">
    <failure message="expected: not &lt;null&gt;" type="org.opentest4j.AssertionFailedError"><![CDATA[org.opentest4j.AssertionFailedError: expected: not <null>
	at ed22_ud12_Ejercicio2_GeneradorIP.GeneradorTest.testIfIsNotNull(GeneradorTest.java:32)
]]></failure>
  </testcase>
  <testcase name="testIfIsNotNull[645]" classname="ed22_ud12_Ejercicio2_GeneradorIP.GeneradorTest" time="0">
    <failure message="expected: not &lt;null&gt;" type="org.opentest4j.AssertionFailedError"><![CDATA[org.opentest4j.AssertionFailedError: expected: not <null>
	at ed22_ud12_Ejercicio2_GeneradorIP.GeneradorTest.testIfIsNotNull(GeneradorTest.java:32)
]]></failure>
  </testcase>
  <testcase name="testIfIsNotNull[646]" classname="ed22_ud12_Ejercicio2_GeneradorIP.GeneradorTest" time="0">
    <failure message="expected: not &lt;null&gt;" type="org.opentest4j.AssertionFailedError"><![CDATA[org.opentest4j.AssertionFailedError: expected: not <null>
	at ed22_ud12_Ejercicio2_GeneradorIP.GeneradorTest.testIfIsNotNull(GeneradorTest.java:32)
]]></failure>
  </testcase>
  <testcase name="testIfIsNotNull[647]" classname="ed22_ud12_Ejercicio2_GeneradorIP.GeneradorTest" time="0">
    <failure message="expected: not &lt;null&gt;" type="org.opentest4j.AssertionFailedError"><![CDATA[org.opentest4j.AssertionFailedError: expected: not <null>
	at ed22_ud12_Ejercicio2_GeneradorIP.GeneradorTest.testIfIsNotNull(GeneradorTest.java:32)
]]></failure>
  </testcase>
  <testcase name="testIfIsNotNull[648]" classname="ed22_ud12_Ejercicio2_GeneradorIP.GeneradorTest" time="0">
    <failure message="expected: not &lt;null&gt;" type="org.opentest4j.AssertionFailedError"><![CDATA[org.opentest4j.AssertionFailedError: expected: not <null>
	at ed22_ud12_Ejercicio2_GeneradorIP.GeneradorTest.testIfIsNotNull(GeneradorTest.java:32)
]]></failure>
  </testcase>
  <testcase name="testIfIsNotNull[649]" classname="ed22_ud12_Ejercicio2_GeneradorIP.GeneradorTest" time="0">
    <failure message="expected: not &lt;null&gt;" type="org.opentest4j.AssertionFailedError"><![CDATA[org.opentest4j.AssertionFailedError: expected: not <null>
	at ed22_ud12_Ejercicio2_GeneradorIP.GeneradorTest.testIfIsNotNull(GeneradorTest.java:32)
]]></failure>
  </testcase>
  <testcase name="testIfIsNotNull[650]" classname="ed22_ud12_Ejercicio2_GeneradorIP.GeneradorTest" time="0.001">
    <failure message="expected: not &lt;null&gt;" type="org.opentest4j.AssertionFailedError"><![CDATA[org.opentest4j.AssertionFailedError: expected: not <null>
	at ed22_ud12_Ejercicio2_GeneradorIP.GeneradorTest.testIfIsNotNull(GeneradorTest.java:32)
]]></failure>
  </testcase>
  <testcase name="testIfIsNotNull[651]" classname="ed22_ud12_Ejercicio2_GeneradorIP.GeneradorTest" time="0.001">
    <failure message="expected: not &lt;null&gt;" type="org.opentest4j.AssertionFailedError"><![CDATA[org.opentest4j.AssertionFailedError: expected: not <null>
	at ed22_ud12_Ejercicio2_GeneradorIP.GeneradorTest.testIfIsNotNull(GeneradorTest.java:32)
]]></failure>
  </testcase>
  <testcase name="testIfIsNotNull[652]" classname="ed22_ud12_Ejercicio2_GeneradorIP.GeneradorTest" time="0.001">
    <failure message="expected: not &lt;null&gt;" type="org.opentest4j.AssertionFailedError"><![CDATA[org.opentest4j.AssertionFailedError: expected: not <null>
	at ed22_ud12_Ejercicio2_GeneradorIP.GeneradorTest.testIfIsNotNull(GeneradorTest.java:32)
]]></failure>
  </testcase>
  <testcase name="testIfIsNotNull[653]" classname="ed22_ud12_Ejercicio2_GeneradorIP.GeneradorTest" time="0.001">
    <failure message="expected: not &lt;null&gt;" type="org.opentest4j.AssertionFailedError"><![CDATA[org.opentest4j.AssertionFailedError: expected: not <null>
	at ed22_ud12_Ejercicio2_GeneradorIP.GeneradorTest.testIfIsNotNull(GeneradorTest.java:32)
]]></failure>
  </testcase>
  <testcase name="testIfIsNotNull[654]" classname="ed22_ud12_Ejercicio2_GeneradorIP.GeneradorTest" time="0">
    <failure message="expected: not &lt;null&gt;" type="org.opentest4j.AssertionFailedError"><![CDATA[org.opentest4j.AssertionFailedError: expected: not <null>
	at ed22_ud12_Ejercicio2_GeneradorIP.GeneradorTest.testIfIsNotNull(GeneradorTest.java:32)
]]></failure>
  </testcase>
  <testcase name="testIfIsNotNull[655]" classname="ed22_ud12_Ejercicio2_GeneradorIP.GeneradorTest" time="0">
    <failure message="expected: not &lt;null&gt;" type="org.opentest4j.AssertionFailedError"><![CDATA[org.opentest4j.AssertionFailedError: expected: not <null>
	at ed22_ud12_Ejercicio2_GeneradorIP.GeneradorTest.testIfIsNotNull(GeneradorTest.java:32)
]]></failure>
  </testcase>
  <testcase name="testIfIsNotNull[656]" classname="ed22_ud12_Ejercicio2_GeneradorIP.GeneradorTest" time="0.001">
    <failure message="expected: not &lt;null&gt;" type="org.opentest4j.AssertionFailedError"><![CDATA[org.opentest4j.AssertionFailedError: expected: not <null>
	at ed22_ud12_Ejercicio2_GeneradorIP.GeneradorTest.testIfIsNotNull(GeneradorTest.java:32)
]]></failure>
  </testcase>
  <testcase name="testIfIsNotNull[657]" classname="ed22_ud12_Ejercicio2_GeneradorIP.GeneradorTest" time="0">
    <failure message="expected: not &lt;null&gt;" type="org.opentest4j.AssertionFailedError"><![CDATA[org.opentest4j.AssertionFailedError: expected: not <null>
	at ed22_ud12_Ejercicio2_GeneradorIP.GeneradorTest.testIfIsNotNull(GeneradorTest.java:32)
]]></failure>
  </testcase>
  <testcase name="testIfIsNotNull[658]" classname="ed22_ud12_Ejercicio2_GeneradorIP.GeneradorTest" time="0">
    <failure message="expected: not &lt;null&gt;" type="org.opentest4j.AssertionFailedError"><![CDATA[org.opentest4j.AssertionFailedError: expected: not <null>
	at ed22_ud12_Ejercicio2_GeneradorIP.GeneradorTest.testIfIsNotNull(GeneradorTest.java:32)
]]></failure>
  </testcase>
  <testcase name="testIfIsNotNull[659]" classname="ed22_ud12_Ejercicio2_GeneradorIP.GeneradorTest" time="0">
    <failure message="expected: not &lt;null&gt;" type="org.opentest4j.AssertionFailedError"><![CDATA[org.opentest4j.AssertionFailedError: expected: not <null>
	at ed22_ud12_Ejercicio2_GeneradorIP.GeneradorTest.testIfIsNotNull(GeneradorTest.java:32)
]]></failure>
  </testcase>
  <testcase name="testIfIsNotNull[660]" classname="ed22_ud12_Ejercicio2_GeneradorIP.GeneradorTest" time="0">
    <failure message="expected: not &lt;null&gt;" type="org.opentest4j.AssertionFailedError"><![CDATA[org.opentest4j.AssertionFailedError: expected: not <null>
	at ed22_ud12_Ejercicio2_GeneradorIP.GeneradorTest.testIfIsNotNull(GeneradorTest.java:32)
]]></failure>
  </testcase>
  <testcase name="testIfIsNotNull[661]" classname="ed22_ud12_Ejercicio2_GeneradorIP.GeneradorTest" time="0">
    <failure message="expected: not &lt;null&gt;" type="org.opentest4j.AssertionFailedError"><![CDATA[org.opentest4j.AssertionFailedError: expected: not <null>
	at ed22_ud12_Ejercicio2_GeneradorIP.GeneradorTest.testIfIsNotNull(GeneradorTest.java:32)
]]></failure>
  </testcase>
  <testcase name="testIfIsNotNull[662]" classname="ed22_ud12_Ejercicio2_GeneradorIP.GeneradorTest" time="0.001">
    <failure message="expected: not &lt;null&gt;" type="org.opentest4j.AssertionFailedError"><![CDATA[org.opentest4j.AssertionFailedError: expected: not <null>
	at ed22_ud12_Ejercicio2_GeneradorIP.GeneradorTest.testIfIsNotNull(GeneradorTest.java:32)
]]></failure>
  </testcase>
  <testcase name="testIfIsNotNull[663]" classname="ed22_ud12_Ejercicio2_GeneradorIP.GeneradorTest" time="0.001">
    <failure message="expected: not &lt;null&gt;" type="org.opentest4j.AssertionFailedError"><![CDATA[org.opentest4j.AssertionFailedError: expected: not <null>
	at ed22_ud12_Ejercicio2_GeneradorIP.GeneradorTest.testIfIsNotNull(GeneradorTest.java:32)
]]></failure>
  </testcase>
  <testcase name="testIfIsNotNull[664]" classname="ed22_ud12_Ejercicio2_GeneradorIP.GeneradorTest" time="0.001">
    <failure message="expected: not &lt;null&gt;" type="org.opentest4j.AssertionFailedError"><![CDATA[org.opentest4j.AssertionFailedError: expected: not <null>
	at ed22_ud12_Ejercicio2_GeneradorIP.GeneradorTest.testIfIsNotNull(GeneradorTest.java:32)
]]></failure>
  </testcase>
  <testcase name="testIfIsNotNull[665]" classname="ed22_ud12_Ejercicio2_GeneradorIP.GeneradorTest" time="0">
    <failure message="expected: not &lt;null&gt;" type="org.opentest4j.AssertionFailedError"><![CDATA[org.opentest4j.AssertionFailedError: expected: not <null>
	at ed22_ud12_Ejercicio2_GeneradorIP.GeneradorTest.testIfIsNotNull(GeneradorTest.java:32)
]]></failure>
  </testcase>
  <testcase name="testIfIsNotNull[666]" classname="ed22_ud12_Ejercicio2_GeneradorIP.GeneradorTest" time="0.001">
    <failure message="expected: not &lt;null&gt;" type="org.opentest4j.AssertionFailedError"><![CDATA[org.opentest4j.AssertionFailedError: expected: not <null>
	at ed22_ud12_Ejercicio2_GeneradorIP.GeneradorTest.testIfIsNotNull(GeneradorTest.java:32)
]]></failure>
  </testcase>
  <testcase name="testIfIsNotNull[667]" classname="ed22_ud12_Ejercicio2_GeneradorIP.GeneradorTest" time="0">
    <failure message="expected: not &lt;null&gt;" type="org.opentest4j.AssertionFailedError"><![CDATA[org.opentest4j.AssertionFailedError: expected: not <null>
	at ed22_ud12_Ejercicio2_GeneradorIP.GeneradorTest.testIfIsNotNull(GeneradorTest.java:32)
]]></failure>
  </testcase>
  <testcase name="testIfIsNotNull[668]" classname="ed22_ud12_Ejercicio2_GeneradorIP.GeneradorTest" time="0">
    <failure message="expected: not &lt;null&gt;" type="org.opentest4j.AssertionFailedError"><![CDATA[org.opentest4j.AssertionFailedError: expected: not <null>
	at ed22_ud12_Ejercicio2_GeneradorIP.GeneradorTest.testIfIsNotNull(GeneradorTest.java:32)
]]></failure>
  </testcase>
  <testcase name="testIfIsNotNull[669]" classname="ed22_ud12_Ejercicio2_GeneradorIP.GeneradorTest" time="0">
    <failure message="expected: not &lt;null&gt;" type="org.opentest4j.AssertionFailedError"><![CDATA[org.opentest4j.AssertionFailedError: expected: not <null>
	at ed22_ud12_Ejercicio2_GeneradorIP.GeneradorTest.testIfIsNotNull(GeneradorTest.java:32)
]]></failure>
  </testcase>
  <testcase name="testIfIsNotNull[670]" classname="ed22_ud12_Ejercicio2_GeneradorIP.GeneradorTest" time="0">
    <failure message="expected: not &lt;null&gt;" type="org.opentest4j.AssertionFailedError"><![CDATA[org.opentest4j.AssertionFailedError: expected: not <null>
	at ed22_ud12_Ejercicio2_GeneradorIP.GeneradorTest.testIfIsNotNull(GeneradorTest.java:32)
]]></failure>
  </testcase>
  <testcase name="testIfIsNotNull[671]" classname="ed22_ud12_Ejercicio2_GeneradorIP.GeneradorTest" time="0">
    <failure message="expected: not &lt;null&gt;" type="org.opentest4j.AssertionFailedError"><![CDATA[org.opentest4j.AssertionFailedError: expected: not <null>
	at ed22_ud12_Ejercicio2_GeneradorIP.GeneradorTest.testIfIsNotNull(GeneradorTest.java:32)
]]></failure>
  </testcase>
  <testcase name="testIfIsNotNull[672]" classname="ed22_ud12_Ejercicio2_GeneradorIP.GeneradorTest" time="0">
    <failure message="expected: not &lt;null&gt;" type="org.opentest4j.AssertionFailedError"><![CDATA[org.opentest4j.AssertionFailedError: expected: not <null>
	at ed22_ud12_Ejercicio2_GeneradorIP.GeneradorTest.testIfIsNotNull(GeneradorTest.java:32)
]]></failure>
  </testcase>
  <testcase name="testIfIsNotNull[673]" classname="ed22_ud12_Ejercicio2_GeneradorIP.GeneradorTest" time="0">
    <failure message="expected: not &lt;null&gt;" type="org.opentest4j.AssertionFailedError"><![CDATA[org.opentest4j.AssertionFailedError: expected: not <null>
	at ed22_ud12_Ejercicio2_GeneradorIP.GeneradorTest.testIfIsNotNull(GeneradorTest.java:32)
]]></failure>
  </testcase>
  <testcase name="testIfIsNotNull[674]" classname="ed22_ud12_Ejercicio2_GeneradorIP.GeneradorTest" time="0.001">
    <failure message="expected: not &lt;null&gt;" type="org.opentest4j.AssertionFailedError"><![CDATA[org.opentest4j.AssertionFailedError: expected: not <null>
	at ed22_ud12_Ejercicio2_GeneradorIP.GeneradorTest.testIfIsNotNull(GeneradorTest.java:32)
]]></failure>
  </testcase>
  <testcase name="testIfIsNotNull[675]" classname="ed22_ud12_Ejercicio2_GeneradorIP.GeneradorTest" time="0">
    <failure message="expected: not &lt;null&gt;" type="org.opentest4j.AssertionFailedError"><![CDATA[org.opentest4j.AssertionFailedError: expected: not <null>
	at ed22_ud12_Ejercicio2_GeneradorIP.GeneradorTest.testIfIsNotNull(GeneradorTest.java:32)
]]></failure>
  </testcase>
  <testcase name="testIfIsNotNull[676]" classname="ed22_ud12_Ejercicio2_GeneradorIP.GeneradorTest" time="0.001">
    <failure message="expected: not &lt;null&gt;" type="org.opentest4j.AssertionFailedError"><![CDATA[org.opentest4j.AssertionFailedError: expected: not <null>
	at ed22_ud12_Ejercicio2_GeneradorIP.GeneradorTest.testIfIsNotNull(GeneradorTest.java:32)
]]></failure>
  </testcase>
  <testcase name="testIfIsNotNull[677]" classname="ed22_ud12_Ejercicio2_GeneradorIP.GeneradorTest" time="0">
    <failure message="expected: not &lt;null&gt;" type="org.opentest4j.AssertionFailedError"><![CDATA[org.opentest4j.AssertionFailedError: expected: not <null>
	at ed22_ud12_Ejercicio2_GeneradorIP.GeneradorTest.testIfIsNotNull(GeneradorTest.java:32)
]]></failure>
  </testcase>
  <testcase name="testIfIsNotNull[678]" classname="ed22_ud12_Ejercicio2_GeneradorIP.GeneradorTest" time="0">
    <failure message="expected: not &lt;null&gt;" type="org.opentest4j.AssertionFailedError"><![CDATA[org.opentest4j.AssertionFailedError: expected: not <null>
	at ed22_ud12_Ejercicio2_GeneradorIP.GeneradorTest.testIfIsNotNull(GeneradorTest.java:32)
]]></failure>
  </testcase>
  <testcase name="testIfIsNotNull[679]" classname="ed22_ud12_Ejercicio2_GeneradorIP.GeneradorTest" time="0">
    <failure message="expected: not &lt;null&gt;" type="org.opentest4j.AssertionFailedError"><![CDATA[org.opentest4j.AssertionFailedError: expected: not <null>
	at ed22_ud12_Ejercicio2_GeneradorIP.GeneradorTest.testIfIsNotNull(GeneradorTest.java:32)
]]></failure>
  </testcase>
  <testcase name="testIfIsNotNull[680]" classname="ed22_ud12_Ejercicio2_GeneradorIP.GeneradorTest" time="0">
    <failure message="expected: not &lt;null&gt;" type="org.opentest4j.AssertionFailedError"><![CDATA[org.opentest4j.AssertionFailedError: expected: not <null>
	at ed22_ud12_Ejercicio2_GeneradorIP.GeneradorTest.testIfIsNotNull(GeneradorTest.java:32)
]]></failure>
  </testcase>
  <testcase name="testIfIsNotNull[681]" classname="ed22_ud12_Ejercicio2_GeneradorIP.GeneradorTest" time="0">
    <failure message="expected: not &lt;null&gt;" type="org.opentest4j.AssertionFailedError"><![CDATA[org.opentest4j.AssertionFailedError: expected: not <null>
	at ed22_ud12_Ejercicio2_GeneradorIP.GeneradorTest.testIfIsNotNull(GeneradorTest.java:32)
]]></failure>
  </testcase>
  <testcase name="testIfIsNotNull[682]" classname="ed22_ud12_Ejercicio2_GeneradorIP.GeneradorTest" time="0">
    <failure message="expected: not &lt;null&gt;" type="org.opentest4j.AssertionFailedError"><![CDATA[org.opentest4j.AssertionFailedError: expected: not <null>
	at ed22_ud12_Ejercicio2_GeneradorIP.GeneradorTest.testIfIsNotNull(GeneradorTest.java:32)
]]></failure>
  </testcase>
  <testcase name="testIfIsNotNull[683]" classname="ed22_ud12_Ejercicio2_GeneradorIP.GeneradorTest" time="0">
    <failure message="expected: not &lt;null&gt;" type="org.opentest4j.AssertionFailedError"><![CDATA[org.opentest4j.AssertionFailedError: expected: not <null>
	at ed22_ud12_Ejercicio2_GeneradorIP.GeneradorTest.testIfIsNotNull(GeneradorTest.java:32)
]]></failure>
  </testcase>
  <testcase name="testIfIsNotNull[684]" classname="ed22_ud12_Ejercicio2_GeneradorIP.GeneradorTest" time="0">
    <failure message="expected: not &lt;null&gt;" type="org.opentest4j.AssertionFailedError"><![CDATA[org.opentest4j.AssertionFailedError: expected: not <null>
	at ed22_ud12_Ejercicio2_GeneradorIP.GeneradorTest.testIfIsNotNull(GeneradorTest.java:32)
]]></failure>
  </testcase>
  <testcase name="testIfIsNotNull[685]" classname="ed22_ud12_Ejercicio2_GeneradorIP.GeneradorTest" time="0">
    <failure message="expected: not &lt;null&gt;" type="org.opentest4j.AssertionFailedError"><![CDATA[org.opentest4j.AssertionFailedError: expected: not <null>
	at ed22_ud12_Ejercicio2_GeneradorIP.GeneradorTest.testIfIsNotNull(GeneradorTest.java:32)
]]></failure>
  </testcase>
  <testcase name="testIfIsNotNull[686]" classname="ed22_ud12_Ejercicio2_GeneradorIP.GeneradorTest" time="0">
    <failure message="expected: not &lt;null&gt;" type="org.opentest4j.AssertionFailedError"><![CDATA[org.opentest4j.AssertionFailedError: expected: not <null>
	at ed22_ud12_Ejercicio2_GeneradorIP.GeneradorTest.testIfIsNotNull(GeneradorTest.java:32)
]]></failure>
  </testcase>
  <testcase name="testIfIsNotNull[687]" classname="ed22_ud12_Ejercicio2_GeneradorIP.GeneradorTest" time="0">
    <failure message="expected: not &lt;null&gt;" type="org.opentest4j.AssertionFailedError"><![CDATA[org.opentest4j.AssertionFailedError: expected: not <null>
	at ed22_ud12_Ejercicio2_GeneradorIP.GeneradorTest.testIfIsNotNull(GeneradorTest.java:32)
]]></failure>
  </testcase>
  <testcase name="testIfIsNotNull[688]" classname="ed22_ud12_Ejercicio2_GeneradorIP.GeneradorTest" time="0">
    <failure message="expected: not &lt;null&gt;" type="org.opentest4j.AssertionFailedError"><![CDATA[org.opentest4j.AssertionFailedError: expected: not <null>
	at ed22_ud12_Ejercicio2_GeneradorIP.GeneradorTest.testIfIsNotNull(GeneradorTest.java:32)
]]></failure>
  </testcase>
  <testcase name="testIfIsNotNull[689]" classname="ed22_ud12_Ejercicio2_GeneradorIP.GeneradorTest" time="0">
    <failure message="expected: not &lt;null&gt;" type="org.opentest4j.AssertionFailedError"><![CDATA[org.opentest4j.AssertionFailedError: expected: not <null>
	at ed22_ud12_Ejercicio2_GeneradorIP.GeneradorTest.testIfIsNotNull(GeneradorTest.java:32)
]]></failure>
  </testcase>
  <testcase name="testIfIsNotNull[690]" classname="ed22_ud12_Ejercicio2_GeneradorIP.GeneradorTest" time="0">
    <failure message="expected: not &lt;null&gt;" type="org.opentest4j.AssertionFailedError"><![CDATA[org.opentest4j.AssertionFailedError: expected: not <null>
	at ed22_ud12_Ejercicio2_GeneradorIP.GeneradorTest.testIfIsNotNull(GeneradorTest.java:32)
]]></failure>
  </testcase>
  <testcase name="testIfIsNotNull[691]" classname="ed22_ud12_Ejercicio2_GeneradorIP.GeneradorTest" time="0">
    <failure message="expected: not &lt;null&gt;" type="org.opentest4j.AssertionFailedError"><![CDATA[org.opentest4j.AssertionFailedError: expected: not <null>
	at ed22_ud12_Ejercicio2_GeneradorIP.GeneradorTest.testIfIsNotNull(GeneradorTest.java:32)
]]></failure>
  </testcase>
  <testcase name="testIfIsNotNull[692]" classname="ed22_ud12_Ejercicio2_GeneradorIP.GeneradorTest" time="0">
    <failure message="expected: not &lt;null&gt;" type="org.opentest4j.AssertionFailedError"><![CDATA[org.opentest4j.AssertionFailedError: expected: not <null>
	at ed22_ud12_Ejercicio2_GeneradorIP.GeneradorTest.testIfIsNotNull(GeneradorTest.java:32)
]]></failure>
  </testcase>
  <testcase name="testIfIsNotNull[693]" classname="ed22_ud12_Ejercicio2_GeneradorIP.GeneradorTest" time="0.001">
    <failure message="expected: not &lt;null&gt;" type="org.opentest4j.AssertionFailedError"><![CDATA[org.opentest4j.AssertionFailedError: expected: not <null>
	at ed22_ud12_Ejercicio2_GeneradorIP.GeneradorTest.testIfIsNotNull(GeneradorTest.java:32)
]]></failure>
  </testcase>
  <testcase name="testIfIsNotNull[694]" classname="ed22_ud12_Ejercicio2_GeneradorIP.GeneradorTest" time="0">
    <failure message="expected: not &lt;null&gt;" type="org.opentest4j.AssertionFailedError"><![CDATA[org.opentest4j.AssertionFailedError: expected: not <null>
	at ed22_ud12_Ejercicio2_GeneradorIP.GeneradorTest.testIfIsNotNull(GeneradorTest.java:32)
]]></failure>
  </testcase>
  <testcase name="testIfIsNotNull[695]" classname="ed22_ud12_Ejercicio2_GeneradorIP.GeneradorTest" time="0">
    <failure message="expected: not &lt;null&gt;" type="org.opentest4j.AssertionFailedError"><![CDATA[org.opentest4j.AssertionFailedError: expected: not <null>
	at ed22_ud12_Ejercicio2_GeneradorIP.GeneradorTest.testIfIsNotNull(GeneradorTest.java:32)
]]></failure>
  </testcase>
  <testcase name="testIfIsNotNull[696]" classname="ed22_ud12_Ejercicio2_GeneradorIP.GeneradorTest" time="0">
    <failure message="expected: not &lt;null&gt;" type="org.opentest4j.AssertionFailedError"><![CDATA[org.opentest4j.AssertionFailedError: expected: not <null>
	at ed22_ud12_Ejercicio2_GeneradorIP.GeneradorTest.testIfIsNotNull(GeneradorTest.java:32)
]]></failure>
  </testcase>
  <testcase name="testIfIsNotNull[697]" classname="ed22_ud12_Ejercicio2_GeneradorIP.GeneradorTest" time="0">
    <failure message="expected: not &lt;null&gt;" type="org.opentest4j.AssertionFailedError"><![CDATA[org.opentest4j.AssertionFailedError: expected: not <null>
	at ed22_ud12_Ejercicio2_GeneradorIP.GeneradorTest.testIfIsNotNull(GeneradorTest.java:32)
]]></failure>
  </testcase>
  <testcase name="testIfIsNotNull[698]" classname="ed22_ud12_Ejercicio2_GeneradorIP.GeneradorTest" time="0.001">
    <failure message="expected: not &lt;null&gt;" type="org.opentest4j.AssertionFailedError"><![CDATA[org.opentest4j.AssertionFailedError: expected: not <null>
	at ed22_ud12_Ejercicio2_GeneradorIP.GeneradorTest.testIfIsNotNull(GeneradorTest.java:32)
]]></failure>
  </testcase>
  <testcase name="testIfIsNotNull[699]" classname="ed22_ud12_Ejercicio2_GeneradorIP.GeneradorTest" time="0">
    <failure message="expected: not &lt;null&gt;" type="org.opentest4j.AssertionFailedError"><![CDATA[org.opentest4j.AssertionFailedError: expected: not <null>
	at ed22_ud12_Ejercicio2_GeneradorIP.GeneradorTest.testIfIsNotNull(GeneradorTest.java:32)
]]></failure>
  </testcase>
  <testcase name="testIfIsNotNull[700]" classname="ed22_ud12_Ejercicio2_GeneradorIP.GeneradorTest" time="0">
    <failure message="expected: not &lt;null&gt;" type="org.opentest4j.AssertionFailedError"><![CDATA[org.opentest4j.AssertionFailedError: expected: not <null>
	at ed22_ud12_Ejercicio2_GeneradorIP.GeneradorTest.testIfIsNotNull(GeneradorTest.java:32)
]]></failure>
  </testcase>
  <testcase name="testIfIsNotNull[701]" classname="ed22_ud12_Ejercicio2_GeneradorIP.GeneradorTest" time="0.001">
    <failure message="expected: not &lt;null&gt;" type="org.opentest4j.AssertionFailedError"><![CDATA[org.opentest4j.AssertionFailedError: expected: not <null>
	at ed22_ud12_Ejercicio2_GeneradorIP.GeneradorTest.testIfIsNotNull(GeneradorTest.java:32)
]]></failure>
  </testcase>
  <testcase name="testIfIsNotNull[702]" classname="ed22_ud12_Ejercicio2_GeneradorIP.GeneradorTest" time="0.001">
    <failure message="expected: not &lt;null&gt;" type="org.opentest4j.AssertionFailedError"><![CDATA[org.opentest4j.AssertionFailedError: expected: not <null>
	at ed22_ud12_Ejercicio2_GeneradorIP.GeneradorTest.testIfIsNotNull(GeneradorTest.java:32)
]]></failure>
  </testcase>
  <testcase name="testIfIsNotNull[703]" classname="ed22_ud12_Ejercicio2_GeneradorIP.GeneradorTest" time="0">
    <failure message="expected: not &lt;null&gt;" type="org.opentest4j.AssertionFailedError"><![CDATA[org.opentest4j.AssertionFailedError: expected: not <null>
	at ed22_ud12_Ejercicio2_GeneradorIP.GeneradorTest.testIfIsNotNull(GeneradorTest.java:32)
]]></failure>
  </testcase>
  <testcase name="testIfIsNotNull[704]" classname="ed22_ud12_Ejercicio2_GeneradorIP.GeneradorTest" time="0">
    <failure message="expected: not &lt;null&gt;" type="org.opentest4j.AssertionFailedError"><![CDATA[org.opentest4j.AssertionFailedError: expected: not <null>
	at ed22_ud12_Ejercicio2_GeneradorIP.GeneradorTest.testIfIsNotNull(GeneradorTest.java:32)
]]></failure>
  </testcase>
  <testcase name="testIfIsNotNull[705]" classname="ed22_ud12_Ejercicio2_GeneradorIP.GeneradorTest" time="0">
    <failure message="expected: not &lt;null&gt;" type="org.opentest4j.AssertionFailedError"><![CDATA[org.opentest4j.AssertionFailedError: expected: not <null>
	at ed22_ud12_Ejercicio2_GeneradorIP.GeneradorTest.testIfIsNotNull(GeneradorTest.java:32)
]]></failure>
  </testcase>
  <testcase name="testIfIsNotNull[706]" classname="ed22_ud12_Ejercicio2_GeneradorIP.GeneradorTest" time="0">
    <failure message="expected: not &lt;null&gt;" type="org.opentest4j.AssertionFailedError"><![CDATA[org.opentest4j.AssertionFailedError: expected: not <null>
	at ed22_ud12_Ejercicio2_GeneradorIP.GeneradorTest.testIfIsNotNull(GeneradorTest.java:32)
]]></failure>
  </testcase>
  <testcase name="testIfIsNotNull[707]" classname="ed22_ud12_Ejercicio2_GeneradorIP.GeneradorTest" time="0">
    <failure message="expected: not &lt;null&gt;" type="org.opentest4j.AssertionFailedError"><![CDATA[org.opentest4j.AssertionFailedError: expected: not <null>
	at ed22_ud12_Ejercicio2_GeneradorIP.GeneradorTest.testIfIsNotNull(GeneradorTest.java:32)
]]></failure>
  </testcase>
  <testcase name="testIfIsNotNull[708]" classname="ed22_ud12_Ejercicio2_GeneradorIP.GeneradorTest" time="0">
    <failure message="expected: not &lt;null&gt;" type="org.opentest4j.AssertionFailedError"><![CDATA[org.opentest4j.AssertionFailedError: expected: not <null>
	at ed22_ud12_Ejercicio2_GeneradorIP.GeneradorTest.testIfIsNotNull(GeneradorTest.java:32)
]]></failure>
  </testcase>
  <testcase name="testIfIsNotNull[709]" classname="ed22_ud12_Ejercicio2_GeneradorIP.GeneradorTest" time="0.001">
    <failure message="expected: not &lt;null&gt;" type="org.opentest4j.AssertionFailedError"><![CDATA[org.opentest4j.AssertionFailedError: expected: not <null>
	at ed22_ud12_Ejercicio2_GeneradorIP.GeneradorTest.testIfIsNotNull(GeneradorTest.java:32)
]]></failure>
  </testcase>
  <testcase name="testIfIsNotNull[710]" classname="ed22_ud12_Ejercicio2_GeneradorIP.GeneradorTest" time="0.001">
    <failure message="expected: not &lt;null&gt;" type="org.opentest4j.AssertionFailedError"><![CDATA[org.opentest4j.AssertionFailedError: expected: not <null>
	at ed22_ud12_Ejercicio2_GeneradorIP.GeneradorTest.testIfIsNotNull(GeneradorTest.java:32)
]]></failure>
  </testcase>
  <testcase name="testIfIsNotNull[711]" classname="ed22_ud12_Ejercicio2_GeneradorIP.GeneradorTest" time="0.001">
    <failure message="expected: not &lt;null&gt;" type="org.opentest4j.AssertionFailedError"><![CDATA[org.opentest4j.AssertionFailedError: expected: not <null>
	at ed22_ud12_Ejercicio2_GeneradorIP.GeneradorTest.testIfIsNotNull(GeneradorTest.java:32)
]]></failure>
  </testcase>
  <testcase name="testIfIsNotNull[712]" classname="ed22_ud12_Ejercicio2_GeneradorIP.GeneradorTest" time="0.001">
    <failure message="expected: not &lt;null&gt;" type="org.opentest4j.AssertionFailedError"><![CDATA[org.opentest4j.AssertionFailedError: expected: not <null>
	at ed22_ud12_Ejercicio2_GeneradorIP.GeneradorTest.testIfIsNotNull(GeneradorTest.java:32)
]]></failure>
  </testcase>
  <testcase name="testIfIsNotNull[713]" classname="ed22_ud12_Ejercicio2_GeneradorIP.GeneradorTest" time="0.001">
    <failure message="expected: not &lt;null&gt;" type="org.opentest4j.AssertionFailedError"><![CDATA[org.opentest4j.AssertionFailedError: expected: not <null>
	at ed22_ud12_Ejercicio2_GeneradorIP.GeneradorTest.testIfIsNotNull(GeneradorTest.java:32)
]]></failure>
  </testcase>
  <testcase name="testIfIsNotNull[714]" classname="ed22_ud12_Ejercicio2_GeneradorIP.GeneradorTest" time="0">
    <failure message="expected: not &lt;null&gt;" type="org.opentest4j.AssertionFailedError"><![CDATA[org.opentest4j.AssertionFailedError: expected: not <null>
	at ed22_ud12_Ejercicio2_GeneradorIP.GeneradorTest.testIfIsNotNull(GeneradorTest.java:32)
]]></failure>
  </testcase>
  <testcase name="testIfIsNotNull[715]" classname="ed22_ud12_Ejercicio2_GeneradorIP.GeneradorTest" time="0">
    <failure message="expected: not &lt;null&gt;" type="org.opentest4j.AssertionFailedError"><![CDATA[org.opentest4j.AssertionFailedError: expected: not <null>
	at ed22_ud12_Ejercicio2_GeneradorIP.GeneradorTest.testIfIsNotNull(GeneradorTest.java:32)
]]></failure>
  </testcase>
  <testcase name="testIfIsNotNull[716]" classname="ed22_ud12_Ejercicio2_GeneradorIP.GeneradorTest" time="0">
    <failure message="expected: not &lt;null&gt;" type="org.opentest4j.AssertionFailedError"><![CDATA[org.opentest4j.AssertionFailedError: expected: not <null>
	at ed22_ud12_Ejercicio2_GeneradorIP.GeneradorTest.testIfIsNotNull(GeneradorTest.java:32)
]]></failure>
  </testcase>
  <testcase name="testIfIsNotNull[717]" classname="ed22_ud12_Ejercicio2_GeneradorIP.GeneradorTest" time="0">
    <failure message="expected: not &lt;null&gt;" type="org.opentest4j.AssertionFailedError"><![CDATA[org.opentest4j.AssertionFailedError: expected: not <null>
	at ed22_ud12_Ejercicio2_GeneradorIP.GeneradorTest.testIfIsNotNull(GeneradorTest.java:32)
]]></failure>
  </testcase>
  <testcase name="testIfIsNotNull[718]" classname="ed22_ud12_Ejercicio2_GeneradorIP.GeneradorTest" time="0.002">
    <failure message="expected: not &lt;null&gt;" type="org.opentest4j.AssertionFailedError"><![CDATA[org.opentest4j.AssertionFailedError: expected: not <null>
	at ed22_ud12_Ejercicio2_GeneradorIP.GeneradorTest.testIfIsNotNull(GeneradorTest.java:32)
]]></failure>
  </testcase>
  <testcase name="testIfIsNotNull[719]" classname="ed22_ud12_Ejercicio2_GeneradorIP.GeneradorTest" time="0">
    <failure message="expected: not &lt;null&gt;" type="org.opentest4j.AssertionFailedError"><![CDATA[org.opentest4j.AssertionFailedError: expected: not <null>
	at ed22_ud12_Ejercicio2_GeneradorIP.GeneradorTest.testIfIsNotNull(GeneradorTest.java:32)
]]></failure>
  </testcase>
  <testcase name="testIfIsNotNull[720]" classname="ed22_ud12_Ejercicio2_GeneradorIP.GeneradorTest" time="0.001">
    <failure message="expected: not &lt;null&gt;" type="org.opentest4j.AssertionFailedError"><![CDATA[org.opentest4j.AssertionFailedError: expected: not <null>
	at ed22_ud12_Ejercicio2_GeneradorIP.GeneradorTest.testIfIsNotNull(GeneradorTest.java:32)
]]></failure>
  </testcase>
  <testcase name="testIfIsNotNull[721]" classname="ed22_ud12_Ejercicio2_GeneradorIP.GeneradorTest" time="0.001">
    <failure message="expected: not &lt;null&gt;" type="org.opentest4j.AssertionFailedError"><![CDATA[org.opentest4j.AssertionFailedError: expected: not <null>
	at ed22_ud12_Ejercicio2_GeneradorIP.GeneradorTest.testIfIsNotNull(GeneradorTest.java:32)
]]></failure>
  </testcase>
  <testcase name="testIfIsNotNull[722]" classname="ed22_ud12_Ejercicio2_GeneradorIP.GeneradorTest" time="0.001">
    <failure message="expected: not &lt;null&gt;" type="org.opentest4j.AssertionFailedError"><![CDATA[org.opentest4j.AssertionFailedError: expected: not <null>
	at ed22_ud12_Ejercicio2_GeneradorIP.GeneradorTest.testIfIsNotNull(GeneradorTest.java:32)
]]></failure>
  </testcase>
  <testcase name="testIfIsNotNull[723]" classname="ed22_ud12_Ejercicio2_GeneradorIP.GeneradorTest" time="0">
    <failure message="expected: not &lt;null&gt;" type="org.opentest4j.AssertionFailedError"><![CDATA[org.opentest4j.AssertionFailedError: expected: not <null>
	at ed22_ud12_Ejercicio2_GeneradorIP.GeneradorTest.testIfIsNotNull(GeneradorTest.java:32)
]]></failure>
  </testcase>
  <testcase name="testIfIsNotNull[724]" classname="ed22_ud12_Ejercicio2_GeneradorIP.GeneradorTest" time="0.001">
    <failure message="expected: not &lt;null&gt;" type="org.opentest4j.AssertionFailedError"><![CDATA[org.opentest4j.AssertionFailedError: expected: not <null>
	at ed22_ud12_Ejercicio2_GeneradorIP.GeneradorTest.testIfIsNotNull(GeneradorTest.java:32)
]]></failure>
  </testcase>
  <testcase name="testIfIsNotNull[725]" classname="ed22_ud12_Ejercicio2_GeneradorIP.GeneradorTest" time="0.001">
    <failure message="expected: not &lt;null&gt;" type="org.opentest4j.AssertionFailedError"><![CDATA[org.opentest4j.AssertionFailedError: expected: not <null>
	at ed22_ud12_Ejercicio2_GeneradorIP.GeneradorTest.testIfIsNotNull(GeneradorTest.java:32)
]]></failure>
  </testcase>
  <testcase name="testIfIsNotNull[726]" classname="ed22_ud12_Ejercicio2_GeneradorIP.GeneradorTest" time="0">
    <failure message="expected: not &lt;null&gt;" type="org.opentest4j.AssertionFailedError"><![CDATA[org.opentest4j.AssertionFailedError: expected: not <null>
	at ed22_ud12_Ejercicio2_GeneradorIP.GeneradorTest.testIfIsNotNull(GeneradorTest.java:32)
]]></failure>
  </testcase>
  <testcase name="testIfIsNotNull[727]" classname="ed22_ud12_Ejercicio2_GeneradorIP.GeneradorTest" time="0.001">
    <failure message="expected: not &lt;null&gt;" type="org.opentest4j.AssertionFailedError"><![CDATA[org.opentest4j.AssertionFailedError: expected: not <null>
	at ed22_ud12_Ejercicio2_GeneradorIP.GeneradorTest.testIfIsNotNull(GeneradorTest.java:32)
]]></failure>
  </testcase>
  <testcase name="testIfIsNotNull[728]" classname="ed22_ud12_Ejercicio2_GeneradorIP.GeneradorTest" time="0">
    <failure message="expected: not &lt;null&gt;" type="org.opentest4j.AssertionFailedError"><![CDATA[org.opentest4j.AssertionFailedError: expected: not <null>
	at ed22_ud12_Ejercicio2_GeneradorIP.GeneradorTest.testIfIsNotNull(GeneradorTest.java:32)
]]></failure>
  </testcase>
  <testcase name="testIfIsNotNull[729]" classname="ed22_ud12_Ejercicio2_GeneradorIP.GeneradorTest" time="0.001">
    <failure message="expected: not &lt;null&gt;" type="org.opentest4j.AssertionFailedError"><![CDATA[org.opentest4j.AssertionFailedError: expected: not <null>
	at ed22_ud12_Ejercicio2_GeneradorIP.GeneradorTest.testIfIsNotNull(GeneradorTest.java:32)
]]></failure>
  </testcase>
  <testcase name="testIfIsNotNull[730]" classname="ed22_ud12_Ejercicio2_GeneradorIP.GeneradorTest" time="0">
    <failure message="expected: not &lt;null&gt;" type="org.opentest4j.AssertionFailedError"><![CDATA[org.opentest4j.AssertionFailedError: expected: not <null>
	at ed22_ud12_Ejercicio2_GeneradorIP.GeneradorTest.testIfIsNotNull(GeneradorTest.java:32)
]]></failure>
  </testcase>
  <testcase name="testIfIsNotNull[731]" classname="ed22_ud12_Ejercicio2_GeneradorIP.GeneradorTest" time="0">
    <failure message="expected: not &lt;null&gt;" type="org.opentest4j.AssertionFailedError"><![CDATA[org.opentest4j.AssertionFailedError: expected: not <null>
	at ed22_ud12_Ejercicio2_GeneradorIP.GeneradorTest.testIfIsNotNull(GeneradorTest.java:32)
]]></failure>
  </testcase>
  <testcase name="testIfIsNotNull[732]" classname="ed22_ud12_Ejercicio2_GeneradorIP.GeneradorTest" time="0.001">
    <failure message="expected: not &lt;null&gt;" type="org.opentest4j.AssertionFailedError"><![CDATA[org.opentest4j.AssertionFailedError: expected: not <null>
	at ed22_ud12_Ejercicio2_GeneradorIP.GeneradorTest.testIfIsNotNull(GeneradorTest.java:32)
]]></failure>
  </testcase>
  <testcase name="testIfIsNotNull[733]" classname="ed22_ud12_Ejercicio2_GeneradorIP.GeneradorTest" time="0.001">
    <failure message="expected: not &lt;null&gt;" type="org.opentest4j.AssertionFailedError"><![CDATA[org.opentest4j.AssertionFailedError: expected: not <null>
	at ed22_ud12_Ejercicio2_GeneradorIP.GeneradorTest.testIfIsNotNull(GeneradorTest.java:32)
]]></failure>
  </testcase>
  <testcase name="testIfIsNotNull[734]" classname="ed22_ud12_Ejercicio2_GeneradorIP.GeneradorTest" time="0">
    <failure message="expected: not &lt;null&gt;" type="org.opentest4j.AssertionFailedError"><![CDATA[org.opentest4j.AssertionFailedError: expected: not <null>
	at ed22_ud12_Ejercicio2_GeneradorIP.GeneradorTest.testIfIsNotNull(GeneradorTest.java:32)
]]></failure>
  </testcase>
  <testcase name="testIfIsNotNull[735]" classname="ed22_ud12_Ejercicio2_GeneradorIP.GeneradorTest" time="0">
    <failure message="expected: not &lt;null&gt;" type="org.opentest4j.AssertionFailedError"><![CDATA[org.opentest4j.AssertionFailedError: expected: not <null>
	at ed22_ud12_Ejercicio2_GeneradorIP.GeneradorTest.testIfIsNotNull(GeneradorTest.java:32)
]]></failure>
  </testcase>
  <testcase name="testIfIsNotNull[736]" classname="ed22_ud12_Ejercicio2_GeneradorIP.GeneradorTest" time="0.001">
    <failure message="expected: not &lt;null&gt;" type="org.opentest4j.AssertionFailedError"><![CDATA[org.opentest4j.AssertionFailedError: expected: not <null>
	at ed22_ud12_Ejercicio2_GeneradorIP.GeneradorTest.testIfIsNotNull(GeneradorTest.java:32)
]]></failure>
  </testcase>
  <testcase name="testIfIsNotNull[737]" classname="ed22_ud12_Ejercicio2_GeneradorIP.GeneradorTest" time="0.001">
    <failure message="expected: not &lt;null&gt;" type="org.opentest4j.AssertionFailedError"><![CDATA[org.opentest4j.AssertionFailedError: expected: not <null>
	at ed22_ud12_Ejercicio2_GeneradorIP.GeneradorTest.testIfIsNotNull(GeneradorTest.java:32)
]]></failure>
  </testcase>
  <testcase name="testIfIsNotNull[738]" classname="ed22_ud12_Ejercicio2_GeneradorIP.GeneradorTest" time="0">
    <failure message="expected: not &lt;null&gt;" type="org.opentest4j.AssertionFailedError"><![CDATA[org.opentest4j.AssertionFailedError: expected: not <null>
	at ed22_ud12_Ejercicio2_GeneradorIP.GeneradorTest.testIfIsNotNull(GeneradorTest.java:32)
]]></failure>
  </testcase>
  <testcase name="testIfIsNotNull[739]" classname="ed22_ud12_Ejercicio2_GeneradorIP.GeneradorTest" time="0">
    <failure message="expected: not &lt;null&gt;" type="org.opentest4j.AssertionFailedError"><![CDATA[org.opentest4j.AssertionFailedError: expected: not <null>
	at ed22_ud12_Ejercicio2_GeneradorIP.GeneradorTest.testIfIsNotNull(GeneradorTest.java:32)
]]></failure>
  </testcase>
  <testcase name="testIfIsNotNull[740]" classname="ed22_ud12_Ejercicio2_GeneradorIP.GeneradorTest" time="0">
    <failure message="expected: not &lt;null&gt;" type="org.opentest4j.AssertionFailedError"><![CDATA[org.opentest4j.AssertionFailedError: expected: not <null>
	at ed22_ud12_Ejercicio2_GeneradorIP.GeneradorTest.testIfIsNotNull(GeneradorTest.java:32)
]]></failure>
  </testcase>
  <testcase name="testIfIsNotNull[741]" classname="ed22_ud12_Ejercicio2_GeneradorIP.GeneradorTest" time="0">
    <failure message="expected: not &lt;null&gt;" type="org.opentest4j.AssertionFailedError"><![CDATA[org.opentest4j.AssertionFailedError: expected: not <null>
	at ed22_ud12_Ejercicio2_GeneradorIP.GeneradorTest.testIfIsNotNull(GeneradorTest.java:32)
]]></failure>
  </testcase>
  <testcase name="testIfIsNotNull[742]" classname="ed22_ud12_Ejercicio2_GeneradorIP.GeneradorTest" time="0">
    <failure message="expected: not &lt;null&gt;" type="org.opentest4j.AssertionFailedError"><![CDATA[org.opentest4j.AssertionFailedError: expected: not <null>
	at ed22_ud12_Ejercicio2_GeneradorIP.GeneradorTest.testIfIsNotNull(GeneradorTest.java:32)
]]></failure>
  </testcase>
  <testcase name="testIfIsNotNull[743]" classname="ed22_ud12_Ejercicio2_GeneradorIP.GeneradorTest" time="0">
    <failure message="expected: not &lt;null&gt;" type="org.opentest4j.AssertionFailedError"><![CDATA[org.opentest4j.AssertionFailedError: expected: not <null>
	at ed22_ud12_Ejercicio2_GeneradorIP.GeneradorTest.testIfIsNotNull(GeneradorTest.java:32)
]]></failure>
  </testcase>
  <testcase name="testIfIsNotNull[744]" classname="ed22_ud12_Ejercicio2_GeneradorIP.GeneradorTest" time="0">
    <failure message="expected: not &lt;null&gt;" type="org.opentest4j.AssertionFailedError"><![CDATA[org.opentest4j.AssertionFailedError: expected: not <null>
	at ed22_ud12_Ejercicio2_GeneradorIP.GeneradorTest.testIfIsNotNull(GeneradorTest.java:32)
]]></failure>
  </testcase>
  <testcase name="testIfIsNotNull[745]" classname="ed22_ud12_Ejercicio2_GeneradorIP.GeneradorTest" time="0">
    <failure message="expected: not &lt;null&gt;" type="org.opentest4j.AssertionFailedError"><![CDATA[org.opentest4j.AssertionFailedError: expected: not <null>
	at ed22_ud12_Ejercicio2_GeneradorIP.GeneradorTest.testIfIsNotNull(GeneradorTest.java:32)
]]></failure>
  </testcase>
  <testcase name="testIfIsNotNull[746]" classname="ed22_ud12_Ejercicio2_GeneradorIP.GeneradorTest" time="0">
    <failure message="expected: not &lt;null&gt;" type="org.opentest4j.AssertionFailedError"><![CDATA[org.opentest4j.AssertionFailedError: expected: not <null>
	at ed22_ud12_Ejercicio2_GeneradorIP.GeneradorTest.testIfIsNotNull(GeneradorTest.java:32)
]]></failure>
  </testcase>
  <testcase name="testIfIsNotNull[747]" classname="ed22_ud12_Ejercicio2_GeneradorIP.GeneradorTest" time="0.001">
    <failure message="expected: not &lt;null&gt;" type="org.opentest4j.AssertionFailedError"><![CDATA[org.opentest4j.AssertionFailedError: expected: not <null>
	at ed22_ud12_Ejercicio2_GeneradorIP.GeneradorTest.testIfIsNotNull(GeneradorTest.java:32)
]]></failure>
  </testcase>
  <testcase name="testIfIsNotNull[748]" classname="ed22_ud12_Ejercicio2_GeneradorIP.GeneradorTest" time="0.001">
    <failure message="expected: not &lt;null&gt;" type="org.opentest4j.AssertionFailedError"><![CDATA[org.opentest4j.AssertionFailedError: expected: not <null>
	at ed22_ud12_Ejercicio2_GeneradorIP.GeneradorTest.testIfIsNotNull(GeneradorTest.java:32)
]]></failure>
  </testcase>
  <testcase name="testIfIsNotNull[749]" classname="ed22_ud12_Ejercicio2_GeneradorIP.GeneradorTest" time="0.001">
    <failure message="expected: not &lt;null&gt;" type="org.opentest4j.AssertionFailedError"><![CDATA[org.opentest4j.AssertionFailedError: expected: not <null>
	at ed22_ud12_Ejercicio2_GeneradorIP.GeneradorTest.testIfIsNotNull(GeneradorTest.java:32)
]]></failure>
  </testcase>
  <testcase name="testIfIsNotNull[750]" classname="ed22_ud12_Ejercicio2_GeneradorIP.GeneradorTest" time="0.001">
    <failure message="expected: not &lt;null&gt;" type="org.opentest4j.AssertionFailedError"><![CDATA[org.opentest4j.AssertionFailedError: expected: not <null>
	at ed22_ud12_Ejercicio2_GeneradorIP.GeneradorTest.testIfIsNotNull(GeneradorTest.java:32)
]]></failure>
  </testcase>
  <testcase name="testIfIsNotNull[751]" classname="ed22_ud12_Ejercicio2_GeneradorIP.GeneradorTest" time="0.001">
    <failure message="expected: not &lt;null&gt;" type="org.opentest4j.AssertionFailedError"><![CDATA[org.opentest4j.AssertionFailedError: expected: not <null>
	at ed22_ud12_Ejercicio2_GeneradorIP.GeneradorTest.testIfIsNotNull(GeneradorTest.java:32)
]]></failure>
  </testcase>
  <testcase name="testIfIsNotNull[752]" classname="ed22_ud12_Ejercicio2_GeneradorIP.GeneradorTest" time="0.001">
    <failure message="expected: not &lt;null&gt;" type="org.opentest4j.AssertionFailedError"><![CDATA[org.opentest4j.AssertionFailedError: expected: not <null>
	at ed22_ud12_Ejercicio2_GeneradorIP.GeneradorTest.testIfIsNotNull(GeneradorTest.java:32)
]]></failure>
  </testcase>
  <testcase name="testIfIsNotNull[753]" classname="ed22_ud12_Ejercicio2_GeneradorIP.GeneradorTest" time="0.001">
    <failure message="expected: not &lt;null&gt;" type="org.opentest4j.AssertionFailedError"><![CDATA[org.opentest4j.AssertionFailedError: expected: not <null>
	at ed22_ud12_Ejercicio2_GeneradorIP.GeneradorTest.testIfIsNotNull(GeneradorTest.java:32)
]]></failure>
  </testcase>
  <testcase name="testIfIsNotNull[754]" classname="ed22_ud12_Ejercicio2_GeneradorIP.GeneradorTest" time="0.001">
    <failure message="expected: not &lt;null&gt;" type="org.opentest4j.AssertionFailedError"><![CDATA[org.opentest4j.AssertionFailedError: expected: not <null>
	at ed22_ud12_Ejercicio2_GeneradorIP.GeneradorTest.testIfIsNotNull(GeneradorTest.java:32)
]]></failure>
  </testcase>
  <testcase name="testIfIsNotNull[755]" classname="ed22_ud12_Ejercicio2_GeneradorIP.GeneradorTest" time="0.001">
    <failure message="expected: not &lt;null&gt;" type="org.opentest4j.AssertionFailedError"><![CDATA[org.opentest4j.AssertionFailedError: expected: not <null>
	at ed22_ud12_Ejercicio2_GeneradorIP.GeneradorTest.testIfIsNotNull(GeneradorTest.java:32)
]]></failure>
  </testcase>
  <testcase name="testIfIsNotNull[756]" classname="ed22_ud12_Ejercicio2_GeneradorIP.GeneradorTest" time="0">
    <failure message="expected: not &lt;null&gt;" type="org.opentest4j.AssertionFailedError"><![CDATA[org.opentest4j.AssertionFailedError: expected: not <null>
	at ed22_ud12_Ejercicio2_GeneradorIP.GeneradorTest.testIfIsNotNull(GeneradorTest.java:32)
]]></failure>
  </testcase>
  <testcase name="testIfIsNotNull[757]" classname="ed22_ud12_Ejercicio2_GeneradorIP.GeneradorTest" time="0">
    <failure message="expected: not &lt;null&gt;" type="org.opentest4j.AssertionFailedError"><![CDATA[org.opentest4j.AssertionFailedError: expected: not <null>
	at ed22_ud12_Ejercicio2_GeneradorIP.GeneradorTest.testIfIsNotNull(GeneradorTest.java:32)
]]></failure>
  </testcase>
  <testcase name="testIfIsNotNull[758]" classname="ed22_ud12_Ejercicio2_GeneradorIP.GeneradorTest" time="0">
    <failure message="expected: not &lt;null&gt;" type="org.opentest4j.AssertionFailedError"><![CDATA[org.opentest4j.AssertionFailedError: expected: not <null>
	at ed22_ud12_Ejercicio2_GeneradorIP.GeneradorTest.testIfIsNotNull(GeneradorTest.java:32)
]]></failure>
  </testcase>
  <testcase name="testIfIsNotNull[759]" classname="ed22_ud12_Ejercicio2_GeneradorIP.GeneradorTest" time="0">
    <failure message="expected: not &lt;null&gt;" type="org.opentest4j.AssertionFailedError"><![CDATA[org.opentest4j.AssertionFailedError: expected: not <null>
	at ed22_ud12_Ejercicio2_GeneradorIP.GeneradorTest.testIfIsNotNull(GeneradorTest.java:32)
]]></failure>
  </testcase>
  <testcase name="testIfIsNotNull[760]" classname="ed22_ud12_Ejercicio2_GeneradorIP.GeneradorTest" time="0">
    <failure message="expected: not &lt;null&gt;" type="org.opentest4j.AssertionFailedError"><![CDATA[org.opentest4j.AssertionFailedError: expected: not <null>
	at ed22_ud12_Ejercicio2_GeneradorIP.GeneradorTest.testIfIsNotNull(GeneradorTest.java:32)
]]></failure>
  </testcase>
  <testcase name="testIfIsNotNull[761]" classname="ed22_ud12_Ejercicio2_GeneradorIP.GeneradorTest" time="0">
    <failure message="expected: not &lt;null&gt;" type="org.opentest4j.AssertionFailedError"><![CDATA[org.opentest4j.AssertionFailedError: expected: not <null>
	at ed22_ud12_Ejercicio2_GeneradorIP.GeneradorTest.testIfIsNotNull(GeneradorTest.java:32)
]]></failure>
  </testcase>
  <testcase name="testIfIsNotNull[762]" classname="ed22_ud12_Ejercicio2_GeneradorIP.GeneradorTest" time="0.001">
    <failure message="expected: not &lt;null&gt;" type="org.opentest4j.AssertionFailedError"><![CDATA[org.opentest4j.AssertionFailedError: expected: not <null>
	at ed22_ud12_Ejercicio2_GeneradorIP.GeneradorTest.testIfIsNotNull(GeneradorTest.java:32)
]]></failure>
  </testcase>
  <testcase name="testIfIsNotNull[763]" classname="ed22_ud12_Ejercicio2_GeneradorIP.GeneradorTest" time="0.001">
    <failure message="expected: not &lt;null&gt;" type="org.opentest4j.AssertionFailedError"><![CDATA[org.opentest4j.AssertionFailedError: expected: not <null>
	at ed22_ud12_Ejercicio2_GeneradorIP.GeneradorTest.testIfIsNotNull(GeneradorTest.java:32)
]]></failure>
  </testcase>
  <testcase name="testIfIsNotNull[764]" classname="ed22_ud12_Ejercicio2_GeneradorIP.GeneradorTest" time="0.002">
    <failure message="expected: not &lt;null&gt;" type="org.opentest4j.AssertionFailedError"><![CDATA[org.opentest4j.AssertionFailedError: expected: not <null>
	at ed22_ud12_Ejercicio2_GeneradorIP.GeneradorTest.testIfIsNotNull(GeneradorTest.java:32)
]]></failure>
  </testcase>
  <testcase name="testIfIsNotNull[765]" classname="ed22_ud12_Ejercicio2_GeneradorIP.GeneradorTest" time="0">
    <failure message="expected: not &lt;null&gt;" type="org.opentest4j.AssertionFailedError"><![CDATA[org.opentest4j.AssertionFailedError: expected: not <null>
	at ed22_ud12_Ejercicio2_GeneradorIP.GeneradorTest.testIfIsNotNull(GeneradorTest.java:32)
]]></failure>
  </testcase>
  <testcase name="testIfIsNotNull[766]" classname="ed22_ud12_Ejercicio2_GeneradorIP.GeneradorTest" time="0">
    <failure message="expected: not &lt;null&gt;" type="org.opentest4j.AssertionFailedError"><![CDATA[org.opentest4j.AssertionFailedError: expected: not <null>
	at ed22_ud12_Ejercicio2_GeneradorIP.GeneradorTest.testIfIsNotNull(GeneradorTest.java:32)
]]></failure>
  </testcase>
  <testcase name="testIfIsNotNull[767]" classname="ed22_ud12_Ejercicio2_GeneradorIP.GeneradorTest" time="0.001">
    <failure message="expected: not &lt;null&gt;" type="org.opentest4j.AssertionFailedError"><![CDATA[org.opentest4j.AssertionFailedError: expected: not <null>
	at ed22_ud12_Ejercicio2_GeneradorIP.GeneradorTest.testIfIsNotNull(GeneradorTest.java:32)
]]></failure>
  </testcase>
  <testcase name="testIfIsNotNull[768]" classname="ed22_ud12_Ejercicio2_GeneradorIP.GeneradorTest" time="0.001">
    <failure message="expected: not &lt;null&gt;" type="org.opentest4j.AssertionFailedError"><![CDATA[org.opentest4j.AssertionFailedError: expected: not <null>
	at ed22_ud12_Ejercicio2_GeneradorIP.GeneradorTest.testIfIsNotNull(GeneradorTest.java:32)
]]></failure>
  </testcase>
  <testcase name="testIfIsNotNull[769]" classname="ed22_ud12_Ejercicio2_GeneradorIP.GeneradorTest" time="0">
    <failure message="expected: not &lt;null&gt;" type="org.opentest4j.AssertionFailedError"><![CDATA[org.opentest4j.AssertionFailedError: expected: not <null>
	at ed22_ud12_Ejercicio2_GeneradorIP.GeneradorTest.testIfIsNotNull(GeneradorTest.java:32)
]]></failure>
  </testcase>
  <testcase name="testIfIsNotNull[770]" classname="ed22_ud12_Ejercicio2_GeneradorIP.GeneradorTest" time="0">
    <failure message="expected: not &lt;null&gt;" type="org.opentest4j.AssertionFailedError"><![CDATA[org.opentest4j.AssertionFailedError: expected: not <null>
	at ed22_ud12_Ejercicio2_GeneradorIP.GeneradorTest.testIfIsNotNull(GeneradorTest.java:32)
]]></failure>
  </testcase>
  <testcase name="testIfIsNotNull[771]" classname="ed22_ud12_Ejercicio2_GeneradorIP.GeneradorTest" time="0">
    <failure message="expected: not &lt;null&gt;" type="org.opentest4j.AssertionFailedError"><![CDATA[org.opentest4j.AssertionFailedError: expected: not <null>
	at ed22_ud12_Ejercicio2_GeneradorIP.GeneradorTest.testIfIsNotNull(GeneradorTest.java:32)
]]></failure>
  </testcase>
  <testcase name="testIfIsNotNull[772]" classname="ed22_ud12_Ejercicio2_GeneradorIP.GeneradorTest" time="0">
    <failure message="expected: not &lt;null&gt;" type="org.opentest4j.AssertionFailedError"><![CDATA[org.opentest4j.AssertionFailedError: expected: not <null>
	at ed22_ud12_Ejercicio2_GeneradorIP.GeneradorTest.testIfIsNotNull(GeneradorTest.java:32)
]]></failure>
  </testcase>
  <testcase name="testIfIsNotNull[773]" classname="ed22_ud12_Ejercicio2_GeneradorIP.GeneradorTest" time="0">
    <failure message="expected: not &lt;null&gt;" type="org.opentest4j.AssertionFailedError"><![CDATA[org.opentest4j.AssertionFailedError: expected: not <null>
	at ed22_ud12_Ejercicio2_GeneradorIP.GeneradorTest.testIfIsNotNull(GeneradorTest.java:32)
]]></failure>
  </testcase>
  <testcase name="testIfIsNotNull[774]" classname="ed22_ud12_Ejercicio2_GeneradorIP.GeneradorTest" time="0.001">
    <failure message="expected: not &lt;null&gt;" type="org.opentest4j.AssertionFailedError"><![CDATA[org.opentest4j.AssertionFailedError: expected: not <null>
	at ed22_ud12_Ejercicio2_GeneradorIP.GeneradorTest.testIfIsNotNull(GeneradorTest.java:32)
]]></failure>
  </testcase>
  <testcase name="testIfIsNotNull[775]" classname="ed22_ud12_Ejercicio2_GeneradorIP.GeneradorTest" time="0.001">
    <failure message="expected: not &lt;null&gt;" type="org.opentest4j.AssertionFailedError"><![CDATA[org.opentest4j.AssertionFailedError: expected: not <null>
	at ed22_ud12_Ejercicio2_GeneradorIP.GeneradorTest.testIfIsNotNull(GeneradorTest.java:32)
]]></failure>
  </testcase>
  <testcase name="testIfIsNotNull[776]" classname="ed22_ud12_Ejercicio2_GeneradorIP.GeneradorTest" time="0.001">
    <failure message="expected: not &lt;null&gt;" type="org.opentest4j.AssertionFailedError"><![CDATA[org.opentest4j.AssertionFailedError: expected: not <null>
	at ed22_ud12_Ejercicio2_GeneradorIP.GeneradorTest.testIfIsNotNull(GeneradorTest.java:32)
]]></failure>
  </testcase>
  <testcase name="testIfIsNotNull[777]" classname="ed22_ud12_Ejercicio2_GeneradorIP.GeneradorTest" time="0.001">
    <failure message="expected: not &lt;null&gt;" type="org.opentest4j.AssertionFailedError"><![CDATA[org.opentest4j.AssertionFailedError: expected: not <null>
	at ed22_ud12_Ejercicio2_GeneradorIP.GeneradorTest.testIfIsNotNull(GeneradorTest.java:32)
]]></failure>
  </testcase>
  <testcase name="testIfIsNotNull[778]" classname="ed22_ud12_Ejercicio2_GeneradorIP.GeneradorTest" time="0.001">
    <failure message="expected: not &lt;null&gt;" type="org.opentest4j.AssertionFailedError"><![CDATA[org.opentest4j.AssertionFailedError: expected: not <null>
	at ed22_ud12_Ejercicio2_GeneradorIP.GeneradorTest.testIfIsNotNull(GeneradorTest.java:32)
]]></failure>
  </testcase>
  <testcase name="testIfIsNotNull[779]" classname="ed22_ud12_Ejercicio2_GeneradorIP.GeneradorTest" time="0.001">
    <failure message="expected: not &lt;null&gt;" type="org.opentest4j.AssertionFailedError"><![CDATA[org.opentest4j.AssertionFailedError: expected: not <null>
	at ed22_ud12_Ejercicio2_GeneradorIP.GeneradorTest.testIfIsNotNull(GeneradorTest.java:32)
]]></failure>
  </testcase>
  <testcase name="testIfIsNotNull[780]" classname="ed22_ud12_Ejercicio2_GeneradorIP.GeneradorTest" time="0.001">
    <failure message="expected: not &lt;null&gt;" type="org.opentest4j.AssertionFailedError"><![CDATA[org.opentest4j.AssertionFailedError: expected: not <null>
	at ed22_ud12_Ejercicio2_GeneradorIP.GeneradorTest.testIfIsNotNull(GeneradorTest.java:32)
]]></failure>
  </testcase>
  <testcase name="testIfIsNotNull[781]" classname="ed22_ud12_Ejercicio2_GeneradorIP.GeneradorTest" time="0.001">
    <failure message="expected: not &lt;null&gt;" type="org.opentest4j.AssertionFailedError"><![CDATA[org.opentest4j.AssertionFailedError: expected: not <null>
	at ed22_ud12_Ejercicio2_GeneradorIP.GeneradorTest.testIfIsNotNull(GeneradorTest.java:32)
]]></failure>
  </testcase>
  <testcase name="testIfIsNotNull[782]" classname="ed22_ud12_Ejercicio2_GeneradorIP.GeneradorTest" time="0">
    <failure message="expected: not &lt;null&gt;" type="org.opentest4j.AssertionFailedError"><![CDATA[org.opentest4j.AssertionFailedError: expected: not <null>
	at ed22_ud12_Ejercicio2_GeneradorIP.GeneradorTest.testIfIsNotNull(GeneradorTest.java:32)
]]></failure>
  </testcase>
  <testcase name="testIfIsNotNull[783]" classname="ed22_ud12_Ejercicio2_GeneradorIP.GeneradorTest" time="0">
    <failure message="expected: not &lt;null&gt;" type="org.opentest4j.AssertionFailedError"><![CDATA[org.opentest4j.AssertionFailedError: expected: not <null>
	at ed22_ud12_Ejercicio2_GeneradorIP.GeneradorTest.testIfIsNotNull(GeneradorTest.java:32)
]]></failure>
  </testcase>
  <testcase name="testIfIsNotNull[784]" classname="ed22_ud12_Ejercicio2_GeneradorIP.GeneradorTest" time="0">
    <failure message="expected: not &lt;null&gt;" type="org.opentest4j.AssertionFailedError"><![CDATA[org.opentest4j.AssertionFailedError: expected: not <null>
	at ed22_ud12_Ejercicio2_GeneradorIP.GeneradorTest.testIfIsNotNull(GeneradorTest.java:32)
]]></failure>
  </testcase>
  <testcase name="testIfIsNotNull[785]" classname="ed22_ud12_Ejercicio2_GeneradorIP.GeneradorTest" time="0.001">
    <failure message="expected: not &lt;null&gt;" type="org.opentest4j.AssertionFailedError"><![CDATA[org.opentest4j.AssertionFailedError: expected: not <null>
	at ed22_ud12_Ejercicio2_GeneradorIP.GeneradorTest.testIfIsNotNull(GeneradorTest.java:32)
]]></failure>
  </testcase>
  <testcase name="testIfIsNotNull[786]" classname="ed22_ud12_Ejercicio2_GeneradorIP.GeneradorTest" time="0.001">
    <failure message="expected: not &lt;null&gt;" type="org.opentest4j.AssertionFailedError"><![CDATA[org.opentest4j.AssertionFailedError: expected: not <null>
	at ed22_ud12_Ejercicio2_GeneradorIP.GeneradorTest.testIfIsNotNull(GeneradorTest.java:32)
]]></failure>
  </testcase>
  <testcase name="testIfIsNotNull[787]" classname="ed22_ud12_Ejercicio2_GeneradorIP.GeneradorTest" time="0.001">
    <failure message="expected: not &lt;null&gt;" type="org.opentest4j.AssertionFailedError"><![CDATA[org.opentest4j.AssertionFailedError: expected: not <null>
	at ed22_ud12_Ejercicio2_GeneradorIP.GeneradorTest.testIfIsNotNull(GeneradorTest.java:32)
]]></failure>
  </testcase>
  <testcase name="testIfIsNotNull[788]" classname="ed22_ud12_Ejercicio2_GeneradorIP.GeneradorTest" time="0.001">
    <failure message="expected: not &lt;null&gt;" type="org.opentest4j.AssertionFailedError"><![CDATA[org.opentest4j.AssertionFailedError: expected: not <null>
	at ed22_ud12_Ejercicio2_GeneradorIP.GeneradorTest.testIfIsNotNull(GeneradorTest.java:32)
]]></failure>
  </testcase>
  <testcase name="testIfIsNotNull[789]" classname="ed22_ud12_Ejercicio2_GeneradorIP.GeneradorTest" time="0">
    <failure message="expected: not &lt;null&gt;" type="org.opentest4j.AssertionFailedError"><![CDATA[org.opentest4j.AssertionFailedError: expected: not <null>
	at ed22_ud12_Ejercicio2_GeneradorIP.GeneradorTest.testIfIsNotNull(GeneradorTest.java:32)
]]></failure>
  </testcase>
  <testcase name="testIfIsNotNull[790]" classname="ed22_ud12_Ejercicio2_GeneradorIP.GeneradorTest" time="0">
    <failure message="expected: not &lt;null&gt;" type="org.opentest4j.AssertionFailedError"><![CDATA[org.opentest4j.AssertionFailedError: expected: not <null>
	at ed22_ud12_Ejercicio2_GeneradorIP.GeneradorTest.testIfIsNotNull(GeneradorTest.java:32)
]]></failure>
  </testcase>
  <testcase name="testIfIsNotNull[791]" classname="ed22_ud12_Ejercicio2_GeneradorIP.GeneradorTest" time="0">
    <failure message="expected: not &lt;null&gt;" type="org.opentest4j.AssertionFailedError"><![CDATA[org.opentest4j.AssertionFailedError: expected: not <null>
	at ed22_ud12_Ejercicio2_GeneradorIP.GeneradorTest.testIfIsNotNull(GeneradorTest.java:32)
]]></failure>
  </testcase>
  <testcase name="testIfIsNotNull[792]" classname="ed22_ud12_Ejercicio2_GeneradorIP.GeneradorTest" time="0">
    <failure message="expected: not &lt;null&gt;" type="org.opentest4j.AssertionFailedError"><![CDATA[org.opentest4j.AssertionFailedError: expected: not <null>
	at ed22_ud12_Ejercicio2_GeneradorIP.GeneradorTest.testIfIsNotNull(GeneradorTest.java:32)
]]></failure>
  </testcase>
  <testcase name="testIfIsNotNull[793]" classname="ed22_ud12_Ejercicio2_GeneradorIP.GeneradorTest" time="0">
    <failure message="expected: not &lt;null&gt;" type="org.opentest4j.AssertionFailedError"><![CDATA[org.opentest4j.AssertionFailedError: expected: not <null>
	at ed22_ud12_Ejercicio2_GeneradorIP.GeneradorTest.testIfIsNotNull(GeneradorTest.java:32)
]]></failure>
  </testcase>
  <testcase name="testIfIsNotNull[794]" classname="ed22_ud12_Ejercicio2_GeneradorIP.GeneradorTest" time="0">
    <failure message="expected: not &lt;null&gt;" type="org.opentest4j.AssertionFailedError"><![CDATA[org.opentest4j.AssertionFailedError: expected: not <null>
	at ed22_ud12_Ejercicio2_GeneradorIP.GeneradorTest.testIfIsNotNull(GeneradorTest.java:32)
]]></failure>
  </testcase>
  <testcase name="testIfIsNotNull[795]" classname="ed22_ud12_Ejercicio2_GeneradorIP.GeneradorTest" time="0">
    <failure message="expected: not &lt;null&gt;" type="org.opentest4j.AssertionFailedError"><![CDATA[org.opentest4j.AssertionFailedError: expected: not <null>
	at ed22_ud12_Ejercicio2_GeneradorIP.GeneradorTest.testIfIsNotNull(GeneradorTest.java:32)
]]></failure>
  </testcase>
  <testcase name="testIfIsNotNull[796]" classname="ed22_ud12_Ejercicio2_GeneradorIP.GeneradorTest" time="0">
    <failure message="expected: not &lt;null&gt;" type="org.opentest4j.AssertionFailedError"><![CDATA[org.opentest4j.AssertionFailedError: expected: not <null>
	at ed22_ud12_Ejercicio2_GeneradorIP.GeneradorTest.testIfIsNotNull(GeneradorTest.java:32)
]]></failure>
  </testcase>
  <testcase name="testIfIsNotNull[797]" classname="ed22_ud12_Ejercicio2_GeneradorIP.GeneradorTest" time="0">
    <failure message="expected: not &lt;null&gt;" type="org.opentest4j.AssertionFailedError"><![CDATA[org.opentest4j.AssertionFailedError: expected: not <null>
	at ed22_ud12_Ejercicio2_GeneradorIP.GeneradorTest.testIfIsNotNull(GeneradorTest.java:32)
]]></failure>
  </testcase>
  <testcase name="testIfIsNotNull[798]" classname="ed22_ud12_Ejercicio2_GeneradorIP.GeneradorTest" time="0.001">
    <failure message="expected: not &lt;null&gt;" type="org.opentest4j.AssertionFailedError"><![CDATA[org.opentest4j.AssertionFailedError: expected: not <null>
	at ed22_ud12_Ejercicio2_GeneradorIP.GeneradorTest.testIfIsNotNull(GeneradorTest.java:32)
]]></failure>
  </testcase>
  <testcase name="testIfIsNotNull[799]" classname="ed22_ud12_Ejercicio2_GeneradorIP.GeneradorTest" time="0.001">
    <failure message="expected: not &lt;null&gt;" type="org.opentest4j.AssertionFailedError"><![CDATA[org.opentest4j.AssertionFailedError: expected: not <null>
	at ed22_ud12_Ejercicio2_GeneradorIP.GeneradorTest.testIfIsNotNull(GeneradorTest.java:32)
]]></failure>
  </testcase>
  <testcase name="testIfIsNotNull[800]" classname="ed22_ud12_Ejercicio2_GeneradorIP.GeneradorTest" time="0.001">
    <failure message="expected: not &lt;null&gt;" type="org.opentest4j.AssertionFailedError"><![CDATA[org.opentest4j.AssertionFailedError: expected: not <null>
	at ed22_ud12_Ejercicio2_GeneradorIP.GeneradorTest.testIfIsNotNull(GeneradorTest.java:32)
]]></failure>
  </testcase>
  <testcase name="testIfIsNotNull[801]" classname="ed22_ud12_Ejercicio2_GeneradorIP.GeneradorTest" time="0.001">
    <failure message="expected: not &lt;null&gt;" type="org.opentest4j.AssertionFailedError"><![CDATA[org.opentest4j.AssertionFailedError: expected: not <null>
	at ed22_ud12_Ejercicio2_GeneradorIP.GeneradorTest.testIfIsNotNull(GeneradorTest.java:32)
]]></failure>
  </testcase>
  <testcase name="testIfIsNotNull[802]" classname="ed22_ud12_Ejercicio2_GeneradorIP.GeneradorTest" time="0.001">
    <failure message="expected: not &lt;null&gt;" type="org.opentest4j.AssertionFailedError"><![CDATA[org.opentest4j.AssertionFailedError: expected: not <null>
	at ed22_ud12_Ejercicio2_GeneradorIP.GeneradorTest.testIfIsNotNull(GeneradorTest.java:32)
]]></failure>
  </testcase>
  <testcase name="testIfIsNotNull[803]" classname="ed22_ud12_Ejercicio2_GeneradorIP.GeneradorTest" time="0.001">
    <failure message="expected: not &lt;null&gt;" type="org.opentest4j.AssertionFailedError"><![CDATA[org.opentest4j.AssertionFailedError: expected: not <null>
	at ed22_ud12_Ejercicio2_GeneradorIP.GeneradorTest.testIfIsNotNull(GeneradorTest.java:32)
]]></failure>
  </testcase>
  <testcase name="testIfIsNotNull[804]" classname="ed22_ud12_Ejercicio2_GeneradorIP.GeneradorTest" time="0">
    <failure message="expected: not &lt;null&gt;" type="org.opentest4j.AssertionFailedError"><![CDATA[org.opentest4j.AssertionFailedError: expected: not <null>
	at ed22_ud12_Ejercicio2_GeneradorIP.GeneradorTest.testIfIsNotNull(GeneradorTest.java:32)
]]></failure>
  </testcase>
  <testcase name="testIfIsNotNull[805]" classname="ed22_ud12_Ejercicio2_GeneradorIP.GeneradorTest" time="0">
    <failure message="expected: not &lt;null&gt;" type="org.opentest4j.AssertionFailedError"><![CDATA[org.opentest4j.AssertionFailedError: expected: not <null>
	at ed22_ud12_Ejercicio2_GeneradorIP.GeneradorTest.testIfIsNotNull(GeneradorTest.java:32)
]]></failure>
  </testcase>
  <testcase name="testIfIsNotNull[806]" classname="ed22_ud12_Ejercicio2_GeneradorIP.GeneradorTest" time="0">
    <failure message="expected: not &lt;null&gt;" type="org.opentest4j.AssertionFailedError"><![CDATA[org.opentest4j.AssertionFailedError: expected: not <null>
	at ed22_ud12_Ejercicio2_GeneradorIP.GeneradorTest.testIfIsNotNull(GeneradorTest.java:32)
]]></failure>
  </testcase>
  <testcase name="testIfIsNotNull[807]" classname="ed22_ud12_Ejercicio2_GeneradorIP.GeneradorTest" time="0">
    <failure message="expected: not &lt;null&gt;" type="org.opentest4j.AssertionFailedError"><![CDATA[org.opentest4j.AssertionFailedError: expected: not <null>
	at ed22_ud12_Ejercicio2_GeneradorIP.GeneradorTest.testIfIsNotNull(GeneradorTest.java:32)
]]></failure>
  </testcase>
  <testcase name="testIfIsNotNull[808]" classname="ed22_ud12_Ejercicio2_GeneradorIP.GeneradorTest" time="0.002">
    <failure message="expected: not &lt;null&gt;" type="org.opentest4j.AssertionFailedError"><![CDATA[org.opentest4j.AssertionFailedError: expected: not <null>
	at ed22_ud12_Ejercicio2_GeneradorIP.GeneradorTest.testIfIsNotNull(GeneradorTest.java:32)
]]></failure>
  </testcase>
  <testcase name="testIfIsNotNull[809]" classname="ed22_ud12_Ejercicio2_GeneradorIP.GeneradorTest" time="0.001">
    <failure message="expected: not &lt;null&gt;" type="org.opentest4j.AssertionFailedError"><![CDATA[org.opentest4j.AssertionFailedError: expected: not <null>
	at ed22_ud12_Ejercicio2_GeneradorIP.GeneradorTest.testIfIsNotNull(GeneradorTest.java:32)
]]></failure>
  </testcase>
  <testcase name="testIfIsNotNull[810]" classname="ed22_ud12_Ejercicio2_GeneradorIP.GeneradorTest" time="0">
    <failure message="expected: not &lt;null&gt;" type="org.opentest4j.AssertionFailedError"><![CDATA[org.opentest4j.AssertionFailedError: expected: not <null>
	at ed22_ud12_Ejercicio2_GeneradorIP.GeneradorTest.testIfIsNotNull(GeneradorTest.java:32)
]]></failure>
  </testcase>
  <testcase name="testIfIsNotNull[811]" classname="ed22_ud12_Ejercicio2_GeneradorIP.GeneradorTest" time="0.002">
    <failure message="expected: not &lt;null&gt;" type="org.opentest4j.AssertionFailedError"><![CDATA[org.opentest4j.AssertionFailedError: expected: not <null>
	at ed22_ud12_Ejercicio2_GeneradorIP.GeneradorTest.testIfIsNotNull(GeneradorTest.java:32)
]]></failure>
  </testcase>
  <testcase name="testIfIsNotNull[812]" classname="ed22_ud12_Ejercicio2_GeneradorIP.GeneradorTest" time="0.001">
    <failure message="expected: not &lt;null&gt;" type="org.opentest4j.AssertionFailedError"><![CDATA[org.opentest4j.AssertionFailedError: expected: not <null>
	at ed22_ud12_Ejercicio2_GeneradorIP.GeneradorTest.testIfIsNotNull(GeneradorTest.java:32)
]]></failure>
  </testcase>
  <testcase name="testIfIsNotNull[813]" classname="ed22_ud12_Ejercicio2_GeneradorIP.GeneradorTest" time="0">
    <failure message="expected: not &lt;null&gt;" type="org.opentest4j.AssertionFailedError"><![CDATA[org.opentest4j.AssertionFailedError: expected: not <null>
	at ed22_ud12_Ejercicio2_GeneradorIP.GeneradorTest.testIfIsNotNull(GeneradorTest.java:32)
]]></failure>
  </testcase>
  <testcase name="testIfIsNotNull[814]" classname="ed22_ud12_Ejercicio2_GeneradorIP.GeneradorTest" time="0.001">
    <failure message="expected: not &lt;null&gt;" type="org.opentest4j.AssertionFailedError"><![CDATA[org.opentest4j.AssertionFailedError: expected: not <null>
	at ed22_ud12_Ejercicio2_GeneradorIP.GeneradorTest.testIfIsNotNull(GeneradorTest.java:32)
]]></failure>
  </testcase>
  <testcase name="testIfIsNotNull[815]" classname="ed22_ud12_Ejercicio2_GeneradorIP.GeneradorTest" time="0.001">
    <failure message="expected: not &lt;null&gt;" type="org.opentest4j.AssertionFailedError"><![CDATA[org.opentest4j.AssertionFailedError: expected: not <null>
	at ed22_ud12_Ejercicio2_GeneradorIP.GeneradorTest.testIfIsNotNull(GeneradorTest.java:32)
]]></failure>
  </testcase>
  <testcase name="testIfIsNotNull[816]" classname="ed22_ud12_Ejercicio2_GeneradorIP.GeneradorTest" time="0.001">
    <failure message="expected: not &lt;null&gt;" type="org.opentest4j.AssertionFailedError"><![CDATA[org.opentest4j.AssertionFailedError: expected: not <null>
	at ed22_ud12_Ejercicio2_GeneradorIP.GeneradorTest.testIfIsNotNull(GeneradorTest.java:32)
]]></failure>
  </testcase>
  <testcase name="testIfIsNotNull[817]" classname="ed22_ud12_Ejercicio2_GeneradorIP.GeneradorTest" time="0">
    <failure message="expected: not &lt;null&gt;" type="org.opentest4j.AssertionFailedError"><![CDATA[org.opentest4j.AssertionFailedError: expected: not <null>
	at ed22_ud12_Ejercicio2_GeneradorIP.GeneradorTest.testIfIsNotNull(GeneradorTest.java:32)
]]></failure>
  </testcase>
  <testcase name="testIfIsNotNull[818]" classname="ed22_ud12_Ejercicio2_GeneradorIP.GeneradorTest" time="0.002">
    <failure message="expected: not &lt;null&gt;" type="org.opentest4j.AssertionFailedError"><![CDATA[org.opentest4j.AssertionFailedError: expected: not <null>
	at ed22_ud12_Ejercicio2_GeneradorIP.GeneradorTest.testIfIsNotNull(GeneradorTest.java:32)
]]></failure>
  </testcase>
  <testcase name="testIfIsNotNull[819]" classname="ed22_ud12_Ejercicio2_GeneradorIP.GeneradorTest" time="0">
    <failure message="expected: not &lt;null&gt;" type="org.opentest4j.AssertionFailedError"><![CDATA[org.opentest4j.AssertionFailedError: expected: not <null>
	at ed22_ud12_Ejercicio2_GeneradorIP.GeneradorTest.testIfIsNotNull(GeneradorTest.java:32)
]]></failure>
  </testcase>
  <testcase name="testIfIsNotNull[820]" classname="ed22_ud12_Ejercicio2_GeneradorIP.GeneradorTest" time="0.001">
    <failure message="expected: not &lt;null&gt;" type="org.opentest4j.AssertionFailedError"><![CDATA[org.opentest4j.AssertionFailedError: expected: not <null>
	at ed22_ud12_Ejercicio2_GeneradorIP.GeneradorTest.testIfIsNotNull(GeneradorTest.java:32)
]]></failure>
  </testcase>
  <testcase name="testIfIsNotNull[821]" classname="ed22_ud12_Ejercicio2_GeneradorIP.GeneradorTest" time="0">
    <failure message="expected: not &lt;null&gt;" type="org.opentest4j.AssertionFailedError"><![CDATA[org.opentest4j.AssertionFailedError: expected: not <null>
	at ed22_ud12_Ejercicio2_GeneradorIP.GeneradorTest.testIfIsNotNull(GeneradorTest.java:32)
]]></failure>
  </testcase>
  <testcase name="testIfIsNotNull[822]" classname="ed22_ud12_Ejercicio2_GeneradorIP.GeneradorTest" time="0">
    <failure message="expected: not &lt;null&gt;" type="org.opentest4j.AssertionFailedError"><![CDATA[org.opentest4j.AssertionFailedError: expected: not <null>
	at ed22_ud12_Ejercicio2_GeneradorIP.GeneradorTest.testIfIsNotNull(GeneradorTest.java:32)
]]></failure>
  </testcase>
  <testcase name="testIfIsNotNull[823]" classname="ed22_ud12_Ejercicio2_GeneradorIP.GeneradorTest" time="0.007">
    <failure message="expected: not &lt;null&gt;" type="org.opentest4j.AssertionFailedError"><![CDATA[org.opentest4j.AssertionFailedError: expected: not <null>
	at ed22_ud12_Ejercicio2_GeneradorIP.GeneradorTest.testIfIsNotNull(GeneradorTest.java:32)
]]></failure>
  </testcase>
  <testcase name="testIfIsNotNull[824]" classname="ed22_ud12_Ejercicio2_GeneradorIP.GeneradorTest" time="0">
    <failure message="expected: not &lt;null&gt;" type="org.opentest4j.AssertionFailedError"><![CDATA[org.opentest4j.AssertionFailedError: expected: not <null>
	at ed22_ud12_Ejercicio2_GeneradorIP.GeneradorTest.testIfIsNotNull(GeneradorTest.java:32)
]]></failure>
  </testcase>
  <testcase name="testIfIsNotNull[825]" classname="ed22_ud12_Ejercicio2_GeneradorIP.GeneradorTest" time="0">
    <failure message="expected: not &lt;null&gt;" type="org.opentest4j.AssertionFailedError"><![CDATA[org.opentest4j.AssertionFailedError: expected: not <null>
	at ed22_ud12_Ejercicio2_GeneradorIP.GeneradorTest.testIfIsNotNull(GeneradorTest.java:32)
]]></failure>
  </testcase>
  <testcase name="testIfIsNotNull[826]" classname="ed22_ud12_Ejercicio2_GeneradorIP.GeneradorTest" time="0">
    <failure message="expected: not &lt;null&gt;" type="org.opentest4j.AssertionFailedError"><![CDATA[org.opentest4j.AssertionFailedError: expected: not <null>
	at ed22_ud12_Ejercicio2_GeneradorIP.GeneradorTest.testIfIsNotNull(GeneradorTest.java:32)
]]></failure>
  </testcase>
  <testcase name="testIfIsNotNull[827]" classname="ed22_ud12_Ejercicio2_GeneradorIP.GeneradorTest" time="0">
    <failure message="expected: not &lt;null&gt;" type="org.opentest4j.AssertionFailedError"><![CDATA[org.opentest4j.AssertionFailedError: expected: not <null>
	at ed22_ud12_Ejercicio2_GeneradorIP.GeneradorTest.testIfIsNotNull(GeneradorTest.java:32)
]]></failure>
  </testcase>
  <testcase name="testIfIsNotNull[828]" classname="ed22_ud12_Ejercicio2_GeneradorIP.GeneradorTest" time="0">
    <failure message="expected: not &lt;null&gt;" type="org.opentest4j.AssertionFailedError"><![CDATA[org.opentest4j.AssertionFailedError: expected: not <null>
	at ed22_ud12_Ejercicio2_GeneradorIP.GeneradorTest.testIfIsNotNull(GeneradorTest.java:32)
]]></failure>
  </testcase>
  <testcase name="testIfIsNotNull[829]" classname="ed22_ud12_Ejercicio2_GeneradorIP.GeneradorTest" time="0">
    <failure message="expected: not &lt;null&gt;" type="org.opentest4j.AssertionFailedError"><![CDATA[org.opentest4j.AssertionFailedError: expected: not <null>
	at ed22_ud12_Ejercicio2_GeneradorIP.GeneradorTest.testIfIsNotNull(GeneradorTest.java:32)
]]></failure>
  </testcase>
  <testcase name="testIfIsNotNull[830]" classname="ed22_ud12_Ejercicio2_GeneradorIP.GeneradorTest" time="0">
    <failure message="expected: not &lt;null&gt;" type="org.opentest4j.AssertionFailedError"><![CDATA[org.opentest4j.AssertionFailedError: expected: not <null>
	at ed22_ud12_Ejercicio2_GeneradorIP.GeneradorTest.testIfIsNotNull(GeneradorTest.java:32)
]]></failure>
  </testcase>
  <testcase name="testIfIsNotNull[831]" classname="ed22_ud12_Ejercicio2_GeneradorIP.GeneradorTest" time="0">
    <failure message="expected: not &lt;null&gt;" type="org.opentest4j.AssertionFailedError"><![CDATA[org.opentest4j.AssertionFailedError: expected: not <null>
	at ed22_ud12_Ejercicio2_GeneradorIP.GeneradorTest.testIfIsNotNull(GeneradorTest.java:32)
]]></failure>
  </testcase>
  <testcase name="testIfIsNotNull[832]" classname="ed22_ud12_Ejercicio2_GeneradorIP.GeneradorTest" time="0">
    <failure message="expected: not &lt;null&gt;" type="org.opentest4j.AssertionFailedError"><![CDATA[org.opentest4j.AssertionFailedError: expected: not <null>
	at ed22_ud12_Ejercicio2_GeneradorIP.GeneradorTest.testIfIsNotNull(GeneradorTest.java:32)
]]></failure>
  </testcase>
  <testcase name="testIfIsNotNull[833]" classname="ed22_ud12_Ejercicio2_GeneradorIP.GeneradorTest" time="0">
    <failure message="expected: not &lt;null&gt;" type="org.opentest4j.AssertionFailedError"><![CDATA[org.opentest4j.AssertionFailedError: expected: not <null>
	at ed22_ud12_Ejercicio2_GeneradorIP.GeneradorTest.testIfIsNotNull(GeneradorTest.java:32)
]]></failure>
  </testcase>
  <testcase name="testIfIsNotNull[834]" classname="ed22_ud12_Ejercicio2_GeneradorIP.GeneradorTest" time="0">
    <failure message="expected: not &lt;null&gt;" type="org.opentest4j.AssertionFailedError"><![CDATA[org.opentest4j.AssertionFailedError: expected: not <null>
	at ed22_ud12_Ejercicio2_GeneradorIP.GeneradorTest.testIfIsNotNull(GeneradorTest.java:32)
]]></failure>
  </testcase>
  <testcase name="testIfIsNotNull[835]" classname="ed22_ud12_Ejercicio2_GeneradorIP.GeneradorTest" time="0">
    <failure message="expected: not &lt;null&gt;" type="org.opentest4j.AssertionFailedError"><![CDATA[org.opentest4j.AssertionFailedError: expected: not <null>
	at ed22_ud12_Ejercicio2_GeneradorIP.GeneradorTest.testIfIsNotNull(GeneradorTest.java:32)
]]></failure>
  </testcase>
  <testcase name="testIfIsNotNull[836]" classname="ed22_ud12_Ejercicio2_GeneradorIP.GeneradorTest" time="0.001">
    <failure message="expected: not &lt;null&gt;" type="org.opentest4j.AssertionFailedError"><![CDATA[org.opentest4j.AssertionFailedError: expected: not <null>
	at ed22_ud12_Ejercicio2_GeneradorIP.GeneradorTest.testIfIsNotNull(GeneradorTest.java:32)
]]></failure>
  </testcase>
  <testcase name="testIfIsNotNull[837]" classname="ed22_ud12_Ejercicio2_GeneradorIP.GeneradorTest" time="0.001">
    <failure message="expected: not &lt;null&gt;" type="org.opentest4j.AssertionFailedError"><![CDATA[org.opentest4j.AssertionFailedError: expected: not <null>
	at ed22_ud12_Ejercicio2_GeneradorIP.GeneradorTest.testIfIsNotNull(GeneradorTest.java:32)
]]></failure>
  </testcase>
  <testcase name="testIfIsNotNull[838]" classname="ed22_ud12_Ejercicio2_GeneradorIP.GeneradorTest" time="0.001">
    <failure message="expected: not &lt;null&gt;" type="org.opentest4j.AssertionFailedError"><![CDATA[org.opentest4j.AssertionFailedError: expected: not <null>
	at ed22_ud12_Ejercicio2_GeneradorIP.GeneradorTest.testIfIsNotNull(GeneradorTest.java:32)
]]></failure>
  </testcase>
  <testcase name="testIfIsNotNull[839]" classname="ed22_ud12_Ejercicio2_GeneradorIP.GeneradorTest" time="0">
    <failure message="expected: not &lt;null&gt;" type="org.opentest4j.AssertionFailedError"><![CDATA[org.opentest4j.AssertionFailedError: expected: not <null>
	at ed22_ud12_Ejercicio2_GeneradorIP.GeneradorTest.testIfIsNotNull(GeneradorTest.java:32)
]]></failure>
  </testcase>
  <testcase name="testIfIsNotNull[840]" classname="ed22_ud12_Ejercicio2_GeneradorIP.GeneradorTest" time="0.003">
    <failure message="expected: not &lt;null&gt;" type="org.opentest4j.AssertionFailedError"><![CDATA[org.opentest4j.AssertionFailedError: expected: not <null>
	at ed22_ud12_Ejercicio2_GeneradorIP.GeneradorTest.testIfIsNotNull(GeneradorTest.java:32)
]]></failure>
  </testcase>
  <testcase name="testIfIsNotNull[841]" classname="ed22_ud12_Ejercicio2_GeneradorIP.GeneradorTest" time="0">
    <failure message="expected: not &lt;null&gt;" type="org.opentest4j.AssertionFailedError"><![CDATA[org.opentest4j.AssertionFailedError: expected: not <null>
	at ed22_ud12_Ejercicio2_GeneradorIP.GeneradorTest.testIfIsNotNull(GeneradorTest.java:32)
]]></failure>
  </testcase>
  <testcase name="testIfIsNotNull[842]" classname="ed22_ud12_Ejercicio2_GeneradorIP.GeneradorTest" time="0">
    <failure message="expected: not &lt;null&gt;" type="org.opentest4j.AssertionFailedError"><![CDATA[org.opentest4j.AssertionFailedError: expected: not <null>
	at ed22_ud12_Ejercicio2_GeneradorIP.GeneradorTest.testIfIsNotNull(GeneradorTest.java:32)
]]></failure>
  </testcase>
  <testcase name="testIfIsNotNull[843]" classname="ed22_ud12_Ejercicio2_GeneradorIP.GeneradorTest" time="0">
    <failure message="expected: not &lt;null&gt;" type="org.opentest4j.AssertionFailedError"><![CDATA[org.opentest4j.AssertionFailedError: expected: not <null>
	at ed22_ud12_Ejercicio2_GeneradorIP.GeneradorTest.testIfIsNotNull(GeneradorTest.java:32)
]]></failure>
  </testcase>
  <testcase name="testIfIsNotNull[844]" classname="ed22_ud12_Ejercicio2_GeneradorIP.GeneradorTest" time="0.003">
    <failure message="expected: not &lt;null&gt;" type="org.opentest4j.AssertionFailedError"><![CDATA[org.opentest4j.AssertionFailedError: expected: not <null>
	at ed22_ud12_Ejercicio2_GeneradorIP.GeneradorTest.testIfIsNotNull(GeneradorTest.java:32)
]]></failure>
  </testcase>
  <testcase name="testIfIsNotNull[845]" classname="ed22_ud12_Ejercicio2_GeneradorIP.GeneradorTest" time="0">
    <failure message="expected: not &lt;null&gt;" type="org.opentest4j.AssertionFailedError"><![CDATA[org.opentest4j.AssertionFailedError: expected: not <null>
	at ed22_ud12_Ejercicio2_GeneradorIP.GeneradorTest.testIfIsNotNull(GeneradorTest.java:32)
]]></failure>
  </testcase>
  <testcase name="testIfIsNotNull[846]" classname="ed22_ud12_Ejercicio2_GeneradorIP.GeneradorTest" time="0">
    <failure message="expected: not &lt;null&gt;" type="org.opentest4j.AssertionFailedError"><![CDATA[org.opentest4j.AssertionFailedError: expected: not <null>
	at ed22_ud12_Ejercicio2_GeneradorIP.GeneradorTest.testIfIsNotNull(GeneradorTest.java:32)
]]></failure>
  </testcase>
  <testcase name="testIfIsNotNull[847]" classname="ed22_ud12_Ejercicio2_GeneradorIP.GeneradorTest" time="0.005">
    <failure message="expected: not &lt;null&gt;" type="org.opentest4j.AssertionFailedError"><![CDATA[org.opentest4j.AssertionFailedError: expected: not <null>
	at ed22_ud12_Ejercicio2_GeneradorIP.GeneradorTest.testIfIsNotNull(GeneradorTest.java:32)
]]></failure>
  </testcase>
  <testcase name="testIfIsNotNull[848]" classname="ed22_ud12_Ejercicio2_GeneradorIP.GeneradorTest" time="0.001">
    <failure message="expected: not &lt;null&gt;" type="org.opentest4j.AssertionFailedError"><![CDATA[org.opentest4j.AssertionFailedError: expected: not <null>
	at ed22_ud12_Ejercicio2_GeneradorIP.GeneradorTest.testIfIsNotNull(GeneradorTest.java:32)
]]></failure>
  </testcase>
  <testcase name="testIfIsNotNull[849]" classname="ed22_ud12_Ejercicio2_GeneradorIP.GeneradorTest" time="0">
    <failure message="expected: not &lt;null&gt;" type="org.opentest4j.AssertionFailedError"><![CDATA[org.opentest4j.AssertionFailedError: expected: not <null>
	at ed22_ud12_Ejercicio2_GeneradorIP.GeneradorTest.testIfIsNotNull(GeneradorTest.java:32)
]]></failure>
  </testcase>
  <testcase name="testIfIsNotNull[850]" classname="ed22_ud12_Ejercicio2_GeneradorIP.GeneradorTest" time="0">
    <failure message="expected: not &lt;null&gt;" type="org.opentest4j.AssertionFailedError"><![CDATA[org.opentest4j.AssertionFailedError: expected: not <null>
	at ed22_ud12_Ejercicio2_GeneradorIP.GeneradorTest.testIfIsNotNull(GeneradorTest.java:32)
]]></failure>
  </testcase>
  <testcase name="testIfIsNotNull[851]" classname="ed22_ud12_Ejercicio2_GeneradorIP.GeneradorTest" time="0">
    <failure message="expected: not &lt;null&gt;" type="org.opentest4j.AssertionFailedError"><![CDATA[org.opentest4j.AssertionFailedError: expected: not <null>
	at ed22_ud12_Ejercicio2_GeneradorIP.GeneradorTest.testIfIsNotNull(GeneradorTest.java:32)
]]></failure>
  </testcase>
  <testcase name="testIfIsNotNull[852]" classname="ed22_ud12_Ejercicio2_GeneradorIP.GeneradorTest" time="0">
    <failure message="expected: not &lt;null&gt;" type="org.opentest4j.AssertionFailedError"><![CDATA[org.opentest4j.AssertionFailedError: expected: not <null>
	at ed22_ud12_Ejercicio2_GeneradorIP.GeneradorTest.testIfIsNotNull(GeneradorTest.java:32)
]]></failure>
  </testcase>
  <testcase name="testIfIsNotNull[853]" classname="ed22_ud12_Ejercicio2_GeneradorIP.GeneradorTest" time="0">
    <failure message="expected: not &lt;null&gt;" type="org.opentest4j.AssertionFailedError"><![CDATA[org.opentest4j.AssertionFailedError: expected: not <null>
	at ed22_ud12_Ejercicio2_GeneradorIP.GeneradorTest.testIfIsNotNull(GeneradorTest.java:32)
]]></failure>
  </testcase>
  <testcase name="testIfIsNotNull[854]" classname="ed22_ud12_Ejercicio2_GeneradorIP.GeneradorTest" time="0">
    <failure message="expected: not &lt;null&gt;" type="org.opentest4j.AssertionFailedError"><![CDATA[org.opentest4j.AssertionFailedError: expected: not <null>
	at ed22_ud12_Ejercicio2_GeneradorIP.GeneradorTest.testIfIsNotNull(GeneradorTest.java:32)
]]></failure>
  </testcase>
  <testcase name="testIfIsNotNull[855]" classname="ed22_ud12_Ejercicio2_GeneradorIP.GeneradorTest" time="0">
    <failure message="expected: not &lt;null&gt;" type="org.opentest4j.AssertionFailedError"><![CDATA[org.opentest4j.AssertionFailedError: expected: not <null>
	at ed22_ud12_Ejercicio2_GeneradorIP.GeneradorTest.testIfIsNotNull(GeneradorTest.java:32)
]]></failure>
  </testcase>
  <testcase name="testIfIsNotNull[856]" classname="ed22_ud12_Ejercicio2_GeneradorIP.GeneradorTest" time="0.001">
    <failure message="expected: not &lt;null&gt;" type="org.opentest4j.AssertionFailedError"><![CDATA[org.opentest4j.AssertionFailedError: expected: not <null>
	at ed22_ud12_Ejercicio2_GeneradorIP.GeneradorTest.testIfIsNotNull(GeneradorTest.java:32)
]]></failure>
  </testcase>
  <testcase name="testIfIsNotNull[857]" classname="ed22_ud12_Ejercicio2_GeneradorIP.GeneradorTest" time="0">
    <failure message="expected: not &lt;null&gt;" type="org.opentest4j.AssertionFailedError"><![CDATA[org.opentest4j.AssertionFailedError: expected: not <null>
	at ed22_ud12_Ejercicio2_GeneradorIP.GeneradorTest.testIfIsNotNull(GeneradorTest.java:32)
]]></failure>
  </testcase>
  <testcase name="testIfIsNotNull[858]" classname="ed22_ud12_Ejercicio2_GeneradorIP.GeneradorTest" time="0.002">
    <failure message="expected: not &lt;null&gt;" type="org.opentest4j.AssertionFailedError"><![CDATA[org.opentest4j.AssertionFailedError: expected: not <null>
	at ed22_ud12_Ejercicio2_GeneradorIP.GeneradorTest.testIfIsNotNull(GeneradorTest.java:32)
]]></failure>
  </testcase>
  <testcase name="testIfIsNotNull[859]" classname="ed22_ud12_Ejercicio2_GeneradorIP.GeneradorTest" time="0">
    <failure message="expected: not &lt;null&gt;" type="org.opentest4j.AssertionFailedError"><![CDATA[org.opentest4j.AssertionFailedError: expected: not <null>
	at ed22_ud12_Ejercicio2_GeneradorIP.GeneradorTest.testIfIsNotNull(GeneradorTest.java:32)
]]></failure>
  </testcase>
  <testcase name="testIfIsNotNull[860]" classname="ed22_ud12_Ejercicio2_GeneradorIP.GeneradorTest" time="0">
    <failure message="expected: not &lt;null&gt;" type="org.opentest4j.AssertionFailedError"><![CDATA[org.opentest4j.AssertionFailedError: expected: not <null>
	at ed22_ud12_Ejercicio2_GeneradorIP.GeneradorTest.testIfIsNotNull(GeneradorTest.java:32)
]]></failure>
  </testcase>
  <testcase name="testIfIsNotNull[861]" classname="ed22_ud12_Ejercicio2_GeneradorIP.GeneradorTest" time="0">
    <failure message="expected: not &lt;null&gt;" type="org.opentest4j.AssertionFailedError"><![CDATA[org.opentest4j.AssertionFailedError: expected: not <null>
	at ed22_ud12_Ejercicio2_GeneradorIP.GeneradorTest.testIfIsNotNull(GeneradorTest.java:32)
]]></failure>
  </testcase>
  <testcase name="testIfIsNotNull[862]" classname="ed22_ud12_Ejercicio2_GeneradorIP.GeneradorTest" time="0">
    <failure message="expected: not &lt;null&gt;" type="org.opentest4j.AssertionFailedError"><![CDATA[org.opentest4j.AssertionFailedError: expected: not <null>
	at ed22_ud12_Ejercicio2_GeneradorIP.GeneradorTest.testIfIsNotNull(GeneradorTest.java:32)
]]></failure>
  </testcase>
  <testcase name="testIfIsNotNull[863]" classname="ed22_ud12_Ejercicio2_GeneradorIP.GeneradorTest" time="0">
    <failure message="expected: not &lt;null&gt;" type="org.opentest4j.AssertionFailedError"><![CDATA[org.opentest4j.AssertionFailedError: expected: not <null>
	at ed22_ud12_Ejercicio2_GeneradorIP.GeneradorTest.testIfIsNotNull(GeneradorTest.java:32)
]]></failure>
  </testcase>
  <testcase name="testIfIsNotNull[864]" classname="ed22_ud12_Ejercicio2_GeneradorIP.GeneradorTest" time="0">
    <failure message="expected: not &lt;null&gt;" type="org.opentest4j.AssertionFailedError"><![CDATA[org.opentest4j.AssertionFailedError: expected: not <null>
	at ed22_ud12_Ejercicio2_GeneradorIP.GeneradorTest.testIfIsNotNull(GeneradorTest.java:32)
]]></failure>
  </testcase>
  <testcase name="testIfIsNotNull[865]" classname="ed22_ud12_Ejercicio2_GeneradorIP.GeneradorTest" time="0.003">
    <failure message="expected: not &lt;null&gt;" type="org.opentest4j.AssertionFailedError"><![CDATA[org.opentest4j.AssertionFailedError: expected: not <null>
	at ed22_ud12_Ejercicio2_GeneradorIP.GeneradorTest.testIfIsNotNull(GeneradorTest.java:32)
]]></failure>
  </testcase>
  <testcase name="testIfIsNotNull[866]" classname="ed22_ud12_Ejercicio2_GeneradorIP.GeneradorTest" time="0">
    <failure message="expected: not &lt;null&gt;" type="org.opentest4j.AssertionFailedError"><![CDATA[org.opentest4j.AssertionFailedError: expected: not <null>
	at ed22_ud12_Ejercicio2_GeneradorIP.GeneradorTest.testIfIsNotNull(GeneradorTest.java:32)
]]></failure>
  </testcase>
  <testcase name="testIfIsNotNull[867]" classname="ed22_ud12_Ejercicio2_GeneradorIP.GeneradorTest" time="0">
    <failure message="expected: not &lt;null&gt;" type="org.opentest4j.AssertionFailedError"><![CDATA[org.opentest4j.AssertionFailedError: expected: not <null>
	at ed22_ud12_Ejercicio2_GeneradorIP.GeneradorTest.testIfIsNotNull(GeneradorTest.java:32)
]]></failure>
  </testcase>
  <testcase name="testIfIsNotNull[868]" classname="ed22_ud12_Ejercicio2_GeneradorIP.GeneradorTest" time="0.001">
    <failure message="expected: not &lt;null&gt;" type="org.opentest4j.AssertionFailedError"><![CDATA[org.opentest4j.AssertionFailedError: expected: not <null>
	at ed22_ud12_Ejercicio2_GeneradorIP.GeneradorTest.testIfIsNotNull(GeneradorTest.java:32)
]]></failure>
  </testcase>
  <testcase name="testIfIsNotNull[869]" classname="ed22_ud12_Ejercicio2_GeneradorIP.GeneradorTest" time="0.002">
    <failure message="expected: not &lt;null&gt;" type="org.opentest4j.AssertionFailedError"><![CDATA[org.opentest4j.AssertionFailedError: expected: not <null>
	at ed22_ud12_Ejercicio2_GeneradorIP.GeneradorTest.testIfIsNotNull(GeneradorTest.java:32)
]]></failure>
  </testcase>
  <testcase name="testIfIsNotNull[870]" classname="ed22_ud12_Ejercicio2_GeneradorIP.GeneradorTest" time="0">
    <failure message="expected: not &lt;null&gt;" type="org.opentest4j.AssertionFailedError"><![CDATA[org.opentest4j.AssertionFailedError: expected: not <null>
	at ed22_ud12_Ejercicio2_GeneradorIP.GeneradorTest.testIfIsNotNull(GeneradorTest.java:32)
]]></failure>
  </testcase>
  <testcase name="testIfIsNotNull[871]" classname="ed22_ud12_Ejercicio2_GeneradorIP.GeneradorTest" time="0">
    <failure message="expected: not &lt;null&gt;" type="org.opentest4j.AssertionFailedError"><![CDATA[org.opentest4j.AssertionFailedError: expected: not <null>
	at ed22_ud12_Ejercicio2_GeneradorIP.GeneradorTest.testIfIsNotNull(GeneradorTest.java:32)
]]></failure>
  </testcase>
  <testcase name="testIfIsNotNull[872]" classname="ed22_ud12_Ejercicio2_GeneradorIP.GeneradorTest" time="0">
    <failure message="expected: not &lt;null&gt;" type="org.opentest4j.AssertionFailedError"><![CDATA[org.opentest4j.AssertionFailedError: expected: not <null>
	at ed22_ud12_Ejercicio2_GeneradorIP.GeneradorTest.testIfIsNotNull(GeneradorTest.java:32)
]]></failure>
  </testcase>
  <testcase name="testIfIsNotNull[873]" classname="ed22_ud12_Ejercicio2_GeneradorIP.GeneradorTest" time="0">
    <failure message="expected: not &lt;null&gt;" type="org.opentest4j.AssertionFailedError"><![CDATA[org.opentest4j.AssertionFailedError: expected: not <null>
	at ed22_ud12_Ejercicio2_GeneradorIP.GeneradorTest.testIfIsNotNull(GeneradorTest.java:32)
]]></failure>
  </testcase>
  <testcase name="testIfIsNotNull[874]" classname="ed22_ud12_Ejercicio2_GeneradorIP.GeneradorTest" time="0">
    <failure message="expected: not &lt;null&gt;" type="org.opentest4j.AssertionFailedError"><![CDATA[org.opentest4j.AssertionFailedError: expected: not <null>
	at ed22_ud12_Ejercicio2_GeneradorIP.GeneradorTest.testIfIsNotNull(GeneradorTest.java:32)
]]></failure>
  </testcase>
  <testcase name="testIfIsNotNull[875]" classname="ed22_ud12_Ejercicio2_GeneradorIP.GeneradorTest" time="0.001">
    <failure message="expected: not &lt;null&gt;" type="org.opentest4j.AssertionFailedError"><![CDATA[org.opentest4j.AssertionFailedError: expected: not <null>
	at ed22_ud12_Ejercicio2_GeneradorIP.GeneradorTest.testIfIsNotNull(GeneradorTest.java:32)
]]></failure>
  </testcase>
  <testcase name="testIfIsNotNull[876]" classname="ed22_ud12_Ejercicio2_GeneradorIP.GeneradorTest" time="0.001">
    <failure message="expected: not &lt;null&gt;" type="org.opentest4j.AssertionFailedError"><![CDATA[org.opentest4j.AssertionFailedError: expected: not <null>
	at ed22_ud12_Ejercicio2_GeneradorIP.GeneradorTest.testIfIsNotNull(GeneradorTest.java:32)
]]></failure>
  </testcase>
  <testcase name="testIfIsNotNull[877]" classname="ed22_ud12_Ejercicio2_GeneradorIP.GeneradorTest" time="0">
    <failure message="expected: not &lt;null&gt;" type="org.opentest4j.AssertionFailedError"><![CDATA[org.opentest4j.AssertionFailedError: expected: not <null>
	at ed22_ud12_Ejercicio2_GeneradorIP.GeneradorTest.testIfIsNotNull(GeneradorTest.java:32)
]]></failure>
  </testcase>
  <testcase name="testIfIsNotNull[878]" classname="ed22_ud12_Ejercicio2_GeneradorIP.GeneradorTest" time="0">
    <failure message="expected: not &lt;null&gt;" type="org.opentest4j.AssertionFailedError"><![CDATA[org.opentest4j.AssertionFailedError: expected: not <null>
	at ed22_ud12_Ejercicio2_GeneradorIP.GeneradorTest.testIfIsNotNull(GeneradorTest.java:32)
]]></failure>
  </testcase>
  <testcase name="testIfIsNotNull[879]" classname="ed22_ud12_Ejercicio2_GeneradorIP.GeneradorTest" time="0">
    <failure message="expected: not &lt;null&gt;" type="org.opentest4j.AssertionFailedError"><![CDATA[org.opentest4j.AssertionFailedError: expected: not <null>
	at ed22_ud12_Ejercicio2_GeneradorIP.GeneradorTest.testIfIsNotNull(GeneradorTest.java:32)
]]></failure>
  </testcase>
  <testcase name="testIfIsNotNull[880]" classname="ed22_ud12_Ejercicio2_GeneradorIP.GeneradorTest" time="0.001">
    <failure message="expected: not &lt;null&gt;" type="org.opentest4j.AssertionFailedError"><![CDATA[org.opentest4j.AssertionFailedError: expected: not <null>
	at ed22_ud12_Ejercicio2_GeneradorIP.GeneradorTest.testIfIsNotNull(GeneradorTest.java:32)
]]></failure>
  </testcase>
  <testcase name="testIfIsNotNull[881]" classname="ed22_ud12_Ejercicio2_GeneradorIP.GeneradorTest" time="0">
    <failure message="expected: not &lt;null&gt;" type="org.opentest4j.AssertionFailedError"><![CDATA[org.opentest4j.AssertionFailedError: expected: not <null>
	at ed22_ud12_Ejercicio2_GeneradorIP.GeneradorTest.testIfIsNotNull(GeneradorTest.java:32)
]]></failure>
  </testcase>
  <testcase name="testIfIsNotNull[882]" classname="ed22_ud12_Ejercicio2_GeneradorIP.GeneradorTest" time="0.001">
    <failure message="expected: not &lt;null&gt;" type="org.opentest4j.AssertionFailedError"><![CDATA[org.opentest4j.AssertionFailedError: expected: not <null>
	at ed22_ud12_Ejercicio2_GeneradorIP.GeneradorTest.testIfIsNotNull(GeneradorTest.java:32)
]]></failure>
  </testcase>
  <testcase name="testIfIsNotNull[883]" classname="ed22_ud12_Ejercicio2_GeneradorIP.GeneradorTest" time="0">
    <failure message="expected: not &lt;null&gt;" type="org.opentest4j.AssertionFailedError"><![CDATA[org.opentest4j.AssertionFailedError: expected: not <null>
	at ed22_ud12_Ejercicio2_GeneradorIP.GeneradorTest.testIfIsNotNull(GeneradorTest.java:32)
]]></failure>
  </testcase>
  <testcase name="testIfIsNotNull[884]" classname="ed22_ud12_Ejercicio2_GeneradorIP.GeneradorTest" time="0.002">
    <failure message="expected: not &lt;null&gt;" type="org.opentest4j.AssertionFailedError"><![CDATA[org.opentest4j.AssertionFailedError: expected: not <null>
	at ed22_ud12_Ejercicio2_GeneradorIP.GeneradorTest.testIfIsNotNull(GeneradorTest.java:32)
]]></failure>
  </testcase>
  <testcase name="testIfIsNotNull[885]" classname="ed22_ud12_Ejercicio2_GeneradorIP.GeneradorTest" time="0">
    <failure message="expected: not &lt;null&gt;" type="org.opentest4j.AssertionFailedError"><![CDATA[org.opentest4j.AssertionFailedError: expected: not <null>
	at ed22_ud12_Ejercicio2_GeneradorIP.GeneradorTest.testIfIsNotNull(GeneradorTest.java:32)
]]></failure>
  </testcase>
  <testcase name="testIfIsNotNull[886]" classname="ed22_ud12_Ejercicio2_GeneradorIP.GeneradorTest" time="0">
    <failure message="expected: not &lt;null&gt;" type="org.opentest4j.AssertionFailedError"><![CDATA[org.opentest4j.AssertionFailedError: expected: not <null>
	at ed22_ud12_Ejercicio2_GeneradorIP.GeneradorTest.testIfIsNotNull(GeneradorTest.java:32)
]]></failure>
  </testcase>
  <testcase name="testIfIsNotNull[887]" classname="ed22_ud12_Ejercicio2_GeneradorIP.GeneradorTest" time="0.001">
    <failure message="expected: not &lt;null&gt;" type="org.opentest4j.AssertionFailedError"><![CDATA[org.opentest4j.AssertionFailedError: expected: not <null>
	at ed22_ud12_Ejercicio2_GeneradorIP.GeneradorTest.testIfIsNotNull(GeneradorTest.java:32)
]]></failure>
  </testcase>
  <testcase name="testIfIsNotNull[888]" classname="ed22_ud12_Ejercicio2_GeneradorIP.GeneradorTest" time="0">
    <failure message="expected: not &lt;null&gt;" type="org.opentest4j.AssertionFailedError"><![CDATA[org.opentest4j.AssertionFailedError: expected: not <null>
	at ed22_ud12_Ejercicio2_GeneradorIP.GeneradorTest.testIfIsNotNull(GeneradorTest.java:32)
]]></failure>
  </testcase>
  <testcase name="testIfIsNotNull[889]" classname="ed22_ud12_Ejercicio2_GeneradorIP.GeneradorTest" time="0">
    <failure message="expected: not &lt;null&gt;" type="org.opentest4j.AssertionFailedError"><![CDATA[org.opentest4j.AssertionFailedError: expected: not <null>
	at ed22_ud12_Ejercicio2_GeneradorIP.GeneradorTest.testIfIsNotNull(GeneradorTest.java:32)
]]></failure>
  </testcase>
  <testcase name="testIfIsNotNull[890]" classname="ed22_ud12_Ejercicio2_GeneradorIP.GeneradorTest" time="0">
    <failure message="expected: not &lt;null&gt;" type="org.opentest4j.AssertionFailedError"><![CDATA[org.opentest4j.AssertionFailedError: expected: not <null>
	at ed22_ud12_Ejercicio2_GeneradorIP.GeneradorTest.testIfIsNotNull(GeneradorTest.java:32)
]]></failure>
  </testcase>
  <testcase name="testIfIsNotNull[891]" classname="ed22_ud12_Ejercicio2_GeneradorIP.GeneradorTest" time="0.003">
    <failure message="expected: not &lt;null&gt;" type="org.opentest4j.AssertionFailedError"><![CDATA[org.opentest4j.AssertionFailedError: expected: not <null>
	at ed22_ud12_Ejercicio2_GeneradorIP.GeneradorTest.testIfIsNotNull(GeneradorTest.java:32)
]]></failure>
  </testcase>
  <testcase name="testIfIsNotNull[892]" classname="ed22_ud12_Ejercicio2_GeneradorIP.GeneradorTest" time="0">
    <failure message="expected: not &lt;null&gt;" type="org.opentest4j.AssertionFailedError"><![CDATA[org.opentest4j.AssertionFailedError: expected: not <null>
	at ed22_ud12_Ejercicio2_GeneradorIP.GeneradorTest.testIfIsNotNull(GeneradorTest.java:32)
]]></failure>
  </testcase>
  <testcase name="testIfIsNotNull[893]" classname="ed22_ud12_Ejercicio2_GeneradorIP.GeneradorTest" time="0">
    <failure message="expected: not &lt;null&gt;" type="org.opentest4j.AssertionFailedError"><![CDATA[org.opentest4j.AssertionFailedError: expected: not <null>
	at ed22_ud12_Ejercicio2_GeneradorIP.GeneradorTest.testIfIsNotNull(GeneradorTest.java:32)
]]></failure>
  </testcase>
  <testcase name="testIfIsNotNull[894]" classname="ed22_ud12_Ejercicio2_GeneradorIP.GeneradorTest" time="0">
    <failure message="expected: not &lt;null&gt;" type="org.opentest4j.AssertionFailedError"><![CDATA[org.opentest4j.AssertionFailedError: expected: not <null>
	at ed22_ud12_Ejercicio2_GeneradorIP.GeneradorTest.testIfIsNotNull(GeneradorTest.java:32)
]]></failure>
  </testcase>
  <testcase name="testIfIsNotNull[895]" classname="ed22_ud12_Ejercicio2_GeneradorIP.GeneradorTest" time="0.002">
    <failure message="expected: not &lt;null&gt;" type="org.opentest4j.AssertionFailedError"><![CDATA[org.opentest4j.AssertionFailedError: expected: not <null>
	at ed22_ud12_Ejercicio2_GeneradorIP.GeneradorTest.testIfIsNotNull(GeneradorTest.java:32)
]]></failure>
  </testcase>
  <testcase name="testIfIsNotNull[896]" classname="ed22_ud12_Ejercicio2_GeneradorIP.GeneradorTest" time="0">
    <failure message="expected: not &lt;null&gt;" type="org.opentest4j.AssertionFailedError"><![CDATA[org.opentest4j.AssertionFailedError: expected: not <null>
	at ed22_ud12_Ejercicio2_GeneradorIP.GeneradorTest.testIfIsNotNull(GeneradorTest.java:32)
]]></failure>
  </testcase>
  <testcase name="testIfIsNotNull[897]" classname="ed22_ud12_Ejercicio2_GeneradorIP.GeneradorTest" time="0.001">
    <failure message="expected: not &lt;null&gt;" type="org.opentest4j.AssertionFailedError"><![CDATA[org.opentest4j.AssertionFailedError: expected: not <null>
	at ed22_ud12_Ejercicio2_GeneradorIP.GeneradorTest.testIfIsNotNull(GeneradorTest.java:32)
]]></failure>
  </testcase>
  <testcase name="testIfIsNotNull[898]" classname="ed22_ud12_Ejercicio2_GeneradorIP.GeneradorTest" time="0">
    <failure message="expected: not &lt;null&gt;" type="org.opentest4j.AssertionFailedError"><![CDATA[org.opentest4j.AssertionFailedError: expected: not <null>
	at ed22_ud12_Ejercicio2_GeneradorIP.GeneradorTest.testIfIsNotNull(GeneradorTest.java:32)
]]></failure>
  </testcase>
  <testcase name="testIfIsNotNull[899]" classname="ed22_ud12_Ejercicio2_GeneradorIP.GeneradorTest" time="0">
    <failure message="expected: not &lt;null&gt;" type="org.opentest4j.AssertionFailedError"><![CDATA[org.opentest4j.AssertionFailedError: expected: not <null>
	at ed22_ud12_Ejercicio2_GeneradorIP.GeneradorTest.testIfIsNotNull(GeneradorTest.java:32)
]]></failure>
  </testcase>
  <testcase name="testIfIsNotNull[900]" classname="ed22_ud12_Ejercicio2_GeneradorIP.GeneradorTest" time="0">
    <failure message="expected: not &lt;null&gt;" type="org.opentest4j.AssertionFailedError"><![CDATA[org.opentest4j.AssertionFailedError: expected: not <null>
	at ed22_ud12_Ejercicio2_GeneradorIP.GeneradorTest.testIfIsNotNull(GeneradorTest.java:32)
]]></failure>
  </testcase>
  <testcase name="testIfIsNotNull[901]" classname="ed22_ud12_Ejercicio2_GeneradorIP.GeneradorTest" time="0">
    <failure message="expected: not &lt;null&gt;" type="org.opentest4j.AssertionFailedError"><![CDATA[org.opentest4j.AssertionFailedError: expected: not <null>
	at ed22_ud12_Ejercicio2_GeneradorIP.GeneradorTest.testIfIsNotNull(GeneradorTest.java:32)
]]></failure>
  </testcase>
  <testcase name="testIfIsNotNull[902]" classname="ed22_ud12_Ejercicio2_GeneradorIP.GeneradorTest" time="0">
    <failure message="expected: not &lt;null&gt;" type="org.opentest4j.AssertionFailedError"><![CDATA[org.opentest4j.AssertionFailedError: expected: not <null>
	at ed22_ud12_Ejercicio2_GeneradorIP.GeneradorTest.testIfIsNotNull(GeneradorTest.java:32)
]]></failure>
  </testcase>
  <testcase name="testIfIsNotNull[903]" classname="ed22_ud12_Ejercicio2_GeneradorIP.GeneradorTest" time="0">
    <failure message="expected: not &lt;null&gt;" type="org.opentest4j.AssertionFailedError"><![CDATA[org.opentest4j.AssertionFailedError: expected: not <null>
	at ed22_ud12_Ejercicio2_GeneradorIP.GeneradorTest.testIfIsNotNull(GeneradorTest.java:32)
]]></failure>
  </testcase>
  <testcase name="testIfIsNotNull[904]" classname="ed22_ud12_Ejercicio2_GeneradorIP.GeneradorTest" time="0">
    <failure message="expected: not &lt;null&gt;" type="org.opentest4j.AssertionFailedError"><![CDATA[org.opentest4j.AssertionFailedError: expected: not <null>
	at ed22_ud12_Ejercicio2_GeneradorIP.GeneradorTest.testIfIsNotNull(GeneradorTest.java:32)
]]></failure>
  </testcase>
  <testcase name="testIfIsNotNull[905]" classname="ed22_ud12_Ejercicio2_GeneradorIP.GeneradorTest" time="0">
    <failure message="expected: not &lt;null&gt;" type="org.opentest4j.AssertionFailedError"><![CDATA[org.opentest4j.AssertionFailedError: expected: not <null>
	at ed22_ud12_Ejercicio2_GeneradorIP.GeneradorTest.testIfIsNotNull(GeneradorTest.java:32)
]]></failure>
  </testcase>
  <testcase name="testIfIsNotNull[906]" classname="ed22_ud12_Ejercicio2_GeneradorIP.GeneradorTest" time="0.001">
    <failure message="expected: not &lt;null&gt;" type="org.opentest4j.AssertionFailedError"><![CDATA[org.opentest4j.AssertionFailedError: expected: not <null>
	at ed22_ud12_Ejercicio2_GeneradorIP.GeneradorTest.testIfIsNotNull(GeneradorTest.java:32)
]]></failure>
  </testcase>
  <testcase name="testIfIsNotNull[907]" classname="ed22_ud12_Ejercicio2_GeneradorIP.GeneradorTest" time="0">
    <failure message="expected: not &lt;null&gt;" type="org.opentest4j.AssertionFailedError"><![CDATA[org.opentest4j.AssertionFailedError: expected: not <null>
	at ed22_ud12_Ejercicio2_GeneradorIP.GeneradorTest.testIfIsNotNull(GeneradorTest.java:32)
]]></failure>
  </testcase>
  <testcase name="testIfIsNotNull[908]" classname="ed22_ud12_Ejercicio2_GeneradorIP.GeneradorTest" time="0">
    <failure message="expected: not &lt;null&gt;" type="org.opentest4j.AssertionFailedError"><![CDATA[org.opentest4j.AssertionFailedError: expected: not <null>
	at ed22_ud12_Ejercicio2_GeneradorIP.GeneradorTest.testIfIsNotNull(GeneradorTest.java:32)
]]></failure>
  </testcase>
  <testcase name="testIfIsNotNull[909]" classname="ed22_ud12_Ejercicio2_GeneradorIP.GeneradorTest" time="0.001">
    <failure message="expected: not &lt;null&gt;" type="org.opentest4j.AssertionFailedError"><![CDATA[org.opentest4j.AssertionFailedError: expected: not <null>
	at ed22_ud12_Ejercicio2_GeneradorIP.GeneradorTest.testIfIsNotNull(GeneradorTest.java:32)
]]></failure>
  </testcase>
  <testcase name="testIfIsNotNull[910]" classname="ed22_ud12_Ejercicio2_GeneradorIP.GeneradorTest" time="0">
    <failure message="expected: not &lt;null&gt;" type="org.opentest4j.AssertionFailedError"><![CDATA[org.opentest4j.AssertionFailedError: expected: not <null>
	at ed22_ud12_Ejercicio2_GeneradorIP.GeneradorTest.testIfIsNotNull(GeneradorTest.java:32)
]]></failure>
  </testcase>
  <testcase name="testIfIsNotNull[911]" classname="ed22_ud12_Ejercicio2_GeneradorIP.GeneradorTest" time="0">
    <failure message="expected: not &lt;null&gt;" type="org.opentest4j.AssertionFailedError"><![CDATA[org.opentest4j.AssertionFailedError: expected: not <null>
	at ed22_ud12_Ejercicio2_GeneradorIP.GeneradorTest.testIfIsNotNull(GeneradorTest.java:32)
]]></failure>
  </testcase>
  <testcase name="testIfIsNotNull[912]" classname="ed22_ud12_Ejercicio2_GeneradorIP.GeneradorTest" time="0">
    <failure message="expected: not &lt;null&gt;" type="org.opentest4j.AssertionFailedError"><![CDATA[org.opentest4j.AssertionFailedError: expected: not <null>
	at ed22_ud12_Ejercicio2_GeneradorIP.GeneradorTest.testIfIsNotNull(GeneradorTest.java:32)
]]></failure>
  </testcase>
  <testcase name="testIfIsNotNull[913]" classname="ed22_ud12_Ejercicio2_GeneradorIP.GeneradorTest" time="0">
    <failure message="expected: not &lt;null&gt;" type="org.opentest4j.AssertionFailedError"><![CDATA[org.opentest4j.AssertionFailedError: expected: not <null>
	at ed22_ud12_Ejercicio2_GeneradorIP.GeneradorTest.testIfIsNotNull(GeneradorTest.java:32)
]]></failure>
  </testcase>
  <testcase name="testIfIsNotNull[914]" classname="ed22_ud12_Ejercicio2_GeneradorIP.GeneradorTest" time="0">
    <failure message="expected: not &lt;null&gt;" type="org.opentest4j.AssertionFailedError"><![CDATA[org.opentest4j.AssertionFailedError: expected: not <null>
	at ed22_ud12_Ejercicio2_GeneradorIP.GeneradorTest.testIfIsNotNull(GeneradorTest.java:32)
]]></failure>
  </testcase>
  <testcase name="testIfIsNotNull[915]" classname="ed22_ud12_Ejercicio2_GeneradorIP.GeneradorTest" time="0">
    <failure message="expected: not &lt;null&gt;" type="org.opentest4j.AssertionFailedError"><![CDATA[org.opentest4j.AssertionFailedError: expected: not <null>
	at ed22_ud12_Ejercicio2_GeneradorIP.GeneradorTest.testIfIsNotNull(GeneradorTest.java:32)
]]></failure>
  </testcase>
  <testcase name="testIfIsNotNull[916]" classname="ed22_ud12_Ejercicio2_GeneradorIP.GeneradorTest" time="0">
    <failure message="expected: not &lt;null&gt;" type="org.opentest4j.AssertionFailedError"><![CDATA[org.opentest4j.AssertionFailedError: expected: not <null>
	at ed22_ud12_Ejercicio2_GeneradorIP.GeneradorTest.testIfIsNotNull(GeneradorTest.java:32)
]]></failure>
  </testcase>
  <testcase name="testIfIsNotNull[917]" classname="ed22_ud12_Ejercicio2_GeneradorIP.GeneradorTest" time="0">
    <failure message="expected: not &lt;null&gt;" type="org.opentest4j.AssertionFailedError"><![CDATA[org.opentest4j.AssertionFailedError: expected: not <null>
	at ed22_ud12_Ejercicio2_GeneradorIP.GeneradorTest.testIfIsNotNull(GeneradorTest.java:32)
]]></failure>
  </testcase>
  <testcase name="testIfIsNotNull[918]" classname="ed22_ud12_Ejercicio2_GeneradorIP.GeneradorTest" time="0">
    <failure message="expected: not &lt;null&gt;" type="org.opentest4j.AssertionFailedError"><![CDATA[org.opentest4j.AssertionFailedError: expected: not <null>
	at ed22_ud12_Ejercicio2_GeneradorIP.GeneradorTest.testIfIsNotNull(GeneradorTest.java:32)
]]></failure>
  </testcase>
  <testcase name="testIfIsNotNull[919]" classname="ed22_ud12_Ejercicio2_GeneradorIP.GeneradorTest" time="0">
    <failure message="expected: not &lt;null&gt;" type="org.opentest4j.AssertionFailedError"><![CDATA[org.opentest4j.AssertionFailedError: expected: not <null>
	at ed22_ud12_Ejercicio2_GeneradorIP.GeneradorTest.testIfIsNotNull(GeneradorTest.java:32)
]]></failure>
  </testcase>
  <testcase name="testIfIsNotNull[920]" classname="ed22_ud12_Ejercicio2_GeneradorIP.GeneradorTest" time="0">
    <failure message="expected: not &lt;null&gt;" type="org.opentest4j.AssertionFailedError"><![CDATA[org.opentest4j.AssertionFailedError: expected: not <null>
	at ed22_ud12_Ejercicio2_GeneradorIP.GeneradorTest.testIfIsNotNull(GeneradorTest.java:32)
]]></failure>
  </testcase>
  <testcase name="testIfIsNotNull[921]" classname="ed22_ud12_Ejercicio2_GeneradorIP.GeneradorTest" time="0.001">
    <failure message="expected: not &lt;null&gt;" type="org.opentest4j.AssertionFailedError"><![CDATA[org.opentest4j.AssertionFailedError: expected: not <null>
	at ed22_ud12_Ejercicio2_GeneradorIP.GeneradorTest.testIfIsNotNull(GeneradorTest.java:32)
]]></failure>
  </testcase>
  <testcase name="testIfIsNotNull[922]" classname="ed22_ud12_Ejercicio2_GeneradorIP.GeneradorTest" time="0.001">
    <failure message="expected: not &lt;null&gt;" type="org.opentest4j.AssertionFailedError"><![CDATA[org.opentest4j.AssertionFailedError: expected: not <null>
	at ed22_ud12_Ejercicio2_GeneradorIP.GeneradorTest.testIfIsNotNull(GeneradorTest.java:32)
]]></failure>
  </testcase>
  <testcase name="testIfIsNotNull[923]" classname="ed22_ud12_Ejercicio2_GeneradorIP.GeneradorTest" time="0.001">
    <failure message="expected: not &lt;null&gt;" type="org.opentest4j.AssertionFailedError"><![CDATA[org.opentest4j.AssertionFailedError: expected: not <null>
	at ed22_ud12_Ejercicio2_GeneradorIP.GeneradorTest.testIfIsNotNull(GeneradorTest.java:32)
]]></failure>
  </testcase>
  <testcase name="testIfIsNotNull[924]" classname="ed22_ud12_Ejercicio2_GeneradorIP.GeneradorTest" time="0">
    <failure message="expected: not &lt;null&gt;" type="org.opentest4j.AssertionFailedError"><![CDATA[org.opentest4j.AssertionFailedError: expected: not <null>
	at ed22_ud12_Ejercicio2_GeneradorIP.GeneradorTest.testIfIsNotNull(GeneradorTest.java:32)
]]></failure>
  </testcase>
  <testcase name="testIfIsNotNull[925]" classname="ed22_ud12_Ejercicio2_GeneradorIP.GeneradorTest" time="0">
    <failure message="expected: not &lt;null&gt;" type="org.opentest4j.AssertionFailedError"><![CDATA[org.opentest4j.AssertionFailedError: expected: not <null>
	at ed22_ud12_Ejercicio2_GeneradorIP.GeneradorTest.testIfIsNotNull(GeneradorTest.java:32)
]]></failure>
  </testcase>
  <testcase name="testIfIsNotNull[926]" classname="ed22_ud12_Ejercicio2_GeneradorIP.GeneradorTest" time="0">
    <failure message="expected: not &lt;null&gt;" type="org.opentest4j.AssertionFailedError"><![CDATA[org.opentest4j.AssertionFailedError: expected: not <null>
	at ed22_ud12_Ejercicio2_GeneradorIP.GeneradorTest.testIfIsNotNull(GeneradorTest.java:32)
]]></failure>
  </testcase>
  <testcase name="testIfIsNotNull[927]" classname="ed22_ud12_Ejercicio2_GeneradorIP.GeneradorTest" time="0">
    <failure message="expected: not &lt;null&gt;" type="org.opentest4j.AssertionFailedError"><![CDATA[org.opentest4j.AssertionFailedError: expected: not <null>
	at ed22_ud12_Ejercicio2_GeneradorIP.GeneradorTest.testIfIsNotNull(GeneradorTest.java:32)
]]></failure>
  </testcase>
  <testcase name="testIfIsNotNull[928]" classname="ed22_ud12_Ejercicio2_GeneradorIP.GeneradorTest" time="0">
    <failure message="expected: not &lt;null&gt;" type="org.opentest4j.AssertionFailedError"><![CDATA[org.opentest4j.AssertionFailedError: expected: not <null>
	at ed22_ud12_Ejercicio2_GeneradorIP.GeneradorTest.testIfIsNotNull(GeneradorTest.java:32)
]]></failure>
  </testcase>
  <testcase name="testIfIsNotNull[929]" classname="ed22_ud12_Ejercicio2_GeneradorIP.GeneradorTest" time="0.001">
    <failure message="expected: not &lt;null&gt;" type="org.opentest4j.AssertionFailedError"><![CDATA[org.opentest4j.AssertionFailedError: expected: not <null>
	at ed22_ud12_Ejercicio2_GeneradorIP.GeneradorTest.testIfIsNotNull(GeneradorTest.java:32)
]]></failure>
  </testcase>
  <testcase name="testIfIsNotNull[930]" classname="ed22_ud12_Ejercicio2_GeneradorIP.GeneradorTest" time="0.001">
    <failure message="expected: not &lt;null&gt;" type="org.opentest4j.AssertionFailedError"><![CDATA[org.opentest4j.AssertionFailedError: expected: not <null>
	at ed22_ud12_Ejercicio2_GeneradorIP.GeneradorTest.testIfIsNotNull(GeneradorTest.java:32)
]]></failure>
  </testcase>
  <testcase name="testIfIsNotNull[931]" classname="ed22_ud12_Ejercicio2_GeneradorIP.GeneradorTest" time="0.001">
    <failure message="expected: not &lt;null&gt;" type="org.opentest4j.AssertionFailedError"><![CDATA[org.opentest4j.AssertionFailedError: expected: not <null>
	at ed22_ud12_Ejercicio2_GeneradorIP.GeneradorTest.testIfIsNotNull(GeneradorTest.java:32)
]]></failure>
  </testcase>
  <testcase name="testIfIsNotNull[932]" classname="ed22_ud12_Ejercicio2_GeneradorIP.GeneradorTest" time="0.001">
    <failure message="expected: not &lt;null&gt;" type="org.opentest4j.AssertionFailedError"><![CDATA[org.opentest4j.AssertionFailedError: expected: not <null>
	at ed22_ud12_Ejercicio2_GeneradorIP.GeneradorTest.testIfIsNotNull(GeneradorTest.java:32)
]]></failure>
  </testcase>
  <testcase name="testIfIsNotNull[933]" classname="ed22_ud12_Ejercicio2_GeneradorIP.GeneradorTest" time="0.002">
    <failure message="expected: not &lt;null&gt;" type="org.opentest4j.AssertionFailedError"><![CDATA[org.opentest4j.AssertionFailedError: expected: not <null>
	at ed22_ud12_Ejercicio2_GeneradorIP.GeneradorTest.testIfIsNotNull(GeneradorTest.java:32)
]]></failure>
  </testcase>
  <testcase name="testIfIsNotNull[934]" classname="ed22_ud12_Ejercicio2_GeneradorIP.GeneradorTest" time="0.003">
    <failure message="expected: not &lt;null&gt;" type="org.opentest4j.AssertionFailedError"><![CDATA[org.opentest4j.AssertionFailedError: expected: not <null>
	at ed22_ud12_Ejercicio2_GeneradorIP.GeneradorTest.testIfIsNotNull(GeneradorTest.java:32)
]]></failure>
  </testcase>
  <testcase name="testIfIsNotNull[935]" classname="ed22_ud12_Ejercicio2_GeneradorIP.GeneradorTest" time="0">
    <failure message="expected: not &lt;null&gt;" type="org.opentest4j.AssertionFailedError"><![CDATA[org.opentest4j.AssertionFailedError: expected: not <null>
	at ed22_ud12_Ejercicio2_GeneradorIP.GeneradorTest.testIfIsNotNull(GeneradorTest.java:32)
]]></failure>
  </testcase>
  <testcase name="testIfIsNotNull[936]" classname="ed22_ud12_Ejercicio2_GeneradorIP.GeneradorTest" time="0">
    <failure message="expected: not &lt;null&gt;" type="org.opentest4j.AssertionFailedError"><![CDATA[org.opentest4j.AssertionFailedError: expected: not <null>
	at ed22_ud12_Ejercicio2_GeneradorIP.GeneradorTest.testIfIsNotNull(GeneradorTest.java:32)
]]></failure>
  </testcase>
  <testcase name="testIfIsNotNull[937]" classname="ed22_ud12_Ejercicio2_GeneradorIP.GeneradorTest" time="0">
    <failure message="expected: not &lt;null&gt;" type="org.opentest4j.AssertionFailedError"><![CDATA[org.opentest4j.AssertionFailedError: expected: not <null>
	at ed22_ud12_Ejercicio2_GeneradorIP.GeneradorTest.testIfIsNotNull(GeneradorTest.java:32)
]]></failure>
  </testcase>
  <testcase name="testIfIsNotNull[938]" classname="ed22_ud12_Ejercicio2_GeneradorIP.GeneradorTest" time="0">
    <failure message="expected: not &lt;null&gt;" type="org.opentest4j.AssertionFailedError"><![CDATA[org.opentest4j.AssertionFailedError: expected: not <null>
	at ed22_ud12_Ejercicio2_GeneradorIP.GeneradorTest.testIfIsNotNull(GeneradorTest.java:32)
]]></failure>
  </testcase>
  <testcase name="testIfIsNotNull[939]" classname="ed22_ud12_Ejercicio2_GeneradorIP.GeneradorTest" time="0">
    <failure message="expected: not &lt;null&gt;" type="org.opentest4j.AssertionFailedError"><![CDATA[org.opentest4j.AssertionFailedError: expected: not <null>
	at ed22_ud12_Ejercicio2_GeneradorIP.GeneradorTest.testIfIsNotNull(GeneradorTest.java:32)
]]></failure>
  </testcase>
  <testcase name="testIfIsNotNull[940]" classname="ed22_ud12_Ejercicio2_GeneradorIP.GeneradorTest" time="0">
    <failure message="expected: not &lt;null&gt;" type="org.opentest4j.AssertionFailedError"><![CDATA[org.opentest4j.AssertionFailedError: expected: not <null>
	at ed22_ud12_Ejercicio2_GeneradorIP.GeneradorTest.testIfIsNotNull(GeneradorTest.java:32)
]]></failure>
  </testcase>
  <testcase name="testIfIsNotNull[941]" classname="ed22_ud12_Ejercicio2_GeneradorIP.GeneradorTest" time="0.001">
    <failure message="expected: not &lt;null&gt;" type="org.opentest4j.AssertionFailedError"><![CDATA[org.opentest4j.AssertionFailedError: expected: not <null>
	at ed22_ud12_Ejercicio2_GeneradorIP.GeneradorTest.testIfIsNotNull(GeneradorTest.java:32)
]]></failure>
  </testcase>
  <testcase name="testIfIsNotNull[942]" classname="ed22_ud12_Ejercicio2_GeneradorIP.GeneradorTest" time="0.001">
    <failure message="expected: not &lt;null&gt;" type="org.opentest4j.AssertionFailedError"><![CDATA[org.opentest4j.AssertionFailedError: expected: not <null>
	at ed22_ud12_Ejercicio2_GeneradorIP.GeneradorTest.testIfIsNotNull(GeneradorTest.java:32)
]]></failure>
  </testcase>
  <testcase name="testIfIsNotNull[943]" classname="ed22_ud12_Ejercicio2_GeneradorIP.GeneradorTest" time="0.001">
    <failure message="expected: not &lt;null&gt;" type="org.opentest4j.AssertionFailedError"><![CDATA[org.opentest4j.AssertionFailedError: expected: not <null>
	at ed22_ud12_Ejercicio2_GeneradorIP.GeneradorTest.testIfIsNotNull(GeneradorTest.java:32)
]]></failure>
  </testcase>
  <testcase name="testIfIsNotNull[944]" classname="ed22_ud12_Ejercicio2_GeneradorIP.GeneradorTest" time="0.001">
    <failure message="expected: not &lt;null&gt;" type="org.opentest4j.AssertionFailedError"><![CDATA[org.opentest4j.AssertionFailedError: expected: not <null>
	at ed22_ud12_Ejercicio2_GeneradorIP.GeneradorTest.testIfIsNotNull(GeneradorTest.java:32)
]]></failure>
  </testcase>
  <testcase name="testIfIsNotNull[945]" classname="ed22_ud12_Ejercicio2_GeneradorIP.GeneradorTest" time="0.001">
    <failure message="expected: not &lt;null&gt;" type="org.opentest4j.AssertionFailedError"><![CDATA[org.opentest4j.AssertionFailedError: expected: not <null>
	at ed22_ud12_Ejercicio2_GeneradorIP.GeneradorTest.testIfIsNotNull(GeneradorTest.java:32)
]]></failure>
  </testcase>
  <testcase name="testIfIsNotNull[946]" classname="ed22_ud12_Ejercicio2_GeneradorIP.GeneradorTest" time="0">
    <failure message="expected: not &lt;null&gt;" type="org.opentest4j.AssertionFailedError"><![CDATA[org.opentest4j.AssertionFailedError: expected: not <null>
	at ed22_ud12_Ejercicio2_GeneradorIP.GeneradorTest.testIfIsNotNull(GeneradorTest.java:32)
]]></failure>
  </testcase>
  <testcase name="testIfIsNotNull[947]" classname="ed22_ud12_Ejercicio2_GeneradorIP.GeneradorTest" time="0.001">
    <failure message="expected: not &lt;null&gt;" type="org.opentest4j.AssertionFailedError"><![CDATA[org.opentest4j.AssertionFailedError: expected: not <null>
	at ed22_ud12_Ejercicio2_GeneradorIP.GeneradorTest.testIfIsNotNull(GeneradorTest.java:32)
]]></failure>
  </testcase>
  <testcase name="testIfIsNotNull[948]" classname="ed22_ud12_Ejercicio2_GeneradorIP.GeneradorTest" time="0">
    <failure message="expected: not &lt;null&gt;" type="org.opentest4j.AssertionFailedError"><![CDATA[org.opentest4j.AssertionFailedError: expected: not <null>
	at ed22_ud12_Ejercicio2_GeneradorIP.GeneradorTest.testIfIsNotNull(GeneradorTest.java:32)
]]></failure>
  </testcase>
  <testcase name="testIfIsNotNull[949]" classname="ed22_ud12_Ejercicio2_GeneradorIP.GeneradorTest" time="0">
    <failure message="expected: not &lt;null&gt;" type="org.opentest4j.AssertionFailedError"><![CDATA[org.opentest4j.AssertionFailedError: expected: not <null>
	at ed22_ud12_Ejercicio2_GeneradorIP.GeneradorTest.testIfIsNotNull(GeneradorTest.java:32)
]]></failure>
  </testcase>
  <testcase name="testIfIsNotNull[950]" classname="ed22_ud12_Ejercicio2_GeneradorIP.GeneradorTest" time="0">
    <failure message="expected: not &lt;null&gt;" type="org.opentest4j.AssertionFailedError"><![CDATA[org.opentest4j.AssertionFailedError: expected: not <null>
	at ed22_ud12_Ejercicio2_GeneradorIP.GeneradorTest.testIfIsNotNull(GeneradorTest.java:32)
]]></failure>
  </testcase>
  <testcase name="testIfIsNotNull[951]" classname="ed22_ud12_Ejercicio2_GeneradorIP.GeneradorTest" time="0.001">
    <failure message="expected: not &lt;null&gt;" type="org.opentest4j.AssertionFailedError"><![CDATA[org.opentest4j.AssertionFailedError: expected: not <null>
	at ed22_ud12_Ejercicio2_GeneradorIP.GeneradorTest.testIfIsNotNull(GeneradorTest.java:32)
]]></failure>
  </testcase>
  <testcase name="testIfIsNotNull[952]" classname="ed22_ud12_Ejercicio2_GeneradorIP.GeneradorTest" time="0.004">
    <failure message="expected: not &lt;null&gt;" type="org.opentest4j.AssertionFailedError"><![CDATA[org.opentest4j.AssertionFailedError: expected: not <null>
	at ed22_ud12_Ejercicio2_GeneradorIP.GeneradorTest.testIfIsNotNull(GeneradorTest.java:32)
]]></failure>
  </testcase>
  <testcase name="testIfIsNotNull[953]" classname="ed22_ud12_Ejercicio2_GeneradorIP.GeneradorTest" time="0">
    <failure message="expected: not &lt;null&gt;" type="org.opentest4j.AssertionFailedError"><![CDATA[org.opentest4j.AssertionFailedError: expected: not <null>
	at ed22_ud12_Ejercicio2_GeneradorIP.GeneradorTest.testIfIsNotNull(GeneradorTest.java:32)
]]></failure>
  </testcase>
  <testcase name="testIfIsNotNull[954]" classname="ed22_ud12_Ejercicio2_GeneradorIP.GeneradorTest" time="0">
    <failure message="expected: not &lt;null&gt;" type="org.opentest4j.AssertionFailedError"><![CDATA[org.opentest4j.AssertionFailedError: expected: not <null>
	at ed22_ud12_Ejercicio2_GeneradorIP.GeneradorTest.testIfIsNotNull(GeneradorTest.java:32)
]]></failure>
  </testcase>
  <testcase name="testIfIsNotNull[955]" classname="ed22_ud12_Ejercicio2_GeneradorIP.GeneradorTest" time="0">
    <failure message="expected: not &lt;null&gt;" type="org.opentest4j.AssertionFailedError"><![CDATA[org.opentest4j.AssertionFailedError: expected: not <null>
	at ed22_ud12_Ejercicio2_GeneradorIP.GeneradorTest.testIfIsNotNull(GeneradorTest.java:32)
]]></failure>
  </testcase>
  <testcase name="testIfIsNotNull[956]" classname="ed22_ud12_Ejercicio2_GeneradorIP.GeneradorTest" time="0">
    <failure message="expected: not &lt;null&gt;" type="org.opentest4j.AssertionFailedError"><![CDATA[org.opentest4j.AssertionFailedError: expected: not <null>
	at ed22_ud12_Ejercicio2_GeneradorIP.GeneradorTest.testIfIsNotNull(GeneradorTest.java:32)
]]></failure>
  </testcase>
  <testcase name="testIfIsNotNull[957]" classname="ed22_ud12_Ejercicio2_GeneradorIP.GeneradorTest" time="0">
    <failure message="expected: not &lt;null&gt;" type="org.opentest4j.AssertionFailedError"><![CDATA[org.opentest4j.AssertionFailedError: expected: not <null>
	at ed22_ud12_Ejercicio2_GeneradorIP.GeneradorTest.testIfIsNotNull(GeneradorTest.java:32)
]]></failure>
  </testcase>
  <testcase name="testIfIsNotNull[958]" classname="ed22_ud12_Ejercicio2_GeneradorIP.GeneradorTest" time="0">
    <failure message="expected: not &lt;null&gt;" type="org.opentest4j.AssertionFailedError"><![CDATA[org.opentest4j.AssertionFailedError: expected: not <null>
	at ed22_ud12_Ejercicio2_GeneradorIP.GeneradorTest.testIfIsNotNull(GeneradorTest.java:32)
]]></failure>
  </testcase>
  <testcase name="testIfIsNotNull[959]" classname="ed22_ud12_Ejercicio2_GeneradorIP.GeneradorTest" time="0">
    <failure message="expected: not &lt;null&gt;" type="org.opentest4j.AssertionFailedError"><![CDATA[org.opentest4j.AssertionFailedError: expected: not <null>
	at ed22_ud12_Ejercicio2_GeneradorIP.GeneradorTest.testIfIsNotNull(GeneradorTest.java:32)
]]></failure>
  </testcase>
  <testcase name="testIfIsNotNull[960]" classname="ed22_ud12_Ejercicio2_GeneradorIP.GeneradorTest" time="0">
    <failure message="expected: not &lt;null&gt;" type="org.opentest4j.AssertionFailedError"><![CDATA[org.opentest4j.AssertionFailedError: expected: not <null>
	at ed22_ud12_Ejercicio2_GeneradorIP.GeneradorTest.testIfIsNotNull(GeneradorTest.java:32)
]]></failure>
  </testcase>
  <testcase name="testIfIsNotNull[961]" classname="ed22_ud12_Ejercicio2_GeneradorIP.GeneradorTest" time="0.001">
    <failure message="expected: not &lt;null&gt;" type="org.opentest4j.AssertionFailedError"><![CDATA[org.opentest4j.AssertionFailedError: expected: not <null>
	at ed22_ud12_Ejercicio2_GeneradorIP.GeneradorTest.testIfIsNotNull(GeneradorTest.java:32)
]]></failure>
  </testcase>
  <testcase name="testIfIsNotNull[962]" classname="ed22_ud12_Ejercicio2_GeneradorIP.GeneradorTest" time="0.001">
    <failure message="expected: not &lt;null&gt;" type="org.opentest4j.AssertionFailedError"><![CDATA[org.opentest4j.AssertionFailedError: expected: not <null>
	at ed22_ud12_Ejercicio2_GeneradorIP.GeneradorTest.testIfIsNotNull(GeneradorTest.java:32)
]]></failure>
  </testcase>
  <testcase name="testIfIsNotNull[963]" classname="ed22_ud12_Ejercicio2_GeneradorIP.GeneradorTest" time="0.001">
    <failure message="expected: not &lt;null&gt;" type="org.opentest4j.AssertionFailedError"><![CDATA[org.opentest4j.AssertionFailedError: expected: not <null>
	at ed22_ud12_Ejercicio2_GeneradorIP.GeneradorTest.testIfIsNotNull(GeneradorTest.java:32)
]]></failure>
  </testcase>
  <testcase name="testIfIsNotNull[964]" classname="ed22_ud12_Ejercicio2_GeneradorIP.GeneradorTest" time="0">
    <failure message="expected: not &lt;null&gt;" type="org.opentest4j.AssertionFailedError"><![CDATA[org.opentest4j.AssertionFailedError: expected: not <null>
	at ed22_ud12_Ejercicio2_GeneradorIP.GeneradorTest.testIfIsNotNull(GeneradorTest.java:32)
]]></failure>
  </testcase>
  <testcase name="testIfIsNotNull[965]" classname="ed22_ud12_Ejercicio2_GeneradorIP.GeneradorTest" time="0">
    <failure message="expected: not &lt;null&gt;" type="org.opentest4j.AssertionFailedError"><![CDATA[org.opentest4j.AssertionFailedError: expected: not <null>
	at ed22_ud12_Ejercicio2_GeneradorIP.GeneradorTest.testIfIsNotNull(GeneradorTest.java:32)
]]></failure>
  </testcase>
  <testcase name="testIfIsNotNull[966]" classname="ed22_ud12_Ejercicio2_GeneradorIP.GeneradorTest" time="0">
    <failure message="expected: not &lt;null&gt;" type="org.opentest4j.AssertionFailedError"><![CDATA[org.opentest4j.AssertionFailedError: expected: not <null>
	at ed22_ud12_Ejercicio2_GeneradorIP.GeneradorTest.testIfIsNotNull(GeneradorTest.java:32)
]]></failure>
  </testcase>
  <testcase name="testIfIsNotNull[967]" classname="ed22_ud12_Ejercicio2_GeneradorIP.GeneradorTest" time="0">
    <failure message="expected: not &lt;null&gt;" type="org.opentest4j.AssertionFailedError"><![CDATA[org.opentest4j.AssertionFailedError: expected: not <null>
	at ed22_ud12_Ejercicio2_GeneradorIP.GeneradorTest.testIfIsNotNull(GeneradorTest.java:32)
]]></failure>
  </testcase>
  <testcase name="testIfIsNotNull[968]" classname="ed22_ud12_Ejercicio2_GeneradorIP.GeneradorTest" time="0.001">
    <failure message="expected: not &lt;null&gt;" type="org.opentest4j.AssertionFailedError"><![CDATA[org.opentest4j.AssertionFailedError: expected: not <null>
	at ed22_ud12_Ejercicio2_GeneradorIP.GeneradorTest.testIfIsNotNull(GeneradorTest.java:32)
]]></failure>
  </testcase>
  <testcase name="testIfIsNotNull[969]" classname="ed22_ud12_Ejercicio2_GeneradorIP.GeneradorTest" time="0.001">
    <failure message="expected: not &lt;null&gt;" type="org.opentest4j.AssertionFailedError"><![CDATA[org.opentest4j.AssertionFailedError: expected: not <null>
	at ed22_ud12_Ejercicio2_GeneradorIP.GeneradorTest.testIfIsNotNull(GeneradorTest.java:32)
]]></failure>
  </testcase>
  <testcase name="testIfIsNotNull[970]" classname="ed22_ud12_Ejercicio2_GeneradorIP.GeneradorTest" time="0.001">
    <failure message="expected: not &lt;null&gt;" type="org.opentest4j.AssertionFailedError"><![CDATA[org.opentest4j.AssertionFailedError: expected: not <null>
	at ed22_ud12_Ejercicio2_GeneradorIP.GeneradorTest.testIfIsNotNull(GeneradorTest.java:32)
]]></failure>
  </testcase>
  <testcase name="testIfIsNotNull[971]" classname="ed22_ud12_Ejercicio2_GeneradorIP.GeneradorTest" time="0.001">
    <failure message="expected: not &lt;null&gt;" type="org.opentest4j.AssertionFailedError"><![CDATA[org.opentest4j.AssertionFailedError: expected: not <null>
	at ed22_ud12_Ejercicio2_GeneradorIP.GeneradorTest.testIfIsNotNull(GeneradorTest.java:32)
]]></failure>
  </testcase>
  <testcase name="testIfIsNotNull[972]" classname="ed22_ud12_Ejercicio2_GeneradorIP.GeneradorTest" time="0.001">
    <failure message="expected: not &lt;null&gt;" type="org.opentest4j.AssertionFailedError"><![CDATA[org.opentest4j.AssertionFailedError: expected: not <null>
	at ed22_ud12_Ejercicio2_GeneradorIP.GeneradorTest.testIfIsNotNull(GeneradorTest.java:32)
]]></failure>
  </testcase>
  <testcase name="testIfIsNotNull[973]" classname="ed22_ud12_Ejercicio2_GeneradorIP.GeneradorTest" time="0">
    <failure message="expected: not &lt;null&gt;" type="org.opentest4j.AssertionFailedError"><![CDATA[org.opentest4j.AssertionFailedError: expected: not <null>
	at ed22_ud12_Ejercicio2_GeneradorIP.GeneradorTest.testIfIsNotNull(GeneradorTest.java:32)
]]></failure>
  </testcase>
  <testcase name="testIfIsNotNull[974]" classname="ed22_ud12_Ejercicio2_GeneradorIP.GeneradorTest" time="0">
    <failure message="expected: not &lt;null&gt;" type="org.opentest4j.AssertionFailedError"><![CDATA[org.opentest4j.AssertionFailedError: expected: not <null>
	at ed22_ud12_Ejercicio2_GeneradorIP.GeneradorTest.testIfIsNotNull(GeneradorTest.java:32)
]]></failure>
  </testcase>
  <testcase name="testIfIsNotNull[975]" classname="ed22_ud12_Ejercicio2_GeneradorIP.GeneradorTest" time="0">
    <failure message="expected: not &lt;null&gt;" type="org.opentest4j.AssertionFailedError"><![CDATA[org.opentest4j.AssertionFailedError: expected: not <null>
	at ed22_ud12_Ejercicio2_GeneradorIP.GeneradorTest.testIfIsNotNull(GeneradorTest.java:32)
]]></failure>
  </testcase>
  <testcase name="testIfIsNotNull[976]" classname="ed22_ud12_Ejercicio2_GeneradorIP.GeneradorTest" time="0.001">
    <failure message="expected: not &lt;null&gt;" type="org.opentest4j.AssertionFailedError"><![CDATA[org.opentest4j.AssertionFailedError: expected: not <null>
	at ed22_ud12_Ejercicio2_GeneradorIP.GeneradorTest.testIfIsNotNull(GeneradorTest.java:32)
]]></failure>
  </testcase>
  <testcase name="testIfIsNotNull[977]" classname="ed22_ud12_Ejercicio2_GeneradorIP.GeneradorTest" time="0">
    <failure message="expected: not &lt;null&gt;" type="org.opentest4j.AssertionFailedError"><![CDATA[org.opentest4j.AssertionFailedError: expected: not <null>
	at ed22_ud12_Ejercicio2_GeneradorIP.GeneradorTest.testIfIsNotNull(GeneradorTest.java:32)
]]></failure>
  </testcase>
  <testcase name="testIfIsNotNull[978]" classname="ed22_ud12_Ejercicio2_GeneradorIP.GeneradorTest" time="0.001">
    <failure message="expected: not &lt;null&gt;" type="org.opentest4j.AssertionFailedError"><![CDATA[org.opentest4j.AssertionFailedError: expected: not <null>
	at ed22_ud12_Ejercicio2_GeneradorIP.GeneradorTest.testIfIsNotNull(GeneradorTest.java:32)
]]></failure>
  </testcase>
  <testcase name="testIfIsNotNull[979]" classname="ed22_ud12_Ejercicio2_GeneradorIP.GeneradorTest" time="0.001">
    <failure message="expected: not &lt;null&gt;" type="org.opentest4j.AssertionFailedError"><![CDATA[org.opentest4j.AssertionFailedError: expected: not <null>
	at ed22_ud12_Ejercicio2_GeneradorIP.GeneradorTest.testIfIsNotNull(GeneradorTest.java:32)
]]></failure>
  </testcase>
  <testcase name="testIfIsNotNull[980]" classname="ed22_ud12_Ejercicio2_GeneradorIP.GeneradorTest" time="0.001">
    <failure message="expected: not &lt;null&gt;" type="org.opentest4j.AssertionFailedError"><![CDATA[org.opentest4j.AssertionFailedError: expected: not <null>
	at ed22_ud12_Ejercicio2_GeneradorIP.GeneradorTest.testIfIsNotNull(GeneradorTest.java:32)
]]></failure>
  </testcase>
  <testcase name="testIfIsNotNull[981]" classname="ed22_ud12_Ejercicio2_GeneradorIP.GeneradorTest" time="0.001">
    <failure message="expected: not &lt;null&gt;" type="org.opentest4j.AssertionFailedError"><![CDATA[org.opentest4j.AssertionFailedError: expected: not <null>
	at ed22_ud12_Ejercicio2_GeneradorIP.GeneradorTest.testIfIsNotNull(GeneradorTest.java:32)
]]></failure>
  </testcase>
  <testcase name="testIfIsNotNull[982]" classname="ed22_ud12_Ejercicio2_GeneradorIP.GeneradorTest" time="0">
    <failure message="expected: not &lt;null&gt;" type="org.opentest4j.AssertionFailedError"><![CDATA[org.opentest4j.AssertionFailedError: expected: not <null>
	at ed22_ud12_Ejercicio2_GeneradorIP.GeneradorTest.testIfIsNotNull(GeneradorTest.java:32)
]]></failure>
  </testcase>
  <testcase name="testIfIsNotNull[983]" classname="ed22_ud12_Ejercicio2_GeneradorIP.GeneradorTest" time="0">
    <failure message="expected: not &lt;null&gt;" type="org.opentest4j.AssertionFailedError"><![CDATA[org.opentest4j.AssertionFailedError: expected: not <null>
	at ed22_ud12_Ejercicio2_GeneradorIP.GeneradorTest.testIfIsNotNull(GeneradorTest.java:32)
]]></failure>
  </testcase>
  <testcase name="testIfIsNotNull[984]" classname="ed22_ud12_Ejercicio2_GeneradorIP.GeneradorTest" time="0">
    <failure message="expected: not &lt;null&gt;" type="org.opentest4j.AssertionFailedError"><![CDATA[org.opentest4j.AssertionFailedError: expected: not <null>
	at ed22_ud12_Ejercicio2_GeneradorIP.GeneradorTest.testIfIsNotNull(GeneradorTest.java:32)
]]></failure>
  </testcase>
  <testcase name="testIfIsNotNull[985]" classname="ed22_ud12_Ejercicio2_GeneradorIP.GeneradorTest" time="0">
    <failure message="expected: not &lt;null&gt;" type="org.opentest4j.AssertionFailedError"><![CDATA[org.opentest4j.AssertionFailedError: expected: not <null>
	at ed22_ud12_Ejercicio2_GeneradorIP.GeneradorTest.testIfIsNotNull(GeneradorTest.java:32)
]]></failure>
  </testcase>
  <testcase name="testIfIsNotNull[986]" classname="ed22_ud12_Ejercicio2_GeneradorIP.GeneradorTest" time="0">
    <failure message="expected: not &lt;null&gt;" type="org.opentest4j.AssertionFailedError"><![CDATA[org.opentest4j.AssertionFailedError: expected: not <null>
	at ed22_ud12_Ejercicio2_GeneradorIP.GeneradorTest.testIfIsNotNull(GeneradorTest.java:32)
]]></failure>
  </testcase>
  <testcase name="testIfIsNotNull[987]" classname="ed22_ud12_Ejercicio2_GeneradorIP.GeneradorTest" time="0">
    <failure message="expected: not &lt;null&gt;" type="org.opentest4j.AssertionFailedError"><![CDATA[org.opentest4j.AssertionFailedError: expected: not <null>
	at ed22_ud12_Ejercicio2_GeneradorIP.GeneradorTest.testIfIsNotNull(GeneradorTest.java:32)
]]></failure>
  </testcase>
  <testcase name="testIfIsNotNull[988]" classname="ed22_ud12_Ejercicio2_GeneradorIP.GeneradorTest" time="0">
    <failure message="expected: not &lt;null&gt;" type="org.opentest4j.AssertionFailedError"><![CDATA[org.opentest4j.AssertionFailedError: expected: not <null>
	at ed22_ud12_Ejercicio2_GeneradorIP.GeneradorTest.testIfIsNotNull(GeneradorTest.java:32)
]]></failure>
  </testcase>
  <testcase name="testIfIsNotNull[989]" classname="ed22_ud12_Ejercicio2_GeneradorIP.GeneradorTest" time="0">
    <failure message="expected: not &lt;null&gt;" type="org.opentest4j.AssertionFailedError"><![CDATA[org.opentest4j.AssertionFailedError: expected: not <null>
	at ed22_ud12_Ejercicio2_GeneradorIP.GeneradorTest.testIfIsNotNull(GeneradorTest.java:32)
]]></failure>
  </testcase>
  <testcase name="testIfIsNotNull[990]" classname="ed22_ud12_Ejercicio2_GeneradorIP.GeneradorTest" time="0">
    <failure message="expected: not &lt;null&gt;" type="org.opentest4j.AssertionFailedError"><![CDATA[org.opentest4j.AssertionFailedError: expected: not <null>
	at ed22_ud12_Ejercicio2_GeneradorIP.GeneradorTest.testIfIsNotNull(GeneradorTest.java:32)
]]></failure>
  </testcase>
  <testcase name="testIfIsNotNull[991]" classname="ed22_ud12_Ejercicio2_GeneradorIP.GeneradorTest" time="0">
    <failure message="expected: not &lt;null&gt;" type="org.opentest4j.AssertionFailedError"><![CDATA[org.opentest4j.AssertionFailedError: expected: not <null>
	at ed22_ud12_Ejercicio2_GeneradorIP.GeneradorTest.testIfIsNotNull(GeneradorTest.java:32)
]]></failure>
  </testcase>
  <testcase name="testIfIsNotNull[992]" classname="ed22_ud12_Ejercicio2_GeneradorIP.GeneradorTest" time="0">
    <failure message="expected: not &lt;null&gt;" type="org.opentest4j.AssertionFailedError"><![CDATA[org.opentest4j.AssertionFailedError: expected: not <null>
	at ed22_ud12_Ejercicio2_GeneradorIP.GeneradorTest.testIfIsNotNull(GeneradorTest.java:32)
]]></failure>
  </testcase>
  <testcase name="testIfIsNotNull[993]" classname="ed22_ud12_Ejercicio2_GeneradorIP.GeneradorTest" time="0.001">
    <failure message="expected: not &lt;null&gt;" type="org.opentest4j.AssertionFailedError"><![CDATA[org.opentest4j.AssertionFailedError: expected: not <null>
	at ed22_ud12_Ejercicio2_GeneradorIP.GeneradorTest.testIfIsNotNull(GeneradorTest.java:32)
]]></failure>
  </testcase>
  <testcase name="testIfIsNotNull[994]" classname="ed22_ud12_Ejercicio2_GeneradorIP.GeneradorTest" time="0.003">
    <failure message="expected: not &lt;null&gt;" type="org.opentest4j.AssertionFailedError"><![CDATA[org.opentest4j.AssertionFailedError: expected: not <null>
	at ed22_ud12_Ejercicio2_GeneradorIP.GeneradorTest.testIfIsNotNull(GeneradorTest.java:32)
]]></failure>
  </testcase>
  <testcase name="testIfIsNotNull[995]" classname="ed22_ud12_Ejercicio2_GeneradorIP.GeneradorTest" time="0.001">
    <failure message="expected: not &lt;null&gt;" type="org.opentest4j.AssertionFailedError"><![CDATA[org.opentest4j.AssertionFailedError: expected: not <null>
	at ed22_ud12_Ejercicio2_GeneradorIP.GeneradorTest.testIfIsNotNull(GeneradorTest.java:32)
]]></failure>
  </testcase>
  <testcase name="testIfIsNotNull[996]" classname="ed22_ud12_Ejercicio2_GeneradorIP.GeneradorTest" time="0">
    <failure message="expected: not &lt;null&gt;" type="org.opentest4j.AssertionFailedError"><![CDATA[org.opentest4j.AssertionFailedError: expected: not <null>
	at ed22_ud12_Ejercicio2_GeneradorIP.GeneradorTest.testIfIsNotNull(GeneradorTest.java:32)
]]></failure>
  </testcase>
  <testcase name="testIfIsNotNull[997]" classname="ed22_ud12_Ejercicio2_GeneradorIP.GeneradorTest" time="0.001">
    <failure message="expected: not &lt;null&gt;" type="org.opentest4j.AssertionFailedError"><![CDATA[org.opentest4j.AssertionFailedError: expected: not <null>
	at ed22_ud12_Ejercicio2_GeneradorIP.GeneradorTest.testIfIsNotNull(GeneradorTest.java:32)
]]></failure>
  </testcase>
  <testcase name="testIfIsNotNull[998]" classname="ed22_ud12_Ejercicio2_GeneradorIP.GeneradorTest" time="0.002">
    <failure message="expected: not &lt;null&gt;" type="org.opentest4j.AssertionFailedError"><![CDATA[org.opentest4j.AssertionFailedError: expected: not <null>
	at ed22_ud12_Ejercicio2_GeneradorIP.GeneradorTest.testIfIsNotNull(GeneradorTest.java:32)
]]></failure>
  </testcase>
  <testcase name="testIfIsNotNull[999]" classname="ed22_ud12_Ejercicio2_GeneradorIP.GeneradorTest" time="0">
    <failure message="expected: not &lt;null&gt;" type="org.opentest4j.AssertionFailedError"><![CDATA[org.opentest4j.AssertionFailedError: expected: not <null>
	at ed22_ud12_Ejercicio2_GeneradorIP.GeneradorTest.testIfIsNotNull(GeneradorTest.java:32)
]]></failure>
  </testcase>
  <testcase name="testIfIsNotNull[1000]" classname="ed22_ud12_Ejercicio2_GeneradorIP.GeneradorTest" time="0">
    <failure message="expected: not &lt;null&gt;" type="org.opentest4j.AssertionFailedError"><![CDATA[org.opentest4j.AssertionFailedError: expected: not <null>
	at ed22_ud12_Ejercicio2_GeneradorIP.GeneradorTest.testIfIsNotNull(GeneradorTest.java:32)
]]></failure>
  </testcase>
  <testcase name="testIfIsFalse" classname="ed22_ud12_Ejercicio2_GeneradorIP.GeneradorTest" time="0.001">
    <error message="Cannot invoke &quot;ed22_ud12_Ejercicio2_GeneradorIP.Generador.setMin(int)&quot; because &quot;this.g1&quot; is null" type="java.lang.NullPointerException">java.lang.NullPointerException: Cannot invoke "ed22_ud12_Ejercicio2_GeneradorIP.Generador.setMin(int)" because "this.g1" is null
	at ed22_ud12_Ejercicio2_GeneradorIP.GeneradorTest.testIfIsFalse(GeneradorTest.java:50)
</error>
  </testcase>
  <testcase name="testIfNull[1]" classname="ed22_ud12_Ejercicio2_GeneradorIP.GeneradorTest" time="0.001"/>
  <testcase name="testIfNull[2]" classname="ed22_ud12_Ejercicio2_GeneradorIP.GeneradorTest" time="0"/>
  <testcase name="testIfNull[3]" classname="ed22_ud12_Ejercicio2_GeneradorIP.GeneradorTest" time="0.001"/>
  <testcase name="testIfNull[4]" classname="ed22_ud12_Ejercicio2_GeneradorIP.GeneradorTest" time="0"/>
  <testcase name="testIfNull[5]" classname="ed22_ud12_Ejercicio2_GeneradorIP.GeneradorTest" time="0"/>
  <testcase name="testIfNull[6]" classname="ed22_ud12_Ejercicio2_GeneradorIP.GeneradorTest" time="0"/>
  <testcase name="testIfNull[7]" classname="ed22_ud12_Ejercicio2_GeneradorIP.GeneradorTest" time="0"/>
  <testcase name="testIfNull[8]" classname="ed22_ud12_Ejercicio2_GeneradorIP.GeneradorTest" time="0"/>
  <testcase name="testIfNull[9]" classname="ed22_ud12_Ejercicio2_GeneradorIP.GeneradorTest" time="0"/>
  <testcase name="testIfNull[10]" classname="ed22_ud12_Ejercicio2_GeneradorIP.GeneradorTest" time="0"/>
  <testcase name="testIfNull[11]" classname="ed22_ud12_Ejercicio2_GeneradorIP.GeneradorTest" time="0"/>
  <testcase name="testIfNull[12]" classname="ed22_ud12_Ejercicio2_GeneradorIP.GeneradorTest" time="0"/>
  <testcase name="testIfNull[13]" classname="ed22_ud12_Ejercicio2_GeneradorIP.GeneradorTest" time="0"/>
  <testcase name="testIfNull[14]" classname="ed22_ud12_Ejercicio2_GeneradorIP.GeneradorTest" time="0"/>
  <testcase name="testIfNull[15]" classname="ed22_ud12_Ejercicio2_GeneradorIP.GeneradorTest" time="0.001"/>
  <testcase name="testIfNull[16]" classname="ed22_ud12_Ejercicio2_GeneradorIP.GeneradorTest" time="0.001"/>
  <testcase name="testIfNull[17]" classname="ed22_ud12_Ejercicio2_GeneradorIP.GeneradorTest" time="0"/>
  <testcase name="testIfNull[18]" classname="ed22_ud12_Ejercicio2_GeneradorIP.GeneradorTest" time="0"/>
  <testcase name="testIfNull[19]" classname="ed22_ud12_Ejercicio2_GeneradorIP.GeneradorTest" time="0"/>
  <testcase name="testIfNull[20]" classname="ed22_ud12_Ejercicio2_GeneradorIP.GeneradorTest" time="0"/>
  <testcase name="testIfNull[21]" classname="ed22_ud12_Ejercicio2_GeneradorIP.GeneradorTest" time="0"/>
  <testcase name="testIfNull[22]" classname="ed22_ud12_Ejercicio2_GeneradorIP.GeneradorTest" time="0"/>
  <testcase name="testIfNull[23]" classname="ed22_ud12_Ejercicio2_GeneradorIP.GeneradorTest" time="0"/>
  <testcase name="testIfNull[24]" classname="ed22_ud12_Ejercicio2_GeneradorIP.GeneradorTest" time="0"/>
  <testcase name="testIfNull[25]" classname="ed22_ud12_Ejercicio2_GeneradorIP.GeneradorTest" time="0"/>
  <testcase name="testIfNull[26]" classname="ed22_ud12_Ejercicio2_GeneradorIP.GeneradorTest" time="0"/>
  <testcase name="testIfNull[27]" classname="ed22_ud12_Ejercicio2_GeneradorIP.GeneradorTest" time="0"/>
  <testcase name="testIfNull[28]" classname="ed22_ud12_Ejercicio2_GeneradorIP.GeneradorTest" time="0"/>
  <testcase name="testIfNull[29]" classname="ed22_ud12_Ejercicio2_GeneradorIP.GeneradorTest" time="0"/>
  <testcase name="testIfNull[30]" classname="ed22_ud12_Ejercicio2_GeneradorIP.GeneradorTest" time="0"/>
  <testcase name="testIfNull[31]" classname="ed22_ud12_Ejercicio2_GeneradorIP.GeneradorTest" time="0"/>
  <testcase name="testIfNull[32]" classname="ed22_ud12_Ejercicio2_GeneradorIP.GeneradorTest" time="0"/>
  <testcase name="testIfNull[33]" classname="ed22_ud12_Ejercicio2_GeneradorIP.GeneradorTest" time="0"/>
  <testcase name="testIfNull[34]" classname="ed22_ud12_Ejercicio2_GeneradorIP.GeneradorTest" time="0"/>
  <testcase name="testIfNull[35]" classname="ed22_ud12_Ejercicio2_GeneradorIP.GeneradorTest" time="0"/>
  <testcase name="testIfNull[36]" classname="ed22_ud12_Ejercicio2_GeneradorIP.GeneradorTest" time="0"/>
  <testcase name="testIfNull[37]" classname="ed22_ud12_Ejercicio2_GeneradorIP.GeneradorTest" time="0"/>
  <testcase name="testIfNull[38]" classname="ed22_ud12_Ejercicio2_GeneradorIP.GeneradorTest" time="0"/>
  <testcase name="testIfNull[39]" classname="ed22_ud12_Ejercicio2_GeneradorIP.GeneradorTest" time="0"/>
  <testcase name="testIfNull[40]" classname="ed22_ud12_Ejercicio2_GeneradorIP.GeneradorTest" time="0"/>
  <testcase name="testIfNull[41]" classname="ed22_ud12_Ejercicio2_GeneradorIP.GeneradorTest" time="0"/>
  <testcase name="testIfNull[42]" classname="ed22_ud12_Ejercicio2_GeneradorIP.GeneradorTest" time="0"/>
  <testcase name="testIfNull[43]" classname="ed22_ud12_Ejercicio2_GeneradorIP.GeneradorTest" time="0.011"/>
  <testcase name="testIfNull[44]" classname="ed22_ud12_Ejercicio2_GeneradorIP.GeneradorTest" time="0"/>
  <testcase name="testIfNull[45]" classname="ed22_ud12_Ejercicio2_GeneradorIP.GeneradorTest" time="0"/>
  <testcase name="testIfNull[46]" classname="ed22_ud12_Ejercicio2_GeneradorIP.GeneradorTest" time="0"/>
  <testcase name="testIfNull[47]" classname="ed22_ud12_Ejercicio2_GeneradorIP.GeneradorTest" time="0"/>
  <testcase name="testIfNull[48]" classname="ed22_ud12_Ejercicio2_GeneradorIP.GeneradorTest" time="0"/>
  <testcase name="testIfNull[49]" classname="ed22_ud12_Ejercicio2_GeneradorIP.GeneradorTest" time="0"/>
  <testcase name="testIfNull[50]" classname="ed22_ud12_Ejercicio2_GeneradorIP.GeneradorTest" time="0"/>
  <testcase name="testIfNull[51]" classname="ed22_ud12_Ejercicio2_GeneradorIP.GeneradorTest" time="0"/>
  <testcase name="testIfNull[52]" classname="ed22_ud12_Ejercicio2_GeneradorIP.GeneradorTest" time="0"/>
  <testcase name="testIfNull[53]" classname="ed22_ud12_Ejercicio2_GeneradorIP.GeneradorTest" time="0"/>
  <testcase name="testIfNull[54]" classname="ed22_ud12_Ejercicio2_GeneradorIP.GeneradorTest" time="0"/>
  <testcase name="testIfNull[55]" classname="ed22_ud12_Ejercicio2_GeneradorIP.GeneradorTest" time="0"/>
  <testcase name="testIfNull[56]" classname="ed22_ud12_Ejercicio2_GeneradorIP.GeneradorTest" time="0"/>
  <testcase name="testIfNull[57]" classname="ed22_ud12_Ejercicio2_GeneradorIP.GeneradorTest" time="0"/>
  <testcase name="testIfNull[58]" classname="ed22_ud12_Ejercicio2_GeneradorIP.GeneradorTest" time="0"/>
  <testcase name="testIfNull[59]" classname="ed22_ud12_Ejercicio2_GeneradorIP.GeneradorTest" time="0"/>
  <testcase name="testIfNull[60]" classname="ed22_ud12_Ejercicio2_GeneradorIP.GeneradorTest" time="0"/>
  <testcase name="testIfNull[61]" classname="ed22_ud12_Ejercicio2_GeneradorIP.GeneradorTest" time="0"/>
  <testcase name="testIfNull[62]" classname="ed22_ud12_Ejercicio2_GeneradorIP.GeneradorTest" time="0"/>
  <testcase name="testIfNull[63]" classname="ed22_ud12_Ejercicio2_GeneradorIP.GeneradorTest" time="0"/>
  <testcase name="testIfNull[64]" classname="ed22_ud12_Ejercicio2_GeneradorIP.GeneradorTest" time="0"/>
  <testcase name="testIfNull[65]" classname="ed22_ud12_Ejercicio2_GeneradorIP.GeneradorTest" time="0"/>
  <testcase name="testIfNull[66]" classname="ed22_ud12_Ejercicio2_GeneradorIP.GeneradorTest" time="0"/>
  <testcase name="testIfNull[67]" classname="ed22_ud12_Ejercicio2_GeneradorIP.GeneradorTest" time="0"/>
  <testcase name="testIfNull[68]" classname="ed22_ud12_Ejercicio2_GeneradorIP.GeneradorTest" time="0"/>
  <testcase name="testIfNull[69]" classname="ed22_ud12_Ejercicio2_GeneradorIP.GeneradorTest" time="0"/>
  <testcase name="testIfNull[70]" classname="ed22_ud12_Ejercicio2_GeneradorIP.GeneradorTest" time="0"/>
  <testcase name="testIfNull[71]" classname="ed22_ud12_Ejercicio2_GeneradorIP.GeneradorTest" time="0"/>
  <testcase name="testIfNull[72]" classname="ed22_ud12_Ejercicio2_GeneradorIP.GeneradorTest" time="0"/>
  <testcase name="testIfNull[73]" classname="ed22_ud12_Ejercicio2_GeneradorIP.GeneradorTest" time="0"/>
  <testcase name="testIfNull[74]" classname="ed22_ud12_Ejercicio2_GeneradorIP.GeneradorTest" time="0"/>
  <testcase name="testIfNull[75]" classname="ed22_ud12_Ejercicio2_GeneradorIP.GeneradorTest" time="0"/>
  <testcase name="testIfNull[76]" classname="ed22_ud12_Ejercicio2_GeneradorIP.GeneradorTest" time="0"/>
  <testcase name="testIfNull[77]" classname="ed22_ud12_Ejercicio2_GeneradorIP.GeneradorTest" time="0"/>
  <testcase name="testIfNull[78]" classname="ed22_ud12_Ejercicio2_GeneradorIP.GeneradorTest" time="0"/>
  <testcase name="testIfNull[79]" classname="ed22_ud12_Ejercicio2_GeneradorIP.GeneradorTest" time="0"/>
  <testcase name="testIfNull[80]" classname="ed22_ud12_Ejercicio2_GeneradorIP.GeneradorTest" time="0"/>
  <testcase name="testIfNull[81]" classname="ed22_ud12_Ejercicio2_GeneradorIP.GeneradorTest" time="0"/>
  <testcase name="testIfNull[82]" classname="ed22_ud12_Ejercicio2_GeneradorIP.GeneradorTest" time="0"/>
  <testcase name="testIfNull[83]" classname="ed22_ud12_Ejercicio2_GeneradorIP.GeneradorTest" time="0"/>
  <testcase name="testIfNull[84]" classname="ed22_ud12_Ejercicio2_GeneradorIP.GeneradorTest" time="0"/>
  <testcase name="testIfNull[85]" classname="ed22_ud12_Ejercicio2_GeneradorIP.GeneradorTest" time="0"/>
  <testcase name="testIfNull[86]" classname="ed22_ud12_Ejercicio2_GeneradorIP.GeneradorTest" time="0"/>
  <testcase name="testIfNull[87]" classname="ed22_ud12_Ejercicio2_GeneradorIP.GeneradorTest" time="0"/>
  <testcase name="testIfNull[88]" classname="ed22_ud12_Ejercicio2_GeneradorIP.GeneradorTest" time="0"/>
  <testcase name="testIfNull[89]" classname="ed22_ud12_Ejercicio2_GeneradorIP.GeneradorTest" time="0"/>
  <testcase name="testIfNull[90]" classname="ed22_ud12_Ejercicio2_GeneradorIP.GeneradorTest" time="0"/>
  <testcase name="testIfNull[91]" classname="ed22_ud12_Ejercicio2_GeneradorIP.GeneradorTest" time="0"/>
  <testcase name="testIfNull[92]" classname="ed22_ud12_Ejercicio2_GeneradorIP.GeneradorTest" time="0"/>
  <testcase name="testIfNull[93]" classname="ed22_ud12_Ejercicio2_GeneradorIP.GeneradorTest" time="0"/>
  <testcase name="testIfNull[94]" classname="ed22_ud12_Ejercicio2_GeneradorIP.GeneradorTest" time="0"/>
  <testcase name="testIfNull[95]" classname="ed22_ud12_Ejercicio2_GeneradorIP.GeneradorTest" time="0"/>
  <testcase name="testIfNull[96]" classname="ed22_ud12_Ejercicio2_GeneradorIP.GeneradorTest" time="0.041"/>
  <testcase name="testIfNull[97]" classname="ed22_ud12_Ejercicio2_GeneradorIP.GeneradorTest" time="0"/>
  <testcase name="testIfNull[98]" classname="ed22_ud12_Ejercicio2_GeneradorIP.GeneradorTest" time="0"/>
  <testcase name="testIfNull[99]" classname="ed22_ud12_Ejercicio2_GeneradorIP.GeneradorTest" time="0"/>
  <testcase name="testIfNull[100]" classname="ed22_ud12_Ejercicio2_GeneradorIP.GeneradorTest" time="0"/>
  <testcase name="testIfNull[101]" classname="ed22_ud12_Ejercicio2_GeneradorIP.GeneradorTest" time="0"/>
  <testcase name="testIfNull[102]" classname="ed22_ud12_Ejercicio2_GeneradorIP.GeneradorTest" time="0"/>
  <testcase name="testIfNull[103]" classname="ed22_ud12_Ejercicio2_GeneradorIP.GeneradorTest" time="0"/>
  <testcase name="testIfNull[104]" classname="ed22_ud12_Ejercicio2_GeneradorIP.GeneradorTest" time="0"/>
  <testcase name="testIfNull[105]" classname="ed22_ud12_Ejercicio2_GeneradorIP.GeneradorTest" time="0"/>
  <testcase name="testIfNull[106]" classname="ed22_ud12_Ejercicio2_GeneradorIP.GeneradorTest" time="0"/>
  <testcase name="testIfNull[107]" classname="ed22_ud12_Ejercicio2_GeneradorIP.GeneradorTest" time="0"/>
  <testcase name="testIfNull[108]" classname="ed22_ud12_Ejercicio2_GeneradorIP.GeneradorTest" time="0"/>
  <testcase name="testIfNull[109]" classname="ed22_ud12_Ejercicio2_GeneradorIP.GeneradorTest" time="0"/>
  <testcase name="testIfNull[110]" classname="ed22_ud12_Ejercicio2_GeneradorIP.GeneradorTest" time="0"/>
  <testcase name="testIfNull[111]" classname="ed22_ud12_Ejercicio2_GeneradorIP.GeneradorTest" time="0"/>
  <testcase name="testIfNull[112]" classname="ed22_ud12_Ejercicio2_GeneradorIP.GeneradorTest" time="0"/>
  <testcase name="testIfNull[113]" classname="ed22_ud12_Ejercicio2_GeneradorIP.GeneradorTest" time="0"/>
  <testcase name="testIfNull[114]" classname="ed22_ud12_Ejercicio2_GeneradorIP.GeneradorTest" time="0"/>
  <testcase name="testIfNull[115]" classname="ed22_ud12_Ejercicio2_GeneradorIP.GeneradorTest" time="0"/>
  <testcase name="testIfNull[116]" classname="ed22_ud12_Ejercicio2_GeneradorIP.GeneradorTest" time="0"/>
  <testcase name="testIfNull[117]" classname="ed22_ud12_Ejercicio2_GeneradorIP.GeneradorTest" time="0"/>
  <testcase name="testIfNull[118]" classname="ed22_ud12_Ejercicio2_GeneradorIP.GeneradorTest" time="0"/>
  <testcase name="testIfNull[119]" classname="ed22_ud12_Ejercicio2_GeneradorIP.GeneradorTest" time="0"/>
  <testcase name="testIfNull[120]" classname="ed22_ud12_Ejercicio2_GeneradorIP.GeneradorTest" time="0"/>
  <testcase name="testIfNull[121]" classname="ed22_ud12_Ejercicio2_GeneradorIP.GeneradorTest" time="0"/>
  <testcase name="testIfNull[122]" classname="ed22_ud12_Ejercicio2_GeneradorIP.GeneradorTest" time="0"/>
  <testcase name="testIfNull[123]" classname="ed22_ud12_Ejercicio2_GeneradorIP.GeneradorTest" time="0"/>
  <testcase name="testIfNull[124]" classname="ed22_ud12_Ejercicio2_GeneradorIP.GeneradorTest" time="0"/>
  <testcase name="testIfNull[125]" classname="ed22_ud12_Ejercicio2_GeneradorIP.GeneradorTest" time="0"/>
  <testcase name="testIfNull[126]" classname="ed22_ud12_Ejercicio2_GeneradorIP.GeneradorTest" time="0"/>
  <testcase name="testIfNull[127]" classname="ed22_ud12_Ejercicio2_GeneradorIP.GeneradorTest" time="0"/>
  <testcase name="testIfNull[128]" classname="ed22_ud12_Ejercicio2_GeneradorIP.GeneradorTest" time="0"/>
  <testcase name="testIfNull[129]" classname="ed22_ud12_Ejercicio2_GeneradorIP.GeneradorTest" time="0"/>
  <testcase name="testIfNull[130]" classname="ed22_ud12_Ejercicio2_GeneradorIP.GeneradorTest" time="0"/>
  <testcase name="testIfNull[131]" classname="ed22_ud12_Ejercicio2_GeneradorIP.GeneradorTest" time="0"/>
  <testcase name="testIfNull[132]" classname="ed22_ud12_Ejercicio2_GeneradorIP.GeneradorTest" time="0"/>
  <testcase name="testIfNull[133]" classname="ed22_ud12_Ejercicio2_GeneradorIP.GeneradorTest" time="0"/>
  <testcase name="testIfNull[134]" classname="ed22_ud12_Ejercicio2_GeneradorIP.GeneradorTest" time="0"/>
  <testcase name="testIfNull[135]" classname="ed22_ud12_Ejercicio2_GeneradorIP.GeneradorTest" time="0"/>
  <testcase name="testIfNull[136]" classname="ed22_ud12_Ejercicio2_GeneradorIP.GeneradorTest" time="0"/>
  <testcase name="testIfNull[137]" classname="ed22_ud12_Ejercicio2_GeneradorIP.GeneradorTest" time="0"/>
  <testcase name="testIfNull[138]" classname="ed22_ud12_Ejercicio2_GeneradorIP.GeneradorTest" time="0"/>
  <testcase name="testIfNull[139]" classname="ed22_ud12_Ejercicio2_GeneradorIP.GeneradorTest" time="0"/>
  <testcase name="testIfNull[140]" classname="ed22_ud12_Ejercicio2_GeneradorIP.GeneradorTest" time="0.004"/>
  <testcase name="testIfNull[141]" classname="ed22_ud12_Ejercicio2_GeneradorIP.GeneradorTest" time="0"/>
  <testcase name="testIfNull[142]" classname="ed22_ud12_Ejercicio2_GeneradorIP.GeneradorTest" time="0"/>
  <testcase name="testIfNull[143]" classname="ed22_ud12_Ejercicio2_GeneradorIP.GeneradorTest" time="0"/>
  <testcase name="testIfNull[144]" classname="ed22_ud12_Ejercicio2_GeneradorIP.GeneradorTest" time="0"/>
  <testcase name="testIfNull[145]" classname="ed22_ud12_Ejercicio2_GeneradorIP.GeneradorTest" time="0"/>
  <testcase name="testIfNull[146]" classname="ed22_ud12_Ejercicio2_GeneradorIP.GeneradorTest" time="0"/>
  <testcase name="testIfNull[147]" classname="ed22_ud12_Ejercicio2_GeneradorIP.GeneradorTest" time="0"/>
  <testcase name="testIfNull[148]" classname="ed22_ud12_Ejercicio2_GeneradorIP.GeneradorTest" time="0"/>
  <testcase name="testIfNull[149]" classname="ed22_ud12_Ejercicio2_GeneradorIP.GeneradorTest" time="0"/>
  <testcase name="testIfNull[150]" classname="ed22_ud12_Ejercicio2_GeneradorIP.GeneradorTest" time="0"/>
  <testcase name="testIfNull[151]" classname="ed22_ud12_Ejercicio2_GeneradorIP.GeneradorTest" time="0"/>
  <testcase name="testIfNull[152]" classname="ed22_ud12_Ejercicio2_GeneradorIP.GeneradorTest" time="0"/>
  <testcase name="testIfNull[153]" classname="ed22_ud12_Ejercicio2_GeneradorIP.GeneradorTest" time="0"/>
  <testcase name="testIfNull[154]" classname="ed22_ud12_Ejercicio2_GeneradorIP.GeneradorTest" time="0"/>
  <testcase name="testIfNull[155]" classname="ed22_ud12_Ejercicio2_GeneradorIP.GeneradorTest" time="0"/>
  <testcase name="testIfNull[156]" classname="ed22_ud12_Ejercicio2_GeneradorIP.GeneradorTest" time="0"/>
  <testcase name="testIfNull[157]" classname="ed22_ud12_Ejercicio2_GeneradorIP.GeneradorTest" time="0"/>
  <testcase name="testIfNull[158]" classname="ed22_ud12_Ejercicio2_GeneradorIP.GeneradorTest" time="0"/>
  <testcase name="testIfNull[159]" classname="ed22_ud12_Ejercicio2_GeneradorIP.GeneradorTest" time="0"/>
  <testcase name="testIfNull[160]" classname="ed22_ud12_Ejercicio2_GeneradorIP.GeneradorTest" time="0"/>
  <testcase name="testIfNull[161]" classname="ed22_ud12_Ejercicio2_GeneradorIP.GeneradorTest" time="0"/>
  <testcase name="testIfNull[162]" classname="ed22_ud12_Ejercicio2_GeneradorIP.GeneradorTest" time="0"/>
  <testcase name="testIfNull[163]" classname="ed22_ud12_Ejercicio2_GeneradorIP.GeneradorTest" time="0"/>
  <testcase name="testIfNull[164]" classname="ed22_ud12_Ejercicio2_GeneradorIP.GeneradorTest" time="0"/>
  <testcase name="testIfNull[165]" classname="ed22_ud12_Ejercicio2_GeneradorIP.GeneradorTest" time="0"/>
  <testcase name="testIfNull[166]" classname="ed22_ud12_Ejercicio2_GeneradorIP.GeneradorTest" time="0"/>
  <testcase name="testIfNull[167]" classname="ed22_ud12_Ejercicio2_GeneradorIP.GeneradorTest" time="0"/>
  <testcase name="testIfNull[168]" classname="ed22_ud12_Ejercicio2_GeneradorIP.GeneradorTest" time="0"/>
  <testcase name="testIfNull[169]" classname="ed22_ud12_Ejercicio2_GeneradorIP.GeneradorTest" time="0"/>
  <testcase name="testIfNull[170]" classname="ed22_ud12_Ejercicio2_GeneradorIP.GeneradorTest" time="0"/>
  <testcase name="testIfNull[171]" classname="ed22_ud12_Ejercicio2_GeneradorIP.GeneradorTest" time="0"/>
  <testcase name="testIfNull[172]" classname="ed22_ud12_Ejercicio2_GeneradorIP.GeneradorTest" time="0"/>
  <testcase name="testIfNull[173]" classname="ed22_ud12_Ejercicio2_GeneradorIP.GeneradorTest" time="0"/>
  <testcase name="testIfNull[174]" classname="ed22_ud12_Ejercicio2_GeneradorIP.GeneradorTest" time="0"/>
  <testcase name="testIfNull[175]" classname="ed22_ud12_Ejercicio2_GeneradorIP.GeneradorTest" time="0"/>
  <testcase name="testIfNull[176]" classname="ed22_ud12_Ejercicio2_GeneradorIP.GeneradorTest" time="0"/>
  <testcase name="testIfNull[177]" classname="ed22_ud12_Ejercicio2_GeneradorIP.GeneradorTest" time="0"/>
  <testcase name="testIfNull[178]" classname="ed22_ud12_Ejercicio2_GeneradorIP.GeneradorTest" time="0"/>
  <testcase name="testIfNull[179]" classname="ed22_ud12_Ejercicio2_GeneradorIP.GeneradorTest" time="0"/>
  <testcase name="testIfNull[180]" classname="ed22_ud12_Ejercicio2_GeneradorIP.GeneradorTest" time="0"/>
  <testcase name="testIfNull[181]" classname="ed22_ud12_Ejercicio2_GeneradorIP.GeneradorTest" time="0"/>
  <testcase name="testIfNull[182]" classname="ed22_ud12_Ejercicio2_GeneradorIP.GeneradorTest" time="0"/>
  <testcase name="testIfNull[183]" classname="ed22_ud12_Ejercicio2_GeneradorIP.GeneradorTest" time="0"/>
  <testcase name="testIfNull[184]" classname="ed22_ud12_Ejercicio2_GeneradorIP.GeneradorTest" time="0"/>
  <testcase name="testIfNull[185]" classname="ed22_ud12_Ejercicio2_GeneradorIP.GeneradorTest" time="0"/>
  <testcase name="testIfNull[186]" classname="ed22_ud12_Ejercicio2_GeneradorIP.GeneradorTest" time="0"/>
  <testcase name="testIfNull[187]" classname="ed22_ud12_Ejercicio2_GeneradorIP.GeneradorTest" time="0"/>
  <testcase name="testIfNull[188]" classname="ed22_ud12_Ejercicio2_GeneradorIP.GeneradorTest" time="0"/>
  <testcase name="testIfNull[189]" classname="ed22_ud12_Ejercicio2_GeneradorIP.GeneradorTest" time="0"/>
  <testcase name="testIfNull[190]" classname="ed22_ud12_Ejercicio2_GeneradorIP.GeneradorTest" time="0"/>
  <testcase name="testIfNull[191]" classname="ed22_ud12_Ejercicio2_GeneradorIP.GeneradorTest" time="0"/>
  <testcase name="testIfNull[192]" classname="ed22_ud12_Ejercicio2_GeneradorIP.GeneradorTest" time="0"/>
  <testcase name="testIfNull[193]" classname="ed22_ud12_Ejercicio2_GeneradorIP.GeneradorTest" time="0"/>
  <testcase name="testIfNull[194]" classname="ed22_ud12_Ejercicio2_GeneradorIP.GeneradorTest" time="0"/>
  <testcase name="testIfNull[195]" classname="ed22_ud12_Ejercicio2_GeneradorIP.GeneradorTest" time="0"/>
  <testcase name="testIfNull[196]" classname="ed22_ud12_Ejercicio2_GeneradorIP.GeneradorTest" time="0"/>
  <testcase name="testIfNull[197]" classname="ed22_ud12_Ejercicio2_GeneradorIP.GeneradorTest" time="0"/>
  <testcase name="testIfNull[198]" classname="ed22_ud12_Ejercicio2_GeneradorIP.GeneradorTest" time="0"/>
  <testcase name="testIfNull[199]" classname="ed22_ud12_Ejercicio2_GeneradorIP.GeneradorTest" time="0"/>
  <testcase name="testIfNull[200]" classname="ed22_ud12_Ejercicio2_GeneradorIP.GeneradorTest" time="0"/>
  <testcase name="testIfNull[201]" classname="ed22_ud12_Ejercicio2_GeneradorIP.GeneradorTest" time="0"/>
  <testcase name="testIfNull[202]" classname="ed22_ud12_Ejercicio2_GeneradorIP.GeneradorTest" time="0"/>
  <testcase name="testIfNull[203]" classname="ed22_ud12_Ejercicio2_GeneradorIP.GeneradorTest" time="0"/>
  <testcase name="testIfNull[204]" classname="ed22_ud12_Ejercicio2_GeneradorIP.GeneradorTest" time="0"/>
  <testcase name="testIfNull[205]" classname="ed22_ud12_Ejercicio2_GeneradorIP.GeneradorTest" time="0"/>
  <testcase name="testIfNull[206]" classname="ed22_ud12_Ejercicio2_GeneradorIP.GeneradorTest" time="0"/>
  <testcase name="testIfNull[207]" classname="ed22_ud12_Ejercicio2_GeneradorIP.GeneradorTest" time="0"/>
  <testcase name="testIfNull[208]" classname="ed22_ud12_Ejercicio2_GeneradorIP.GeneradorTest" time="0"/>
  <testcase name="testIfNull[209]" classname="ed22_ud12_Ejercicio2_GeneradorIP.GeneradorTest" time="0"/>
  <testcase name="testIfNull[210]" classname="ed22_ud12_Ejercicio2_GeneradorIP.GeneradorTest" time="0"/>
  <testcase name="testIfNull[211]" classname="ed22_ud12_Ejercicio2_GeneradorIP.GeneradorTest" time="0"/>
  <testcase name="testIfNull[212]" classname="ed22_ud12_Ejercicio2_GeneradorIP.GeneradorTest" time="0"/>
  <testcase name="testIfNull[213]" classname="ed22_ud12_Ejercicio2_GeneradorIP.GeneradorTest" time="0"/>
  <testcase name="testIfNull[214]" classname="ed22_ud12_Ejercicio2_GeneradorIP.GeneradorTest" time="0"/>
  <testcase name="testIfNull[215]" classname="ed22_ud12_Ejercicio2_GeneradorIP.GeneradorTest" time="0"/>
  <testcase name="testIfNull[216]" classname="ed22_ud12_Ejercicio2_GeneradorIP.GeneradorTest" time="0"/>
  <testcase name="testIfNull[217]" classname="ed22_ud12_Ejercicio2_GeneradorIP.GeneradorTest" time="0.001"/>
  <testcase name="testIfNull[218]" classname="ed22_ud12_Ejercicio2_GeneradorIP.GeneradorTest" time="0"/>
  <testcase name="testIfNull[219]" classname="ed22_ud12_Ejercicio2_GeneradorIP.GeneradorTest" time="0"/>
  <testcase name="testIfNull[220]" classname="ed22_ud12_Ejercicio2_GeneradorIP.GeneradorTest" time="0"/>
  <testcase name="testIfNull[221]" classname="ed22_ud12_Ejercicio2_GeneradorIP.GeneradorTest" time="0"/>
  <testcase name="testIfNull[222]" classname="ed22_ud12_Ejercicio2_GeneradorIP.GeneradorTest" time="0"/>
  <testcase name="testIfNull[223]" classname="ed22_ud12_Ejercicio2_GeneradorIP.GeneradorTest" time="0"/>
  <testcase name="testIfNull[224]" classname="ed22_ud12_Ejercicio2_GeneradorIP.GeneradorTest" time="0"/>
  <testcase name="testIfNull[225]" classname="ed22_ud12_Ejercicio2_GeneradorIP.GeneradorTest" time="0"/>
  <testcase name="testIfNull[226]" classname="ed22_ud12_Ejercicio2_GeneradorIP.GeneradorTest" time="0"/>
  <testcase name="testIfNull[227]" classname="ed22_ud12_Ejercicio2_GeneradorIP.GeneradorTest" time="0"/>
  <testcase name="testIfNull[228]" classname="ed22_ud12_Ejercicio2_GeneradorIP.GeneradorTest" time="0"/>
  <testcase name="testIfNull[229]" classname="ed22_ud12_Ejercicio2_GeneradorIP.GeneradorTest" time="0"/>
  <testcase name="testIfNull[230]" classname="ed22_ud12_Ejercicio2_GeneradorIP.GeneradorTest" time="0"/>
  <testcase name="testIfNull[231]" classname="ed22_ud12_Ejercicio2_GeneradorIP.GeneradorTest" time="0"/>
  <testcase name="testIfNull[232]" classname="ed22_ud12_Ejercicio2_GeneradorIP.GeneradorTest" time="0"/>
  <testcase name="testIfNull[233]" classname="ed22_ud12_Ejercicio2_GeneradorIP.GeneradorTest" time="0"/>
  <testcase name="testIfNull[234]" classname="ed22_ud12_Ejercicio2_GeneradorIP.GeneradorTest" time="0"/>
  <testcase name="testIfNull[235]" classname="ed22_ud12_Ejercicio2_GeneradorIP.GeneradorTest" time="0.011"/>
  <testcase name="testIfNull[236]" classname="ed22_ud12_Ejercicio2_GeneradorIP.GeneradorTest" time="0"/>
  <testcase name="testIfNull[237]" classname="ed22_ud12_Ejercicio2_GeneradorIP.GeneradorTest" time="0"/>
  <testcase name="testIfNull[238]" classname="ed22_ud12_Ejercicio2_GeneradorIP.GeneradorTest" time="0"/>
  <testcase name="testIfNull[239]" classname="ed22_ud12_Ejercicio2_GeneradorIP.GeneradorTest" time="0"/>
  <testcase name="testIfNull[240]" classname="ed22_ud12_Ejercicio2_GeneradorIP.GeneradorTest" time="0"/>
  <testcase name="testIfNull[241]" classname="ed22_ud12_Ejercicio2_GeneradorIP.GeneradorTest" time="0"/>
  <testcase name="testIfNull[242]" classname="ed22_ud12_Ejercicio2_GeneradorIP.GeneradorTest" time="0"/>
  <testcase name="testIfNull[243]" classname="ed22_ud12_Ejercicio2_GeneradorIP.GeneradorTest" time="0"/>
  <testcase name="testIfNull[244]" classname="ed22_ud12_Ejercicio2_GeneradorIP.GeneradorTest" time="0"/>
  <testcase name="testIfNull[245]" classname="ed22_ud12_Ejercicio2_GeneradorIP.GeneradorTest" time="0"/>
  <testcase name="testIfNull[246]" classname="ed22_ud12_Ejercicio2_GeneradorIP.GeneradorTest" time="0"/>
  <testcase name="testIfNull[247]" classname="ed22_ud12_Ejercicio2_GeneradorIP.GeneradorTest" time="0"/>
  <testcase name="testIfNull[248]" classname="ed22_ud12_Ejercicio2_GeneradorIP.GeneradorTest" time="0"/>
  <testcase name="testIfNull[249]" classname="ed22_ud12_Ejercicio2_GeneradorIP.GeneradorTest" time="0"/>
  <testcase name="testIfNull[250]" classname="ed22_ud12_Ejercicio2_GeneradorIP.GeneradorTest" time="0"/>
  <testcase name="testIfNull[251]" classname="ed22_ud12_Ejercicio2_GeneradorIP.GeneradorTest" time="0"/>
  <testcase name="testIfNull[252]" classname="ed22_ud12_Ejercicio2_GeneradorIP.GeneradorTest" time="0"/>
  <testcase name="testIfNull[253]" classname="ed22_ud12_Ejercicio2_GeneradorIP.GeneradorTest" time="0"/>
  <testcase name="testIfNull[254]" classname="ed22_ud12_Ejercicio2_GeneradorIP.GeneradorTest" time="0"/>
  <testcase name="testIfNull[255]" classname="ed22_ud12_Ejercicio2_GeneradorIP.GeneradorTest" time="0"/>
  <testcase name="testIfNull[256]" classname="ed22_ud12_Ejercicio2_GeneradorIP.GeneradorTest" time="0"/>
  <testcase name="testIfNull[257]" classname="ed22_ud12_Ejercicio2_GeneradorIP.GeneradorTest" time="0"/>
  <testcase name="testIfNull[258]" classname="ed22_ud12_Ejercicio2_GeneradorIP.GeneradorTest" time="0"/>
  <testcase name="testIfNull[259]" classname="ed22_ud12_Ejercicio2_GeneradorIP.GeneradorTest" time="0"/>
  <testcase name="testIfNull[260]" classname="ed22_ud12_Ejercicio2_GeneradorIP.GeneradorTest" time="0"/>
  <testcase name="testIfNull[261]" classname="ed22_ud12_Ejercicio2_GeneradorIP.GeneradorTest" time="0"/>
  <testcase name="testIfNull[262]" classname="ed22_ud12_Ejercicio2_GeneradorIP.GeneradorTest" time="0"/>
  <testcase name="testIfNull[263]" classname="ed22_ud12_Ejercicio2_GeneradorIP.GeneradorTest" time="0"/>
  <testcase name="testIfNull[264]" classname="ed22_ud12_Ejercicio2_GeneradorIP.GeneradorTest" time="0"/>
  <testcase name="testIfNull[265]" classname="ed22_ud12_Ejercicio2_GeneradorIP.GeneradorTest" time="0"/>
  <testcase name="testIfNull[266]" classname="ed22_ud12_Ejercicio2_GeneradorIP.GeneradorTest" time="0"/>
  <testcase name="testIfNull[267]" classname="ed22_ud12_Ejercicio2_GeneradorIP.GeneradorTest" time="0"/>
  <testcase name="testIfNull[268]" classname="ed22_ud12_Ejercicio2_GeneradorIP.GeneradorTest" time="0"/>
  <testcase name="testIfNull[269]" classname="ed22_ud12_Ejercicio2_GeneradorIP.GeneradorTest" time="0"/>
  <testcase name="testIfNull[270]" classname="ed22_ud12_Ejercicio2_GeneradorIP.GeneradorTest" time="0"/>
  <testcase name="testIfNull[271]" classname="ed22_ud12_Ejercicio2_GeneradorIP.GeneradorTest" time="0"/>
  <testcase name="testIfNull[272]" classname="ed22_ud12_Ejercicio2_GeneradorIP.GeneradorTest" time="0"/>
  <testcase name="testIfNull[273]" classname="ed22_ud12_Ejercicio2_GeneradorIP.GeneradorTest" time="0"/>
  <testcase name="testIfNull[274]" classname="ed22_ud12_Ejercicio2_GeneradorIP.GeneradorTest" time="0"/>
  <testcase name="testIfNull[275]" classname="ed22_ud12_Ejercicio2_GeneradorIP.GeneradorTest" time="0"/>
  <testcase name="testIfNull[276]" classname="ed22_ud12_Ejercicio2_GeneradorIP.GeneradorTest" time="0"/>
  <testcase name="testIfNull[277]" classname="ed22_ud12_Ejercicio2_GeneradorIP.GeneradorTest" time="0"/>
  <testcase name="testIfNull[278]" classname="ed22_ud12_Ejercicio2_GeneradorIP.GeneradorTest" time="0"/>
  <testcase name="testIfNull[279]" classname="ed22_ud12_Ejercicio2_GeneradorIP.GeneradorTest" time="0"/>
  <testcase name="testIfNull[280]" classname="ed22_ud12_Ejercicio2_GeneradorIP.GeneradorTest" time="0"/>
  <testcase name="testIfNull[281]" classname="ed22_ud12_Ejercicio2_GeneradorIP.GeneradorTest" time="0"/>
  <testcase name="testIfNull[282]" classname="ed22_ud12_Ejercicio2_GeneradorIP.GeneradorTest" time="0"/>
  <testcase name="testIfNull[283]" classname="ed22_ud12_Ejercicio2_GeneradorIP.GeneradorTest" time="0"/>
  <testcase name="testIfNull[284]" classname="ed22_ud12_Ejercicio2_GeneradorIP.GeneradorTest" time="0"/>
  <testcase name="testIfNull[285]" classname="ed22_ud12_Ejercicio2_GeneradorIP.GeneradorTest" time="0"/>
  <testcase name="testIfNull[286]" classname="ed22_ud12_Ejercicio2_GeneradorIP.GeneradorTest" time="0"/>
  <testcase name="testIfNull[287]" classname="ed22_ud12_Ejercicio2_GeneradorIP.GeneradorTest" time="0"/>
  <testcase name="testIfNull[288]" classname="ed22_ud12_Ejercicio2_GeneradorIP.GeneradorTest" time="0"/>
  <testcase name="testIfNull[289]" classname="ed22_ud12_Ejercicio2_GeneradorIP.GeneradorTest" time="0"/>
  <testcase name="testIfNull[290]" classname="ed22_ud12_Ejercicio2_GeneradorIP.GeneradorTest" time="0"/>
  <testcase name="testIfNull[291]" classname="ed22_ud12_Ejercicio2_GeneradorIP.GeneradorTest" time="0"/>
  <testcase name="testIfNull[292]" classname="ed22_ud12_Ejercicio2_GeneradorIP.GeneradorTest" time="0"/>
  <testcase name="testIfNull[293]" classname="ed22_ud12_Ejercicio2_GeneradorIP.GeneradorTest" time="0"/>
  <testcase name="testIfNull[294]" classname="ed22_ud12_Ejercicio2_GeneradorIP.GeneradorTest" time="0"/>
  <testcase name="testIfNull[295]" classname="ed22_ud12_Ejercicio2_GeneradorIP.GeneradorTest" time="0"/>
  <testcase name="testIfNull[296]" classname="ed22_ud12_Ejercicio2_GeneradorIP.GeneradorTest" time="0"/>
  <testcase name="testIfNull[297]" classname="ed22_ud12_Ejercicio2_GeneradorIP.GeneradorTest" time="0"/>
  <testcase name="testIfNull[298]" classname="ed22_ud12_Ejercicio2_GeneradorIP.GeneradorTest" time="0"/>
  <testcase name="testIfNull[299]" classname="ed22_ud12_Ejercicio2_GeneradorIP.GeneradorTest" time="0"/>
  <testcase name="testIfNull[300]" classname="ed22_ud12_Ejercicio2_GeneradorIP.GeneradorTest" time="0"/>
  <testcase name="testIfNull[301]" classname="ed22_ud12_Ejercicio2_GeneradorIP.GeneradorTest" time="0"/>
  <testcase name="testIfNull[302]" classname="ed22_ud12_Ejercicio2_GeneradorIP.GeneradorTest" time="0"/>
  <testcase name="testIfNull[303]" classname="ed22_ud12_Ejercicio2_GeneradorIP.GeneradorTest" time="0"/>
  <testcase name="testIfNull[304]" classname="ed22_ud12_Ejercicio2_GeneradorIP.GeneradorTest" time="0"/>
  <testcase name="testIfNull[305]" classname="ed22_ud12_Ejercicio2_GeneradorIP.GeneradorTest" time="0"/>
  <testcase name="testIfNull[306]" classname="ed22_ud12_Ejercicio2_GeneradorIP.GeneradorTest" time="0"/>
  <testcase name="testIfNull[307]" classname="ed22_ud12_Ejercicio2_GeneradorIP.GeneradorTest" time="0"/>
  <testcase name="testIfNull[308]" classname="ed22_ud12_Ejercicio2_GeneradorIP.GeneradorTest" time="0"/>
  <testcase name="testIfNull[309]" classname="ed22_ud12_Ejercicio2_GeneradorIP.GeneradorTest" time="0"/>
  <testcase name="testIfNull[310]" classname="ed22_ud12_Ejercicio2_GeneradorIP.GeneradorTest" time="0"/>
  <testcase name="testIfNull[311]" classname="ed22_ud12_Ejercicio2_GeneradorIP.GeneradorTest" time="0"/>
  <testcase name="testIfNull[312]" classname="ed22_ud12_Ejercicio2_GeneradorIP.GeneradorTest" time="0"/>
  <testcase name="testIfNull[313]" classname="ed22_ud12_Ejercicio2_GeneradorIP.GeneradorTest" time="0"/>
  <testcase name="testIfNull[314]" classname="ed22_ud12_Ejercicio2_GeneradorIP.GeneradorTest" time="0"/>
  <testcase name="testIfNull[315]" classname="ed22_ud12_Ejercicio2_GeneradorIP.GeneradorTest" time="0"/>
  <testcase name="testIfNull[316]" classname="ed22_ud12_Ejercicio2_GeneradorIP.GeneradorTest" time="0"/>
  <testcase name="testIfNull[317]" classname="ed22_ud12_Ejercicio2_GeneradorIP.GeneradorTest" time="0"/>
  <testcase name="testIfNull[318]" classname="ed22_ud12_Ejercicio2_GeneradorIP.GeneradorTest" time="0"/>
  <testcase name="testIfNull[319]" classname="ed22_ud12_Ejercicio2_GeneradorIP.GeneradorTest" time="0"/>
  <testcase name="testIfNull[320]" classname="ed22_ud12_Ejercicio2_GeneradorIP.GeneradorTest" time="0"/>
  <testcase name="testIfNull[321]" classname="ed22_ud12_Ejercicio2_GeneradorIP.GeneradorTest" time="0"/>
  <testcase name="testIfNull[322]" classname="ed22_ud12_Ejercicio2_GeneradorIP.GeneradorTest" time="0"/>
  <testcase name="testIfNull[323]" classname="ed22_ud12_Ejercicio2_GeneradorIP.GeneradorTest" time="0"/>
  <testcase name="testIfNull[324]" classname="ed22_ud12_Ejercicio2_GeneradorIP.GeneradorTest" time="0"/>
  <testcase name="testIfNull[325]" classname="ed22_ud12_Ejercicio2_GeneradorIP.GeneradorTest" time="0"/>
  <testcase name="testIfNull[326]" classname="ed22_ud12_Ejercicio2_GeneradorIP.GeneradorTest" time="0"/>
  <testcase name="testIfNull[327]" classname="ed22_ud12_Ejercicio2_GeneradorIP.GeneradorTest" time="0"/>
  <testcase name="testIfNull[328]" classname="ed22_ud12_Ejercicio2_GeneradorIP.GeneradorTest" time="0"/>
  <testcase name="testIfNull[329]" classname="ed22_ud12_Ejercicio2_GeneradorIP.GeneradorTest" time="0"/>
  <testcase name="testIfNull[330]" classname="ed22_ud12_Ejercicio2_GeneradorIP.GeneradorTest" time="0"/>
  <testcase name="testIfNull[331]" classname="ed22_ud12_Ejercicio2_GeneradorIP.GeneradorTest" time="0"/>
  <testcase name="testIfNull[332]" classname="ed22_ud12_Ejercicio2_GeneradorIP.GeneradorTest" time="0"/>
  <testcase name="testIfNull[333]" classname="ed22_ud12_Ejercicio2_GeneradorIP.GeneradorTest" time="0"/>
  <testcase name="testIfNull[334]" classname="ed22_ud12_Ejercicio2_GeneradorIP.GeneradorTest" time="0"/>
  <testcase name="testIfNull[335]" classname="ed22_ud12_Ejercicio2_GeneradorIP.GeneradorTest" time="0"/>
  <testcase name="testIfNull[336]" classname="ed22_ud12_Ejercicio2_GeneradorIP.GeneradorTest" time="0"/>
  <testcase name="testIfNull[337]" classname="ed22_ud12_Ejercicio2_GeneradorIP.GeneradorTest" time="0"/>
  <testcase name="testIfNull[338]" classname="ed22_ud12_Ejercicio2_GeneradorIP.GeneradorTest" time="0"/>
  <testcase name="testIfNull[339]" classname="ed22_ud12_Ejercicio2_GeneradorIP.GeneradorTest" time="0"/>
  <testcase name="testIfNull[340]" classname="ed22_ud12_Ejercicio2_GeneradorIP.GeneradorTest" time="0"/>
  <testcase name="testIfNull[341]" classname="ed22_ud12_Ejercicio2_GeneradorIP.GeneradorTest" time="0"/>
  <testcase name="testIfNull[342]" classname="ed22_ud12_Ejercicio2_GeneradorIP.GeneradorTest" time="0"/>
  <testcase name="testIfNull[343]" classname="ed22_ud12_Ejercicio2_GeneradorIP.GeneradorTest" time="0"/>
  <testcase name="testIfNull[344]" classname="ed22_ud12_Ejercicio2_GeneradorIP.GeneradorTest" time="0"/>
  <testcase name="testIfNull[345]" classname="ed22_ud12_Ejercicio2_GeneradorIP.GeneradorTest" time="0"/>
  <testcase name="testIfNull[346]" classname="ed22_ud12_Ejercicio2_GeneradorIP.GeneradorTest" time="0"/>
  <testcase name="testIfNull[347]" classname="ed22_ud12_Ejercicio2_GeneradorIP.GeneradorTest" time="0"/>
  <testcase name="testIfNull[348]" classname="ed22_ud12_Ejercicio2_GeneradorIP.GeneradorTest" time="0"/>
  <testcase name="testIfNull[349]" classname="ed22_ud12_Ejercicio2_GeneradorIP.GeneradorTest" time="0"/>
  <testcase name="testIfNull[350]" classname="ed22_ud12_Ejercicio2_GeneradorIP.GeneradorTest" time="0"/>
  <testcase name="testIfNull[351]" classname="ed22_ud12_Ejercicio2_GeneradorIP.GeneradorTest" time="0"/>
  <testcase name="testIfNull[352]" classname="ed22_ud12_Ejercicio2_GeneradorIP.GeneradorTest" time="0"/>
  <testcase name="testIfNull[353]" classname="ed22_ud12_Ejercicio2_GeneradorIP.GeneradorTest" time="0"/>
  <testcase name="testIfNull[354]" classname="ed22_ud12_Ejercicio2_GeneradorIP.GeneradorTest" time="0"/>
  <testcase name="testIfNull[355]" classname="ed22_ud12_Ejercicio2_GeneradorIP.GeneradorTest" time="0"/>
  <testcase name="testIfNull[356]" classname="ed22_ud12_Ejercicio2_GeneradorIP.GeneradorTest" time="0"/>
  <testcase name="testIfNull[357]" classname="ed22_ud12_Ejercicio2_GeneradorIP.GeneradorTest" time="0"/>
  <testcase name="testIfNull[358]" classname="ed22_ud12_Ejercicio2_GeneradorIP.GeneradorTest" time="0"/>
  <testcase name="testIfNull[359]" classname="ed22_ud12_Ejercicio2_GeneradorIP.GeneradorTest" time="0"/>
  <testcase name="testIfNull[360]" classname="ed22_ud12_Ejercicio2_GeneradorIP.GeneradorTest" time="0"/>
  <testcase name="testIfNull[361]" classname="ed22_ud12_Ejercicio2_GeneradorIP.GeneradorTest" time="0"/>
  <testcase name="testIfNull[362]" classname="ed22_ud12_Ejercicio2_GeneradorIP.GeneradorTest" time="0"/>
  <testcase name="testIfNull[363]" classname="ed22_ud12_Ejercicio2_GeneradorIP.GeneradorTest" time="0"/>
  <testcase name="testIfNull[364]" classname="ed22_ud12_Ejercicio2_GeneradorIP.GeneradorTest" time="0"/>
  <testcase name="testIfNull[365]" classname="ed22_ud12_Ejercicio2_GeneradorIP.GeneradorTest" time="0"/>
  <testcase name="testIfNull[366]" classname="ed22_ud12_Ejercicio2_GeneradorIP.GeneradorTest" time="0"/>
  <testcase name="testIfNull[367]" classname="ed22_ud12_Ejercicio2_GeneradorIP.GeneradorTest" time="0"/>
  <testcase name="testIfNull[368]" classname="ed22_ud12_Ejercicio2_GeneradorIP.GeneradorTest" time="0"/>
  <testcase name="testIfNull[369]" classname="ed22_ud12_Ejercicio2_GeneradorIP.GeneradorTest" time="0"/>
  <testcase name="testIfNull[370]" classname="ed22_ud12_Ejercicio2_GeneradorIP.GeneradorTest" time="0"/>
  <testcase name="testIfNull[371]" classname="ed22_ud12_Ejercicio2_GeneradorIP.GeneradorTest" time="0"/>
  <testcase name="testIfNull[372]" classname="ed22_ud12_Ejercicio2_GeneradorIP.GeneradorTest" time="0"/>
  <testcase name="testIfNull[373]" classname="ed22_ud12_Ejercicio2_GeneradorIP.GeneradorTest" time="0"/>
  <testcase name="testIfNull[374]" classname="ed22_ud12_Ejercicio2_GeneradorIP.GeneradorTest" time="0"/>
  <testcase name="testIfNull[375]" classname="ed22_ud12_Ejercicio2_GeneradorIP.GeneradorTest" time="0"/>
  <testcase name="testIfNull[376]" classname="ed22_ud12_Ejercicio2_GeneradorIP.GeneradorTest" time="0"/>
  <testcase name="testIfNull[377]" classname="ed22_ud12_Ejercicio2_GeneradorIP.GeneradorTest" time="0"/>
  <testcase name="testIfNull[378]" classname="ed22_ud12_Ejercicio2_GeneradorIP.GeneradorTest" time="0"/>
  <testcase name="testIfNull[379]" classname="ed22_ud12_Ejercicio2_GeneradorIP.GeneradorTest" time="0"/>
  <testcase name="testIfNull[380]" classname="ed22_ud12_Ejercicio2_GeneradorIP.GeneradorTest" time="0"/>
  <testcase name="testIfNull[381]" classname="ed22_ud12_Ejercicio2_GeneradorIP.GeneradorTest" time="0"/>
  <testcase name="testIfNull[382]" classname="ed22_ud12_Ejercicio2_GeneradorIP.GeneradorTest" time="0"/>
  <testcase name="testIfNull[383]" classname="ed22_ud12_Ejercicio2_GeneradorIP.GeneradorTest" time="0"/>
  <testcase name="testIfNull[384]" classname="ed22_ud12_Ejercicio2_GeneradorIP.GeneradorTest" time="0"/>
  <testcase name="testIfNull[385]" classname="ed22_ud12_Ejercicio2_GeneradorIP.GeneradorTest" time="0"/>
  <testcase name="testIfNull[386]" classname="ed22_ud12_Ejercicio2_GeneradorIP.GeneradorTest" time="0"/>
  <testcase name="testIfNull[387]" classname="ed22_ud12_Ejercicio2_GeneradorIP.GeneradorTest" time="0"/>
  <testcase name="testIfNull[388]" classname="ed22_ud12_Ejercicio2_GeneradorIP.GeneradorTest" time="0"/>
  <testcase name="testIfNull[389]" classname="ed22_ud12_Ejercicio2_GeneradorIP.GeneradorTest" time="0"/>
  <testcase name="testIfNull[390]" classname="ed22_ud12_Ejercicio2_GeneradorIP.GeneradorTest" time="0"/>
  <testcase name="testIfNull[391]" classname="ed22_ud12_Ejercicio2_GeneradorIP.GeneradorTest" time="0"/>
  <testcase name="testIfNull[392]" classname="ed22_ud12_Ejercicio2_GeneradorIP.GeneradorTest" time="0"/>
  <testcase name="testIfNull[393]" classname="ed22_ud12_Ejercicio2_GeneradorIP.GeneradorTest" time="0"/>
  <testcase name="testIfNull[394]" classname="ed22_ud12_Ejercicio2_GeneradorIP.GeneradorTest" time="0"/>
  <testcase name="testIfNull[395]" classname="ed22_ud12_Ejercicio2_GeneradorIP.GeneradorTest" time="0"/>
  <testcase name="testIfNull[396]" classname="ed22_ud12_Ejercicio2_GeneradorIP.GeneradorTest" time="0"/>
  <testcase name="testIfNull[397]" classname="ed22_ud12_Ejercicio2_GeneradorIP.GeneradorTest" time="0"/>
  <testcase name="testIfNull[398]" classname="ed22_ud12_Ejercicio2_GeneradorIP.GeneradorTest" time="0"/>
  <testcase name="testIfNull[399]" classname="ed22_ud12_Ejercicio2_GeneradorIP.GeneradorTest" time="0"/>
  <testcase name="testIfNull[400]" classname="ed22_ud12_Ejercicio2_GeneradorIP.GeneradorTest" time="0"/>
  <testcase name="testIfNull[401]" classname="ed22_ud12_Ejercicio2_GeneradorIP.GeneradorTest" time="0"/>
  <testcase name="testIfNull[402]" classname="ed22_ud12_Ejercicio2_GeneradorIP.GeneradorTest" time="0"/>
  <testcase name="testIfNull[403]" classname="ed22_ud12_Ejercicio2_GeneradorIP.GeneradorTest" time="0"/>
  <testcase name="testIfNull[404]" classname="ed22_ud12_Ejercicio2_GeneradorIP.GeneradorTest" time="0"/>
  <testcase name="testIfNull[405]" classname="ed22_ud12_Ejercicio2_GeneradorIP.GeneradorTest" time="0"/>
  <testcase name="testIfNull[406]" classname="ed22_ud12_Ejercicio2_GeneradorIP.GeneradorTest" time="0"/>
  <testcase name="testIfNull[407]" classname="ed22_ud12_Ejercicio2_GeneradorIP.GeneradorTest" time="0"/>
  <testcase name="testIfNull[408]" classname="ed22_ud12_Ejercicio2_GeneradorIP.GeneradorTest" time="0"/>
  <testcase name="testIfNull[409]" classname="ed22_ud12_Ejercicio2_GeneradorIP.GeneradorTest" time="0"/>
  <testcase name="testIfNull[410]" classname="ed22_ud12_Ejercicio2_GeneradorIP.GeneradorTest" time="0"/>
  <testcase name="testIfNull[411]" classname="ed22_ud12_Ejercicio2_GeneradorIP.GeneradorTest" time="0"/>
  <testcase name="testIfNull[412]" classname="ed22_ud12_Ejercicio2_GeneradorIP.GeneradorTest" time="0"/>
  <testcase name="testIfNull[413]" classname="ed22_ud12_Ejercicio2_GeneradorIP.GeneradorTest" time="0"/>
  <testcase name="testIfNull[414]" classname="ed22_ud12_Ejercicio2_GeneradorIP.GeneradorTest" time="0"/>
  <testcase name="testIfNull[415]" classname="ed22_ud12_Ejercicio2_GeneradorIP.GeneradorTest" time="0"/>
  <testcase name="testIfNull[416]" classname="ed22_ud12_Ejercicio2_GeneradorIP.GeneradorTest" time="0"/>
  <testcase name="testIfNull[417]" classname="ed22_ud12_Ejercicio2_GeneradorIP.GeneradorTest" time="0"/>
  <testcase name="testIfNull[418]" classname="ed22_ud12_Ejercicio2_GeneradorIP.GeneradorTest" time="0"/>
  <testcase name="testIfNull[419]" classname="ed22_ud12_Ejercicio2_GeneradorIP.GeneradorTest" time="0"/>
  <testcase name="testIfNull[420]" classname="ed22_ud12_Ejercicio2_GeneradorIP.GeneradorTest" time="0"/>
  <testcase name="testIfNull[421]" classname="ed22_ud12_Ejercicio2_GeneradorIP.GeneradorTest" time="0"/>
  <testcase name="testIfNull[422]" classname="ed22_ud12_Ejercicio2_GeneradorIP.GeneradorTest" time="0"/>
  <testcase name="testIfNull[423]" classname="ed22_ud12_Ejercicio2_GeneradorIP.GeneradorTest" time="0"/>
  <testcase name="testIfNull[424]" classname="ed22_ud12_Ejercicio2_GeneradorIP.GeneradorTest" time="0"/>
  <testcase name="testIfNull[425]" classname="ed22_ud12_Ejercicio2_GeneradorIP.GeneradorTest" time="0"/>
  <testcase name="testIfNull[426]" classname="ed22_ud12_Ejercicio2_GeneradorIP.GeneradorTest" time="0"/>
  <testcase name="testIfNull[427]" classname="ed22_ud12_Ejercicio2_GeneradorIP.GeneradorTest" time="0"/>
  <testcase name="testIfNull[428]" classname="ed22_ud12_Ejercicio2_GeneradorIP.GeneradorTest" time="0"/>
  <testcase name="testIfNull[429]" classname="ed22_ud12_Ejercicio2_GeneradorIP.GeneradorTest" time="0"/>
  <testcase name="testIfNull[430]" classname="ed22_ud12_Ejercicio2_GeneradorIP.GeneradorTest" time="0"/>
  <testcase name="testIfNull[431]" classname="ed22_ud12_Ejercicio2_GeneradorIP.GeneradorTest" time="0"/>
  <testcase name="testIfNull[432]" classname="ed22_ud12_Ejercicio2_GeneradorIP.GeneradorTest" time="0"/>
  <testcase name="testIfNull[433]" classname="ed22_ud12_Ejercicio2_GeneradorIP.GeneradorTest" time="0"/>
  <testcase name="testIfNull[434]" classname="ed22_ud12_Ejercicio2_GeneradorIP.GeneradorTest" time="0"/>
  <testcase name="testIfNull[435]" classname="ed22_ud12_Ejercicio2_GeneradorIP.GeneradorTest" time="0"/>
  <testcase name="testIfNull[436]" classname="ed22_ud12_Ejercicio2_GeneradorIP.GeneradorTest" time="0"/>
  <testcase name="testIfNull[437]" classname="ed22_ud12_Ejercicio2_GeneradorIP.GeneradorTest" time="0"/>
  <testcase name="testIfNull[438]" classname="ed22_ud12_Ejercicio2_GeneradorIP.GeneradorTest" time="0"/>
  <testcase name="testIfNull[439]" classname="ed22_ud12_Ejercicio2_GeneradorIP.GeneradorTest" time="0"/>
  <testcase name="testIfNull[440]" classname="ed22_ud12_Ejercicio2_GeneradorIP.GeneradorTest" time="0"/>
  <testcase name="testIfNull[441]" classname="ed22_ud12_Ejercicio2_GeneradorIP.GeneradorTest" time="0"/>
  <testcase name="testIfNull[442]" classname="ed22_ud12_Ejercicio2_GeneradorIP.GeneradorTest" time="0"/>
  <testcase name="testIfNull[443]" classname="ed22_ud12_Ejercicio2_GeneradorIP.GeneradorTest" time="0"/>
  <testcase name="testIfNull[444]" classname="ed22_ud12_Ejercicio2_GeneradorIP.GeneradorTest" time="0"/>
  <testcase name="testIfNull[445]" classname="ed22_ud12_Ejercicio2_GeneradorIP.GeneradorTest" time="0"/>
  <testcase name="testIfNull[446]" classname="ed22_ud12_Ejercicio2_GeneradorIP.GeneradorTest" time="0"/>
  <testcase name="testIfNull[447]" classname="ed22_ud12_Ejercicio2_GeneradorIP.GeneradorTest" time="0"/>
  <testcase name="testIfNull[448]" classname="ed22_ud12_Ejercicio2_GeneradorIP.GeneradorTest" time="0"/>
  <testcase name="testIfNull[449]" classname="ed22_ud12_Ejercicio2_GeneradorIP.GeneradorTest" time="0"/>
  <testcase name="testIfNull[450]" classname="ed22_ud12_Ejercicio2_GeneradorIP.GeneradorTest" time="0"/>
  <testcase name="testIfNull[451]" classname="ed22_ud12_Ejercicio2_GeneradorIP.GeneradorTest" time="0"/>
  <testcase name="testIfNull[452]" classname="ed22_ud12_Ejercicio2_GeneradorIP.GeneradorTest" time="0"/>
  <testcase name="testIfNull[453]" classname="ed22_ud12_Ejercicio2_GeneradorIP.GeneradorTest" time="0"/>
  <testcase name="testIfNull[454]" classname="ed22_ud12_Ejercicio2_GeneradorIP.GeneradorTest" time="0"/>
  <testcase name="testIfNull[455]" classname="ed22_ud12_Ejercicio2_GeneradorIP.GeneradorTest" time="0"/>
  <testcase name="testIfNull[456]" classname="ed22_ud12_Ejercicio2_GeneradorIP.GeneradorTest" time="0"/>
  <testcase name="testIfNull[457]" classname="ed22_ud12_Ejercicio2_GeneradorIP.GeneradorTest" time="0"/>
  <testcase name="testIfNull[458]" classname="ed22_ud12_Ejercicio2_GeneradorIP.GeneradorTest" time="0"/>
  <testcase name="testIfNull[459]" classname="ed22_ud12_Ejercicio2_GeneradorIP.GeneradorTest" time="0"/>
  <testcase name="testIfNull[460]" classname="ed22_ud12_Ejercicio2_GeneradorIP.GeneradorTest" time="0"/>
  <testcase name="testIfNull[461]" classname="ed22_ud12_Ejercicio2_GeneradorIP.GeneradorTest" time="0"/>
  <testcase name="testIfNull[462]" classname="ed22_ud12_Ejercicio2_GeneradorIP.GeneradorTest" time="0"/>
  <testcase name="testIfNull[463]" classname="ed22_ud12_Ejercicio2_GeneradorIP.GeneradorTest" time="0"/>
  <testcase name="testIfNull[464]" classname="ed22_ud12_Ejercicio2_GeneradorIP.GeneradorTest" time="0"/>
  <testcase name="testIfNull[465]" classname="ed22_ud12_Ejercicio2_GeneradorIP.GeneradorTest" time="0"/>
  <testcase name="testIfNull[466]" classname="ed22_ud12_Ejercicio2_GeneradorIP.GeneradorTest" time="0"/>
  <testcase name="testIfNull[467]" classname="ed22_ud12_Ejercicio2_GeneradorIP.GeneradorTest" time="0"/>
  <testcase name="testIfNull[468]" classname="ed22_ud12_Ejercicio2_GeneradorIP.GeneradorTest" time="0"/>
  <testcase name="testIfNull[469]" classname="ed22_ud12_Ejercicio2_GeneradorIP.GeneradorTest" time="0"/>
  <testcase name="testIfNull[470]" classname="ed22_ud12_Ejercicio2_GeneradorIP.GeneradorTest" time="0"/>
  <testcase name="testIfNull[471]" classname="ed22_ud12_Ejercicio2_GeneradorIP.GeneradorTest" time="0"/>
  <testcase name="testIfNull[472]" classname="ed22_ud12_Ejercicio2_GeneradorIP.GeneradorTest" time="0"/>
  <testcase name="testIfNull[473]" classname="ed22_ud12_Ejercicio2_GeneradorIP.GeneradorTest" time="0"/>
  <testcase name="testIfNull[474]" classname="ed22_ud12_Ejercicio2_GeneradorIP.GeneradorTest" time="0"/>
  <testcase name="testIfNull[475]" classname="ed22_ud12_Ejercicio2_GeneradorIP.GeneradorTest" time="0"/>
  <testcase name="testIfNull[476]" classname="ed22_ud12_Ejercicio2_GeneradorIP.GeneradorTest" time="0"/>
  <testcase name="testIfNull[477]" classname="ed22_ud12_Ejercicio2_GeneradorIP.GeneradorTest" time="0"/>
  <testcase name="testIfNull[478]" classname="ed22_ud12_Ejercicio2_GeneradorIP.GeneradorTest" time="0"/>
  <testcase name="testIfNull[479]" classname="ed22_ud12_Ejercicio2_GeneradorIP.GeneradorTest" time="0"/>
  <testcase name="testIfNull[480]" classname="ed22_ud12_Ejercicio2_GeneradorIP.GeneradorTest" time="0"/>
  <testcase name="testIfNull[481]" classname="ed22_ud12_Ejercicio2_GeneradorIP.GeneradorTest" time="0"/>
  <testcase name="testIfNull[482]" classname="ed22_ud12_Ejercicio2_GeneradorIP.GeneradorTest" time="0"/>
  <testcase name="testIfNull[483]" classname="ed22_ud12_Ejercicio2_GeneradorIP.GeneradorTest" time="0"/>
  <testcase name="testIfNull[484]" classname="ed22_ud12_Ejercicio2_GeneradorIP.GeneradorTest" time="0"/>
  <testcase name="testIfNull[485]" classname="ed22_ud12_Ejercicio2_GeneradorIP.GeneradorTest" time="0"/>
  <testcase name="testIfNull[486]" classname="ed22_ud12_Ejercicio2_GeneradorIP.GeneradorTest" time="0"/>
  <testcase name="testIfNull[487]" classname="ed22_ud12_Ejercicio2_GeneradorIP.GeneradorTest" time="0"/>
  <testcase name="testIfNull[488]" classname="ed22_ud12_Ejercicio2_GeneradorIP.GeneradorTest" time="0"/>
  <testcase name="testIfNull[489]" classname="ed22_ud12_Ejercicio2_GeneradorIP.GeneradorTest" time="0"/>
  <testcase name="testIfNull[490]" classname="ed22_ud12_Ejercicio2_GeneradorIP.GeneradorTest" time="0"/>
  <testcase name="testIfNull[491]" classname="ed22_ud12_Ejercicio2_GeneradorIP.GeneradorTest" time="0"/>
  <testcase name="testIfNull[492]" classname="ed22_ud12_Ejercicio2_GeneradorIP.GeneradorTest" time="0"/>
  <testcase name="testIfNull[493]" classname="ed22_ud12_Ejercicio2_GeneradorIP.GeneradorTest" time="0"/>
  <testcase name="testIfNull[494]" classname="ed22_ud12_Ejercicio2_GeneradorIP.GeneradorTest" time="0"/>
  <testcase name="testIfNull[495]" classname="ed22_ud12_Ejercicio2_GeneradorIP.GeneradorTest" time="0"/>
  <testcase name="testIfNull[496]" classname="ed22_ud12_Ejercicio2_GeneradorIP.GeneradorTest" time="0"/>
  <testcase name="testIfNull[497]" classname="ed22_ud12_Ejercicio2_GeneradorIP.GeneradorTest" time="0"/>
  <testcase name="testIfNull[498]" classname="ed22_ud12_Ejercicio2_GeneradorIP.GeneradorTest" time="0"/>
  <testcase name="testIfNull[499]" classname="ed22_ud12_Ejercicio2_GeneradorIP.GeneradorTest" time="0"/>
  <testcase name="testIfNull[500]" classname="ed22_ud12_Ejercicio2_GeneradorIP.GeneradorTest" time="0"/>
  <testcase name="testIfNull[501]" classname="ed22_ud12_Ejercicio2_GeneradorIP.GeneradorTest" time="0"/>
  <testcase name="testIfNull[502]" classname="ed22_ud12_Ejercicio2_GeneradorIP.GeneradorTest" time="0"/>
  <testcase name="testIfNull[503]" classname="ed22_ud12_Ejercicio2_GeneradorIP.GeneradorTest" time="0"/>
  <testcase name="testIfNull[504]" classname="ed22_ud12_Ejercicio2_GeneradorIP.GeneradorTest" time="0"/>
  <testcase name="testIfNull[505]" classname="ed22_ud12_Ejercicio2_GeneradorIP.GeneradorTest" time="0"/>
  <testcase name="testIfNull[506]" classname="ed22_ud12_Ejercicio2_GeneradorIP.GeneradorTest" time="0"/>
  <testcase name="testIfNull[507]" classname="ed22_ud12_Ejercicio2_GeneradorIP.GeneradorTest" time="0"/>
  <testcase name="testIfNull[508]" classname="ed22_ud12_Ejercicio2_GeneradorIP.GeneradorTest" time="0"/>
  <testcase name="testIfNull[509]" classname="ed22_ud12_Ejercicio2_GeneradorIP.GeneradorTest" time="0"/>
  <testcase name="testIfNull[510]" classname="ed22_ud12_Ejercicio2_GeneradorIP.GeneradorTest" time="0"/>
  <testcase name="testIfNull[511]" classname="ed22_ud12_Ejercicio2_GeneradorIP.GeneradorTest" time="0"/>
  <testcase name="testIfNull[512]" classname="ed22_ud12_Ejercicio2_GeneradorIP.GeneradorTest" time="0"/>
  <testcase name="testIfNull[513]" classname="ed22_ud12_Ejercicio2_GeneradorIP.GeneradorTest" time="0"/>
  <testcase name="testIfNull[514]" classname="ed22_ud12_Ejercicio2_GeneradorIP.GeneradorTest" time="0"/>
  <testcase name="testIfNull[515]" classname="ed22_ud12_Ejercicio2_GeneradorIP.GeneradorTest" time="0"/>
  <testcase name="testIfNull[516]" classname="ed22_ud12_Ejercicio2_GeneradorIP.GeneradorTest" time="0"/>
  <testcase name="testIfNull[517]" classname="ed22_ud12_Ejercicio2_GeneradorIP.GeneradorTest" time="0"/>
  <testcase name="testIfNull[518]" classname="ed22_ud12_Ejercicio2_GeneradorIP.GeneradorTest" time="0"/>
  <testcase name="testIfNull[519]" classname="ed22_ud12_Ejercicio2_GeneradorIP.GeneradorTest" time="0"/>
  <testcase name="testIfNull[520]" classname="ed22_ud12_Ejercicio2_GeneradorIP.GeneradorTest" time="0"/>
  <testcase name="testIfNull[521]" classname="ed22_ud12_Ejercicio2_GeneradorIP.GeneradorTest" time="0"/>
  <testcase name="testIfNull[522]" classname="ed22_ud12_Ejercicio2_GeneradorIP.GeneradorTest" time="0"/>
  <testcase name="testIfNull[523]" classname="ed22_ud12_Ejercicio2_GeneradorIP.GeneradorTest" time="0"/>
  <testcase name="testIfNull[524]" classname="ed22_ud12_Ejercicio2_GeneradorIP.GeneradorTest" time="0"/>
  <testcase name="testIfNull[525]" classname="ed22_ud12_Ejercicio2_GeneradorIP.GeneradorTest" time="0"/>
  <testcase name="testIfNull[526]" classname="ed22_ud12_Ejercicio2_GeneradorIP.GeneradorTest" time="0"/>
  <testcase name="testIfNull[527]" classname="ed22_ud12_Ejercicio2_GeneradorIP.GeneradorTest" time="0"/>
  <testcase name="testIfNull[528]" classname="ed22_ud12_Ejercicio2_GeneradorIP.GeneradorTest" time="0"/>
  <testcase name="testIfNull[529]" classname="ed22_ud12_Ejercicio2_GeneradorIP.GeneradorTest" time="0"/>
  <testcase name="testIfNull[530]" classname="ed22_ud12_Ejercicio2_GeneradorIP.GeneradorTest" time="0"/>
  <testcase name="testIfNull[531]" classname="ed22_ud12_Ejercicio2_GeneradorIP.GeneradorTest" time="0"/>
  <testcase name="testIfNull[532]" classname="ed22_ud12_Ejercicio2_GeneradorIP.GeneradorTest" time="0"/>
  <testcase name="testIfNull[533]" classname="ed22_ud12_Ejercicio2_GeneradorIP.GeneradorTest" time="0"/>
  <testcase name="testIfNull[534]" classname="ed22_ud12_Ejercicio2_GeneradorIP.GeneradorTest" time="0"/>
  <testcase name="testIfNull[535]" classname="ed22_ud12_Ejercicio2_GeneradorIP.GeneradorTest" time="0"/>
  <testcase name="testIfNull[536]" classname="ed22_ud12_Ejercicio2_GeneradorIP.GeneradorTest" time="0.001"/>
  <testcase name="testIfNull[537]" classname="ed22_ud12_Ejercicio2_GeneradorIP.GeneradorTest" time="0"/>
  <testcase name="testIfNull[538]" classname="ed22_ud12_Ejercicio2_GeneradorIP.GeneradorTest" time="0"/>
  <testcase name="testIfNull[539]" classname="ed22_ud12_Ejercicio2_GeneradorIP.GeneradorTest" time="0"/>
  <testcase name="testIfNull[540]" classname="ed22_ud12_Ejercicio2_GeneradorIP.GeneradorTest" time="0"/>
  <testcase name="testIfNull[541]" classname="ed22_ud12_Ejercicio2_GeneradorIP.GeneradorTest" time="0"/>
  <testcase name="testIfNull[542]" classname="ed22_ud12_Ejercicio2_GeneradorIP.GeneradorTest" time="0"/>
  <testcase name="testIfNull[543]" classname="ed22_ud12_Ejercicio2_GeneradorIP.GeneradorTest" time="0"/>
  <testcase name="testIfNull[544]" classname="ed22_ud12_Ejercicio2_GeneradorIP.GeneradorTest" time="0"/>
  <testcase name="testIfNull[545]" classname="ed22_ud12_Ejercicio2_GeneradorIP.GeneradorTest" time="0"/>
  <testcase name="testIfNull[546]" classname="ed22_ud12_Ejercicio2_GeneradorIP.GeneradorTest" time="0"/>
  <testcase name="testIfNull[547]" classname="ed22_ud12_Ejercicio2_GeneradorIP.GeneradorTest" time="0"/>
  <testcase name="testIfNull[548]" classname="ed22_ud12_Ejercicio2_GeneradorIP.GeneradorTest" time="0"/>
  <testcase name="testIfNull[549]" classname="ed22_ud12_Ejercicio2_GeneradorIP.GeneradorTest" time="0"/>
  <testcase name="testIfNull[550]" classname="ed22_ud12_Ejercicio2_GeneradorIP.GeneradorTest" time="0"/>
  <testcase name="testIfNull[551]" classname="ed22_ud12_Ejercicio2_GeneradorIP.GeneradorTest" time="0"/>
  <testcase name="testIfNull[552]" classname="ed22_ud12_Ejercicio2_GeneradorIP.GeneradorTest" time="0"/>
  <testcase name="testIfNull[553]" classname="ed22_ud12_Ejercicio2_GeneradorIP.GeneradorTest" time="0"/>
  <testcase name="testIfNull[554]" classname="ed22_ud12_Ejercicio2_GeneradorIP.GeneradorTest" time="0.001"/>
  <testcase name="testIfNull[555]" classname="ed22_ud12_Ejercicio2_GeneradorIP.GeneradorTest" time="0"/>
  <testcase name="testIfNull[556]" classname="ed22_ud12_Ejercicio2_GeneradorIP.GeneradorTest" time="0"/>
  <testcase name="testIfNull[557]" classname="ed22_ud12_Ejercicio2_GeneradorIP.GeneradorTest" time="0"/>
  <testcase name="testIfNull[558]" classname="ed22_ud12_Ejercicio2_GeneradorIP.GeneradorTest" time="0"/>
  <testcase name="testIfNull[559]" classname="ed22_ud12_Ejercicio2_GeneradorIP.GeneradorTest" time="0.001"/>
  <testcase name="testIfNull[560]" classname="ed22_ud12_Ejercicio2_GeneradorIP.GeneradorTest" time="0"/>
  <testcase name="testIfNull[561]" classname="ed22_ud12_Ejercicio2_GeneradorIP.GeneradorTest" time="0"/>
  <testcase name="testIfNull[562]" classname="ed22_ud12_Ejercicio2_GeneradorIP.GeneradorTest" time="0"/>
  <testcase name="testIfNull[563]" classname="ed22_ud12_Ejercicio2_GeneradorIP.GeneradorTest" time="0"/>
  <testcase name="testIfNull[564]" classname="ed22_ud12_Ejercicio2_GeneradorIP.GeneradorTest" time="0.001"/>
  <testcase name="testIfNull[565]" classname="ed22_ud12_Ejercicio2_GeneradorIP.GeneradorTest" time="0"/>
  <testcase name="testIfNull[566]" classname="ed22_ud12_Ejercicio2_GeneradorIP.GeneradorTest" time="0"/>
  <testcase name="testIfNull[567]" classname="ed22_ud12_Ejercicio2_GeneradorIP.GeneradorTest" time="0"/>
  <testcase name="testIfNull[568]" classname="ed22_ud12_Ejercicio2_GeneradorIP.GeneradorTest" time="0"/>
  <testcase name="testIfNull[569]" classname="ed22_ud12_Ejercicio2_GeneradorIP.GeneradorTest" time="0"/>
  <testcase name="testIfNull[570]" classname="ed22_ud12_Ejercicio2_GeneradorIP.GeneradorTest" time="0"/>
  <testcase name="testIfNull[571]" classname="ed22_ud12_Ejercicio2_GeneradorIP.GeneradorTest" time="0"/>
  <testcase name="testIfNull[572]" classname="ed22_ud12_Ejercicio2_GeneradorIP.GeneradorTest" time="0"/>
  <testcase name="testIfNull[573]" classname="ed22_ud12_Ejercicio2_GeneradorIP.GeneradorTest" time="0"/>
  <testcase name="testIfNull[574]" classname="ed22_ud12_Ejercicio2_GeneradorIP.GeneradorTest" time="0"/>
  <testcase name="testIfNull[575]" classname="ed22_ud12_Ejercicio2_GeneradorIP.GeneradorTest" time="0"/>
  <testcase name="testIfNull[576]" classname="ed22_ud12_Ejercicio2_GeneradorIP.GeneradorTest" time="0"/>
  <testcase name="testIfNull[577]" classname="ed22_ud12_Ejercicio2_GeneradorIP.GeneradorTest" time="0"/>
  <testcase name="testIfNull[578]" classname="ed22_ud12_Ejercicio2_GeneradorIP.GeneradorTest" time="0"/>
  <testcase name="testIfNull[579]" classname="ed22_ud12_Ejercicio2_GeneradorIP.GeneradorTest" time="0.001"/>
  <testcase name="testIfNull[580]" classname="ed22_ud12_Ejercicio2_GeneradorIP.GeneradorTest" time="0.001"/>
  <testcase name="testIfNull[581]" classname="ed22_ud12_Ejercicio2_GeneradorIP.GeneradorTest" time="0"/>
  <testcase name="testIfNull[582]" classname="ed22_ud12_Ejercicio2_GeneradorIP.GeneradorTest" time="0"/>
  <testcase name="testIfNull[583]" classname="ed22_ud12_Ejercicio2_GeneradorIP.GeneradorTest" time="0"/>
  <testcase name="testIfNull[584]" classname="ed22_ud12_Ejercicio2_GeneradorIP.GeneradorTest" time="0"/>
  <testcase name="testIfNull[585]" classname="ed22_ud12_Ejercicio2_GeneradorIP.GeneradorTest" time="0.001"/>
  <testcase name="testIfNull[586]" classname="ed22_ud12_Ejercicio2_GeneradorIP.GeneradorTest" time="0"/>
  <testcase name="testIfNull[587]" classname="ed22_ud12_Ejercicio2_GeneradorIP.GeneradorTest" time="0"/>
  <testcase name="testIfNull[588]" classname="ed22_ud12_Ejercicio2_GeneradorIP.GeneradorTest" time="0"/>
  <testcase name="testIfNull[589]" classname="ed22_ud12_Ejercicio2_GeneradorIP.GeneradorTest" time="0"/>
  <testcase name="testIfNull[590]" classname="ed22_ud12_Ejercicio2_GeneradorIP.GeneradorTest" time="0.001"/>
  <testcase name="testIfNull[591]" classname="ed22_ud12_Ejercicio2_GeneradorIP.GeneradorTest" time="0"/>
  <testcase name="testIfNull[592]" classname="ed22_ud12_Ejercicio2_GeneradorIP.GeneradorTest" time="0.001"/>
  <testcase name="testIfNull[593]" classname="ed22_ud12_Ejercicio2_GeneradorIP.GeneradorTest" time="0"/>
  <testcase name="testIfNull[594]" classname="ed22_ud12_Ejercicio2_GeneradorIP.GeneradorTest" time="0"/>
  <testcase name="testIfNull[595]" classname="ed22_ud12_Ejercicio2_GeneradorIP.GeneradorTest" time="0"/>
  <testcase name="testIfNull[596]" classname="ed22_ud12_Ejercicio2_GeneradorIP.GeneradorTest" time="0"/>
  <testcase name="testIfNull[597]" classname="ed22_ud12_Ejercicio2_GeneradorIP.GeneradorTest" time="0"/>
  <testcase name="testIfNull[598]" classname="ed22_ud12_Ejercicio2_GeneradorIP.GeneradorTest" time="0"/>
  <testcase name="testIfNull[599]" classname="ed22_ud12_Ejercicio2_GeneradorIP.GeneradorTest" time="0"/>
  <testcase name="testIfNull[600]" classname="ed22_ud12_Ejercicio2_GeneradorIP.GeneradorTest" time="0"/>
  <testcase name="testIfNull[601]" classname="ed22_ud12_Ejercicio2_GeneradorIP.GeneradorTest" time="0"/>
  <testcase name="testIfNull[602]" classname="ed22_ud12_Ejercicio2_GeneradorIP.GeneradorTest" time="0"/>
  <testcase name="testIfNull[603]" classname="ed22_ud12_Ejercicio2_GeneradorIP.GeneradorTest" time="0"/>
  <testcase name="testIfNull[604]" classname="ed22_ud12_Ejercicio2_GeneradorIP.GeneradorTest" time="0"/>
  <testcase name="testIfNull[605]" classname="ed22_ud12_Ejercicio2_GeneradorIP.GeneradorTest" time="0"/>
  <testcase name="testIfNull[606]" classname="ed22_ud12_Ejercicio2_GeneradorIP.GeneradorTest" time="0"/>
  <testcase name="testIfNull[607]" classname="ed22_ud12_Ejercicio2_GeneradorIP.GeneradorTest" time="0"/>
  <testcase name="testIfNull[608]" classname="ed22_ud12_Ejercicio2_GeneradorIP.GeneradorTest" time="0"/>
  <testcase name="testIfNull[609]" classname="ed22_ud12_Ejercicio2_GeneradorIP.GeneradorTest" time="0"/>
  <testcase name="testIfNull[610]" classname="ed22_ud12_Ejercicio2_GeneradorIP.GeneradorTest" time="0"/>
  <testcase name="testIfNull[611]" classname="ed22_ud12_Ejercicio2_GeneradorIP.GeneradorTest" time="0"/>
  <testcase name="testIfNull[612]" classname="ed22_ud12_Ejercicio2_GeneradorIP.GeneradorTest" time="0"/>
  <testcase name="testIfNull[613]" classname="ed22_ud12_Ejercicio2_GeneradorIP.GeneradorTest" time="0"/>
  <testcase name="testIfNull[614]" classname="ed22_ud12_Ejercicio2_GeneradorIP.GeneradorTest" time="0"/>
  <testcase name="testIfNull[615]" classname="ed22_ud12_Ejercicio2_GeneradorIP.GeneradorTest" time="0"/>
  <testcase name="testIfNull[616]" classname="ed22_ud12_Ejercicio2_GeneradorIP.GeneradorTest" time="0"/>
  <testcase name="testIfNull[617]" classname="ed22_ud12_Ejercicio2_GeneradorIP.GeneradorTest" time="0"/>
  <testcase name="testIfNull[618]" classname="ed22_ud12_Ejercicio2_GeneradorIP.GeneradorTest" time="0"/>
  <testcase name="testIfNull[619]" classname="ed22_ud12_Ejercicio2_GeneradorIP.GeneradorTest" time="0"/>
  <testcase name="testIfNull[620]" classname="ed22_ud12_Ejercicio2_GeneradorIP.GeneradorTest" time="0"/>
  <testcase name="testIfNull[621]" classname="ed22_ud12_Ejercicio2_GeneradorIP.GeneradorTest" time="0"/>
  <testcase name="testIfNull[622]" classname="ed22_ud12_Ejercicio2_GeneradorIP.GeneradorTest" time="0"/>
  <testcase name="testIfNull[623]" classname="ed22_ud12_Ejercicio2_GeneradorIP.GeneradorTest" time="0"/>
  <testcase name="testIfNull[624]" classname="ed22_ud12_Ejercicio2_GeneradorIP.GeneradorTest" time="0"/>
  <testcase name="testIfNull[625]" classname="ed22_ud12_Ejercicio2_GeneradorIP.GeneradorTest" time="0"/>
  <testcase name="testIfNull[626]" classname="ed22_ud12_Ejercicio2_GeneradorIP.GeneradorTest" time="0"/>
  <testcase name="testIfNull[627]" classname="ed22_ud12_Ejercicio2_GeneradorIP.GeneradorTest" time="0"/>
  <testcase name="testIfNull[628]" classname="ed22_ud12_Ejercicio2_GeneradorIP.GeneradorTest" time="0"/>
  <testcase name="testIfNull[629]" classname="ed22_ud12_Ejercicio2_GeneradorIP.GeneradorTest" time="0"/>
  <testcase name="testIfNull[630]" classname="ed22_ud12_Ejercicio2_GeneradorIP.GeneradorTest" time="0"/>
  <testcase name="testIfNull[631]" classname="ed22_ud12_Ejercicio2_GeneradorIP.GeneradorTest" time="0"/>
  <testcase name="testIfNull[632]" classname="ed22_ud12_Ejercicio2_GeneradorIP.GeneradorTest" time="0"/>
  <testcase name="testIfNull[633]" classname="ed22_ud12_Ejercicio2_GeneradorIP.GeneradorTest" time="0"/>
  <testcase name="testIfNull[634]" classname="ed22_ud12_Ejercicio2_GeneradorIP.GeneradorTest" time="0"/>
  <testcase name="testIfNull[635]" classname="ed22_ud12_Ejercicio2_GeneradorIP.GeneradorTest" time="0"/>
  <testcase name="testIfNull[636]" classname="ed22_ud12_Ejercicio2_GeneradorIP.GeneradorTest" time="0"/>
  <testcase name="testIfNull[637]" classname="ed22_ud12_Ejercicio2_GeneradorIP.GeneradorTest" time="0.001"/>
  <testcase name="testIfNull[638]" classname="ed22_ud12_Ejercicio2_GeneradorIP.GeneradorTest" time="0"/>
  <testcase name="testIfNull[639]" classname="ed22_ud12_Ejercicio2_GeneradorIP.GeneradorTest" time="0"/>
  <testcase name="testIfNull[640]" classname="ed22_ud12_Ejercicio2_GeneradorIP.GeneradorTest" time="0"/>
  <testcase name="testIfNull[641]" classname="ed22_ud12_Ejercicio2_GeneradorIP.GeneradorTest" time="0"/>
  <testcase name="testIfNull[642]" classname="ed22_ud12_Ejercicio2_GeneradorIP.GeneradorTest" time="0"/>
  <testcase name="testIfNull[643]" classname="ed22_ud12_Ejercicio2_GeneradorIP.GeneradorTest" time="0"/>
  <testcase name="testIfNull[644]" classname="ed22_ud12_Ejercicio2_GeneradorIP.GeneradorTest" time="0"/>
  <testcase name="testIfNull[645]" classname="ed22_ud12_Ejercicio2_GeneradorIP.GeneradorTest" time="0"/>
  <testcase name="testIfNull[646]" classname="ed22_ud12_Ejercicio2_GeneradorIP.GeneradorTest" time="0"/>
  <testcase name="testIfNull[647]" classname="ed22_ud12_Ejercicio2_GeneradorIP.GeneradorTest" time="0"/>
  <testcase name="testIfNull[648]" classname="ed22_ud12_Ejercicio2_GeneradorIP.GeneradorTest" time="0"/>
  <testcase name="testIfNull[649]" classname="ed22_ud12_Ejercicio2_GeneradorIP.GeneradorTest" time="0"/>
  <testcase name="testIfNull[650]" classname="ed22_ud12_Ejercicio2_GeneradorIP.GeneradorTest" time="0"/>
  <testcase name="testIfNull[651]" classname="ed22_ud12_Ejercicio2_GeneradorIP.GeneradorTest" time="0"/>
  <testcase name="testIfNull[652]" classname="ed22_ud12_Ejercicio2_GeneradorIP.GeneradorTest" time="0"/>
  <testcase name="testIfNull[653]" classname="ed22_ud12_Ejercicio2_GeneradorIP.GeneradorTest" time="0"/>
  <testcase name="testIfNull[654]" classname="ed22_ud12_Ejercicio2_GeneradorIP.GeneradorTest" time="0"/>
  <testcase name="testIfNull[655]" classname="ed22_ud12_Ejercicio2_GeneradorIP.GeneradorTest" time="0"/>
  <testcase name="testIfNull[656]" classname="ed22_ud12_Ejercicio2_GeneradorIP.GeneradorTest" time="0"/>
  <testcase name="testIfNull[657]" classname="ed22_ud12_Ejercicio2_GeneradorIP.GeneradorTest" time="0"/>
  <testcase name="testIfNull[658]" classname="ed22_ud12_Ejercicio2_GeneradorIP.GeneradorTest" time="0"/>
  <testcase name="testIfNull[659]" classname="ed22_ud12_Ejercicio2_GeneradorIP.GeneradorTest" time="0"/>
  <testcase name="testIfNull[660]" classname="ed22_ud12_Ejercicio2_GeneradorIP.GeneradorTest" time="0"/>
  <testcase name="testIfNull[661]" classname="ed22_ud12_Ejercicio2_GeneradorIP.GeneradorTest" time="0"/>
  <testcase name="testIfNull[662]" classname="ed22_ud12_Ejercicio2_GeneradorIP.GeneradorTest" time="0"/>
  <testcase name="testIfNull[663]" classname="ed22_ud12_Ejercicio2_GeneradorIP.GeneradorTest" time="0"/>
  <testcase name="testIfNull[664]" classname="ed22_ud12_Ejercicio2_GeneradorIP.GeneradorTest" time="0"/>
  <testcase name="testIfNull[665]" classname="ed22_ud12_Ejercicio2_GeneradorIP.GeneradorTest" time="0"/>
  <testcase name="testIfNull[666]" classname="ed22_ud12_Ejercicio2_GeneradorIP.GeneradorTest" time="0"/>
  <testcase name="testIfNull[667]" classname="ed22_ud12_Ejercicio2_GeneradorIP.GeneradorTest" time="0"/>
  <testcase name="testIfNull[668]" classname="ed22_ud12_Ejercicio2_GeneradorIP.GeneradorTest" time="0"/>
  <testcase name="testIfNull[669]" classname="ed22_ud12_Ejercicio2_GeneradorIP.GeneradorTest" time="0"/>
  <testcase name="testIfNull[670]" classname="ed22_ud12_Ejercicio2_GeneradorIP.GeneradorTest" time="0"/>
  <testcase name="testIfNull[671]" classname="ed22_ud12_Ejercicio2_GeneradorIP.GeneradorTest" time="0"/>
  <testcase name="testIfNull[672]" classname="ed22_ud12_Ejercicio2_GeneradorIP.GeneradorTest" time="0"/>
  <testcase name="testIfNull[673]" classname="ed22_ud12_Ejercicio2_GeneradorIP.GeneradorTest" time="0"/>
  <testcase name="testIfNull[674]" classname="ed22_ud12_Ejercicio2_GeneradorIP.GeneradorTest" time="0"/>
  <testcase name="testIfNull[675]" classname="ed22_ud12_Ejercicio2_GeneradorIP.GeneradorTest" time="0"/>
  <testcase name="testIfNull[676]" classname="ed22_ud12_Ejercicio2_GeneradorIP.GeneradorTest" time="0"/>
  <testcase name="testIfNull[677]" classname="ed22_ud12_Ejercicio2_GeneradorIP.GeneradorTest" time="0.001"/>
  <testcase name="testIfNull[678]" classname="ed22_ud12_Ejercicio2_GeneradorIP.GeneradorTest" time="0"/>
  <testcase name="testIfNull[679]" classname="ed22_ud12_Ejercicio2_GeneradorIP.GeneradorTest" time="0"/>
  <testcase name="testIfNull[680]" classname="ed22_ud12_Ejercicio2_GeneradorIP.GeneradorTest" time="0"/>
  <testcase name="testIfNull[681]" classname="ed22_ud12_Ejercicio2_GeneradorIP.GeneradorTest" time="0"/>
  <testcase name="testIfNull[682]" classname="ed22_ud12_Ejercicio2_GeneradorIP.GeneradorTest" time="0"/>
  <testcase name="testIfNull[683]" classname="ed22_ud12_Ejercicio2_GeneradorIP.GeneradorTest" time="0"/>
  <testcase name="testIfNull[684]" classname="ed22_ud12_Ejercicio2_GeneradorIP.GeneradorTest" time="0"/>
  <testcase name="testIfNull[685]" classname="ed22_ud12_Ejercicio2_GeneradorIP.GeneradorTest" time="0"/>
  <testcase name="testIfNull[686]" classname="ed22_ud12_Ejercicio2_GeneradorIP.GeneradorTest" time="0"/>
  <testcase name="testIfNull[687]" classname="ed22_ud12_Ejercicio2_GeneradorIP.GeneradorTest" time="0"/>
  <testcase name="testIfNull[688]" classname="ed22_ud12_Ejercicio2_GeneradorIP.GeneradorTest" time="0"/>
  <testcase name="testIfNull[689]" classname="ed22_ud12_Ejercicio2_GeneradorIP.GeneradorTest" time="0"/>
  <testcase name="testIfNull[690]" classname="ed22_ud12_Ejercicio2_GeneradorIP.GeneradorTest" time="0"/>
  <testcase name="testIfNull[691]" classname="ed22_ud12_Ejercicio2_GeneradorIP.GeneradorTest" time="0"/>
  <testcase name="testIfNull[692]" classname="ed22_ud12_Ejercicio2_GeneradorIP.GeneradorTest" time="0"/>
  <testcase name="testIfNull[693]" classname="ed22_ud12_Ejercicio2_GeneradorIP.GeneradorTest" time="0"/>
  <testcase name="testIfNull[694]" classname="ed22_ud12_Ejercicio2_GeneradorIP.GeneradorTest" time="0"/>
  <testcase name="testIfNull[695]" classname="ed22_ud12_Ejercicio2_GeneradorIP.GeneradorTest" time="0.001"/>
  <testcase name="testIfNull[696]" classname="ed22_ud12_Ejercicio2_GeneradorIP.GeneradorTest" time="0"/>
  <testcase name="testIfNull[697]" classname="ed22_ud12_Ejercicio2_GeneradorIP.GeneradorTest" time="0"/>
  <testcase name="testIfNull[698]" classname="ed22_ud12_Ejercicio2_GeneradorIP.GeneradorTest" time="0"/>
  <testcase name="testIfNull[699]" classname="ed22_ud12_Ejercicio2_GeneradorIP.GeneradorTest" time="0"/>
  <testcase name="testIfNull[700]" classname="ed22_ud12_Ejercicio2_GeneradorIP.GeneradorTest" time="0"/>
  <testcase name="testIfNull[701]" classname="ed22_ud12_Ejercicio2_GeneradorIP.GeneradorTest" time="0"/>
  <testcase name="testIfNull[702]" classname="ed22_ud12_Ejercicio2_GeneradorIP.GeneradorTest" time="0"/>
  <testcase name="testIfNull[703]" classname="ed22_ud12_Ejercicio2_GeneradorIP.GeneradorTest" time="0"/>
  <testcase name="testIfNull[704]" classname="ed22_ud12_Ejercicio2_GeneradorIP.GeneradorTest" time="0"/>
  <testcase name="testIfNull[705]" classname="ed22_ud12_Ejercicio2_GeneradorIP.GeneradorTest" time="0"/>
  <testcase name="testIfNull[706]" classname="ed22_ud12_Ejercicio2_GeneradorIP.GeneradorTest" time="0"/>
  <testcase name="testIfNull[707]" classname="ed22_ud12_Ejercicio2_GeneradorIP.GeneradorTest" time="0"/>
  <testcase name="testIfNull[708]" classname="ed22_ud12_Ejercicio2_GeneradorIP.GeneradorTest" time="0"/>
  <testcase name="testIfNull[709]" classname="ed22_ud12_Ejercicio2_GeneradorIP.GeneradorTest" time="0"/>
  <testcase name="testIfNull[710]" classname="ed22_ud12_Ejercicio2_GeneradorIP.GeneradorTest" time="0"/>
  <testcase name="testIfNull[711]" classname="ed22_ud12_Ejercicio2_GeneradorIP.GeneradorTest" time="0"/>
  <testcase name="testIfNull[712]" classname="ed22_ud12_Ejercicio2_GeneradorIP.GeneradorTest" time="0"/>
  <testcase name="testIfNull[713]" classname="ed22_ud12_Ejercicio2_GeneradorIP.GeneradorTest" time="0"/>
  <testcase name="testIfNull[714]" classname="ed22_ud12_Ejercicio2_GeneradorIP.GeneradorTest" time="0"/>
  <testcase name="testIfNull[715]" classname="ed22_ud12_Ejercicio2_GeneradorIP.GeneradorTest" time="0"/>
  <testcase name="testIfNull[716]" classname="ed22_ud12_Ejercicio2_GeneradorIP.GeneradorTest" time="0.001"/>
  <testcase name="testIfNull[717]" classname="ed22_ud12_Ejercicio2_GeneradorIP.GeneradorTest" time="0"/>
  <testcase name="testIfNull[718]" classname="ed22_ud12_Ejercicio2_GeneradorIP.GeneradorTest" time="0.001"/>
  <testcase name="testIfNull[719]" classname="ed22_ud12_Ejercicio2_GeneradorIP.GeneradorTest" time="0"/>
  <testcase name="testIfNull[720]" classname="ed22_ud12_Ejercicio2_GeneradorIP.GeneradorTest" time="0"/>
  <testcase name="testIfNull[721]" classname="ed22_ud12_Ejercicio2_GeneradorIP.GeneradorTest" time="0"/>
  <testcase name="testIfNull[722]" classname="ed22_ud12_Ejercicio2_GeneradorIP.GeneradorTest" time="0"/>
  <testcase name="testIfNull[723]" classname="ed22_ud12_Ejercicio2_GeneradorIP.GeneradorTest" time="0"/>
  <testcase name="testIfNull[724]" classname="ed22_ud12_Ejercicio2_GeneradorIP.GeneradorTest" time="0"/>
  <testcase name="testIfNull[725]" classname="ed22_ud12_Ejercicio2_GeneradorIP.GeneradorTest" time="0"/>
  <testcase name="testIfNull[726]" classname="ed22_ud12_Ejercicio2_GeneradorIP.GeneradorTest" time="0"/>
  <testcase name="testIfNull[727]" classname="ed22_ud12_Ejercicio2_GeneradorIP.GeneradorTest" time="0"/>
  <testcase name="testIfNull[728]" classname="ed22_ud12_Ejercicio2_GeneradorIP.GeneradorTest" time="0"/>
  <testcase name="testIfNull[729]" classname="ed22_ud12_Ejercicio2_GeneradorIP.GeneradorTest" time="0"/>
  <testcase name="testIfNull[730]" classname="ed22_ud12_Ejercicio2_GeneradorIP.GeneradorTest" time="0"/>
  <testcase name="testIfNull[731]" classname="ed22_ud12_Ejercicio2_GeneradorIP.GeneradorTest" time="0"/>
  <testcase name="testIfNull[732]" classname="ed22_ud12_Ejercicio2_GeneradorIP.GeneradorTest" time="0"/>
  <testcase name="testIfNull[733]" classname="ed22_ud12_Ejercicio2_GeneradorIP.GeneradorTest" time="0"/>
  <testcase name="testIfNull[734]" classname="ed22_ud12_Ejercicio2_GeneradorIP.GeneradorTest" time="0"/>
  <testcase name="testIfNull[735]" classname="ed22_ud12_Ejercicio2_GeneradorIP.GeneradorTest" time="0"/>
  <testcase name="testIfNull[736]" classname="ed22_ud12_Ejercicio2_GeneradorIP.GeneradorTest" time="0"/>
  <testcase name="testIfNull[737]" classname="ed22_ud12_Ejercicio2_GeneradorIP.GeneradorTest" time="0"/>
  <testcase name="testIfNull[738]" classname="ed22_ud12_Ejercicio2_GeneradorIP.GeneradorTest" time="0"/>
  <testcase name="testIfNull[739]" classname="ed22_ud12_Ejercicio2_GeneradorIP.GeneradorTest" time="0"/>
  <testcase name="testIfNull[740]" classname="ed22_ud12_Ejercicio2_GeneradorIP.GeneradorTest" time="0"/>
  <testcase name="testIfNull[741]" classname="ed22_ud12_Ejercicio2_GeneradorIP.GeneradorTest" time="0"/>
  <testcase name="testIfNull[742]" classname="ed22_ud12_Ejercicio2_GeneradorIP.GeneradorTest" time="0"/>
  <testcase name="testIfNull[743]" classname="ed22_ud12_Ejercicio2_GeneradorIP.GeneradorTest" time="0"/>
  <testcase name="testIfNull[744]" classname="ed22_ud12_Ejercicio2_GeneradorIP.GeneradorTest" time="0"/>
  <testcase name="testIfNull[745]" classname="ed22_ud12_Ejercicio2_GeneradorIP.GeneradorTest" time="0"/>
  <testcase name="testIfNull[746]" classname="ed22_ud12_Ejercicio2_GeneradorIP.GeneradorTest" time="0"/>
  <testcase name="testIfNull[747]" classname="ed22_ud12_Ejercicio2_GeneradorIP.GeneradorTest" time="0"/>
  <testcase name="testIfNull[748]" classname="ed22_ud12_Ejercicio2_GeneradorIP.GeneradorTest" time="0"/>
  <testcase name="testIfNull[749]" classname="ed22_ud12_Ejercicio2_GeneradorIP.GeneradorTest" time="0"/>
  <testcase name="testIfNull[750]" classname="ed22_ud12_Ejercicio2_GeneradorIP.GeneradorTest" time="0"/>
  <testcase name="testIfNull[751]" classname="ed22_ud12_Ejercicio2_GeneradorIP.GeneradorTest" time="0"/>
  <testcase name="testIfNull[752]" classname="ed22_ud12_Ejercicio2_GeneradorIP.GeneradorTest" time="0"/>
  <testcase name="testIfNull[753]" classname="ed22_ud12_Ejercicio2_GeneradorIP.GeneradorTest" time="0"/>
  <testcase name="testIfNull[754]" classname="ed22_ud12_Ejercicio2_GeneradorIP.GeneradorTest" time="0"/>
  <testcase name="testIfNull[755]" classname="ed22_ud12_Ejercicio2_GeneradorIP.GeneradorTest" time="0.001"/>
  <testcase name="testIfNull[756]" classname="ed22_ud12_Ejercicio2_GeneradorIP.GeneradorTest" time="0"/>
  <testcase name="testIfNull[757]" classname="ed22_ud12_Ejercicio2_GeneradorIP.GeneradorTest" time="0.001"/>
  <testcase name="testIfNull[758]" classname="ed22_ud12_Ejercicio2_GeneradorIP.GeneradorTest" time="0"/>
  <testcase name="testIfNull[759]" classname="ed22_ud12_Ejercicio2_GeneradorIP.GeneradorTest" time="0"/>
  <testcase name="testIfNull[760]" classname="ed22_ud12_Ejercicio2_GeneradorIP.GeneradorTest" time="0"/>
  <testcase name="testIfNull[761]" classname="ed22_ud12_Ejercicio2_GeneradorIP.GeneradorTest" time="0"/>
  <testcase name="testIfNull[762]" classname="ed22_ud12_Ejercicio2_GeneradorIP.GeneradorTest" time="0"/>
  <testcase name="testIfNull[763]" classname="ed22_ud12_Ejercicio2_GeneradorIP.GeneradorTest" time="0"/>
  <testcase name="testIfNull[764]" classname="ed22_ud12_Ejercicio2_GeneradorIP.GeneradorTest" time="0.001"/>
  <testcase name="testIfNull[765]" classname="ed22_ud12_Ejercicio2_GeneradorIP.GeneradorTest" time="0"/>
  <testcase name="testIfNull[766]" classname="ed22_ud12_Ejercicio2_GeneradorIP.GeneradorTest" time="0"/>
  <testcase name="testIfNull[767]" classname="ed22_ud12_Ejercicio2_GeneradorIP.GeneradorTest" time="0"/>
  <testcase name="testIfNull[768]" classname="ed22_ud12_Ejercicio2_GeneradorIP.GeneradorTest" time="0"/>
  <testcase name="testIfNull[769]" classname="ed22_ud12_Ejercicio2_GeneradorIP.GeneradorTest" time="0"/>
  <testcase name="testIfNull[770]" classname="ed22_ud12_Ejercicio2_GeneradorIP.GeneradorTest" time="0.001"/>
  <testcase name="testIfNull[771]" classname="ed22_ud12_Ejercicio2_GeneradorIP.GeneradorTest" time="0"/>
  <testcase name="testIfNull[772]" classname="ed22_ud12_Ejercicio2_GeneradorIP.GeneradorTest" time="0"/>
  <testcase name="testIfNull[773]" classname="ed22_ud12_Ejercicio2_GeneradorIP.GeneradorTest" time="0"/>
  <testcase name="testIfNull[774]" classname="ed22_ud12_Ejercicio2_GeneradorIP.GeneradorTest" time="0"/>
  <testcase name="testIfNull[775]" classname="ed22_ud12_Ejercicio2_GeneradorIP.GeneradorTest" time="0"/>
  <testcase name="testIfNull[776]" classname="ed22_ud12_Ejercicio2_GeneradorIP.GeneradorTest" time="0"/>
  <testcase name="testIfNull[777]" classname="ed22_ud12_Ejercicio2_GeneradorIP.GeneradorTest" time="0"/>
  <testcase name="testIfNull[778]" classname="ed22_ud12_Ejercicio2_GeneradorIP.GeneradorTest" time="0"/>
  <testcase name="testIfNull[779]" classname="ed22_ud12_Ejercicio2_GeneradorIP.GeneradorTest" time="0"/>
  <testcase name="testIfNull[780]" classname="ed22_ud12_Ejercicio2_GeneradorIP.GeneradorTest" time="0"/>
  <testcase name="testIfNull[781]" classname="ed22_ud12_Ejercicio2_GeneradorIP.GeneradorTest" time="0"/>
  <testcase name="testIfNull[782]" classname="ed22_ud12_Ejercicio2_GeneradorIP.GeneradorTest" time="0"/>
  <testcase name="testIfNull[783]" classname="ed22_ud12_Ejercicio2_GeneradorIP.GeneradorTest" time="0"/>
  <testcase name="testIfNull[784]" classname="ed22_ud12_Ejercicio2_GeneradorIP.GeneradorTest" time="0"/>
  <testcase name="testIfNull[785]" classname="ed22_ud12_Ejercicio2_GeneradorIP.GeneradorTest" time="0"/>
  <testcase name="testIfNull[786]" classname="ed22_ud12_Ejercicio2_GeneradorIP.GeneradorTest" time="0"/>
  <testcase name="testIfNull[787]" classname="ed22_ud12_Ejercicio2_GeneradorIP.GeneradorTest" time="0"/>
  <testcase name="testIfNull[788]" classname="ed22_ud12_Ejercicio2_GeneradorIP.GeneradorTest" time="0"/>
  <testcase name="testIfNull[789]" classname="ed22_ud12_Ejercicio2_GeneradorIP.GeneradorTest" time="0"/>
  <testcase name="testIfNull[790]" classname="ed22_ud12_Ejercicio2_GeneradorIP.GeneradorTest" time="0"/>
  <testcase name="testIfNull[791]" classname="ed22_ud12_Ejercicio2_GeneradorIP.GeneradorTest" time="0"/>
  <testcase name="testIfNull[792]" classname="ed22_ud12_Ejercicio2_GeneradorIP.GeneradorTest" time="0"/>
  <testcase name="testIfNull[793]" classname="ed22_ud12_Ejercicio2_GeneradorIP.GeneradorTest" time="0.001"/>
  <testcase name="testIfNull[794]" classname="ed22_ud12_Ejercicio2_GeneradorIP.GeneradorTest" time="0"/>
  <testcase name="testIfNull[795]" classname="ed22_ud12_Ejercicio2_GeneradorIP.GeneradorTest" time="0"/>
  <testcase name="testIfNull[796]" classname="ed22_ud12_Ejercicio2_GeneradorIP.GeneradorTest" time="0"/>
  <testcase name="testIfNull[797]" classname="ed22_ud12_Ejercicio2_GeneradorIP.GeneradorTest" time="0.001"/>
  <testcase name="testIfNull[798]" classname="ed22_ud12_Ejercicio2_GeneradorIP.GeneradorTest" time="0"/>
  <testcase name="testIfNull[799]" classname="ed22_ud12_Ejercicio2_GeneradorIP.GeneradorTest" time="0"/>
  <testcase name="testIfNull[800]" classname="ed22_ud12_Ejercicio2_GeneradorIP.GeneradorTest" time="0"/>
  <testcase name="testIfNull[801]" classname="ed22_ud12_Ejercicio2_GeneradorIP.GeneradorTest" time="0"/>
  <testcase name="testIfNull[802]" classname="ed22_ud12_Ejercicio2_GeneradorIP.GeneradorTest" time="0"/>
  <testcase name="testIfNull[803]" classname="ed22_ud12_Ejercicio2_GeneradorIP.GeneradorTest" time="0.001"/>
  <testcase name="testIfNull[804]" classname="ed22_ud12_Ejercicio2_GeneradorIP.GeneradorTest" time="0"/>
  <testcase name="testIfNull[805]" classname="ed22_ud12_Ejercicio2_GeneradorIP.GeneradorTest" time="0.002"/>
  <testcase name="testIfNull[806]" classname="ed22_ud12_Ejercicio2_GeneradorIP.GeneradorTest" time="0"/>
  <testcase name="testIfNull[807]" classname="ed22_ud12_Ejercicio2_GeneradorIP.GeneradorTest" time="0"/>
  <testcase name="testIfNull[808]" classname="ed22_ud12_Ejercicio2_GeneradorIP.GeneradorTest" time="0"/>
  <testcase name="testIfNull[809]" classname="ed22_ud12_Ejercicio2_GeneradorIP.GeneradorTest" time="0"/>
  <testcase name="testIfNull[810]" classname="ed22_ud12_Ejercicio2_GeneradorIP.GeneradorTest" time="0"/>
  <testcase name="testIfNull[811]" classname="ed22_ud12_Ejercicio2_GeneradorIP.GeneradorTest" time="0.001"/>
  <testcase name="testIfNull[812]" classname="ed22_ud12_Ejercicio2_GeneradorIP.GeneradorTest" time="0"/>
  <testcase name="testIfNull[813]" classname="ed22_ud12_Ejercicio2_GeneradorIP.GeneradorTest" time="0"/>
  <testcase name="testIfNull[814]" classname="ed22_ud12_Ejercicio2_GeneradorIP.GeneradorTest" time="0"/>
  <testcase name="testIfNull[815]" classname="ed22_ud12_Ejercicio2_GeneradorIP.GeneradorTest" time="0"/>
  <testcase name="testIfNull[816]" classname="ed22_ud12_Ejercicio2_GeneradorIP.GeneradorTest" time="0.004"/>
  <testcase name="testIfNull[817]" classname="ed22_ud12_Ejercicio2_GeneradorIP.GeneradorTest" time="0.001"/>
  <testcase name="testIfNull[818]" classname="ed22_ud12_Ejercicio2_GeneradorIP.GeneradorTest" time="0"/>
  <testcase name="testIfNull[819]" classname="ed22_ud12_Ejercicio2_GeneradorIP.GeneradorTest" time="0"/>
  <testcase name="testIfNull[820]" classname="ed22_ud12_Ejercicio2_GeneradorIP.GeneradorTest" time="0"/>
  <testcase name="testIfNull[821]" classname="ed22_ud12_Ejercicio2_GeneradorIP.GeneradorTest" time="0"/>
  <testcase name="testIfNull[822]" classname="ed22_ud12_Ejercicio2_GeneradorIP.GeneradorTest" time="0"/>
  <testcase name="testIfNull[823]" classname="ed22_ud12_Ejercicio2_GeneradorIP.GeneradorTest" time="0"/>
  <testcase name="testIfNull[824]" classname="ed22_ud12_Ejercicio2_GeneradorIP.GeneradorTest" time="0.001"/>
  <testcase name="testIfNull[825]" classname="ed22_ud12_Ejercicio2_GeneradorIP.GeneradorTest" time="0"/>
  <testcase name="testIfNull[826]" classname="ed22_ud12_Ejercicio2_GeneradorIP.GeneradorTest" time="0"/>
  <testcase name="testIfNull[827]" classname="ed22_ud12_Ejercicio2_GeneradorIP.GeneradorTest" time="0"/>
  <testcase name="testIfNull[828]" classname="ed22_ud12_Ejercicio2_GeneradorIP.GeneradorTest" time="0"/>
  <testcase name="testIfNull[829]" classname="ed22_ud12_Ejercicio2_GeneradorIP.GeneradorTest" time="0"/>
  <testcase name="testIfNull[830]" classname="ed22_ud12_Ejercicio2_GeneradorIP.GeneradorTest" time="0"/>
  <testcase name="testIfNull[831]" classname="ed22_ud12_Ejercicio2_GeneradorIP.GeneradorTest" time="0"/>
  <testcase name="testIfNull[832]" classname="ed22_ud12_Ejercicio2_GeneradorIP.GeneradorTest" time="0"/>
  <testcase name="testIfNull[833]" classname="ed22_ud12_Ejercicio2_GeneradorIP.GeneradorTest" time="0.003"/>
  <testcase name="testIfNull[834]" classname="ed22_ud12_Ejercicio2_GeneradorIP.GeneradorTest" time="0.001"/>
  <testcase name="testIfNull[835]" classname="ed22_ud12_Ejercicio2_GeneradorIP.GeneradorTest" time="0"/>
  <testcase name="testIfNull[836]" classname="ed22_ud12_Ejercicio2_GeneradorIP.GeneradorTest" time="0"/>
  <testcase name="testIfNull[837]" classname="ed22_ud12_Ejercicio2_GeneradorIP.GeneradorTest" time="0.001"/>
  <testcase name="testIfNull[838]" classname="ed22_ud12_Ejercicio2_GeneradorIP.GeneradorTest" time="0"/>
  <testcase name="testIfNull[839]" classname="ed22_ud12_Ejercicio2_GeneradorIP.GeneradorTest" time="0"/>
  <testcase name="testIfNull[840]" classname="ed22_ud12_Ejercicio2_GeneradorIP.GeneradorTest" time="0"/>
  <testcase name="testIfNull[841]" classname="ed22_ud12_Ejercicio2_GeneradorIP.GeneradorTest" time="0.001"/>
  <testcase name="testIfNull[842]" classname="ed22_ud12_Ejercicio2_GeneradorIP.GeneradorTest" time="0"/>
  <testcase name="testIfNull[843]" classname="ed22_ud12_Ejercicio2_GeneradorIP.GeneradorTest" time="0"/>
  <testcase name="testIfNull[844]" classname="ed22_ud12_Ejercicio2_GeneradorIP.GeneradorTest" time="0"/>
  <testcase name="testIfNull[845]" classname="ed22_ud12_Ejercicio2_GeneradorIP.GeneradorTest" time="0"/>
  <testcase name="testIfNull[846]" classname="ed22_ud12_Ejercicio2_GeneradorIP.GeneradorTest" time="0"/>
  <testcase name="testIfNull[847]" classname="ed22_ud12_Ejercicio2_GeneradorIP.GeneradorTest" time="0"/>
  <testcase name="testIfNull[848]" classname="ed22_ud12_Ejercicio2_GeneradorIP.GeneradorTest" time="0"/>
  <testcase name="testIfNull[849]" classname="ed22_ud12_Ejercicio2_GeneradorIP.GeneradorTest" time="0"/>
  <testcase name="testIfNull[850]" classname="ed22_ud12_Ejercicio2_GeneradorIP.GeneradorTest" time="0"/>
  <testcase name="testIfNull[851]" classname="ed22_ud12_Ejercicio2_GeneradorIP.GeneradorTest" time="0"/>
  <testcase name="testIfNull[852]" classname="ed22_ud12_Ejercicio2_GeneradorIP.GeneradorTest" time="0"/>
  <testcase name="testIfNull[853]" classname="ed22_ud12_Ejercicio2_GeneradorIP.GeneradorTest" time="0"/>
  <testcase name="testIfNull[854]" classname="ed22_ud12_Ejercicio2_GeneradorIP.GeneradorTest" time="0"/>
  <testcase name="testIfNull[855]" classname="ed22_ud12_Ejercicio2_GeneradorIP.GeneradorTest" time="0.001"/>
  <testcase name="testIfNull[856]" classname="ed22_ud12_Ejercicio2_GeneradorIP.GeneradorTest" time="0"/>
  <testcase name="testIfNull[857]" classname="ed22_ud12_Ejercicio2_GeneradorIP.GeneradorTest" time="0"/>
  <testcase name="testIfNull[858]" classname="ed22_ud12_Ejercicio2_GeneradorIP.GeneradorTest" time="0"/>
  <testcase name="testIfNull[859]" classname="ed22_ud12_Ejercicio2_GeneradorIP.GeneradorTest" time="0"/>
  <testcase name="testIfNull[860]" classname="ed22_ud12_Ejercicio2_GeneradorIP.GeneradorTest" time="0"/>
  <testcase name="testIfNull[861]" classname="ed22_ud12_Ejercicio2_GeneradorIP.GeneradorTest" time="0"/>
  <testcase name="testIfNull[862]" classname="ed22_ud12_Ejercicio2_GeneradorIP.GeneradorTest" time="0"/>
  <testcase name="testIfNull[863]" classname="ed22_ud12_Ejercicio2_GeneradorIP.GeneradorTest" time="0"/>
  <testcase name="testIfNull[864]" classname="ed22_ud12_Ejercicio2_GeneradorIP.GeneradorTest" time="0"/>
  <testcase name="testIfNull[865]" classname="ed22_ud12_Ejercicio2_GeneradorIP.GeneradorTest" time="0"/>
  <testcase name="testIfNull[866]" classname="ed22_ud12_Ejercicio2_GeneradorIP.GeneradorTest" time="0"/>
  <testcase name="testIfNull[867]" classname="ed22_ud12_Ejercicio2_GeneradorIP.GeneradorTest" time="0"/>
  <testcase name="testIfNull[868]" classname="ed22_ud12_Ejercicio2_GeneradorIP.GeneradorTest" time="0"/>
  <testcase name="testIfNull[869]" classname="ed22_ud12_Ejercicio2_GeneradorIP.GeneradorTest" time="0"/>
  <testcase name="testIfNull[870]" classname="ed22_ud12_Ejercicio2_GeneradorIP.GeneradorTest" time="0"/>
  <testcase name="testIfNull[871]" classname="ed22_ud12_Ejercicio2_GeneradorIP.GeneradorTest" time="0.001"/>
  <testcase name="testIfNull[872]" classname="ed22_ud12_Ejercicio2_GeneradorIP.GeneradorTest" time="0"/>
  <testcase name="testIfNull[873]" classname="ed22_ud12_Ejercicio2_GeneradorIP.GeneradorTest" time="0"/>
  <testcase name="testIfNull[874]" classname="ed22_ud12_Ejercicio2_GeneradorIP.GeneradorTest" time="0"/>
  <testcase name="testIfNull[875]" classname="ed22_ud12_Ejercicio2_GeneradorIP.GeneradorTest" time="0"/>
  <testcase name="testIfNull[876]" classname="ed22_ud12_Ejercicio2_GeneradorIP.GeneradorTest" time="0"/>
  <testcase name="testIfNull[877]" classname="ed22_ud12_Ejercicio2_GeneradorIP.GeneradorTest" time="0"/>
  <testcase name="testIfNull[878]" classname="ed22_ud12_Ejercicio2_GeneradorIP.GeneradorTest" time="0"/>
  <testcase name="testIfNull[879]" classname="ed22_ud12_Ejercicio2_GeneradorIP.GeneradorTest" time="0"/>
  <testcase name="testIfNull[880]" classname="ed22_ud12_Ejercicio2_GeneradorIP.GeneradorTest" time="0"/>
  <testcase name="testIfNull[881]" classname="ed22_ud12_Ejercicio2_GeneradorIP.GeneradorTest" time="0"/>
  <testcase name="testIfNull[882]" classname="ed22_ud12_Ejercicio2_GeneradorIP.GeneradorTest" time="0"/>
  <testcase name="testIfNull[883]" classname="ed22_ud12_Ejercicio2_GeneradorIP.GeneradorTest" time="0"/>
  <testcase name="testIfNull[884]" classname="ed22_ud12_Ejercicio2_GeneradorIP.GeneradorTest" time="0"/>
  <testcase name="testIfNull[885]" classname="ed22_ud12_Ejercicio2_GeneradorIP.GeneradorTest" time="0"/>
  <testcase name="testIfNull[886]" classname="ed22_ud12_Ejercicio2_GeneradorIP.GeneradorTest" time="0"/>
  <testcase name="testIfNull[887]" classname="ed22_ud12_Ejercicio2_GeneradorIP.GeneradorTest" time="0"/>
  <testcase name="testIfNull[888]" classname="ed22_ud12_Ejercicio2_GeneradorIP.GeneradorTest" time="0"/>
  <testcase name="testIfNull[889]" classname="ed22_ud12_Ejercicio2_GeneradorIP.GeneradorTest" time="0"/>
  <testcase name="testIfNull[890]" classname="ed22_ud12_Ejercicio2_GeneradorIP.GeneradorTest" time="0"/>
  <testcase name="testIfNull[891]" classname="ed22_ud12_Ejercicio2_GeneradorIP.GeneradorTest" time="0"/>
  <testcase name="testIfNull[892]" classname="ed22_ud12_Ejercicio2_GeneradorIP.GeneradorTest" time="0"/>
  <testcase name="testIfNull[893]" classname="ed22_ud12_Ejercicio2_GeneradorIP.GeneradorTest" time="0"/>
  <testcase name="testIfNull[894]" classname="ed22_ud12_Ejercicio2_GeneradorIP.GeneradorTest" time="0"/>
  <testcase name="testIfNull[895]" classname="ed22_ud12_Ejercicio2_GeneradorIP.GeneradorTest" time="0"/>
  <testcase name="testIfNull[896]" classname="ed22_ud12_Ejercicio2_GeneradorIP.GeneradorTest" time="0"/>
  <testcase name="testIfNull[897]" classname="ed22_ud12_Ejercicio2_GeneradorIP.GeneradorTest" time="0"/>
  <testcase name="testIfNull[898]" classname="ed22_ud12_Ejercicio2_GeneradorIP.GeneradorTest" time="0"/>
  <testcase name="testIfNull[899]" classname="ed22_ud12_Ejercicio2_GeneradorIP.GeneradorTest" time="0.001"/>
  <testcase name="testIfNull[900]" classname="ed22_ud12_Ejercicio2_GeneradorIP.GeneradorTest" time="0"/>
  <testcase name="testIfNull[901]" classname="ed22_ud12_Ejercicio2_GeneradorIP.GeneradorTest" time="0"/>
  <testcase name="testIfNull[902]" classname="ed22_ud12_Ejercicio2_GeneradorIP.GeneradorTest" time="0"/>
  <testcase name="testIfNull[903]" classname="ed22_ud12_Ejercicio2_GeneradorIP.GeneradorTest" time="0"/>
  <testcase name="testIfNull[904]" classname="ed22_ud12_Ejercicio2_GeneradorIP.GeneradorTest" time="0"/>
  <testcase name="testIfNull[905]" classname="ed22_ud12_Ejercicio2_GeneradorIP.GeneradorTest" time="0"/>
  <testcase name="testIfNull[906]" classname="ed22_ud12_Ejercicio2_GeneradorIP.GeneradorTest" time="0"/>
  <testcase name="testIfNull[907]" classname="ed22_ud12_Ejercicio2_GeneradorIP.GeneradorTest" time="0"/>
  <testcase name="testIfNull[908]" classname="ed22_ud12_Ejercicio2_GeneradorIP.GeneradorTest" time="0"/>
  <testcase name="testIfNull[909]" classname="ed22_ud12_Ejercicio2_GeneradorIP.GeneradorTest" time="0"/>
  <testcase name="testIfNull[910]" classname="ed22_ud12_Ejercicio2_GeneradorIP.GeneradorTest" time="0"/>
  <testcase name="testIfNull[911]" classname="ed22_ud12_Ejercicio2_GeneradorIP.GeneradorTest" time="0.001"/>
  <testcase name="testIfNull[912]" classname="ed22_ud12_Ejercicio2_GeneradorIP.GeneradorTest" time="0"/>
  <testcase name="testIfNull[913]" classname="ed22_ud12_Ejercicio2_GeneradorIP.GeneradorTest" time="0"/>
  <testcase name="testIfNull[914]" classname="ed22_ud12_Ejercicio2_GeneradorIP.GeneradorTest" time="0"/>
  <testcase name="testIfNull[915]" classname="ed22_ud12_Ejercicio2_GeneradorIP.GeneradorTest" time="0"/>
  <testcase name="testIfNull[916]" classname="ed22_ud12_Ejercicio2_GeneradorIP.GeneradorTest" time="0"/>
  <testcase name="testIfNull[917]" classname="ed22_ud12_Ejercicio2_GeneradorIP.GeneradorTest" time="0"/>
  <testcase name="testIfNull[918]" classname="ed22_ud12_Ejercicio2_GeneradorIP.GeneradorTest" time="0"/>
  <testcase name="testIfNull[919]" classname="ed22_ud12_Ejercicio2_GeneradorIP.GeneradorTest" time="0"/>
  <testcase name="testIfNull[920]" classname="ed22_ud12_Ejercicio2_GeneradorIP.GeneradorTest" time="0"/>
  <testcase name="testIfNull[921]" classname="ed22_ud12_Ejercicio2_GeneradorIP.GeneradorTest" time="0.001"/>
  <testcase name="testIfNull[922]" classname="ed22_ud12_Ejercicio2_GeneradorIP.GeneradorTest" time="0"/>
  <testcase name="testIfNull[923]" classname="ed22_ud12_Ejercicio2_GeneradorIP.GeneradorTest" time="0"/>
  <testcase name="testIfNull[924]" classname="ed22_ud12_Ejercicio2_GeneradorIP.GeneradorTest" time="0"/>
  <testcase name="testIfNull[925]" classname="ed22_ud12_Ejercicio2_GeneradorIP.GeneradorTest" time="0"/>
  <testcase name="testIfNull[926]" classname="ed22_ud12_Ejercicio2_GeneradorIP.GeneradorTest" time="0.001"/>
  <testcase name="testIfNull[927]" classname="ed22_ud12_Ejercicio2_GeneradorIP.GeneradorTest" time="0"/>
  <testcase name="testIfNull[928]" classname="ed22_ud12_Ejercicio2_GeneradorIP.GeneradorTest" time="0"/>
  <testcase name="testIfNull[929]" classname="ed22_ud12_Ejercicio2_GeneradorIP.GeneradorTest" time="0"/>
  <testcase name="testIfNull[930]" classname="ed22_ud12_Ejercicio2_GeneradorIP.GeneradorTest" time="0"/>
  <testcase name="testIfNull[931]" classname="ed22_ud12_Ejercicio2_GeneradorIP.GeneradorTest" time="0"/>
  <testcase name="testIfNull[932]" classname="ed22_ud12_Ejercicio2_GeneradorIP.GeneradorTest" time="0"/>
  <testcase name="testIfNull[933]" classname="ed22_ud12_Ejercicio2_GeneradorIP.GeneradorTest" time="0"/>
  <testcase name="testIfNull[934]" classname="ed22_ud12_Ejercicio2_GeneradorIP.GeneradorTest" time="0"/>
  <testcase name="testIfNull[935]" classname="ed22_ud12_Ejercicio2_GeneradorIP.GeneradorTest" time="0"/>
  <testcase name="testIfNull[936]" classname="ed22_ud12_Ejercicio2_GeneradorIP.GeneradorTest" time="0"/>
  <testcase name="testIfNull[937]" classname="ed22_ud12_Ejercicio2_GeneradorIP.GeneradorTest" time="0"/>
  <testcase name="testIfNull[938]" classname="ed22_ud12_Ejercicio2_GeneradorIP.GeneradorTest" time="0"/>
  <testcase name="testIfNull[939]" classname="ed22_ud12_Ejercicio2_GeneradorIP.GeneradorTest" time="0.001"/>
  <testcase name="testIfNull[940]" classname="ed22_ud12_Ejercicio2_GeneradorIP.GeneradorTest" time="0"/>
  <testcase name="testIfNull[941]" classname="ed22_ud12_Ejercicio2_GeneradorIP.GeneradorTest" time="0"/>
  <testcase name="testIfNull[942]" classname="ed22_ud12_Ejercicio2_GeneradorIP.GeneradorTest" time="0"/>
  <testcase name="testIfNull[943]" classname="ed22_ud12_Ejercicio2_GeneradorIP.GeneradorTest" time="0"/>
  <testcase name="testIfNull[944]" classname="ed22_ud12_Ejercicio2_GeneradorIP.GeneradorTest" time="0"/>
  <testcase name="testIfNull[945]" classname="ed22_ud12_Ejercicio2_GeneradorIP.GeneradorTest" time="0"/>
  <testcase name="testIfNull[946]" classname="ed22_ud12_Ejercicio2_GeneradorIP.GeneradorTest" time="0"/>
  <testcase name="testIfNull[947]" classname="ed22_ud12_Ejercicio2_GeneradorIP.GeneradorTest" time="0"/>
  <testcase name="testIfNull[948]" classname="ed22_ud12_Ejercicio2_GeneradorIP.GeneradorTest" time="0"/>
  <testcase name="testIfNull[949]" classname="ed22_ud12_Ejercicio2_GeneradorIP.GeneradorTest" time="0"/>
  <testcase name="testIfNull[950]" classname="ed22_ud12_Ejercicio2_GeneradorIP.GeneradorTest" time="0"/>
  <testcase name="testIfNull[951]" classname="ed22_ud12_Ejercicio2_GeneradorIP.GeneradorTest" time="0"/>
  <testcase name="testIfNull[952]" classname="ed22_ud12_Ejercicio2_GeneradorIP.GeneradorTest" time="0"/>
  <testcase name="testIfNull[953]" classname="ed22_ud12_Ejercicio2_GeneradorIP.GeneradorTest" time="0"/>
  <testcase name="testIfNull[954]" classname="ed22_ud12_Ejercicio2_GeneradorIP.GeneradorTest" time="0"/>
  <testcase name="testIfNull[955]" classname="ed22_ud12_Ejercicio2_GeneradorIP.GeneradorTest" time="0"/>
  <testcase name="testIfNull[956]" classname="ed22_ud12_Ejercicio2_GeneradorIP.GeneradorTest" time="0"/>
  <testcase name="testIfNull[957]" classname="ed22_ud12_Ejercicio2_GeneradorIP.GeneradorTest" time="0"/>
  <testcase name="testIfNull[958]" classname="ed22_ud12_Ejercicio2_GeneradorIP.GeneradorTest" time="0"/>
  <testcase name="testIfNull[959]" classname="ed22_ud12_Ejercicio2_GeneradorIP.GeneradorTest" time="0"/>
  <testcase name="testIfNull[960]" classname="ed22_ud12_Ejercicio2_GeneradorIP.GeneradorTest" time="0"/>
  <testcase name="testIfNull[961]" classname="ed22_ud12_Ejercicio2_GeneradorIP.GeneradorTest" time="0"/>
  <testcase name="testIfNull[962]" classname="ed22_ud12_Ejercicio2_GeneradorIP.GeneradorTest" time="0"/>
  <testcase name="testIfNull[963]" classname="ed22_ud12_Ejercicio2_GeneradorIP.GeneradorTest" time="0.001"/>
  <testcase name="testIfNull[964]" classname="ed22_ud12_Ejercicio2_GeneradorIP.GeneradorTest" time="0"/>
  <testcase name="testIfNull[965]" classname="ed22_ud12_Ejercicio2_GeneradorIP.GeneradorTest" time="0"/>
  <testcase name="testIfNull[966]" classname="ed22_ud12_Ejercicio2_GeneradorIP.GeneradorTest" time="0"/>
  <testcase name="testIfNull[967]" classname="ed22_ud12_Ejercicio2_GeneradorIP.GeneradorTest" time="0"/>
  <testcase name="testIfNull[968]" classname="ed22_ud12_Ejercicio2_GeneradorIP.GeneradorTest" time="0.001"/>
  <testcase name="testIfNull[969]" classname="ed22_ud12_Ejercicio2_GeneradorIP.GeneradorTest" time="0"/>
  <testcase name="testIfNull[970]" classname="ed22_ud12_Ejercicio2_GeneradorIP.GeneradorTest" time="0"/>
  <testcase name="testIfNull[971]" classname="ed22_ud12_Ejercicio2_GeneradorIP.GeneradorTest" time="0"/>
  <testcase name="testIfNull[972]" classname="ed22_ud12_Ejercicio2_GeneradorIP.GeneradorTest" time="0"/>
  <testcase name="testIfNull[973]" classname="ed22_ud12_Ejercicio2_GeneradorIP.GeneradorTest" time="0"/>
  <testcase name="testIfNull[974]" classname="ed22_ud12_Ejercicio2_GeneradorIP.GeneradorTest" time="0"/>
  <testcase name="testIfNull[975]" classname="ed22_ud12_Ejercicio2_GeneradorIP.GeneradorTest" time="0"/>
  <testcase name="testIfNull[976]" classname="ed22_ud12_Ejercicio2_GeneradorIP.GeneradorTest" time="0"/>
  <testcase name="testIfNull[977]" classname="ed22_ud12_Ejercicio2_GeneradorIP.GeneradorTest" time="0"/>
  <testcase name="testIfNull[978]" classname="ed22_ud12_Ejercicio2_GeneradorIP.GeneradorTest" time="0"/>
  <testcase name="testIfNull[979]" classname="ed22_ud12_Ejercicio2_GeneradorIP.GeneradorTest" time="0"/>
  <testcase name="testIfNull[980]" classname="ed22_ud12_Ejercicio2_GeneradorIP.GeneradorTest" time="0"/>
  <testcase name="testIfNull[981]" classname="ed22_ud12_Ejercicio2_GeneradorIP.GeneradorTest" time="0.001"/>
  <testcase name="testIfNull[982]" classname="ed22_ud12_Ejercicio2_GeneradorIP.GeneradorTest" time="0"/>
  <testcase name="testIfNull[983]" classname="ed22_ud12_Ejercicio2_GeneradorIP.GeneradorTest" time="0"/>
  <testcase name="testIfNull[984]" classname="ed22_ud12_Ejercicio2_GeneradorIP.GeneradorTest" time="0"/>
  <testcase name="testIfNull[985]" classname="ed22_ud12_Ejercicio2_GeneradorIP.GeneradorTest" time="0"/>
  <testcase name="testIfNull[986]" classname="ed22_ud12_Ejercicio2_GeneradorIP.GeneradorTest" time="0"/>
  <testcase name="testIfNull[987]" classname="ed22_ud12_Ejercicio2_GeneradorIP.GeneradorTest" time="0"/>
  <testcase name="testIfNull[988]" classname="ed22_ud12_Ejercicio2_GeneradorIP.GeneradorTest" time="0"/>
  <testcase name="testIfNull[989]" classname="ed22_ud12_Ejercicio2_GeneradorIP.GeneradorTest" time="0"/>
  <testcase name="testIfNull[990]" classname="ed22_ud12_Ejercicio2_GeneradorIP.GeneradorTest" time="0.001"/>
  <testcase name="testIfNull[991]" classname="ed22_ud12_Ejercicio2_GeneradorIP.GeneradorTest" time="0"/>
  <testcase name="testIfNull[992]" classname="ed22_ud12_Ejercicio2_GeneradorIP.GeneradorTest" time="0"/>
  <testcase name="testIfNull[993]" classname="ed22_ud12_Ejercicio2_GeneradorIP.GeneradorTest" time="0"/>
  <testcase name="testIfNull[994]" classname="ed22_ud12_Ejercicio2_GeneradorIP.GeneradorTest" time="0"/>
  <testcase name="testIfNull[995]" classname="ed22_ud12_Ejercicio2_GeneradorIP.GeneradorTest" time="0"/>
  <testcase name="testIfNull[996]" classname="ed22_ud12_Ejercicio2_GeneradorIP.GeneradorTest" time="0"/>
  <testcase name="testIfNull[997]" classname="ed22_ud12_Ejercicio2_GeneradorIP.GeneradorTest" time="0"/>
  <testcase name="testIfNull[998]" classname="ed22_ud12_Ejercicio2_GeneradorIP.GeneradorTest" time="0"/>
  <testcase name="testIfNull[999]" classname="ed22_ud12_Ejercicio2_GeneradorIP.GeneradorTest" time="0.001"/>
  <testcase name="testIfNull[1000]" classname="ed22_ud12_Ejercicio2_GeneradorIP.GeneradorTest" time="0"/>
  <testcase name="testIfIsTrue" classname="ed22_ud12_Ejercicio2_GeneradorIP.GeneradorTest" time="0">
    <error message="Cannot invoke &quot;ed22_ud12_Ejercicio2_GeneradorIP.Generador.setMin(int)&quot; because &quot;this.g1&quot; is null" type="java.lang.NullPointerException">java.lang.NullPointerException: Cannot invoke "ed22_ud12_Ejercicio2_GeneradorIP.Generador.setMin(int)" because "this.g1" is null
	at ed22_ud12_Ejercicio2_GeneradorIP.GeneradorTest.testIfIsTrue(GeneradorTest.java:45)
</error>
  </testcase>
  <testcase name="testSameObject" classname="ed22_ud12_Ejercicio2_GeneradorIP.GeneradorTest" time="0.001"/>
</testsuite>